Start testing: Aug 31 00:32 CEST
----------------------------------------------------------
1/1 Testing: tests
1/1 Test: tests
Command: "/home/freddy/Dokumente/Studium/Prog/Raytracer/build/build/Release/tests"
Directory: /home/freddy/Dokumente/Studium/Prog/Raytracer/build
"tests" start time: Aug 31 00:32 CEST
Output:
----------------------------------------------------------
red added
trans added
blue added
white added
s1 added
s3 added
s5 added
s7 added
c1 added
root added
eye added
spot1 added
spot2 added
ambi added
===============================================================================
test cases: 1 | 1 passed
assertions: - none -

<end of output>
Test time =  11.92 sec
----------------------------------------------------------
Test Passed.
"tests" end time: Aug 31 00:33 CEST
"tests" time elapsed: 00:00:11
----------------------------------------------------------

End testing: Aug 31 00:33 CEST
