Start testing: Aug 28 13:15 CEST
----------------------------------------------------------
1/1 Testing: tests
1/1 Test: tests
Command: "/home/freddy/Dokumente/Studium/Prog/Raytracer/build/build/Release/tests"
Directory: /home/freddy/Dokumente/Studium/Prog/Raytracer/build
"tests" start time: Aug 28 13:15 CEST
Output:
----------------------------------------------------------
red added
green added
blue added
white added
s1 added
s2 added
eye added
spot1 added
ambi added
-356.781
-356.789
-356.799
-356.811
-356.827
-356.846
-356.867
-356.63
-356.618
-356.608
-356.602
-356.598
-356.597
-356.598
-356.603
-356.61
-356.62
-356.633
-356.648
-356.667
-356.688
-356.712
-356.739
-356.769
-356.801
-356.837
-356.875
-356.915
-356.532
-356.509
-356.488
-356.47
-356.455
-356.442
-356.433
-356.426
-356.422
-356.421
-356.422
-356.427
-356.434
-356.444
-356.457
-356.473
-356.491
-356.512
-356.536
-356.563
-356.593
-356.625
-356.661
-356.699
-356.74
-356.783
-356.83
-356.879
-356.931
-356.447
-356.415
-356.385
-356.359
-356.335
-356.315
-356.297
-356.281
-356.269
-356.259
-356.253
-356.249
-356.247
-356.249
-356.254
-356.261
-356.271
-356.284
-356.299
-356.318
-356.339
-356.363
-356.39
-356.42
-356.452
-356.488
-356.526
-356.567
-356.61
-356.657
-356.706
-356.758
-356.813
-356.871
-356.931
-356.349
-356.311
-356.276
-356.244
-356.215
-356.189
-356.165
-356.144
-356.126
-356.111
-356.098
-356.089
-356.082
-356.078
-356.077
-356.079
-356.083
-356.09
-356.1
-356.113
-356.129
-356.147
-356.169
-356.193
-356.22
-356.249
-356.282
-356.317
-356.355
-356.396
-356.44
-356.486
-356.536
-356.588
-356.643
-356.701
-356.761
-356.824
-356.89
-356.311
-356.265
-356.222
-356.181
-356.144
-356.109
-356.077
-356.047
-356.021
-355.997
-355.976
-355.958
-355.943
-355.931
-355.921
-355.914
-355.91
-355.909
-355.911
-355.915
-355.923
-355.933
-355.945
-355.961
-355.98
-356.001
-356.025
-356.052
-356.082
-356.114
-356.15
-356.188
-356.229
-356.272
-356.319
-356.368
-356.42
-356.475
-356.533
-356.594
-356.657
-356.723
-356.792
-356.864
-356.938
-356.247
-356.195
-356.146
-356.1
-356.057
-356.016
-355.979
-355.944
-355.912
-355.882
-355.856
-355.832
-355.811
-355.793
-355.778
-355.766
-355.756
-355.749
-355.745
-355.744
-355.746
-355.75
-355.758
-355.768
-355.781
-355.796
-355.815
-355.836
-355.86
-355.887
-355.917
-355.949
-355.985
-356.023
-356.064
-356.108
-356.154
-356.203
-356.256
-356.311
-356.368
-356.429
-356.492
-356.558
-356.627
-356.699
-356.773
-356.851
-356.931
-356.139
-356.085
-356.033
-355.984
-355.938
-355.895
-355.854
-355.817
-355.782
-355.75
-355.72
-355.694
-355.67
-355.649
-355.631
-355.616
-355.604
-355.594
-355.587
-355.583
-355.582
-355.584
-355.588
-355.595
-355.605
-355.618
-355.634
-355.652
-355.674
-355.698
-355.725
-355.755
-355.787
-355.822
-355.861
-355.902
-355.945
-355.992
-356.041
-356.094
-356.148
-356.206
-356.267
-356.33
-356.396
-356.465
-356.537
-356.612
-356.689
-356.769
-356.852
-356.098
-356.037
-355.98
-355.926
-355.874
-355.825
-355.779
-355.735
-355.695
-355.657
-355.622
-355.59
-355.561
-355.534
-355.511
-355.49
-355.472
-355.456
-355.444
-355.434
-355.428
-355.424
-355.422
-355.424
-355.428
-355.436
-355.446
-355.459
-355.474
-355.493
-355.514
-355.538
-355.565
-355.595
-355.628
-355.663
-355.701
-355.742
-355.786
-355.833
-355.882
-355.934
-355.989
-356.047
-356.108
-356.171
-356.237
-356.306
-356.378
-356.453
-356.53
-356.61
-356.693
-356.779
-356.867
-356.004
-355.941
-355.881
-355.824
-355.769
-355.717
-355.668
-355.622
-355.579
-355.538
-355.5
-355.466
-355.433
-355.404
-355.378
-355.354
-355.333
-355.315
-355.3
-355.287
-355.278
-355.271
-355.267
-355.266
-355.267
-355.272
-355.279
-355.289
-355.302
-355.318
-355.336
-355.358
-355.382
-355.409
-355.438
-355.471
-355.506
-355.545
-355.586
-355.629
-355.676
-355.725
-355.778
-355.833
-355.89
-355.951
-356.015
-356.081
-356.15
-356.222
-356.296
-356.374
-356.454
-356.537
-356.622
-356.711
-356.802
-355.985
-355.916
-355.851
-355.787
-355.727
-355.67
-355.615
-355.563
-355.514
-355.468
-355.425
-355.384
-355.346
-355.312
-355.279
-355.25
-355.224
-355.2
-355.179
-355.161
-355.146
-355.133
-355.124
-355.117
-355.113
-355.112
-355.113
-355.118
-355.125
-355.135
-355.148
-355.164
-355.182
-355.203
-355.228
-355.255
-355.284
-355.317
-355.352
-355.391
-355.432
-355.475
-355.522
-355.572
-355.624
-355.679
-355.737
-355.797
-355.861
-355.927
-355.996
-356.068
-356.143
-356.22
-356.3
-356.383
-356.469
-356.558
-356.649
-356.743
-356.84
-355.905
-355.834
-355.765
-355.7
-355.637
-355.576
-355.519
-355.464
-355.412
-355.363
-355.317
-355.274
-355.233
-355.195
-355.16
-355.128
-355.099
-355.072
-355.049
-355.028
-355.01
-354.994
-354.982
-354.972
-354.966
-354.961
-354.96
-354.962
-354.966
-354.974
-354.984
-354.997
-355.012
-355.031
-355.052
-355.076
-355.103
-355.133
-355.166
-355.201
-355.239
-355.28
-355.324
-355.371
-355.42
-355.473
-355.528
-355.586
-355.646
-355.71
-355.776
-355.845
-355.917
-355.992
-356.069
-356.149
-356.232
-356.318
-356.407
-356.498
-356.592
-356.689
-356.789
-355.832
-355.757
-355.686
-355.617
-355.551
-355.488
-355.428
-355.371
-355.316
-355.264
-355.215
-355.169
-355.125
-355.085
-355.047
-355.012
-354.98
-354.95
-354.924
-354.9
-354.879
-354.861
-354.846
-354.833
-354.824
-354.817
-354.813
-354.812
-354.813
-354.818
-354.825
-354.835
-354.848
-354.864
-354.882
-354.904
-354.928
-354.955
-354.985
-355.017
-355.053
-355.091
-355.132
-355.176
-355.223
-355.272
-355.324
-355.379
-355.437
-355.498
-355.562
-355.628
-355.697
-355.769
-355.844
-355.921
-356.001
-356.084
-356.17
-356.259
-356.35
-356.445
-356.542
-356.641
-356.744
-355.763
-355.686
-355.612
-355.541
-355.472
-355.406
-355.343
-355.283
-355.225
-355.17
-355.119
-355.069
-355.023
-354.98
-354.939
-354.901
-354.866
-354.834
-354.805
-354.778
-354.754
-354.734
-354.715
-354.7
-354.688
-354.678
-354.671
-354.667
-354.666
-354.668
-354.672
-354.679
-354.689
-354.702
-354.718
-354.737
-354.758
-354.782
-354.809
-354.839
-354.872
-354.907
-354.945
-354.986
-355.03
-355.077
-355.126
-355.179
-355.234
-355.292
-355.353
-355.416
-355.482
-355.552
-355.623
-355.698
-355.776
-355.856
-355.939
-356.025
-356.114
-356.205
-356.299
-356.396
-356.496
-356.599
-356.704
-355.701
-355.621
-355.544
-355.469
-355.398
-355.329
-355.263
-355.2
-355.14
-355.082
-355.028
-354.976
-354.927
-354.88
-354.837
-354.796
-354.758
-354.723
-354.691
-354.662
-354.635
-354.612
-354.591
-354.572
-354.557
-354.545
-354.535
-354.528
-354.524
-354.523
-354.525
-354.529
-354.536
-354.546
-354.559
-354.575
-354.594
-354.615
-354.639
-354.666
-354.696
-354.729
-354.764
-354.802
-354.844
-354.887
-354.934
-354.984
-355.036
-355.091
-355.149
-355.21
-355.273
-355.34
-355.409
-355.481
-355.556
-355.633
-355.713
-355.797
-355.883
-355.971
-356.063
-356.157
-356.254
-356.354
-356.457
-356.562
-356.67
-355.644
-355.561
-355.481
-355.404
-355.33
-355.258
-355.189
-355.123
-355.06
-355
-354.942
-354.888
-354.836
-354.787
-354.74
-354.697
-354.656
-354.618
-354.583
-354.551
-354.522
-354.495
-354.471
-354.45
-354.432
-354.417
-354.405
-354.395
-354.388
-354.384
-354.383
-354.384
-354.389
-354.396
-354.406
-354.419
-354.435
-354.453
-354.475
-354.499
-354.526
-354.556
-354.589
-354.624
-354.662
-354.703
-354.747
-354.794
-354.844
-354.896
-354.951
-355.009
-355.07
-355.133
-355.2
-355.269
-355.341
-355.416
-355.493
-355.574
-355.657
-355.743
-355.831
-355.923
-356.017
-356.114
-356.214
-356.317
-356.422
-356.531
-356.642
-355.592
-355.507
-355.424
-355.344
-355.267
-355.193
-355.121
-355.052
-354.986
-354.923
-354.863
-354.805
-354.75
-354.698
-354.649
-354.603
-354.56
-354.519
-354.481
-354.446
-354.414
-354.384
-354.358
-354.334
-354.313
-354.295
-354.28
-354.267
-354.257
-354.251
-354.247
-354.245
-354.247
-354.251
-354.259
-354.269
-354.282
-354.297
-354.316
-354.337
-354.362
-354.389
-354.418
-354.451
-354.487
-354.525
-354.566
-354.61
-354.657
-354.706
-354.759
-354.814
-354.872
-354.933
-354.996
-355.063
-355.132
-355.204
-355.279
-355.356
-355.437
-355.52
-355.606
-355.695
-355.786
-355.88
-355.978
-356.078
-356.18
-356.286
-356.394
-356.505
-356.619
-355.547
-355.458
-355.373
-355.29
-355.21
-355.133
-355.058
-354.987
-354.918
-354.852
-354.789
-354.728
-354.671
-354.616
-354.564
-354.515
-354.469
-354.425
-354.384
-354.346
-354.311
-354.279
-354.25
-354.223
-354.199
-354.178
-354.16
-354.145
-354.132
-354.123
-354.116
-354.112
-354.111
-354.112
-354.117
-354.124
-354.134
-354.147
-354.163
-354.181
-354.203
-354.227
-354.254
-354.284
-354.316
-354.352
-354.39
-354.431
-354.475
-354.522
-354.572
-354.624
-354.679
-354.737
-354.798
-354.862
-354.928
-354.997
-355.069
-355.144
-355.222
-355.302
-355.386
-355.472
-355.56
-355.652
-355.746
-355.844
-355.943
-356.046
-356.152
-356.26
-356.371
-356.485
-356.602
-355.507
-355.415
-355.327
-355.241
-355.159
-355.078
-355.001
-354.927
-354.855
-354.786
-354.72
-354.657
-354.597
-354.539
-354.484
-354.432
-354.383
-354.337
-354.293
-354.253
-354.215
-354.18
-354.147
-354.118
-354.091
-354.067
-354.046
-354.028
-354.013
-354
-353.991
-353.984
-353.98
-353.979
-353.98
-353.985
-353.992
-354.002
-354.015
-354.031
-354.049
-354.071
-354.095
-354.122
-354.152
-354.185
-354.22
-354.258
-354.3
-354.344
-354.39
-354.44
-354.492
-354.548
-354.606
-354.666
-354.73
-354.797
-354.866
-354.938
-355.013
-355.09
-355.171
-355.254
-355.34
-355.429
-355.521
-355.615
-355.712
-355.812
-355.915
-356.021
-356.129
-356.24
-356.354
-356.47
-356.59
-355.472
-355.378
-355.287
-355.198
-355.113
-355.03
-354.95
-354.873
-354.798
-354.726
-354.658
-354.591
-354.528
-354.468
-354.41
-354.355
-354.303
-354.254
-354.208
-354.164
-354.124
-354.086
-354.05
-354.018
-353.989
-353.962
-353.938
-353.917
-353.899
-353.884
-353.871
-353.862
-353.855
-353.851
-353.85
-353.851
-353.856
-353.863
-353.873
-353.886
-353.902
-353.92
-353.942
-353.966
-353.993
-354.023
-354.056
-354.091
-354.129
-354.171
-354.215
-354.261
-354.311
-354.363
-354.419
-354.477
-354.537
-354.601
-354.668
-354.737
-354.809
-354.884
-354.962
-355.042
-355.125
-355.211
-355.3
-355.392
-355.486
-355.584
-355.684
-355.787
-355.892
-356
-356.112
-356.225
-356.342
-356.462
-356.584
-355.443
-355.346
-355.252
-355.161
-355.073
-354.987
-354.904
-354.824
-354.747
-354.672
-354.6
-354.532
-354.465
-354.402
-354.342
-354.284
-354.229
-354.177
-354.128
-354.082
-354.038
-353.997
-353.959
-353.924
-353.892
-353.863
-353.836
-353.812
-353.791
-353.773
-353.758
-353.745
-353.735
-353.728
-353.724
-353.723
-353.725
-353.729
-353.737
-353.747
-353.76
-353.775
-353.794
-353.815
-353.84
-353.867
-353.897
-353.929
-353.965
-354.003
-354.044
-354.088
-354.135
-354.185
-354.237
-354.292
-354.35
-354.411
-354.475
-354.542
-354.611
-354.683
-354.758
-354.836
-354.916
-354.999
-355.086
-355.174
-355.266
-355.361
-355.458
-355.558
-355.661
-355.766
-355.875
-355.986
-356.1
-356.217
-356.336
-356.458
-356.583
-355.32
-355.224
-355.129
-355.038
-354.95
-354.864
-354.781
-354.701
-354.623
-354.549
-354.477
-354.408
-354.342
-354.279
-354.218
-354.161
-354.106
-354.054
-354.005
-353.958
-353.915
-353.874
-353.836
-353.801
-353.768
-353.739
-353.712
-353.689
-353.668
-353.649
-353.634
-353.621
-353.612
-353.605
-353.601
-353.6
-353.601
-353.606
-353.613
-353.623
-353.636
-353.652
-353.67
-353.692
-353.716
-353.743
-353.773
-353.806
-353.841
-353.88
-353.921
-353.965
-354.012
-354.061
-354.114
-354.169
-354.227
-354.288
-354.352
-354.418
-354.488
-354.56
-354.635
-354.712
-354.793
-354.876
-354.962
-355.051
-355.143
-355.238
-355.335
-355.435
-355.538
-355.644
-355.752
-355.863
-355.977
-356.094
-356.213
-356.336
-356.461
-355.3
-355.2
-355.103
-355.009
-354.918
-354.829
-354.744
-354.661
-354.58
-354.503
-354.428
-354.357
-354.288
-354.222
-354.158
-354.098
-354.04
-353.985
-353.933
-353.884
-353.838
-353.794
-353.753
-353.715
-353.68
-353.648
-353.618
-353.592
-353.568
-353.547
-353.529
-353.513
-353.501
-353.491
-353.484
-353.48
-353.479
-353.481
-353.485
-353.492
-353.502
-353.515
-353.531
-353.55
-353.571
-353.595
-353.622
-353.652
-353.685
-353.721
-353.759
-353.8
-353.844
-353.891
-353.941
-353.993
-354.048
-354.107
-354.167
-354.231
-354.298
-354.367
-354.439
-354.514
-354.592
-354.673
-354.756
-354.842
-354.931
-355.023
-355.117
-355.215
-355.315
-355.418
-355.523
-355.632
-355.743
-355.857
-355.974
-356.094
-356.216
-356.341
-356.469
-355.285
-355.183
-355.083
-354.986
-354.892
-354.8
-354.712
-354.626
-354.543
-354.463
-354.385
-354.311
-354.239
-354.17
-354.104
-354.041
-353.98
-353.922
-353.868
-353.815
-353.766
-353.72
-353.676
-353.635
-353.597
-353.562
-353.53
-353.5
-353.474
-353.45
-353.429
-353.411
-353.395
-353.383
-353.373
-353.366
-353.362
-353.361
-353.363
-353.367
-353.374
-353.384
-353.397
-353.413
-353.432
-353.453
-353.477
-353.505
-353.534
-353.567
-353.603
-353.641
-353.682
-353.726
-353.773
-353.823
-353.875
-353.931
-353.989
-354.05
-354.113
-354.18
-354.249
-354.322
-354.396
-354.474
-354.555
-354.638
-354.724
-354.813
-354.905
-355
-355.097
-355.197
-355.3
-355.406
-355.515
-355.626
-355.74
-355.857
-355.976
-356.099
-356.224
-356.352
-356.482
-355.171
-355.068
-354.968
-354.871
-354.777
-354.686
-354.597
-354.511
-354.428
-354.348
-354.271
-354.196
-354.124
-354.055
-353.989
-353.926
-353.865
-353.807
-353.753
-353.7
-353.651
-353.605
-353.561
-353.52
-353.482
-353.447
-353.415
-353.385
-353.359
-353.335
-353.314
-353.295
-353.28
-353.268
-353.258
-353.251
-353.247
-353.246
-353.247
-353.252
-353.259
-353.269
-353.282
-353.298
-353.317
-353.338
-353.362
-353.389
-353.419
-353.452
-353.488
-353.526
-353.567
-353.611
-353.658
-353.708
-353.76
-353.816
-353.874
-353.935
-353.998
-354.065
-354.134
-354.207
-354.282
-354.359
-354.44
-354.523
-354.61
-354.699
-354.791
-354.885
-354.983
-355.083
-355.186
-355.291
-355.4
-355.511
-355.625
-355.742
-355.862
-355.984
-356.11
-356.237
-356.368
-355.165
-355.059
-354.956
-354.857
-354.76
-354.665
-354.574
-354.485
-354.399
-354.316
-354.236
-354.159
-354.084
-354.012
-353.943
-353.877
-353.814
-353.753
-353.695
-353.64
-353.588
-353.539
-353.492
-353.449
-353.408
-353.37
-353.335
-353.302
-353.273
-353.246
-353.222
-353.201
-353.183
-353.168
-353.155
-353.146
-353.139
-353.135
-353.133
-353.135
-353.139
-353.147
-353.157
-353.17
-353.186
-353.204
-353.226
-353.25
-353.277
-353.307
-353.34
-353.375
-353.414
-353.455
-353.499
-353.546
-353.595
-353.648
-353.703
-353.761
-353.822
-353.886
-353.953
-354.022
-354.094
-354.169
-354.247
-354.328
-354.411
-354.498
-354.587
-354.679
-354.773
-354.871
-354.971
-355.074
-355.18
-355.288
-355.4
-355.514
-355.631
-355.75
-355.873
-355.998
-356.126
-356.257
-356.39
-355.164
-355.056
-354.95
-354.848
-354.748
-354.651
-354.556
-354.465
-354.376
-354.29
-354.207
-354.127
-354.049
-353.975
-353.903
-353.834
-353.768
-353.704
-353.644
-353.586
-353.531
-353.479
-353.43
-353.383
-353.339
-353.298
-353.26
-353.225
-353.193
-353.163
-353.137
-353.113
-353.092
-353.074
-353.058
-353.046
-353.036
-353.029
-353.025
-353.024
-353.025
-353.03
-353.037
-353.047
-353.06
-353.076
-353.095
-353.116
-353.14
-353.167
-353.197
-353.23
-353.266
-353.304
-353.345
-353.389
-353.436
-353.486
-353.539
-353.594
-353.652
-353.713
-353.777
-353.843
-353.913
-353.985
-354.06
-354.138
-354.219
-354.302
-354.388
-354.478
-354.569
-354.664
-354.762
-354.862
-354.965
-355.071
-355.179
-355.291
-355.405
-355.522
-355.641
-355.764
-355.889
-356.017
-356.148
-356.282
-356.418
-355.058
-354.95
-354.844
-354.741
-354.641
-354.544
-354.45
-354.359
-354.27
-354.184
-354.101
-354.021
-353.943
-353.868
-353.796
-353.727
-353.661
-353.598
-353.537
-353.479
-353.424
-353.372
-353.323
-353.276
-353.233
-353.192
-353.154
-353.119
-353.086
-353.057
-353.03
-353.006
-352.985
-352.967
-352.951
-352.939
-352.929
-352.922
-352.918
-352.917
-352.919
-352.923
-352.93
-352.94
-352.953
-352.969
-352.988
-353.009
-353.034
-353.061
-353.091
-353.123
-353.159
-353.197
-353.239
-353.283
-353.33
-353.379
-353.432
-353.487
-353.545
-353.606
-353.67
-353.737
-353.806
-353.879
-353.954
-354.032
-354.112
-354.196
-354.282
-354.371
-354.463
-354.558
-354.655
-354.756
-354.859
-354.964
-355.073
-355.184
-355.299
-355.416
-355.535
-355.658
-355.783
-355.911
-356.042
-356.176
-356.312
-355.066
-354.954
-354.846
-354.741
-354.638
-354.538
-354.441
-354.347
-354.255
-354.166
-354.08
-353.997
-353.917
-353.839
-353.765
-353.693
-353.624
-353.557
-353.494
-353.433
-353.376
-353.321
-353.268
-353.219
-353.172
-353.129
-353.088
-353.05
-353.015
-352.982
-352.953
-352.926
-352.902
-352.881
-352.863
-352.847
-352.835
-352.825
-352.818
-352.814
-352.813
-352.815
-352.819
-352.826
-352.836
-352.849
-352.865
-352.884
-352.905
-352.93
-352.957
-352.987
-353.019
-353.055
-353.093
-353.135
-353.179
-353.226
-353.275
-353.328
-353.383
-353.442
-353.503
-353.566
-353.633
-353.703
-353.775
-353.85
-353.928
-354.009
-354.092
-354.178
-354.268
-354.359
-354.454
-354.552
-354.652
-354.755
-354.861
-354.97
-355.081
-355.195
-355.312
-355.432
-355.555
-355.68
-355.808
-355.939
-356.073
-356.209
-356.348
-354.965
-354.854
-354.746
-354.64
-354.537
-354.437
-354.34
-354.246
-354.154
-354.066
-353.98
-353.896
-353.816
-353.739
-353.664
-353.592
-353.523
-353.457
-353.393
-353.332
-353.275
-353.22
-353.167
-353.118
-353.071
-353.028
-352.987
-352.949
-352.914
-352.881
-352.852
-352.825
-352.801
-352.78
-352.762
-352.746
-352.734
-352.724
-352.717
-352.713
-352.712
-352.714
-352.718
-352.725
-352.735
-352.748
-352.764
-352.783
-352.804
-352.828
-352.856
-352.886
-352.918
-352.954
-352.992
-353.034
-353.078
-353.125
-353.174
-353.227
-353.282
-353.341
-353.402
-353.466
-353.532
-353.602
-353.674
-353.749
-353.827
-353.908
-353.991
-354.078
-354.167
-354.259
-354.353
-354.451
-354.551
-354.654
-354.76
-354.869
-354.981
-355.095
-355.212
-355.332
-355.454
-355.58
-355.708
-355.839
-355.972
-356.109
-356.248
-354.867
-354.756
-354.648
-354.542
-354.44
-354.34
-354.242
-354.148
-354.056
-353.968
-353.882
-353.798
-353.718
-353.641
-353.566
-353.494
-353.425
-353.358
-353.295
-353.234
-353.176
-353.121
-353.069
-353.02
-352.973
-352.93
-352.889
-352.851
-352.815
-352.783
-352.753
-352.727
-352.703
-352.682
-352.663
-352.648
-352.635
-352.626
-352.619
-352.615
-352.614
-352.615
-352.62
-352.627
-352.637
-352.65
-352.666
-352.684
-352.706
-352.73
-352.757
-352.787
-352.82
-352.856
-352.894
-352.935
-352.979
-353.026
-353.076
-353.129
-353.184
-353.242
-353.303
-353.367
-353.434
-353.504
-353.576
-353.651
-353.729
-353.81
-353.893
-353.98
-354.069
-354.161
-354.255
-354.353
-354.453
-354.557
-354.663
-354.771
-354.883
-354.997
-355.114
-355.234
-355.357
-355.482
-355.61
-355.741
-355.875
-356.011
-356.15
-354.887
-354.773
-354.661
-354.553
-354.447
-354.345
-354.245
-354.147
-354.053
-353.961
-353.873
-353.786
-353.703
-353.623
-353.545
-353.471
-353.399
-353.329
-353.263
-353.2
-353.139
-353.081
-353.026
-352.974
-352.924
-352.878
-352.834
-352.793
-352.755
-352.72
-352.687
-352.658
-352.631
-352.607
-352.586
-352.568
-352.552
-352.54
-352.53
-352.523
-352.519
-352.518
-352.52
-352.524
-352.531
-352.541
-352.554
-352.57
-352.589
-352.61
-352.635
-352.662
-352.692
-352.724
-352.76
-352.799
-352.84
-352.884
-352.931
-352.981
-353.033
-353.089
-353.147
-353.208
-353.272
-353.339
-353.408
-353.481
-353.556
-353.634
-353.714
-353.798
-353.884
-353.974
-354.066
-354.16
-354.258
-354.358
-354.462
-354.567
-354.676
-354.788
-354.902
-355.019
-355.139
-355.262
-355.387
-355.515
-355.646
-355.78
-355.917
-356.056
-356.198
-354.794
-354.681
-354.569
-354.461
-354.355
-354.252
-354.152
-354.055
-353.961
-353.869
-353.78
-353.694
-353.611
-353.531
-353.453
-353.378
-353.306
-353.237
-353.171
-353.107
-353.046
-352.988
-352.933
-352.881
-352.832
-352.785
-352.741
-352.701
-352.662
-352.627
-352.595
-352.565
-352.538
-352.514
-352.493
-352.475
-352.46
-352.447
-352.437
-352.431
-352.426
-352.425
-352.427
-352.431
-352.439
-352.449
-352.462
-352.477
-352.496
-352.518
-352.542
-352.569
-352.599
-352.632
-352.667
-352.706
-352.747
-352.791
-352.838
-352.888
-352.941
-352.996
-353.054
-353.115
-353.179
-353.246
-353.316
-353.388
-353.463
-353.541
-353.622
-353.706
-353.792
-353.881
-353.973
-354.068
-354.166
-354.266
-354.369
-354.475
-354.584
-354.696
-354.81
-354.927
-355.047
-355.17
-355.295
-355.423
-355.554
-355.688
-355.825
-355.964
-356.106
-354.822
-354.705
-354.591
-354.48
-354.372
-354.266
-354.163
-354.063
-353.966
-353.871
-353.78
-353.691
-353.605
-353.521
-353.441
-353.363
-353.288
-353.216
-353.147
-353.081
-353.017
-352.957
-352.899
-352.844
-352.791
-352.742
-352.695
-352.652
-352.611
-352.573
-352.537
-352.505
-352.475
-352.449
-352.425
-352.404
-352.385
-352.37
-352.357
-352.348
-352.341
-352.337
-352.335
-352.337
-352.341
-352.349
-352.359
-352.372
-352.388
-352.406
-352.428
-352.452
-352.479
-352.509
-352.542
-352.578
-352.616
-352.657
-352.702
-352.748
-352.798
-352.851
-352.906
-352.965
-353.026
-353.09
-353.156
-353.226
-353.298
-353.374
-353.451
-353.532
-353.616
-353.702
-353.792
-353.884
-353.978
-354.076
-354.177
-354.28
-354.386
-354.495
-354.606
-354.721
-354.838
-354.958
-355.08
-355.206
-355.334
-355.465
-355.599
-355.735
-355.875
-356.017
-356.162
-354.736
-354.619
-354.505
-354.394
-354.285
-354.179
-354.076
-353.976
-353.879
-353.785
-353.693
-353.604
-353.518
-353.435
-353.354
-353.276
-353.202
-353.13
-353.06
-352.994
-352.93
-352.87
-352.812
-352.757
-352.704
-352.655
-352.608
-352.565
-352.524
-352.486
-352.45
-352.418
-352.388
-352.362
-352.338
-352.316
-352.298
-352.283
-352.27
-352.26
-352.254
-352.249
-352.248
-352.25
-352.254
-352.262
-352.272
-352.285
-352.3
-352.319
-352.341
-352.365
-352.392
-352.422
-352.455
-352.491
-352.529
-352.57
-352.614
-352.661
-352.711
-352.764
-352.819
-352.878
-352.939
-353.003
-353.069
-353.139
-353.211
-353.287
-353.365
-353.445
-353.529
-353.616
-353.705
-353.797
-353.892
-353.989
-354.09
-354.193
-354.299
-354.408
-354.52
-354.634
-354.751
-354.871
-354.994
-355.119
-355.248
-355.379
-355.513
-355.649
-355.788
-355.931
-356.075
-354.652
-354.535
-354.421
-354.31
-354.201
-354.096
-353.993
-353.893
-353.795
-353.701
-353.609
-353.52
-353.434
-353.351
-353.27
-353.193
-353.118
-353.046
-352.976
-352.91
-352.846
-352.786
-352.728
-352.673
-352.62
-352.571
-352.524
-352.48
-352.44
-352.401
-352.366
-352.334
-352.304
-352.277
-352.253
-352.232
-352.214
-352.199
-352.186
-352.176
-352.169
-352.165
-352.164
-352.166
-352.17
-352.177
-352.187
-352.2
-352.216
-352.235
-352.256
-352.281
-352.308
-352.338
-352.371
-352.406
-352.445
-352.486
-352.53
-352.577
-352.627
-352.68
-352.735
-352.793
-352.855
-352.919
-352.985
-353.055
-353.127
-353.203
-353.281
-353.361
-353.445
-353.532
-353.621
-353.713
-353.808
-353.905
-354.006
-354.109
-354.215
-354.324
-354.436
-354.55
-354.667
-354.787
-354.91
-355.036
-355.164
-355.295
-355.429
-355.566
-355.705
-355.847
-355.992
-354.691
-354.571
-354.454
-354.34
-354.229
-354.12
-354.015
-353.912
-353.812
-353.714
-353.62
-353.528
-353.439
-353.353
-353.27
-353.189
-353.111
-353.036
-352.964
-352.895
-352.829
-352.765
-352.704
-352.646
-352.591
-352.539
-352.49
-352.443
-352.399
-352.358
-352.32
-352.285
-352.252
-352.223
-352.196
-352.172
-352.151
-352.133
-352.117
-352.105
-352.095
-352.088
-352.084
-352.082
-352.084
-352.089
-352.096
-352.106
-352.119
-352.135
-352.153
-352.175
-352.199
-352.226
-352.256
-352.289
-352.325
-352.363
-352.405
-352.449
-352.496
-352.546
-352.598
-352.654
-352.712
-352.773
-352.837
-352.904
-352.974
-353.046
-353.121
-353.199
-353.28
-353.364
-353.45
-353.54
-353.632
-353.727
-353.824
-353.925
-354.028
-354.134
-354.243
-354.355
-354.469
-354.587
-354.707
-354.829
-354.955
-355.083
-355.214
-355.348
-355.485
-355.624
-355.766
-355.911
-356.059
-354.613
-354.493
-354.376
-354.262
-354.151
-354.042
-353.937
-353.834
-353.733
-353.636
-353.541
-353.45
-353.361
-353.275
-353.191
-353.111
-353.033
-352.958
-352.886
-352.817
-352.75
-352.687
-352.626
-352.568
-352.513
-352.461
-352.411
-352.364
-352.321
-352.28
-352.241
-352.206
-352.174
-352.144
-352.117
-352.093
-352.072
-352.054
-352.039
-352.026
-352.016
-352.009
-352.005
-352.004
-352.005
-352.01
-352.017
-352.027
-352.04
-352.056
-352.075
-352.096
-352.121
-352.148
-352.178
-352.211
-352.246
-352.285
-352.326
-352.37
-352.417
-352.467
-352.52
-352.575
-352.634
-352.695
-352.759
-352.826
-352.895
-352.968
-353.043
-353.121
-353.202
-353.286
-353.372
-353.461
-353.553
-353.648
-353.746
-353.847
-353.95
-354.056
-354.165
-354.277
-354.391
-354.508
-354.628
-354.751
-354.877
-355.005
-355.136
-355.27
-355.407
-355.546
-355.689
-355.833
-355.981
-354.538
-354.418
-354.301
-354.187
-354.076
-353.967
-353.861
-353.758
-353.658
-353.561
-353.466
-353.374
-353.285
-353.199
-353.116
-353.035
-352.957
-352.883
-352.81
-352.741
-352.675
-352.611
-352.55
-352.492
-352.437
-352.385
-352.335
-352.289
-352.245
-352.204
-352.166
-352.13
-352.098
-352.068
-352.042
-352.018
-351.996
-351.978
-351.963
-351.95
-351.94
-351.933
-351.929
-351.928
-351.93
-351.934
-351.941
-351.952
-351.965
-351.98
-351.999
-352.021
-352.045
-352.072
-352.102
-352.135
-352.171
-352.209
-352.25
-352.295
-352.342
-352.391
-352.444
-352.5
-352.558
-352.619
-352.683
-352.75
-352.82
-352.892
-352.967
-353.045
-353.126
-353.21
-353.296
-353.386
-353.478
-353.573
-353.671
-353.771
-353.875
-353.981
-354.09
-354.201
-354.316
-354.433
-354.553
-354.676
-354.802
-354.93
-355.061
-355.195
-355.332
-355.471
-355.613
-355.758
-355.906
-354.465
-354.346
-354.229
-354.115
-354.003
-353.895
-353.789
-353.686
-353.586
-353.488
-353.393
-353.302
-353.213
-353.126
-353.043
-352.963
-352.885
-352.81
-352.738
-352.668
-352.602
-352.538
-352.478
-352.42
-352.364
-352.312
-352.263
-352.216
-352.172
-352.131
-352.093
-352.058
-352.025
-351.995
-351.969
-351.945
-351.923
-351.905
-351.89
-351.877
-351.867
-351.86
-351.856
-351.855
-351.857
-351.861
-351.868
-351.879
-351.892
-351.907
-351.926
-351.948
-351.972
-351.999
-352.029
-352.062
-352.098
-352.136
-352.177
-352.222
-352.269
-352.319
-352.371
-352.427
-352.485
-352.546
-352.61
-352.677
-352.747
-352.819
-352.894
-352.973
-353.053
-353.137
-353.224
-353.313
-353.405
-353.5
-353.598
-353.699
-353.802
-353.908
-354.017
-354.129
-354.243
-354.361
-354.481
-354.604
-354.729
-354.858
-354.989
-355.123
-355.26
-355.399
-355.541
-355.686
-355.834
-354.518
-354.396
-354.276
-354.159
-354.045
-353.934
-353.825
-353.719
-353.616
-353.516
-353.418
-353.324
-353.232
-353.143
-353.057
-352.973
-352.893
-352.815
-352.74
-352.668
-352.599
-352.532
-352.468
-352.408
-352.35
-352.294
-352.242
-352.193
-352.146
-352.102
-352.061
-352.023
-351.987
-351.955
-351.925
-351.899
-351.875
-351.853
-351.835
-351.82
-351.807
-351.797
-351.79
-351.786
-351.785
-351.787
-351.791
-351.798
-351.808
-351.821
-351.837
-351.856
-351.877
-351.902
-351.929
-351.959
-351.992
-352.027
-352.066
-352.107
-352.152
-352.199
-352.249
-352.301
-352.357
-352.415
-352.476
-352.54
-352.607
-352.677
-352.749
-352.824
-352.903
-352.984
-353.067
-353.154
-353.243
-353.335
-353.43
-353.528
-353.629
-353.732
-353.838
-353.947
-354.059
-354.174
-354.291
-354.411
-354.534
-354.66
-354.788
-354.919
-355.053
-355.19
-355.329
-355.472
-355.617
-355.765
-355.915
-354.452
-354.329
-354.209
-354.092
-353.978
-353.867
-353.758
-353.652
-353.549
-353.449
-353.351
-353.257
-353.165
-353.076
-352.99
-352.906
-352.826
-352.748
-352.673
-352.601
-352.531
-352.465
-352.401
-352.34
-352.282
-352.227
-352.175
-352.125
-352.079
-352.035
-351.994
-351.956
-351.92
-351.888
-351.858
-351.831
-351.807
-351.786
-351.768
-351.752
-351.74
-351.73
-351.723
-351.719
-351.718
-351.719
-351.724
-351.731
-351.741
-351.754
-351.77
-351.789
-351.81
-351.834
-351.862
-351.892
-351.924
-351.96
-351.999
-352.04
-352.084
-352.131
-352.181
-352.234
-352.289
-352.348
-352.409
-352.473
-352.54
-352.61
-352.682
-352.757
-352.835
-352.916
-353
-353.087
-353.176
-353.268
-353.363
-353.461
-353.562
-353.665
-353.771
-353.88
-353.992
-354.107
-354.224
-354.344
-354.467
-354.593
-354.721
-354.852
-354.986
-355.123
-355.263
-355.405
-355.55
-355.698
-355.848
-354.388
-354.265
-354.145
-354.028
-353.914
-353.803
-353.694
-353.588
-353.485
-353.385
-353.287
-353.193
-353.101
-353.012
-352.925
-352.842
-352.761
-352.684
-352.609
-352.536
-352.467
-352.401
-352.337
-352.276
-352.218
-352.163
-352.111
-352.061
-352.014
-351.97
-351.929
-351.891
-351.856
-351.823
-351.794
-351.767
-351.743
-351.722
-351.703
-351.688
-351.675
-351.666
-351.659
-351.654
-351.653
-351.655
-351.659
-351.667
-351.677
-351.69
-351.705
-351.724
-351.746
-351.77
-351.797
-351.827
-351.86
-351.896
-351.934
-351.976
-352.02
-352.067
-352.117
-352.17
-352.225
-352.283
-352.345
-352.409
-352.476
-352.545
-352.618
-352.693
-352.771
-352.852
-352.936
-353.023
-353.112
-353.204
-353.299
-353.397
-353.498
-353.601
-353.707
-353.816
-353.928
-354.043
-354.16
-354.28
-354.403
-354.529
-354.657
-354.789
-354.922
-355.059
-355.199
-355.341
-355.486
-355.634
-355.785
-354.327
-354.204
-354.084
-353.967
-353.853
-353.742
-353.633
-353.527
-353.424
-353.324
-353.226
-353.131
-353.039
-352.95
-352.864
-352.781
-352.7
-352.622
-352.547
-352.475
-352.406
-352.339
-352.275
-352.215
-352.157
-352.101
-352.049
-351.999
-351.953
-351.909
-351.868
-351.83
-351.794
-351.762
-351.732
-351.705
-351.681
-351.66
-351.642
-351.626
-351.614
-351.604
-351.597
-351.593
-351.592
-351.593
-351.598
-351.605
-351.615
-351.628
-351.644
-351.663
-351.684
-351.708
-351.736
-351.766
-351.798
-351.834
-351.873
-351.914
-351.958
-352.005
-352.055
-352.108
-352.164
-352.222
-352.283
-352.347
-352.414
-352.484
-352.556
-352.632
-352.71
-352.791
-352.874
-352.961
-353.05
-353.143
-353.238
-353.336
-353.436
-353.54
-353.646
-353.755
-353.867
-353.981
-354.099
-354.219
-354.342
-354.468
-354.596
-354.727
-354.861
-354.998
-355.138
-355.28
-355.425
-355.573
-355.724
-354.269
-354.146
-354.026
-353.909
-353.795
-353.683
-353.574
-353.468
-353.365
-353.265
-353.168
-353.073
-352.981
-352.892
-352.806
-352.722
-352.642
-352.564
-352.489
-352.416
-352.347
-352.281
-352.217
-352.156
-352.098
-352.043
-351.99
-351.941
-351.894
-351.85
-351.809
-351.771
-351.736
-351.703
-351.673
-351.646
-351.622
-351.601
-351.583
-351.568
-351.555
-351.545
-351.538
-351.534
-351.533
-351.534
-351.539
-351.546
-351.556
-351.569
-351.585
-351.604
-351.625
-351.65
-351.677
-351.707
-351.74
-351.775
-351.814
-351.855
-351.9
-351.947
-351.996
-352.049
-352.105
-352.163
-352.224
-352.288
-352.355
-352.425
-352.498
-352.573
-352.651
-352.732
-352.816
-352.902
-352.992
-353.084
-353.179
-353.277
-353.378
-353.481
-353.587
-353.696
-353.808
-353.923
-354.04
-354.16
-354.283
-354.409
-354.538
-354.669
-354.803
-354.94
-355.08
-355.222
-355.367
-355.515
-355.665
-354.213
-354.09
-353.971
-353.853
-353.739
-353.628
-353.519
-353.413
-353.31
-353.209
-353.112
-353.017
-352.925
-352.836
-352.75
-352.666
-352.586
-352.508
-352.433
-352.361
-352.291
-352.225
-352.161
-352.1
-352.042
-351.987
-351.934
-351.885
-351.838
-351.794
-351.753
-351.715
-351.68
-351.647
-351.617
-351.591
-351.567
-351.545
-351.527
-351.512
-351.499
-351.489
-351.482
-351.478
-351.477
-351.478
-351.483
-351.49
-351.5
-351.513
-351.529
-351.548
-351.569
-351.594
-351.621
-351.651
-351.684
-351.719
-351.758
-351.799
-351.844
-351.891
-351.941
-351.993
-352.049
-352.107
-352.169
-352.233
-352.299
-352.369
-352.442
-352.517
-352.595
-352.676
-352.76
-352.847
-352.936
-353.028
-353.123
-353.221
-353.322
-353.425
-353.532
-353.641
-353.753
-353.867
-353.985
-354.105
-354.228
-354.354
-354.482
-354.613
-354.748
-354.884
-355.024
-355.166
-355.312
-355.459
-355.61
-354.16
-354.038
-353.918
-353.801
-353.686
-353.575
-353.466
-353.36
-353.257
-353.157
-353.059
-352.964
-352.872
-352.783
-352.697
-352.614
-352.533
-352.455
-352.38
-352.308
-352.238
-352.172
-352.108
-352.047
-351.989
-351.934
-351.881
-351.832
-351.785
-351.741
-351.7
-351.662
-351.627
-351.594
-351.564
-351.537
-351.513
-351.492
-351.474
-351.459
-351.446
-351.436
-351.429
-351.425
-351.424
-351.425
-351.43
-351.437
-351.447
-351.46
-351.476
-351.495
-351.516
-351.541
-351.568
-351.598
-351.631
-351.666
-351.705
-351.746
-351.791
-351.838
-351.888
-351.94
-351.996
-352.054
-352.116
-352.18
-352.246
-352.316
-352.389
-352.464
-352.542
-352.623
-352.707
-352.794
-352.883
-352.975
-353.07
-353.168
-353.269
-353.373
-353.479
-353.588
-353.7
-353.814
-353.932
-354.052
-354.175
-354.301
-354.429
-354.561
-354.695
-354.832
-354.971
-355.114
-355.259
-355.407
-355.558
-354.236
-354.111
-353.988
-353.868
-353.751
-353.637
-353.525
-353.416
-353.31
-353.207
-353.107
-353.009
-352.914
-352.822
-352.733
-352.647
-352.564
-352.483
-352.405
-352.33
-352.258
-352.188
-352.122
-352.058
-351.997
-351.939
-351.884
-351.831
-351.782
-351.735
-351.691
-351.65
-351.612
-351.576
-351.544
-351.514
-351.487
-351.463
-351.442
-351.424
-351.408
-351.396
-351.386
-351.379
-351.375
-351.374
-351.375
-351.38
-351.387
-351.397
-351.41
-351.426
-351.444
-351.466
-351.49
-351.517
-351.548
-351.58
-351.616
-351.655
-351.696
-351.74
-351.787
-351.837
-351.89
-351.946
-352.004
-352.065
-352.129
-352.196
-352.266
-352.339
-352.414
-352.492
-352.573
-352.657
-352.744
-352.833
-352.925
-353.02
-353.118
-353.219
-353.322
-353.429
-353.538
-353.65
-353.764
-353.882
-354.002
-354.125
-354.251
-354.38
-354.511
-354.645
-354.782
-354.922
-355.064
-355.209
-355.357
-355.508
-355.661
-354.189
-354.064
-353.941
-353.821
-353.704
-353.59
-353.478
-353.369
-353.263
-353.16
-353.06
-352.962
-352.867
-352.775
-352.686
-352.6
-352.516
-352.436
-352.358
-352.283
-352.21
-352.141
-352.074
-352.011
-351.95
-351.892
-351.836
-351.784
-351.734
-351.688
-351.644
-351.603
-351.564
-351.529
-351.496
-351.467
-351.44
-351.416
-351.395
-351.376
-351.361
-351.348
-351.338
-351.331
-351.327
-351.326
-351.328
-351.332
-351.339
-351.35
-351.362
-351.378
-351.397
-351.419
-351.443
-351.47
-351.5
-351.533
-351.569
-351.607
-351.649
-351.693
-351.74
-351.79
-351.843
-351.898
-351.957
-352.018
-352.082
-352.149
-352.219
-352.291
-352.367
-352.445
-352.526
-352.61
-352.696
-352.786
-352.878
-352.973
-353.071
-353.172
-353.275
-353.382
-353.491
-353.603
-353.717
-353.835
-353.955
-354.078
-354.204
-354.332
-354.464
-354.598
-354.735
-354.875
-355.017
-355.162
-355.31
-355.461
-355.614
-354.145
-354.02
-353.897
-353.777
-353.66
-353.545
-353.434
-353.325
-353.219
-353.116
-353.015
-352.918
-352.823
-352.731
-352.642
-352.555
-352.472
-352.391
-352.313
-352.238
-352.166
-352.097
-352.03
-351.966
-351.905
-351.847
-351.792
-351.74
-351.69
-351.643
-351.599
-351.558
-351.52
-351.484
-351.452
-351.422
-351.395
-351.371
-351.35
-351.332
-351.316
-351.304
-351.294
-351.287
-351.283
-351.281
-351.283
-351.288
-351.295
-351.305
-351.318
-351.334
-351.352
-351.374
-351.398
-351.425
-351.456
-351.488
-351.524
-351.563
-351.604
-351.648
-351.695
-351.745
-351.798
-351.854
-351.912
-351.973
-352.038
-352.104
-352.174
-352.247
-352.322
-352.4
-352.481
-352.565
-352.652
-352.741
-352.834
-352.929
-353.027
-353.127
-353.231
-353.337
-353.446
-353.558
-353.673
-353.79
-353.911
-354.034
-354.16
-354.288
-354.42
-354.554
-354.691
-354.83
-354.973
-355.118
-355.266
-355.417
-355.57
-354.104
-353.978
-353.855
-353.736
-353.618
-353.504
-353.392
-353.283
-353.177
-353.074
-352.974
-352.876
-352.781
-352.689
-352.6
-352.514
-352.43
-352.35
-352.272
-352.197
-352.124
-352.055
-351.988
-351.925
-351.864
-351.806
-351.75
-351.698
-351.648
-351.601
-351.557
-351.516
-351.478
-351.443
-351.41
-351.38
-351.354
-351.33
-351.308
-351.29
-351.275
-351.262
-351.252
-351.245
-351.241
-351.24
-351.241
-351.246
-351.253
-351.263
-351.276
-351.292
-351.311
-351.332
-351.357
-351.384
-351.414
-351.447
-351.482
-351.521
-351.562
-351.607
-351.654
-351.704
-351.756
-351.812
-351.87
-351.932
-351.996
-352.063
-352.132
-352.205
-352.28
-352.359
-352.44
-352.524
-352.61
-352.7
-352.792
-352.887
-352.985
-353.086
-353.189
-353.296
-353.405
-353.517
-353.631
-353.749
-353.869
-353.992
-354.118
-354.247
-354.378
-354.512
-354.649
-354.789
-354.931
-355.077
-355.225
-355.375
-355.529
-354.065
-353.94
-353.817
-353.697
-353.58
-353.465
-353.354
-353.245
-353.139
-353.036
-352.935
-352.838
-352.743
-352.651
-352.562
-352.475
-352.392
-352.311
-352.233
-352.158
-352.086
-352.016
-351.95
-351.886
-351.825
-351.767
-351.711
-351.659
-351.609
-351.563
-351.519
-351.478
-351.439
-351.404
-351.371
-351.342
-351.315
-351.291
-351.27
-351.251
-351.236
-351.223
-351.213
-351.206
-351.202
-351.201
-351.202
-351.207
-351.214
-351.224
-351.237
-351.253
-351.272
-351.293
-351.318
-351.345
-351.375
-351.408
-351.444
-351.482
-351.524
-351.568
-351.615
-351.665
-351.718
-351.773
-351.832
-351.893
-351.957
-352.024
-352.094
-352.166
-352.242
-352.32
-352.401
-352.485
-352.571
-352.661
-352.753
-352.848
-352.946
-353.047
-353.151
-353.257
-353.366
-353.478
-353.593
-353.71
-353.831
-353.954
-354.079
-354.208
-354.34
-354.474
-354.611
-354.75
-354.893
-355.038
-355.186
-355.337
-355.49
-354.03
-353.904
-353.781
-353.661
-353.544
-353.43
-353.318
-353.209
-353.103
-353
-352.899
-352.802
-352.707
-352.615
-352.526
-352.439
-352.356
-352.275
-352.197
-352.122
-352.05
-351.98
-351.914
-351.85
-351.789
-351.731
-351.676
-351.623
-351.573
-351.527
-351.483
-351.442
-351.403
-351.368
-351.335
-351.306
-351.279
-351.255
-351.234
-351.215
-351.2
-351.187
-351.177
-351.17
-351.166
-351.165
-351.166
-351.171
-351.178
-351.188
-351.201
-351.217
-351.236
-351.257
-351.282
-351.309
-351.339
-351.372
-351.407
-351.446
-351.487
-351.532
-351.579
-351.629
-351.682
-351.737
-351.796
-351.857
-351.921
-351.988
-352.058
-352.13
-352.206
-352.284
-352.365
-352.449
-352.536
-352.625
-352.717
-352.812
-352.91
-353.011
-353.115
-353.221
-353.33
-353.442
-353.557
-353.674
-353.795
-353.918
-354.044
-354.172
-354.304
-354.438
-354.575
-354.715
-354.857
-355.002
-355.15
-355.301
-355.455
-353.997
-353.871
-353.748
-353.628
-353.511
-353.397
-353.285
-353.176
-353.07
-352.967
-352.866
-352.769
-352.674
-352.582
-352.493
-352.406
-352.323
-352.242
-352.164
-352.089
-352.017
-351.947
-351.881
-351.817
-351.756
-351.698
-351.642
-351.59
-351.54
-351.494
-351.45
-351.408
-351.37
-351.335
-351.302
-351.272
-351.246
-351.222
-351.2
-351.182
-351.166
-351.154
-351.144
-351.137
-351.133
-351.132
-351.133
-351.138
-351.145
-351.155
-351.168
-351.184
-351.203
-351.224
-351.248
-351.276
-351.306
-351.339
-351.374
-351.413
-351.454
-351.499
-351.546
-351.596
-351.648
-351.704
-351.762
-351.824
-351.888
-351.955
-352.025
-352.097
-352.173
-352.251
-352.332
-352.416
-352.502
-352.592
-352.684
-352.779
-352.877
-352.978
-353.082
-353.188
-353.297
-353.409
-353.524
-353.641
-353.762
-353.885
-354.011
-354.139
-354.271
-354.405
-354.542
-354.682
-354.824
-354.97
-355.118
-355.268
-355.422
-353.841
-353.718
-353.598
-353.481
-353.367
-353.255
-353.146
-353.04
-352.937
-352.836
-352.739
-352.644
-352.552
-352.463
-352.376
-352.293
-352.212
-352.134
-352.059
-351.986
-351.917
-351.85
-351.787
-351.726
-351.667
-351.612
-351.56
-351.51
-351.463
-351.419
-351.378
-351.34
-351.305
-351.272
-351.242
-351.215
-351.191
-351.17
-351.152
-351.136
-351.124
-351.114
-351.107
-351.103
-351.101
-351.103
-351.107
-351.115
-351.125
-351.138
-351.154
-351.172
-351.194
-351.218
-351.245
-351.275
-351.308
-351.344
-351.383
-351.424
-351.468
-351.515
-351.565
-351.618
-351.674
-351.732
-351.793
-351.857
-351.924
-351.994
-352.067
-352.142
-352.22
-352.302
-352.385
-352.472
-352.562
-352.654
-352.749
-352.847
-352.948
-353.051
-353.158
-353.267
-353.379
-353.494
-353.611
-353.731
-353.855
-353.98
-354.109
-354.241
-354.375
-354.512
-354.652
-354.794
-354.939
-355.087
-355.238
-353.814
-353.691
-353.571
-353.454
-353.339
-353.228
-353.119
-353.013
-352.909
-352.809
-352.711
-352.616
-352.524
-352.435
-352.349
-352.265
-352.184
-352.107
-352.031
-351.959
-351.89
-351.823
-351.759
-351.698
-351.64
-351.585
-351.532
-351.483
-351.436
-351.392
-351.351
-351.312
-351.277
-351.244
-351.215
-351.188
-351.164
-351.143
-351.124
-351.109
-351.096
-351.086
-351.079
-351.075
-351.074
-351.075
-351.08
-351.087
-351.097
-351.11
-351.126
-351.145
-351.166
-351.191
-351.218
-351.248
-351.281
-351.316
-351.355
-351.396
-351.441
-351.488
-351.538
-351.591
-351.646
-351.705
-351.766
-351.83
-351.897
-351.967
-352.039
-352.115
-352.193
-352.274
-352.358
-352.445
-352.534
-352.627
-352.722
-352.82
-352.92
-353.024
-353.13
-353.24
-353.351
-353.466
-353.584
-353.704
-353.827
-353.953
-354.082
-354.213
-354.348
-354.485
-354.624
-354.767
-354.912
-355.06
-355.211
-353.79
-353.667
-353.547
-353.43
-353.315
-353.203
-353.094
-352.988
-352.885
-352.785
-352.687
-352.592
-352.5
-352.411
-352.324
-352.241
-352.16
-352.082
-352.007
-351.935
-351.865
-351.798
-351.735
-351.674
-351.615
-351.56
-351.508
-351.458
-351.411
-351.367
-351.326
-351.288
-351.252
-351.22
-351.19
-351.163
-351.139
-351.118
-351.1
-351.084
-351.071
-351.062
-351.055
-351.05
-351.049
-351.051
-351.055
-351.062
-351.073
-351.086
-351.101
-351.12
-351.142
-351.166
-351.193
-351.223
-351.256
-351.292
-351.33
-351.372
-351.416
-351.463
-351.513
-351.566
-351.622
-351.68
-351.741
-351.805
-351.872
-351.942
-352.015
-352.09
-352.168
-352.249
-352.333
-352.42
-352.51
-352.602
-352.697
-352.795
-352.896
-352.999
-353.106
-353.215
-353.327
-353.442
-353.559
-353.68
-353.803
-353.929
-354.057
-354.189
-354.323
-354.46
-354.6
-354.742
-354.888
-355.036
-355.187
-353.768
-353.645
-353.525
-353.408
-353.293
-353.182
-353.073
-352.967
-352.863
-352.763
-352.665
-352.57
-352.478
-352.389
-352.303
-352.219
-352.138
-352.06
-351.985
-351.913
-351.843
-351.777
-351.713
-351.652
-351.594
-351.538
-351.486
-351.436
-351.389
-351.346
-351.304
-351.266
-351.231
-351.198
-351.168
-351.141
-351.117
-351.096
-351.078
-351.062
-351.05
-351.04
-351.033
-351.029
-351.027
-351.029
-351.033
-351.041
-351.051
-351.064
-351.08
-351.098
-351.12
-351.144
-351.171
-351.201
-351.234
-351.27
-351.309
-351.35
-351.394
-351.441
-351.491
-351.544
-351.6
-351.658
-351.72
-351.784
-351.851
-351.92
-351.993
-352.068
-352.147
-352.228
-352.312
-352.398
-352.488
-352.58
-352.675
-352.773
-352.874
-352.978
-353.084
-353.193
-353.305
-353.42
-353.538
-353.658
-353.781
-353.907
-354.036
-354.167
-354.301
-354.438
-354.578
-354.721
-354.866
-355.014
-355.165
-353.749
-353.627
-353.506
-353.389
-353.275
-353.163
-353.054
-352.948
-352.845
-352.744
-352.646
-352.552
-352.46
-352.37
-352.284
-352.2
-352.119
-352.041
-351.966
-351.894
-351.824
-351.758
-351.694
-351.633
-351.575
-351.52
-351.467
-351.417
-351.371
-351.327
-351.286
-351.247
-351.212
-351.179
-351.149
-351.123
-351.098
-351.077
-351.059
-351.043
-351.031
-351.021
-351.014
-351.01
-351.008
-351.01
-351.014
-351.022
-351.032
-351.045
-351.061
-351.079
-351.101
-351.125
-351.152
-351.182
-351.215
-351.251
-351.29
-351.331
-351.375
-351.422
-351.472
-351.525
-351.581
-351.639
-351.701
-351.765
-351.832
-351.901
-351.974
-352.049
-352.128
-352.209
-352.293
-352.379
-352.469
-352.561
-352.656
-352.754
-352.855
-352.959
-353.065
-353.174
-353.286
-353.401
-353.519
-353.639
-353.762
-353.888
-354.017
-354.148
-354.283
-354.42
-354.559
-354.702
-354.847
-354.995
-355.146
-353.733
-353.611
-353.491
-353.373
-353.259
-353.147
-353.038
-352.932
-352.829
-352.728
-352.631
-352.536
-352.444
-352.354
-352.268
-352.184
-352.103
-352.025
-351.95
-351.878
-351.809
-351.742
-351.678
-351.617
-351.559
-351.504
-351.451
-351.401
-351.355
-351.311
-351.269
-351.231
-351.196
-351.163
-351.133
-351.106
-351.082
-351.061
-351.043
-351.027
-351.015
-351.005
-350.998
-350.994
-350.992
-350.994
-350.998
-351.006
-351.016
-351.029
-351.045
-351.063
-351.085
-351.109
-351.136
-351.166
-351.199
-351.235
-351.274
-351.315
-351.359
-351.406
-351.456
-351.509
-351.565
-351.623
-351.684
-351.749
-351.816
-351.885
-351.958
-352.033
-352.112
-352.193
-352.277
-352.363
-352.453
-352.545
-352.64
-352.738
-352.839
-352.943
-353.049
-353.158
-353.27
-353.385
-353.503
-353.623
-353.746
-353.872
-354.001
-354.132
-354.267
-354.404
-354.543
-354.686
-354.831
-354.979
-355.13
-353.72
-353.598
-353.477
-353.36
-353.246
-353.134
-353.025
-352.919
-352.816
-352.715
-352.617
-352.523
-352.43
-352.341
-352.255
-352.171
-352.09
-352.012
-351.937
-351.865
-351.795
-351.729
-351.665
-351.604
-351.546
-351.49
-351.438
-351.388
-351.341
-351.297
-351.256
-351.218
-351.183
-351.15
-351.12
-351.093
-351.069
-351.048
-351.03
-351.014
-351.001
-350.992
-350.985
-350.98
-350.979
-350.981
-350.985
-350.992
-351.003
-351.015
-351.031
-351.05
-351.072
-351.096
-351.123
-351.153
-351.186
-351.222
-351.26
-351.302
-351.346
-351.393
-351.443
-351.496
-351.552
-351.61
-351.671
-351.735
-351.802
-351.872
-351.945
-352.02
-352.098
-352.18
-352.263
-352.35
-352.44
-352.532
-352.627
-352.725
-352.826
-352.93
-353.036
-353.145
-353.257
-353.372
-353.489
-353.61
-353.733
-353.859
-353.988
-354.119
-354.253
-354.39
-354.53
-354.673
-354.818
-354.966
-355.117
-353.587
-353.467
-353.35
-353.235
-353.124
-353.015
-352.909
-352.805
-352.705
-352.607
-352.512
-352.42
-352.331
-352.244
-352.161
-352.08
-352.002
-351.927
-351.855
-351.785
-351.718
-351.655
-351.594
-351.535
-351.48
-351.428
-351.378
-351.331
-351.287
-351.246
-351.208
-351.172
-351.14
-351.11
-351.083
-351.059
-351.038
-351.019
-351.004
-350.991
-350.981
-350.974
-350.97
-350.969
-350.97
-350.975
-350.982
-350.992
-351.005
-351.021
-351.04
-351.061
-351.085
-351.113
-351.143
-351.176
-351.211
-351.25
-351.291
-351.336
-351.383
-351.433
-351.485
-351.541
-351.6
-351.661
-351.725
-351.792
-351.862
-351.934
-352.01
-352.088
-352.169
-352.253
-352.34
-352.429
-352.522
-352.617
-352.715
-352.816
-352.919
-353.026
-353.135
-353.247
-353.362
-353.479
-353.599
-353.723
-353.849
-353.977
-354.109
-354.243
-354.38
-354.52
-354.662
-354.808
-354.956
-353.58
-353.46
-353.343
-353.228
-353.116
-353.007
-352.901
-352.798
-352.697
-352.6
-352.505
-352.413
-352.323
-352.237
-352.153
-352.073
-351.995
-351.919
-351.847
-351.778
-351.711
-351.647
-351.586
-351.528
-351.473
-351.42
-351.37
-351.324
-351.28
-351.238
-351.2
-351.165
-351.132
-351.102
-351.075
-351.051
-351.03
-351.012
-350.996
-350.983
-350.974
-350.967
-350.963
-350.961
-350.963
-350.967
-350.975
-350.985
-350.998
-351.013
-351.032
-351.054
-351.078
-351.105
-351.135
-351.168
-351.204
-351.242
-351.284
-351.328
-351.375
-351.425
-351.478
-351.534
-351.592
-351.653
-351.717
-351.784
-351.854
-351.927
-352.002
-352.081
-352.162
-352.245
-352.332
-352.422
-352.514
-352.609
-352.707
-352.808
-352.912
-353.018
-353.127
-353.239
-353.354
-353.472
-353.592
-353.715
-353.841
-353.97
-354.101
-354.236
-354.373
-354.512
-354.655
-354.8
-354.948
-353.575
-353.455
-353.338
-353.223
-353.112
-353.003
-352.897
-352.793
-352.693
-352.595
-352.5
-352.408
-352.319
-352.232
-352.149
-352.068
-351.99
-351.915
-351.842
-351.773
-351.706
-351.642
-351.581
-351.523
-351.468
-351.415
-351.366
-351.319
-351.275
-351.234
-351.195
-351.16
-351.127
-351.098
-351.071
-351.047
-351.025
-351.007
-350.992
-350.979
-350.969
-350.962
-350.958
-350.957
-350.958
-350.963
-350.97
-350.98
-350.993
-351.009
-351.027
-351.049
-351.073
-351.1
-351.13
-351.163
-351.199
-351.238
-351.279
-351.323
-351.371
-351.42
-351.473
-351.529
-351.587
-351.649
-351.713
-351.78
-351.849
-351.922
-351.998
-352.076
-352.157
-352.241
-352.328
-352.417
-352.509
-352.605
-352.703
-352.803
-352.907
-353.013
-353.122
-353.235
-353.349
-353.467
-353.587
-353.71
-353.836
-353.965
-354.096
-354.231
-354.368
-354.508
-354.65
-354.796
-354.944
-353.574
-353.454
-353.336
-353.222
-353.11
-353.001
-352.895
-352.792
-352.691
-352.593
-352.498
-352.406
-352.317
-352.231
-352.147
-352.066
-351.988
-351.913
-351.841
-351.771
-351.705
-351.641
-351.58
-351.521
-351.466
-351.414
-351.364
-351.317
-351.273
-351.232
-351.194
-351.158
-351.126
-351.096
-351.069
-351.045
-351.024
-351.005
-350.99
-350.977
-350.967
-350.96
-350.956
-350.955
-350.956
-350.961
-350.968
-350.978
-350.991
-351.007
-351.026
-351.047
-351.071
-351.099
-351.129
-351.162
-351.197
-351.236
-351.277
-351.322
-351.369
-351.419
-351.471
-351.527
-351.585
-351.647
-351.711
-351.778
-351.848
-351.92
-351.996
-352.074
-352.155
-352.239
-352.326
-352.415
-352.508
-352.603
-352.701
-352.801
-352.905
-353.011
-353.121
-353.233
-353.347
-353.465
-353.585
-353.708
-353.834
-353.963
-354.095
-354.229
-354.366
-354.506
-354.648
-354.794
-354.942
-353.455
-353.337
-353.223
-353.111
-353.002
-352.896
-352.793
-352.692
-352.594
-352.5
-352.408
-352.318
-352.232
-352.148
-352.067
-351.989
-351.914
-351.842
-351.772
-351.706
-351.642
-351.581
-351.523
-351.467
-351.415
-351.365
-351.318
-351.274
-351.233
-351.195
-351.159
-351.127
-351.097
-351.07
-351.046
-351.025
-351.006
-350.991
-350.978
-350.968
-350.961
-350.957
-350.956
-350.957
-350.962
-350.969
-350.979
-350.992
-351.008
-351.027
-351.048
-351.072
-351.1
-351.13
-351.163
-351.198
-351.237
-351.278
-351.323
-351.37
-351.42
-351.472
-351.528
-351.586
-351.648
-351.712
-351.779
-351.849
-351.921
-351.997
-352.075
-352.156
-352.24
-352.327
-352.416
-352.509
-352.604
-352.702
-352.802
-352.906
-353.012
-353.122
-353.234
-353.348
-353.466
-353.586
-353.709
-353.835
-353.964
-354.096
-354.23
-354.367
-354.507
-354.649
-354.795
-353.459
-353.341
-353.227
-353.115
-353.006
-352.9
-352.797
-352.696
-352.598
-352.504
-352.411
-352.322
-352.236
-352.152
-352.071
-351.993
-351.918
-351.846
-351.776
-351.71
-351.646
-351.585
-351.526
-351.471
-351.419
-351.369
-351.322
-351.278
-351.237
-351.199
-351.163
-351.131
-351.101
-351.074
-351.05
-351.029
-351.01
-350.995
-350.982
-350.972
-350.965
-350.961
-350.96
-350.961
-350.966
-350.973
-350.983
-350.996
-351.012
-351.03
-351.052
-351.076
-351.103
-351.134
-351.166
-351.202
-351.241
-351.282
-351.326
-351.374
-351.423
-351.476
-351.532
-351.59
-351.652
-351.716
-351.783
-351.852
-351.925
-352.001
-352.079
-352.16
-352.244
-352.331
-352.42
-352.512
-352.608
-352.706
-352.806
-352.91
-353.016
-353.125
-353.237
-353.352
-353.47
-353.59
-353.713
-353.839
-353.968
-354.099
-354.234
-354.371
-354.51
-354.653
-354.798
-353.465
-353.348
-353.234
-353.122
-353.013
-352.907
-352.803
-352.703
-352.605
-352.51
-352.418
-352.329
-352.242
-352.159
-352.078
-352
-351.925
-351.852
-351.783
-351.716
-351.652
-351.591
-351.533
-351.478
-351.425
-351.376
-351.329
-351.285
-351.244
-351.205
-351.17
-351.137
-351.108
-351.081
-351.057
-351.035
-351.017
-351.001
-350.989
-350.979
-350.972
-350.968
-350.966
-350.968
-350.972
-350.98
-350.99
-351.003
-351.019
-351.037
-351.059
-351.083
-351.11
-351.14
-351.173
-351.209
-351.247
-351.289
-351.333
-351.38
-351.43
-351.483
-351.539
-351.597
-351.658
-351.722
-351.789
-351.859
-351.932
-352.007
-352.085
-352.167
-352.25
-352.337
-352.427
-352.519
-352.614
-352.712
-352.813
-352.916
-353.023
-353.132
-353.244
-353.359
-353.476
-353.597
-353.72
-353.846
-353.975
-354.106
-354.24
-354.377
-354.517
-354.66
-354.805
-353.358
-353.243
-353.131
-353.022
-352.916
-352.813
-352.712
-352.615
-352.52
-352.428
-352.339
-352.252
-352.168
-352.088
-352.01
-351.934
-351.862
-351.793
-351.726
-351.662
-351.601
-351.543
-351.488
-351.435
-351.385
-351.339
-351.294
-351.253
-351.215
-351.18
-351.147
-351.117
-351.09
-351.066
-351.045
-351.027
-351.011
-350.998
-350.988
-350.981
-350.977
-350.976
-350.978
-350.982
-350.989
-350.999
-351.012
-351.028
-351.047
-351.068
-351.093
-351.12
-351.15
-351.183
-351.218
-351.257
-351.298
-351.343
-351.39
-351.44
-351.492
-351.548
-351.607
-351.668
-351.732
-351.799
-351.869
-351.941
-352.017
-352.095
-352.176
-352.26
-352.347
-352.436
-352.529
-352.624
-352.722
-352.822
-352.926
-353.032
-353.142
-353.253
-353.368
-353.486
-353.606
-353.729
-353.855
-353.984
-354.115
-354.25
-354.387
-354.526
-354.669
-353.487
-353.37
-353.256
-353.144
-353.035
-352.929
-352.826
-352.725
-352.627
-352.532
-352.44
-352.351
-352.265
-352.181
-352.1
-352.022
-351.947
-351.875
-351.805
-351.738
-351.675
-351.614
-351.555
-351.5
-351.447
-351.398
-351.351
-351.307
-351.266
-351.228
-351.192
-351.159
-351.13
-351.103
-351.079
-351.057
-351.039
-351.023
-351.011
-351.001
-350.994
-350.99
-350.988
-350.99
-350.994
-351.002
-351.012
-351.025
-351.041
-351.059
-351.081
-351.105
-351.132
-351.162
-351.195
-351.231
-351.269
-351.311
-351.355
-351.402
-351.452
-351.505
-351.561
-351.619
-351.68
-351.744
-351.811
-351.881
-351.954
-352.029
-352.107
-352.188
-352.272
-352.359
-352.449
-352.541
-352.636
-352.734
-352.835
-352.938
-353.045
-353.154
-353.266
-353.381
-353.498
-353.618
-353.742
-353.868
-353.996
-354.128
-354.262
-354.399
-354.539
-354.681
-354.827
-353.623
-353.503
-353.385
-353.271
-353.159
-353.05
-352.944
-352.841
-352.74
-352.643
-352.548
-352.456
-352.366
-352.28
-352.196
-352.115
-352.037
-351.962
-351.89
-351.82
-351.754
-351.69
-351.629
-351.571
-351.515
-351.463
-351.413
-351.366
-351.322
-351.281
-351.243
-351.207
-351.175
-351.145
-351.118
-351.094
-351.073
-351.054
-351.039
-351.026
-351.016
-351.009
-351.005
-351.004
-351.005
-351.01
-351.017
-351.027
-351.04
-351.056
-351.075
-351.096
-351.12
-351.148
-351.178
-351.21
-351.246
-351.285
-351.326
-351.37
-351.418
-351.467
-351.52
-351.576
-351.634
-351.695
-351.76
-351.827
-351.896
-351.969
-352.044
-352.123
-352.204
-352.287
-352.374
-352.464
-352.556
-352.651
-352.749
-352.85
-352.953
-353.06
-353.169
-353.281
-353.396
-353.513
-353.634
-353.757
-353.883
-354.011
-354.143
-354.277
-354.414
-354.554
-354.696
-354.842
-354.99
-353.764
-353.641
-353.521
-353.403
-353.289
-353.177
-353.068
-352.962
-352.859
-352.758
-352.661
-352.566
-352.474
-352.384
-352.298
-352.214
-352.134
-352.056
-351.98
-351.908
-351.839
-351.772
-351.708
-351.647
-351.589
-351.533
-351.481
-351.431
-351.384
-351.34
-351.299
-351.261
-351.226
-351.193
-351.163
-351.136
-351.112
-351.091
-351.072
-351.057
-351.044
-351.034
-351.027
-351.023
-351.022
-351.024
-351.028
-351.035
-351.045
-351.058
-351.074
-351.093
-351.114
-351.138
-351.166
-351.196
-351.229
-351.264
-351.303
-351.344
-351.388
-351.436
-351.486
-351.538
-351.594
-351.652
-351.714
-351.778
-351.845
-351.914
-351.987
-352.062
-352.141
-352.222
-352.306
-352.392
-352.482
-352.574
-352.669
-352.767
-352.868
-352.971
-353.078
-353.187
-353.299
-353.414
-353.531
-353.652
-353.775
-353.901
-354.029
-354.161
-354.295
-354.432
-354.572
-354.714
-354.86
-355.008
-355.158
-353.91
-353.785
-353.662
-353.542
-353.424
-353.31
-353.198
-353.089
-352.983
-352.88
-352.779
-352.682
-352.587
-352.495
-352.405
-352.319
-352.235
-352.155
-352.077
-352.001
-351.929
-351.86
-351.793
-351.729
-351.668
-351.61
-351.554
-351.502
-351.452
-351.405
-351.361
-351.32
-351.282
-351.247
-351.214
-351.184
-351.157
-351.133
-351.112
-351.094
-351.078
-351.065
-351.055
-351.048
-351.044
-351.043
-351.045
-351.049
-351.056
-351.066
-351.079
-351.095
-351.114
-351.135
-351.159
-351.187
-351.217
-351.25
-351.285
-351.324
-351.365
-351.409
-351.457
-351.506
-351.559
-351.615
-351.673
-351.735
-351.799
-351.866
-351.935
-352.008
-352.083
-352.161
-352.243
-352.326
-352.413
-352.503
-352.595
-352.69
-352.788
-352.889
-352.992
-353.099
-353.208
-353.32
-353.435
-353.552
-353.672
-353.795
-353.921
-354.05
-354.181
-354.316
-354.453
-354.592
-354.735
-354.88
-355.028
-355.179
-355.333
-354.063
-353.934
-353.808
-353.686
-353.566
-353.448
-353.334
-353.222
-353.113
-353.007
-352.904
-352.803
-352.705
-352.611
-352.519
-352.429
-352.343
-352.259
-352.178
-352.1
-352.025
-351.953
-351.883
-351.817
-351.753
-351.692
-351.634
-351.578
-351.526
-351.476
-351.429
-351.385
-351.344
-351.306
-351.27
-351.238
-351.208
-351.181
-351.157
-351.136
-351.117
-351.102
-351.089
-351.079
-351.072
-351.068
-351.067
-351.068
-351.073
-351.08
-351.09
-351.103
-351.119
-351.137
-351.159
-351.183
-351.21
-351.24
-351.273
-351.309
-351.348
-351.389
-351.433
-351.48
-351.53
-351.583
-351.639
-351.697
-351.758
-351.822
-351.889
-351.959
-352.032
-352.107
-352.185
-352.266
-352.35
-352.437
-352.526
-352.619
-352.714
-352.812
-352.912
-353.016
-353.122
-353.232
-353.343
-353.458
-353.576
-353.696
-353.819
-353.945
-354.074
-354.205
-354.339
-354.476
-354.616
-354.759
-354.904
-355.052
-355.203
-355.356
-355.512
-354.22
-354.089
-353.961
-353.835
-353.712
-353.592
-353.475
-353.36
-353.249
-353.14
-353.034
-352.93
-352.83
-352.732
-352.637
-352.545
-352.456
-352.37
-352.286
-352.205
-352.127
-352.052
-351.98
-351.91
-351.843
-351.78
-351.719
-351.66
-351.605
-351.553
-351.503
-351.456
-351.412
-351.371
-351.333
-351.297
-351.265
-351.235
-351.208
-351.184
-351.162
-351.144
-351.129
-351.116
-351.106
-351.099
-351.095
-351.094
-351.095
-351.099
-351.107
-351.117
-351.13
-351.146
-351.164
-351.186
-351.21
-351.237
-351.267
-351.3
-351.336
-351.374
-351.416
-351.46
-351.507
-351.557
-351.61
-351.665
-351.724
-351.785
-351.849
-351.916
-351.986
-352.058
-352.134
-352.212
-352.293
-352.377
-352.463
-352.553
-352.645
-352.74
-352.838
-352.939
-353.042
-353.149
-353.258
-353.37
-353.485
-353.602
-353.722
-353.846
-353.971
-354.1
-354.231
-354.366
-354.503
-354.642
-354.785
-354.93
-355.078
-355.229
-355.382
-355.539
-355.698
-354.384
-354.25
-354.118
-353.99
-353.864
-353.742
-353.622
-353.504
-353.39
-353.278
-353.169
-353.063
-352.96
-352.859
-352.762
-352.667
-352.575
-352.485
-352.399
-352.315
-352.235
-352.157
-352.081
-352.009
-351.94
-351.873
-351.809
-351.748
-351.69
-351.635
-351.582
-351.532
-351.486
-351.442
-351.4
-351.362
-351.327
-351.294
-351.264
-351.237
-351.213
-351.192
-351.174
-351.158
-351.145
-351.136
-351.129
-351.124
-351.123
-351.125
-351.129
-351.136
-351.146
-351.159
-351.175
-351.194
-351.215
-351.24
-351.267
-351.297
-351.33
-351.365
-351.404
-351.445
-351.489
-351.536
-351.586
-351.639
-351.695
-351.753
-351.814
-351.878
-351.945
-352.015
-352.088
-352.163
-352.241
-352.322
-352.406
-352.493
-352.582
-352.675
-352.77
-352.868
-352.968
-353.072
-353.178
-353.287
-353.399
-353.514
-353.631
-353.752
-353.875
-354.001
-354.129
-354.261
-354.395
-354.532
-354.672
-354.814
-354.959
-355.107
-355.258
-355.412
-355.568
-355.727
-355.889
-354.553
-354.416
-354.282
-354.151
-354.022
-353.897
-353.774
-353.654
-353.537
-353.422
-353.31
-353.202
-353.095
-352.992
-352.892
-352.794
-352.699
-352.607
-352.518
-352.431
-352.348
-352.267
-352.189
-352.114
-352.042
-351.972
-351.905
-351.842
-351.78
-351.722
-351.667
-351.615
-351.565
-351.518
-351.474
-351.433
-351.395
-351.359
-351.327
-351.297
-351.27
-351.246
-351.224
-351.206
-351.191
-351.178
-351.168
-351.161
-351.157
-351.156
-351.157
-351.161
-351.169
-351.179
-351.192
-351.207
-351.226
-351.248
-351.272
-351.299
-351.329
-351.362
-351.398
-351.436
-351.478
-351.522
-351.569
-351.619
-351.671
-351.727
-351.785
-351.847
-351.911
-351.978
-352.047
-352.12
-352.195
-352.273
-352.355
-352.438
-352.525
-352.615
-352.707
-352.802
-352.9
-353.001
-353.104
-353.21
-353.319
-353.431
-353.546
-353.664
-353.784
-353.907
-354.033
-354.161
-354.293
-354.427
-354.564
-354.704
-354.846
-354.991
-355.139
-355.29
-355.444
-355.6
-355.759
-355.92
-356.085
-354.727
-354.588
-354.451
-354.317
-354.186
-354.057
-353.932
-353.809
-353.689
-353.572
-353.457
-353.345
-353.237
-353.131
-353.027
-352.927
-352.829
-352.734
-352.642
-352.553
-352.466
-352.383
-352.302
-352.224
-352.149
-352.077
-352.007
-351.941
-351.877
-351.816
-351.758
-351.702
-351.65
-351.6
-351.553
-351.509
-351.468
-351.43
-351.394
-351.362
-351.332
-351.305
-351.281
-351.26
-351.241
-351.226
-351.213
-351.203
-351.196
-351.192
-351.191
-351.192
-351.197
-351.204
-351.214
-351.227
-351.243
-351.261
-351.283
-351.307
-351.334
-351.364
-351.397
-351.433
-351.471
-351.513
-351.557
-351.604
-351.654
-351.707
-351.762
-351.821
-351.882
-351.946
-352.013
-352.082
-352.155
-352.23
-352.309
-352.39
-352.473
-352.56
-352.65
-352.742
-352.837
-352.935
-353.036
-353.139
-353.245
-353.354
-353.466
-353.581
-353.698
-353.819
-353.942
-354.068
-354.196
-354.328
-354.462
-354.599
-354.738
-354.881
-355.026
-355.174
-355.325
-355.478
-355.634
-355.793
-355.955
-356.12
-356.287
-354.907
-354.765
-354.625
-354.489
-354.355
-354.224
-354.095
-353.97
-353.847
-353.727
-353.61
-353.495
-353.383
-353.275
-353.168
-353.065
-352.965
-352.867
-352.772
-352.68
-352.591
-352.505
-352.421
-352.34
-352.262
-352.187
-352.115
-352.045
-351.979
-351.915
-351.854
-351.796
-351.74
-351.688
-351.638
-351.591
-351.547
-351.506
-351.468
-351.432
-351.4
-351.37
-351.343
-351.319
-351.298
-351.279
-351.264
-351.251
-351.241
-351.234
-351.23
-351.229
-351.23
-351.235
-351.242
-351.252
-351.265
-351.281
-351.299
-351.321
-351.345
-351.372
-351.402
-351.435
-351.471
-351.509
-351.551
-351.595
-351.642
-351.692
-351.745
-351.8
-351.859
-351.92
-351.984
-352.051
-352.12
-352.193
-352.268
-352.347
-352.428
-352.511
-352.598
-352.687
-352.78
-352.875
-352.973
-353.073
-353.177
-353.283
-353.392
-353.504
-353.619
-353.736
-353.857
-353.98
-354.105
-354.234
-354.365
-354.499
-354.636
-354.776
-354.919
-355.064
-355.212
-355.362
-355.516
-355.672
-355.831
-355.993
-356.157
-356.324
-356.494
-354.948
-354.806
-354.666
-354.529
-354.396
-354.264
-354.136
-354.01
-353.888
-353.768
-353.65
-353.536
-353.424
-353.315
-353.209
-353.106
-353.006
-352.908
-352.813
-352.721
-352.632
-352.545
-352.462
-352.381
-352.303
-352.228
-352.156
-352.086
-352.02
-351.956
-351.895
-351.837
-351.781
-351.729
-351.679
-351.632
-351.588
-351.547
-351.509
-351.473
-351.441
-351.411
-351.384
-351.36
-351.339
-351.32
-351.305
-351.292
-351.282
-351.275
-351.271
-351.27
-351.271
-351.276
-351.283
-351.293
-351.306
-351.322
-351.34
-351.362
-351.386
-351.413
-351.443
-351.476
-351.512
-351.55
-351.592
-351.636
-351.683
-351.733
-351.786
-351.841
-351.9
-351.961
-352.025
-352.092
-352.161
-352.234
-352.309
-352.387
-352.468
-352.552
-352.639
-352.728
-352.82
-352.915
-353.013
-353.114
-353.218
-353.324
-353.433
-353.545
-353.659
-353.777
-353.897
-354.02
-354.146
-354.275
-354.406
-354.54
-354.677
-354.817
-354.959
-355.104
-355.252
-355.403
-355.556
-355.712
-355.871
-356.033
-356.197
-356.365
-356.534
-355.136
-354.991
-354.849
-354.71
-354.573
-354.439
-354.308
-354.18
-354.054
-353.931
-353.811
-353.694
-353.579
-353.468
-353.359
-353.253
-353.15
-353.049
-352.952
-352.857
-352.765
-352.676
-352.589
-352.506
-352.425
-352.347
-352.272
-352.199
-352.13
-352.063
-352
-351.939
-351.88
-351.825
-351.773
-351.723
-351.676
-351.632
-351.591
-351.553
-351.517
-351.485
-351.455
-351.428
-351.404
-351.383
-351.364
-351.349
-351.336
-351.326
-351.319
-351.315
-351.314
-351.315
-351.32
-351.327
-351.337
-351.35
-351.366
-351.384
-351.406
-351.43
-351.457
-351.487
-351.52
-351.556
-351.594
-351.635
-351.68
-351.727
-351.777
-351.829
-351.885
-351.943
-352.004
-352.068
-352.135
-352.205
-352.277
-352.353
-352.431
-352.512
-352.596
-352.682
-352.772
-352.864
-352.959
-353.057
-353.158
-353.261
-353.367
-353.476
-353.588
-353.703
-353.82
-353.94
-354.064
-354.189
-354.318
-354.449
-354.583
-354.72
-354.86
-355.002
-355.147
-355.295
-355.446
-355.599
-355.756
-355.914
-356.076
-356.24
-356.408
-356.577
-356.75
-355.33
-355.182
-355.038
-354.895
-354.756
-354.619
-354.485
-354.354
-354.226
-354.1
-353.978
-353.858
-353.74
-353.626
-353.514
-353.405
-353.299
-353.196
-353.096
-352.998
-352.903
-352.811
-352.722
-352.636
-352.552
-352.471
-352.393
-352.318
-352.246
-352.177
-352.11
-352.046
-351.985
-351.927
-351.872
-351.819
-351.77
-351.723
-351.679
-351.638
-351.599
-351.564
-351.531
-351.502
-351.475
-351.451
-351.429
-351.411
-351.395
-351.383
-351.373
-351.366
-351.362
-351.36
-351.362
-351.366
-351.373
-351.384
-351.396
-351.412
-351.431
-351.452
-351.477
-351.504
-351.534
-351.567
-351.602
-351.641
-351.682
-351.726
-351.773
-351.823
-351.876
-351.931
-351.99
-352.051
-352.115
-352.182
-352.251
-352.324
-352.399
-352.477
-352.558
-352.642
-352.729
-352.818
-352.91
-353.005
-353.103
-353.204
-353.307
-353.414
-353.523
-353.634
-353.749
-353.867
-353.987
-354.11
-354.235
-354.364
-354.495
-354.629
-354.766
-354.906
-355.048
-355.193
-355.341
-355.492
-355.645
-355.802
-355.96
-356.122
-356.286
-356.454
-356.623
-356.796
-356.971
-355.379
-355.232
-355.087
-354.944
-354.805
-354.668
-354.534
-354.403
-354.275
-354.149
-354.027
-353.907
-353.79
-353.675
-353.564
-353.455
-353.349
-353.245
-353.145
-353.047
-352.953
-352.861
-352.771
-352.685
-352.601
-352.521
-352.443
-352.368
-352.295
-352.226
-352.159
-352.096
-352.035
-351.976
-351.921
-351.869
-351.819
-351.772
-351.728
-351.687
-351.649
-351.613
-351.581
-351.551
-351.524
-351.5
-351.479
-351.46
-351.445
-351.432
-351.422
-351.415
-351.411
-351.41
-351.411
-351.416
-351.423
-351.433
-351.446
-351.462
-351.48
-351.502
-351.526
-351.553
-351.583
-351.616
-351.652
-351.69
-351.731
-351.776
-351.823
-351.872
-351.925
-351.981
-352.039
-352.1
-352.164
-352.231
-352.301
-352.373
-352.449
-352.527
-352.608
-352.691
-352.778
-352.867
-352.96
-353.055
-353.152
-353.253
-353.357
-353.463
-353.572
-353.684
-353.798
-353.916
-354.036
-354.159
-354.285
-354.413
-354.544
-354.678
-354.815
-354.955
-355.097
-355.242
-355.39
-355.541
-355.694
-355.85
-356.009
-356.171
-356.335
-356.502
-356.672
-356.845
-357.02
-355.581
-355.431
-355.283
-355.138
-354.996
-354.857
-354.72
-354.586
-354.455
-354.327
-354.202
-354.079
-353.959
-353.842
-353.727
-353.616
-353.507
-353.401
-353.298
-353.197
-353.1
-353.005
-352.913
-352.824
-352.737
-352.654
-352.573
-352.495
-352.42
-352.348
-352.278
-352.212
-352.148
-352.087
-352.029
-351.973
-351.921
-351.871
-351.825
-351.781
-351.739
-351.701
-351.666
-351.633
-351.603
-351.576
-351.552
-351.531
-351.513
-351.497
-351.484
-351.475
-351.468
-351.463
-351.462
-351.464
-351.468
-351.475
-351.485
-351.498
-351.514
-351.533
-351.554
-351.578
-351.605
-351.635
-351.668
-351.704
-351.742
-351.784
-351.828
-351.875
-351.925
-351.977
-352.033
-352.091
-352.152
-352.216
-352.283
-352.353
-352.425
-352.501
-352.579
-352.66
-352.744
-352.83
-352.919
-353.012
-353.107
-353.204
-353.305
-353.409
-353.515
-353.624
-353.736
-353.85
-353.967
-354.088
-354.211
-354.336
-354.465
-354.596
-354.73
-354.867
-355.007
-355.149
-355.294
-355.442
-355.592
-355.746
-355.902
-356.061
-356.222
-356.387
-356.554
-356.723
-356.896
-357.071
-357.249
-355.789
-355.636
-355.486
-355.338
-355.193
-355.051
-354.912
-354.775
-354.641
-354.51
-354.382
-354.256
-354.134
-354.014
-353.896
-353.782
-353.671
-353.562
-353.456
-353.353
-353.252
-353.155
-353.06
-352.968
-352.879
-352.792
-352.709
-352.628
-352.55
-352.475
-352.403
-352.333
-352.267
-352.203
-352.142
-352.084
-352.029
-351.976
-351.926
-351.88
-351.836
-351.795
-351.756
-351.721
-351.688
-351.659
-351.632
-351.608
-351.586
-351.568
-351.552
-351.54
-351.53
-351.523
-351.519
-351.517
-351.519
-351.523
-351.53
-351.541
-351.553
-351.569
-351.588
-351.609
-351.633
-351.661
-351.691
-351.723
-351.759
-351.798
-351.839
-351.883
-351.93
-351.98
-352.033
-352.088
-352.146
-352.208
-352.272
-352.338
-352.408
-352.48
-352.556
-352.634
-352.715
-352.798
-352.885
-352.974
-353.067
-353.162
-353.259
-353.36
-353.463
-353.57
-353.679
-353.79
-353.905
-354.022
-354.142
-354.265
-354.391
-354.52
-354.651
-354.785
-354.922
-355.061
-355.203
-355.349
-355.496
-355.647
-355.8
-355.956
-356.115
-356.277
-356.441
-356.608
-356.778
-356.95
-357.125
-357.303
-357.484
-355.847
-355.694
-355.543
-355.396
-355.251
-355.109
-354.969
-354.833
-354.699
-354.568
-354.439
-354.314
-354.191
-354.071
-353.954
-353.84
-353.728
-353.619
-353.514
-353.41
-353.31
-353.212
-353.118
-353.026
-352.936
-352.85
-352.767
-352.686
-352.608
-352.533
-352.461
-352.391
-352.325
-352.261
-352.2
-352.142
-352.087
-352.034
-351.984
-351.938
-351.894
-351.853
-351.814
-351.779
-351.746
-351.717
-351.69
-351.666
-351.644
-351.626
-351.61
-351.598
-351.588
-351.581
-351.577
-351.575
-351.577
-351.581
-351.588
-351.599
-351.611
-351.627
-351.646
-351.667
-351.691
-351.719
-351.749
-351.781
-351.817
-351.855
-351.897
-351.941
-351.988
-352.038
-352.09
-352.146
-352.204
-352.265
-352.329
-352.396
-352.466
-352.538
-352.613
-352.692
-352.773
-352.856
-352.943
-353.032
-353.124
-353.219
-353.317
-353.418
-353.521
-353.627
-353.736
-353.848
-353.962
-354.08
-354.2
-354.323
-354.449
-354.577
-354.708
-354.842
-354.979
-355.119
-355.261
-355.406
-355.554
-355.704
-355.858
-356.014
-356.172
-356.334
-356.498
-356.665
-356.835
-357.007
-357.182
-357.36
-357.541
-356.063
-355.907
-355.754
-355.603
-355.456
-355.311
-355.169
-355.03
-354.893
-354.759
-354.628
-354.5
-354.374
-354.252
-354.132
-354.015
-353.9
-353.789
-353.68
-353.574
-353.471
-353.371
-353.273
-353.178
-353.086
-352.997
-352.911
-352.827
-352.747
-352.669
-352.594
-352.521
-352.452
-352.385
-352.322
-352.261
-352.203
-352.147
-352.095
-352.045
-351.998
-351.955
-351.913
-351.875
-351.84
-351.807
-351.777
-351.75
-351.726
-351.705
-351.687
-351.671
-351.659
-351.649
-351.642
-351.638
-351.636
-351.638
-351.642
-351.649
-351.659
-351.672
-351.688
-351.707
-351.728
-351.752
-351.779
-351.809
-351.842
-351.878
-351.916
-351.958
-352.002
-352.049
-352.099
-352.151
-352.207
-352.265
-352.326
-352.39
-352.457
-352.526
-352.599
-352.674
-352.752
-352.833
-352.917
-353.003
-353.093
-353.185
-353.28
-353.378
-353.478
-353.581
-353.688
-353.797
-353.908
-354.023
-354.14
-354.26
-354.383
-354.509
-354.637
-354.768
-354.902
-355.039
-355.179
-355.321
-355.466
-355.614
-355.764
-355.918
-356.074
-356.232
-356.394
-356.558
-356.725
-356.895
-357.067
-357.242
-357.42
-357.601
-357.784
-356.126
-355.97
-355.817
-355.667
-355.519
-355.374
-355.232
-355.093
-354.956
-354.822
-354.691
-354.563
-354.438
-354.315
-354.195
-354.078
-353.964
-353.852
-353.743
-353.638
-353.534
-353.434
-353.336
-353.242
-353.15
-353.061
-352.974
-352.891
-352.81
-352.732
-352.657
-352.585
-352.516
-352.449
-352.385
-352.324
-352.266
-352.211
-352.159
-352.109
-352.062
-352.018
-351.977
-351.939
-351.903
-351.871
-351.841
-351.814
-351.79
-351.769
-351.75
-351.735
-351.722
-351.712
-351.705
-351.701
-351.7
-351.701
-351.706
-351.713
-351.723
-351.736
-351.752
-351.77
-351.792
-351.816
-351.843
-351.873
-351.906
-351.941
-351.98
-352.021
-352.065
-352.112
-352.162
-352.215
-352.27
-352.328
-352.39
-352.454
-352.52
-352.59
-352.662
-352.738
-352.816
-352.897
-352.98
-353.067
-353.156
-353.248
-353.343
-353.441
-353.541
-353.645
-353.751
-353.86
-353.972
-354.086
-354.203
-354.323
-354.446
-354.572
-354.7
-354.832
-354.965
-355.102
-355.242
-355.384
-355.529
-355.677
-355.827
-355.98
-356.136
-356.295
-356.457
-356.621
-356.788
-356.957
-357.13
-357.305
-357.483
-357.663
-357.846
-356.35
-356.191
-356.036
-355.883
-355.732
-355.585
-355.44
-355.298
-355.159
-355.022
-354.888
-354.757
-354.629
-354.504
-354.381
-354.261
-354.144
-354.03
-353.918
-353.81
-353.704
-353.601
-353.5
-353.403
-353.308
-353.216
-353.127
-353.041
-352.957
-352.877
-352.799
-352.724
-352.651
-352.582
-352.515
-352.452
-352.391
-352.333
-352.277
-352.225
-352.175
-352.129
-352.085
-352.044
-352.005
-351.97
-351.937
-351.908
-351.881
-351.857
-351.835
-351.817
-351.802
-351.789
-351.779
-351.772
-351.768
-351.766
-351.768
-351.772
-351.78
-351.79
-351.802
-351.818
-351.837
-351.858
-351.882
-351.91
-351.94
-351.972
-352.008
-352.046
-352.088
-352.132
-352.179
-352.228
-352.281
-352.337
-352.395
-352.456
-352.52
-352.587
-352.656
-352.729
-352.804
-352.882
-352.963
-353.047
-353.133
-353.222
-353.314
-353.409
-353.507
-353.608
-353.711
-353.817
-353.926
-354.038
-354.152
-354.269
-354.389
-354.512
-354.638
-354.766
-354.897
-355.031
-355.168
-355.307
-355.45
-355.595
-355.742
-355.893
-356.046
-356.202
-356.361
-356.522
-356.686
-356.853
-357.023
-357.195
-357.37
-357.548
-357.728
-357.912
-358.097
-356.419
-356.26
-356.104
-355.951
-355.801
-355.654
-355.509
-355.367
-355.227
-355.091
-354.957
-354.826
-354.698
-354.573
-354.45
-354.33
-354.213
-354.099
-353.987
-353.879
-353.773
-353.67
-353.569
-353.472
-353.377
-353.285
-353.196
-353.11
-353.026
-352.946
-352.868
-352.793
-352.721
-352.651
-352.585
-352.521
-352.46
-352.402
-352.347
-352.294
-352.245
-352.198
-352.154
-352.113
-352.075
-352.039
-352.007
-351.977
-351.95
-351.926
-351.905
-351.886
-351.871
-351.858
-351.848
-351.841
-351.837
-351.836
-351.837
-351.842
-351.849
-351.859
-351.872
-351.888
-351.906
-351.928
-351.952
-351.979
-352.009
-352.042
-352.077
-352.116
-352.157
-352.201
-352.248
-352.298
-352.35
-352.406
-352.464
-352.525
-352.589
-352.656
-352.725
-352.798
-352.873
-352.951
-353.032
-353.116
-353.202
-353.291
-353.383
-353.478
-353.576
-353.676
-353.78
-353.886
-353.995
-354.106
-354.221
-354.338
-354.458
-354.581
-354.707
-354.835
-354.966
-355.1
-355.237
-355.376
-355.518
-355.663
-355.811
-355.961
-356.115
-356.27
-356.429
-356.59
-356.755
-356.921
-357.091
-357.263
-357.438
-357.616
-357.797
-357.98
-358.165
-356.651
-356.49
-356.331
-356.176
-356.023
-355.873
-355.725
-355.58
-355.438
-355.299
-355.163
-355.029
-354.898
-354.77
-354.644
-354.522
-354.402
-354.285
-354.171
-354.059
-353.951
-353.845
-353.742
-353.641
-353.544
-353.449
-353.357
-353.268
-353.182
-353.098
-353.018
-352.94
-352.865
-352.793
-352.723
-352.657
-352.593
-352.532
-352.474
-352.419
-352.366
-352.317
-352.27
-352.226
-352.185
-352.147
-352.111
-352.079
-352.049
-352.022
-351.998
-351.977
-351.959
-351.943
-351.93
-351.921
-351.914
-351.909
-351.908
-351.91
-351.914
-351.921
-351.931
-351.944
-351.96
-351.978
-352
-352.024
-352.051
-352.081
-352.114
-352.149
-352.188
-352.229
-352.273
-352.32
-352.37
-352.422
-352.478
-352.536
-352.597
-352.661
-352.728
-352.797
-352.87
-352.945
-353.023
-353.104
-353.187
-353.274
-353.363
-353.455
-353.55
-353.648
-353.748
-353.852
-353.958
-354.066
-354.178
-354.293
-354.41
-354.53
-354.653
-354.778
-354.906
-355.038
-355.171
-355.308
-355.447
-355.59
-355.735
-355.882
-356.033
-356.186
-356.342
-356.5
-356.662
-356.826
-356.993
-357.162
-357.334
-357.509
-357.687
-357.867
-358.051
-358.236
-358.425
-356.725
-356.564
-356.406
-356.25
-356.097
-355.947
-355.799
-355.655
-355.513
-355.374
-355.237
-355.103
-354.973
-354.844
-354.719
-354.596
-354.477
-354.36
-354.245
-354.134
-354.025
-353.919
-353.816
-353.716
-353.619
-353.524
-353.432
-353.343
-353.257
-353.173
-353.093
-353.015
-352.94
-352.868
-352.798
-352.732
-352.668
-352.607
-352.549
-352.494
-352.441
-352.392
-352.345
-352.301
-352.26
-352.222
-352.186
-352.154
-352.124
-352.097
-352.073
-352.052
-352.034
-352.018
-352.005
-351.996
-351.989
-351.984
-351.983
-351.985
-351.989
-351.996
-352.006
-352.019
-352.035
-352.053
-352.075
-352.099
-352.126
-352.156
-352.189
-352.224
-352.263
-352.304
-352.348
-352.395
-352.445
-352.497
-352.553
-352.611
-352.672
-352.736
-352.803
-352.872
-352.945
-353.02
-353.098
-353.178
-353.262
-353.349
-353.438
-353.53
-353.625
-353.722
-353.823
-353.926
-354.032
-354.141
-354.253
-354.367
-354.484
-354.604
-354.727
-354.853
-354.981
-355.112
-355.246
-355.382
-355.522
-355.664
-355.809
-355.956
-356.107
-356.26
-356.416
-356.574
-356.736
-356.9
-357.066
-357.236
-357.408
-357.583
-357.761
-357.941
-358.124
-358.31
-358.498
-356.966
-356.802
-356.641
-356.483
-356.327
-356.174
-356.024
-355.876
-355.732
-355.59
-355.451
-355.314
-355.181
-355.05
-354.922
-354.796
-354.674
-354.554
-354.437
-354.323
-354.211
-354.103
-353.997
-353.894
-353.794
-353.696
-353.601
-353.51
-353.421
-353.334
-353.251
-353.17
-353.092
-353.017
-352.945
-352.876
-352.809
-352.746
-352.685
-352.627
-352.572
-352.519
-352.47
-352.423
-352.379
-352.338
-352.3
-352.264
-352.232
-352.202
-352.175
-352.151
-352.13
-352.111
-352.096
-352.083
-352.073
-352.066
-352.062
-352.061
-352.062
-352.067
-352.074
-352.084
-352.097
-352.113
-352.131
-352.152
-352.177
-352.204
-352.234
-352.266
-352.302
-352.34
-352.382
-352.426
-352.473
-352.522
-352.575
-352.63
-352.689
-352.75
-352.814
-352.88
-352.95
-353.022
-353.097
-353.175
-353.256
-353.34
-353.426
-353.515
-353.607
-353.702
-353.8
-353.9
-354.003
-354.109
-354.218
-354.33
-354.444
-354.561
-354.681
-354.804
-354.93
-355.058
-355.189
-355.323
-355.459
-355.599
-355.741
-355.886
-356.033
-356.184
-356.337
-356.492
-356.651
-356.812
-356.976
-357.143
-357.313
-357.485
-357.66
-357.837
-358.018
-358.201
-358.386
-358.575
-358.766
-357.046
-356.882
-356.721
-356.562
-356.407
-356.254
-356.104
-355.956
-355.812
-355.67
-355.531
-355.394
-355.261
-355.13
-355.002
-354.876
-354.754
-354.634
-354.517
-354.403
-354.292
-354.183
-354.077
-353.974
-353.874
-353.776
-353.682
-353.59
-353.501
-353.415
-353.331
-353.251
-353.173
-353.098
-353.026
-352.956
-352.89
-352.826
-352.765
-352.707
-352.652
-352.6
-352.55
-352.504
-352.46
-352.419
-352.38
-352.345
-352.312
-352.283
-352.256
-352.232
-352.211
-352.192
-352.177
-352.164
-352.154
-352.147
-352.143
-352.142
-352.143
-352.147
-352.155
-352.165
-352.178
-352.193
-352.212
-352.233
-352.257
-352.284
-352.314
-352.347
-352.383
-352.421
-352.462
-352.506
-352.553
-352.603
-352.656
-352.711
-352.769
-352.83
-352.894
-352.961
-353.03
-353.103
-353.178
-353.256
-353.336
-353.42
-353.506
-353.596
-353.688
-353.782
-353.88
-353.98
-354.084
-354.19
-354.298
-354.41
-354.524
-354.642
-354.761
-354.884
-355.01
-355.138
-355.269
-355.403
-355.539
-355.678
-355.821
-355.965
-356.113
-356.263
-356.416
-356.572
-356.731
-356.892
-357.056
-357.223
-357.392
-357.564
-357.739
-357.917
-358.097
-358.28
-358.465
-358.654
-358.845
-357.295
-357.128
-356.964
-356.803
-356.645
-356.489
-356.337
-356.186
-356.039
-355.894
-355.753
-355.614
-355.477
-355.344
-355.213
-355.085
-354.959
-354.837
-354.717
-354.6
-354.486
-354.375
-354.266
-354.16
-354.057
-353.957
-353.86
-353.765
-353.673
-353.584
-353.498
-353.415
-353.334
-353.256
-353.181
-353.109
-353.04
-352.973
-352.91
-352.849
-352.791
-352.736
-352.683
-352.634
-352.587
-352.543
-352.502
-352.464
-352.428
-352.396
-352.366
-352.339
-352.315
-352.294
-352.276
-352.26
-352.247
-352.238
-352.231
-352.226
-352.225
-352.227
-352.231
-352.238
-352.248
-352.261
-352.277
-352.295
-352.317
-352.341
-352.368
-352.398
-352.431
-352.466
-352.504
-352.546
-352.59
-352.637
-352.686
-352.739
-352.794
-352.853
-352.914
-352.977
-353.044
-353.114
-353.186
-353.261
-353.339
-353.42
-353.503
-353.59
-353.679
-353.771
-353.866
-353.963
-354.063
-354.167
-354.273
-354.381
-354.493
-354.607
-354.724
-354.844
-354.967
-355.092
-355.221
-355.352
-355.485
-355.622
-355.761
-355.903
-356.048
-356.195
-356.346
-356.499
-356.654
-356.813
-356.974
-357.138
-357.305
-357.474
-357.646
-357.821
-357.999
-358.179
-358.362
-358.547
-358.736
-358.927
-359.12
-357.38
-357.214
-357.05
-356.889
-356.73
-356.575
-356.422
-356.272
-356.125
-355.98
-355.838
-355.699
-355.563
-355.429
-355.298
-355.17
-355.045
-354.923
-354.803
-354.686
-354.572
-354.461
-354.352
-354.246
-354.143
-354.043
-353.946
-353.851
-353.759
-353.67
-353.584
-353.501
-353.42
-353.342
-353.267
-353.195
-353.126
-353.06
-352.996
-352.935
-352.877
-352.822
-352.77
-352.72
-352.673
-352.629
-352.588
-352.55
-352.515
-352.482
-352.453
-352.426
-352.402
-352.38
-352.362
-352.346
-352.334
-352.324
-352.317
-352.313
-352.311
-352.313
-352.317
-352.324
-352.334
-352.347
-352.363
-352.382
-352.403
-352.427
-352.454
-352.484
-352.517
-352.552
-352.591
-352.632
-352.676
-352.723
-352.773
-352.825
-352.88
-352.939
-353
-353.063
-353.13
-353.2
-353.272
-353.347
-353.425
-353.506
-353.589
-353.676
-353.765
-353.857
-353.951
-354.049
-354.149
-354.252
-354.358
-354.467
-354.579
-354.693
-354.81
-354.93
-355.053
-355.178
-355.306
-355.437
-355.571
-355.707
-355.846
-355.988
-356.133
-356.281
-356.431
-356.584
-356.74
-356.898
-357.059
-357.223
-357.39
-357.559
-357.731
-357.906
-358.083
-358.264
-358.447
-358.632
-358.82
-359.011
-359.205
-357.637
-357.468
-357.302
-357.138
-356.977
-356.819
-356.663
-356.51
-356.36
-356.213
-356.068
-355.927
-355.787
-355.651
-355.518
-355.387
-355.259
-355.134
-355.011
-354.892
-354.775
-354.661
-354.549
-354.441
-354.335
-354.232
-354.132
-354.034
-353.94
-353.848
-353.759
-353.673
-353.59
-353.509
-353.431
-353.356
-353.284
-353.215
-353.149
-353.085
-353.024
-352.966
-352.911
-352.859
-352.809
-352.762
-352.719
-352.677
-352.639
-352.604
-352.571
-352.542
-352.515
-352.491
-352.47
-352.451
-352.436
-352.423
-352.413
-352.406
-352.402
[...]
-368.626
-368.502
-368.381
-368.263
-368.148
-368.035
-367.925
-367.817
-367.713
-367.611
-367.511
-367.415
-367.321
-367.229
-367.141
-367.055
-366.972
-366.891
-366.814
-366.739
-366.666
-366.597
-366.53
-366.466
-366.404
-366.345
-366.289
-366.236
-366.186
-366.138
-366.093
-366.05
-366.011
-365.974
-365.94
-365.908
-365.879
-365.853
-365.83
-365.81
-365.792
-365.777
-365.764
-365.755
-365.748
-365.744
-365.742
-365.744
-365.748
-365.755
-365.764
-365.776
-365.791
-365.809
-365.83
-365.853
-365.879
-365.908
-365.939
-365.973
-366.01
-366.05
-366.092
-366.137
-366.185
-366.235
-366.288
-366.344
-366.403
-366.464
-366.529
-366.595
-366.665
-366.737
-366.812
-366.89
-366.97
-367.053
-367.139
-367.228
-367.319
-367.413
-367.509
-367.609
-367.71
-367.815
-367.923
-368.033
-368.145
-368.261
-368.379
-368.5
-368.623
-368.749
-368.878
-369.009
-369.144
-369.28
-369.42
-369.562
-369.707
-369.854
-370.004
-370.157
-370.312
-370.47
-370.63
-369.293
-369.161
-369.032
-368.906
-368.783
-368.662
-368.544
-368.429
-368.316
-368.206
-368.099
-367.994
-367.892
-367.793
-367.696
-367.602
-367.511
-367.423
-367.337
-367.254
-367.173
-367.096
-367.021
-366.949
-366.879
-366.812
-366.748
-366.687
-366.628
-366.572
-366.519
-366.468
-366.421
-366.375
-366.333
-366.293
-366.257
-366.222
-366.191
-366.162
-366.136
-366.113
-366.092
-366.075
-366.06
-366.047
-366.038
-366.031
-366.027
-366.025
-366.027
-366.031
-366.038
-366.047
-366.059
-366.074
-366.092
-366.113
-366.136
-366.162
-366.19
-366.222
-366.256
-366.293
-366.332
-366.375
-366.419
-366.467
-366.518
-366.571
-366.627
-366.685
-366.747
-366.811
-366.878
-366.947
-367.019
-367.094
-367.172
-367.252
-367.335
-367.421
-367.509
-367.6
-367.694
-367.791
-367.89
-367.992
-368.096
-368.204
-368.314
-368.426
-368.542
-368.66
-368.78
-368.904
-369.03
-369.158
-369.29
-369.424
-369.56
-369.7
-369.842
-369.986
-370.134
-370.284
-370.436
-370.591
-370.749
-369.576
-369.444
-369.316
-369.19
-369.066
-368.946
-368.828
-368.712
-368.6
-368.49
-368.383
-368.278
-368.176
-368.077
-367.98
-367.887
-367.796
-367.707
-367.621
-367.538
-367.458
-367.38
-367.306
-367.233
-367.164
-367.097
-367.033
-366.972
-366.913
-366.857
-366.804
-366.753
-366.706
-366.661
-366.618
-366.579
-366.542
-366.508
-366.476
-366.448
-366.422
-366.398
-366.378
-366.36
-366.345
-366.333
-366.323
-366.316
-366.312
-366.311
-366.312
-366.316
-366.323
-366.333
-366.345
-366.36
-366.378
-366.398
-366.421
-366.447
-366.476
-366.507
-366.541
-366.578
-366.617
-366.66
-366.705
-366.752
-366.803
-366.856
-366.912
-366.97
-367.032
-367.096
-367.162
-367.232
-367.304
-367.379
-367.456
-367.537
-367.62
-367.705
-367.794
-367.885
-367.978
-368.075
-368.174
-368.276
-368.38
-368.487
-368.597
-368.71
-368.825
-368.943
-369.064
-369.187
-369.313
-369.441
-369.573
-369.707
-369.843
-369.982
-370.124
-370.269
-370.416
-370.566
-370.718
-370.873
-371.031
-369.73
-369.601
-369.475
-369.352
-369.232
-369.114
-368.999
-368.886
-368.776
-368.669
-368.565
-368.463
-368.364
-368.267
-368.173
-368.082
-367.994
-367.908
-367.825
-367.745
-367.668
-367.593
-367.521
-367.451
-367.384
-367.32
-367.259
-367.201
-367.145
-367.092
-367.041
-366.993
-366.948
-366.906
-366.867
-366.83
-366.796
-366.764
-366.736
-366.71
-366.686
-366.666
-366.648
-366.633
-366.621
-366.611
-366.604
-366.6
-366.599
-366.6
-366.604
-366.611
-366.621
-366.633
-366.648
-366.665
-366.686
-366.709
-366.735
-366.763
-366.795
-366.829
-366.866
-366.905
-366.947
-366.992
-367.04
-367.09
-367.143
-367.199
-367.258
-367.319
-367.383
-367.45
-367.519
-367.591
-367.666
-367.743
-367.824
-367.906
-367.992
-368.08
-368.171
-368.265
-368.361
-368.46
-368.562
-368.667
-368.774
-368.884
-368.996
-369.111
-369.229
-369.349
-369.473
-369.598
-369.727
-369.858
-369.992
-370.128
-370.267
-370.409
-370.554
-370.701
-370.85
-371.003
-371.158
-369.89
-369.764
-369.641
-369.52
-369.402
-369.287
-369.175
-369.065
-368.958
-368.854
-368.752
-368.653
-368.556
-368.463
-368.372
-368.283
-368.198
-368.115
-368.035
-367.957
-367.882
-367.81
-367.741
-367.674
-367.61
-367.549
-367.491
-367.435
-367.382
-367.331
-367.284
-367.239
-367.196
-367.157
-367.12
-367.086
-367.055
-367.026
-367
-366.977
-366.956
-366.939
-366.924
-366.911
-366.902
-366.895
-366.891
-366.889
-366.891
-366.895
-366.901
-366.911
-366.923
-366.938
-366.956
-366.976
-366.999
-367.025
-367.054
-367.085
-367.119
-367.156
-367.195
-367.238
-367.282
-367.33
-367.38
-367.433
-367.489
-367.548
-367.609
-367.673
-367.739
-367.809
-367.881
-367.955
-368.033
-368.113
-368.196
-368.281
-368.37
-368.461
-368.554
-368.65
-368.749
-368.851
-368.955
-369.062
-369.172
-369.285
-369.4
-369.517
-369.638
-369.761
-369.887
-370.015
-370.146
-370.28
-370.416
-370.555
-370.697
-370.841
-370.988
-371.137
-371.29
-370.055
-369.931
-369.811
-369.693
-369.578
-369.466
-369.356
-369.249
-369.145
-369.043
-368.944
-368.848
-368.755
-368.664
-368.575
-368.49
-368.407
-368.327
-368.249
-368.175
-368.103
-368.033
-367.967
-367.903
-367.842
-367.783
-367.727
-367.674
-367.624
-367.576
-367.531
-367.489
-367.45
-367.413
-367.379
-367.347
-367.319
-367.293
-367.27
-367.249
-367.232
-367.216
-367.204
-367.195
-367.188
-367.184
-367.182
-367.184
-367.188
-367.194
-367.204
-367.216
-367.231
-367.249
-367.269
-367.292
-367.318
-367.347
-367.378
-367.412
-367.449
-367.488
-367.53
-367.575
-367.623
-367.673
-367.726
-367.782
-367.84
-367.901
-367.965
-368.032
-368.101
-368.173
-368.248
-368.325
-368.405
-368.488
-368.573
-368.661
-368.752
-368.846
-368.942
-369.041
-369.142
-369.247
-369.354
-369.463
-369.576
-369.691
-369.808
-369.928
-370.051
-370.177
-370.305
-370.436
-370.57
-370.706
-370.845
-370.987
-371.131
-371.277
-371.427
-370.225
-370.105
-369.987
-369.872
-369.76
-369.65
-369.543
-369.439
-369.337
-369.238
-369.142
-369.049
-368.958
-368.87
-368.784
-368.702
-368.622
-368.544
-368.469
-368.397
-368.328
-368.262
-368.198
-368.137
-368.078
-368.022
-367.969
-367.919
-367.871
-367.827
-367.784
-367.745
-367.708
-367.674
-367.643
-367.614
-367.588
-367.565
-367.545
-367.527
-367.512
-367.5
-367.49
-367.483
-367.479
-367.478
-367.479
-367.483
-367.49
-367.499
-367.512
-367.527
-367.544
-367.565
-367.588
-367.613
-367.642
-367.673
-367.707
-367.744
-367.783
-367.825
-367.87
-367.918
-367.968
-368.021
-368.077
-368.135
-368.196
-368.26
-368.326
-368.396
-368.468
-368.542
-368.619
-368.699
-368.782
-368.867
-368.956
-369.046
-369.14
-369.236
-369.335
-369.436
-369.54
-369.647
-369.757
-369.869
-369.984
-370.101
-370.222
-370.345
-370.47
-370.598
-370.729
-370.863
-370.999
-371.137
-371.279
-371.423
-371.57
-370.4
-370.283
-370.168
-370.056
-369.946
-369.84
-369.735
-369.634
-369.535
-369.439
-369.345
-369.255
-369.167
-369.081
-368.999
-368.919
-368.841
-368.767
-368.695
-368.626
-368.559
-368.495
-368.434
-368.376
-368.32
-368.267
-368.217
-368.169
-368.124
-368.082
-368.043
-368.006
-367.972
-367.941
-367.912
-367.886
-367.863
-367.843
-367.825
-367.81
-367.798
-367.788
-367.781
-367.777
-367.776
-367.777
-367.781
-367.788
-367.797
-367.81
-367.824
-367.842
-367.862
-367.885
-367.911
-367.94
-367.971
-368.005
-368.042
-368.081
-368.123
-368.168
-368.215
-368.266
-368.318
-368.374
-368.432
-368.493
-368.557
-368.624
-368.693
-368.765
-368.839
-368.916
-368.996
-369.079
-369.164
-369.252
-369.343
-369.436
-369.532
-369.631
-369.733
-369.837
-369.943
-370.053
-370.165
-370.28
-370.397
-370.517
-370.64
-370.766
-370.894
-371.024
-371.158
-371.294
-371.432
-371.574
-371.718
-370.581
-370.467
-370.355
-370.245
-370.138
-370.034
-369.933
-369.834
-369.738
-369.645
-369.554
-369.466
-369.381
-369.298
-369.218
-369.141
-369.066
-368.994
-368.925
-368.859
-368.795
-368.734
-368.676
-368.62
-368.567
-368.517
-368.469
-368.424
-368.382
-368.343
-368.306
-368.272
-368.241
-368.212
-368.187
-368.163
-368.143
-368.125
-368.11
-368.098
-368.088
-368.082
-368.078
-368.076
-368.077
-368.082
-368.088
-368.098
-368.11
-368.125
-368.142
-368.163
-368.186
-368.212
-368.24
-368.271
-368.305
-368.342
-368.381
-368.423
-368.468
-368.515
-368.566
-368.618
-368.674
-368.732
-368.793
-368.857
-368.923
-368.992
-369.064
-369.139
-369.216
-369.296
-369.378
-369.464
-369.551
-369.642
-369.735
-369.831
-369.93
-370.031
-370.135
-370.242
-370.351
-370.463
-370.578
-370.695
-370.816
-370.938
-371.063
-371.191
-371.322
-371.455
-371.591
-371.73
-371.871
-370.768
-370.656
-370.546
-370.44
-370.336
-370.234
-370.136
-370.04
-369.946
-369.856
-369.768
-369.683
-369.6
-369.52
-369.443
-369.368
-369.297
-369.228
-369.161
-369.097
-369.036
-368.978
-368.922
-368.87
-368.819
-368.772
-368.727
-368.685
-368.646
-368.609
-368.575
-368.544
-368.515
-368.489
-368.466
-368.446
-368.428
-368.413
-368.401
-368.391
-368.385
-368.38
-368.379
-368.38
-368.384
-368.391
-368.401
-368.413
-368.428
-368.445
-368.466
-368.489
-368.514
-368.543
-368.574
-368.608
-368.644
-368.684
-368.726
-368.771
-368.818
-368.868
-368.921
-368.976
-369.035
-369.096
-369.159
-369.226
-369.295
-369.366
-369.441
-369.518
-369.598
-369.68
-369.765
-369.853
-369.944
-370.037
-370.133
-370.231
-370.333
-370.437
-370.543
-370.652
-370.764
-370.879
-370.996
-371.116
-371.239
-371.364
-371.492
-371.622
-371.755
-371.891
-372.03
-370.959
-370.85
-370.743
-370.639
-370.538
-370.44
-370.344
-370.25
-370.16
-370.072
-369.987
-369.904
-369.825
-369.747
-369.673
-369.601
-369.532
-369.466
-369.402
-369.341
-369.283
-369.227
-369.174
-369.124
-369.077
-369.032
-368.99
-368.951
-368.914
-368.88
-368.849
-368.82
-368.795
-368.772
-368.751
-368.733
-368.719
-368.706
-368.697
-368.69
-368.686
-368.684
-368.686
-368.69
-368.697
-368.706
-368.718
-368.733
-368.751
-368.771
-368.794
-368.82
-368.848
-368.879
-368.913
-368.95
-368.989
-369.031
-369.076
-369.123
-369.173
-369.226
-369.281
-369.339
-369.4
-369.464
-369.53
-369.599
-369.671
-369.745
-369.822
-369.902
-369.984
-370.069
-370.157
-370.248
-370.341
-370.437
-370.535
-370.636
-370.74
-370.847
-370.956
-371.068
-371.182
-371.299
-371.419
-371.542
-371.667
-371.795
-371.925
-372.058
-372.194
-371.156
-371.05
-370.946
-370.845
-370.746
-370.65
-370.557
-370.467
-370.379
-370.294
-370.211
-370.132
-370.054
-369.98
-369.908
-369.839
-369.773
-369.71
-369.649
-369.59
-369.535
-369.482
-369.432
-369.384
-369.34
-369.298
-369.258
-369.222
-369.188
-369.157
-369.128
-369.102
-369.079
-369.059
-369.041
-369.026
-369.014
-369.005
-368.998
-368.994
-368.992
-368.994
-368.998
-369.004
-369.014
-369.026
-369.041
-369.058
-369.079
-369.102
-369.127
-369.156
-369.187
-369.221
-369.257
-369.296
-369.338
-369.383
-369.43
-369.48
-369.533
-369.589
-369.647
-369.708
-369.771
-369.837
-369.906
-369.978
-370.052
-370.129
-370.209
-370.291
-370.376
-370.464
-370.554
-370.647
-370.743
-370.841
-370.943
-371.046
-371.153
-371.262
-371.374
-371.488
-371.605
-371.725
-371.847
-371.972
-372.1
-372.23
-372.363
-371.358
-371.254
-371.153
-371.055
-370.959
-370.866
-370.776
-370.688
-370.603
-370.521
-370.441
-370.364
-370.29
-370.218
-370.149
-370.083
-370.019
-369.958
-369.9
-369.845
-369.792
-369.742
-369.694
-369.65
-369.608
-369.568
-369.532
-369.498
-369.467
-369.438
-369.413
-369.39
-369.369
-369.352
-369.337
-369.324
-369.315
-369.308
-369.304
-369.303
-369.304
-369.308
-369.315
-369.324
-369.336
-369.351
-369.369
-369.389
-369.412
-369.438
-369.466
-369.497
-369.531
-369.567
-369.606
-369.648
-369.693
-369.74
-369.79
-369.843
-369.898
-369.956
-370.017
-370.081
-370.147
-370.216
-370.287
-370.361
-370.438
-370.518
-370.6
-370.685
-370.773
-370.863
-370.956
-371.052
-371.15
-371.251
-371.355
-371.461
-371.57
-371.682
-371.796
-371.913
-372.033
-372.155
-372.28
-372.407
-372.538
-371.465
-371.366
-371.271
-371.178
-371.087
-371
-370.915
-370.832
-370.753
-370.676
-370.602
-370.53
-370.461
-370.395
-370.331
-370.271
-370.212
-370.157
-370.104
-370.054
-370.007
-369.962
-369.92
-369.881
-369.844
-369.811
-369.779
-369.751
-369.725
-369.702
-369.682
-369.664
-369.649
-369.637
-369.628
-369.621
-369.617
-369.615
-369.617
-369.621
-369.627
-369.637
-369.649
-369.664
-369.681
-369.702
-369.724
-369.75
-369.779
-369.81
-369.843
-369.88
-369.919
-369.961
-370.005
-370.053
-370.103
-370.155
-370.211
-370.269
-370.329
-370.393
-370.459
-370.528
-370.599
-370.673
-370.75
-370.83
-370.912
-370.997
-371.084
-371.175
-371.267
-371.363
-371.461
-371.562
-371.666
-371.772
-371.881
-371.992
-372.107
-372.224
-372.343
-372.465
-372.59
-371.68
-371.584
-371.491
-371.401
-371.314
-371.229
-371.146
-371.067
-370.99
-370.916
-370.844
-370.776
-370.709
-370.646
-370.585
-370.527
-370.472
-370.419
-370.369
-370.322
-370.277
-370.235
-370.196
-370.159
-370.126
-370.094
-370.066
-370.04
-370.017
-369.997
-369.979
-369.965
-369.952
-369.943
-369.936
-369.932
-369.93
-369.932
-369.936
-369.943
-369.952
-369.964
-369.979
-369.996
-370.017
-370.04
-370.065
-370.094
-370.125
-370.158
-370.195
-370.234
-370.276
-370.32
-370.367
-370.417
-370.47
-370.525
-370.583
-370.644
-370.707
-370.773
-370.842
-370.913
-370.988
-371.064
-371.144
-371.226
-371.311
-371.398
-371.488
-371.581
-371.677
-371.775
-371.876
-371.979
-372.085
-372.194
-372.306
-372.42
-372.536
-372.656
-372.778
-371.901
-371.808
-371.718
-371.63
-371.545
-371.463
-371.384
-371.307
-371.233
-371.161
-371.092
-371.026
-370.963
-370.902
-370.844
-370.789
-370.736
-370.686
-370.639
-370.594
-370.553
-370.513
-370.477
-370.443
-370.412
-370.384
-370.358
-370.335
-370.315
-370.297
-370.282
-370.27
-370.26
-370.254
-370.249
-370.248
-370.249
-370.253
-370.26
-370.27
-370.282
-370.296
-370.314
-370.334
-370.357
-370.383
-370.411
-370.442
-370.476
-370.512
-370.551
-370.593
-370.637
-370.685
-370.734
-370.787
-370.842
-370.9
-370.961
-371.024
-371.09
-371.159
-371.23
-371.304
-371.381
-371.46
-371.542
-371.627
-371.715
-371.805
-371.897
-371.993
-372.091
-372.192
-372.295
-372.401
-372.51
-372.621
-372.735
-372.852
-372.971
-372.036
-371.949
-371.864
-371.782
-371.703
-371.626
-371.552
-371.48
-371.412
-371.346
-371.282
-371.222
-371.164
-371.108
-371.056
-371.006
-370.959
-370.914
-370.872
-370.833
-370.797
-370.763
-370.732
-370.704
-370.678
-370.655
-370.635
-370.617
-370.602
-370.59
-370.58
-370.574
-370.57
-370.568
-370.569
-370.573
-370.58
-370.59
-370.602
-370.616
-370.634
-370.654
-370.677
-370.703
-370.731
-370.762
-370.796
-370.832
-370.871
-370.913
-370.957
-371.004
-371.054
-371.107
-371.162
-371.22
-371.28
-371.343
-371.409
-371.478
-371.549
-371.623
-371.7
-371.779
-371.861
-371.946
-372.033
-372.123
-372.216
-372.311
-372.409
-372.51
-372.613
-372.719
-372.828
-372.939
-373.053
-372.27
-372.186
-372.104
-372.024
-371.948
-371.874
-371.802
-371.734
-371.668
-371.604
-371.544
-371.486
-371.431
-371.378
-371.328
-371.281
-371.236
-371.195
-371.156
-371.119
-371.085
-371.054
-371.026
-371
-370.977
-370.957
-370.939
-370.925
-370.912
-370.903
-370.896
-370.892
-370.891
-370.892
-370.896
-370.903
-370.912
-370.924
-370.939
-370.956
-370.977
-370.999
-371.025
-371.053
-371.084
-371.118
-371.154
-371.193
-371.235
-371.279
-371.326
-371.376
-371.429
-371.484
-371.542
-371.602
-371.665
-371.731
-371.8
-371.871
-371.945
-372.021
-372.101
-372.183
-372.267
-372.354
-372.444
-372.537
-372.632
-372.73
-372.831
-372.934
-373.04
-373.148
-373.259
-372.427
-372.348
-372.272
-372.198
-372.126
-372.058
-371.992
-371.929
-371.868
-371.81
-371.755
-371.702
-371.653
-371.605
-371.561
-371.519
-371.48
-371.444
-371.41
-371.379
-371.351
-371.325
-371.302
-371.282
-371.264
-371.249
-371.237
-371.228
-371.221
-371.217
-371.216
-371.217
-371.221
-371.227
-371.237
-371.249
-371.264
-371.281
-371.301
-371.324
-371.35
-371.378
-371.409
-371.442
-371.479
-371.518
-371.559
-371.604
-371.651
-371.701
-371.753
-371.808
-371.866
-371.926
-371.989
-372.055
-372.124
-372.195
-372.269
-372.345
-372.424
-372.506
-372.591
-372.678
-372.768
-372.86
-372.956
-373.053
-373.154
-373.257
-373.363
-372.598
-372.524
-372.453
-372.384
-372.319
-372.255
-372.195
-372.137
-372.082
-372.029
-371.98
-371.932
-371.888
-371.846
-371.807
-371.771
-371.737
-371.706
-371.678
-371.652
-371.629
-371.609
-371.592
-371.577
-371.565
-371.555
-371.548
-371.544
-371.543
-371.544
-371.548
-371.555
-371.564
-371.576
-371.591
-371.608
-371.629
-371.651
-371.677
-371.705
-371.736
-371.77
-371.806
-371.845
-371.886
-371.931
-371.978
-372.027
-372.08
-372.135
-372.193
-372.253
-372.316
-372.382
-372.45
-372.521
-372.595
-372.672
-372.751
-372.832
-372.917
-373.004
-373.094
-373.186
-373.281
-373.379
-373.479
-372.782
-372.713
-372.648
-372.584
-372.524
-372.466
-372.411
-372.359
-372.309
-372.262
-372.217
-372.176
-372.137
-372.1
-372.067
-372.036
-372.008
-371.982
-371.959
-371.939
-371.921
-371.906
-371.894
-371.885
-371.878
-371.874
-371.872
-371.874
-371.878
-371.884
-371.894
-371.906
-371.921
-371.938
-371.958
-371.981
-372.006
-372.035
-372.065
-372.099
-372.135
-372.174
-372.216
-372.26
-372.307
-372.357
-372.409
-372.464
-372.522
-372.582
-372.645
-372.711
-372.779
-372.85
-372.924
-373
-373.079
-373.161
-373.245
-373.332
-373.422
-373.514
-373.609
-372.979
-372.916
-372.855
-372.798
-372.743
-372.69
-372.641
-372.594
-372.549
-372.508
-372.469
-372.432
-372.399
-372.368
-372.339
-372.314
-372.291
-372.271
-372.253
-372.238
-372.226
-372.217
-372.21
-372.206
-372.205
-372.206
-372.21
-372.217
-372.226
-372.238
-372.253
-372.27
-372.29
-372.313
-372.338
-372.367
-372.397
-372.431
-372.467
-372.506
-372.548
-372.592
-372.639
-372.688
-372.741
-372.796
-372.853
-372.913
-372.976
-373.042
-373.11
-373.181
-373.255
-373.331
-373.41
-373.492
-373.576
-373.663
-373.753
-373.189
-373.132
-373.077
-373.024
-372.975
-372.928
-372.883
-372.842
-372.803
-372.767
-372.733
-372.702
-372.674
-372.648
-372.625
-372.605
-372.588
-372.573
-372.561
-372.551
-372.545
-372.54
-372.539
-372.54
-372.544
-372.551
-372.56
-372.572
-372.587
-372.604
-372.625
-372.647
-372.673
-372.701
-372.732
-372.765
-372.801
-372.84
-372.882
-372.926
-372.973
-373.022
-373.075
-373.129
-373.187
-373.247
-373.31
-373.376
-373.444
-373.515
-373.588
-373.665
-373.744
-373.825
-373.909
-373.413
-373.361
-373.311
-373.264
-373.22
-373.178
-373.14
-373.103
-373.07
-373.039
-373.011
-372.985
-372.962
-372.942
-372.925
-372.91
-372.898
-372.888
-372.881
-372.877
-372.876
-372.877
-372.881
-372.888
-372.897
-372.909
-372.924
-372.941
-372.961
-372.984
-373.009
-373.038
-373.068
-373.102
-373.138
-373.177
-373.218
-373.262
-373.309
-373.359
-373.411
-373.466
-373.523
-373.583
-373.646
-373.712
-373.78
-373.851
-373.924
-374.001
-374.079
-373.603
-373.559
-373.517
-373.479
-373.442
-373.409
-373.378
-373.35
-373.324
-373.301
-373.281
-373.264
-373.249
-373.237
-373.227
-373.221
-373.217
-373.215
-373.216
-373.22
-373.227
-373.236
-373.248
-373.263
-373.28
-373.301
-373.323
-373.349
-373.377
-373.407
-373.441
-373.477
-373.516
-373.557
-373.601
-373.648
-373.698
-373.75
-373.804
-373.862
-373.922
-373.985
-374.05
-374.118
-374.189
-373.82
-373.784
-373.75
-373.719
-373.691
-373.666
-373.643
-373.623
-373.605
-373.591
-373.578
-373.569
-373.562
-373.558
-373.557
-373.558
-373.562
-373.569
-373.578
-373.59
-373.605
-373.622
-373.642
-373.665
-373.69
-373.718
-373.749
-373.782
-373.818
-373.857
-373.898
-373.943
-373.989
-374.039
-374.091
-374.146
-374.203
-374.263
-374.326
-374.035
-374.01
-373.987
-373.967
-373.949
-373.935
-373.922
-373.913
-373.906
-373.902
-373.901
-373.902
-373.906
-373.913
-373.922
-373.934
-373.949
-373.966
-373.986
-374.009
-374.034
-374.062
-374.093
-374.126
-374.162
-374.201
-374.242
-374.286
-374.333
-374.382
-374.434
-374.269
-374.259
-374.253
-374.249
-374.247
-374.249
-374.252
-374.259
-374.268
-374.28
-374.295
-374.312
-374.332
-374.355
-374.38
-374.408
-374.439
-374.472
-374.508
===============================================================================
test cases: 1 | 1 passed
assertions: - none -

<end of output>
Test time =   0.68 sec
----------------------------------------------------------
Test Passed.
"tests" end time: Aug 28 13:15 CEST
"tests" time elapsed: 00:00:00
----------------------------------------------------------

End testing: Aug 28 13:15 CEST
