Start testing: Aug 01 17:01 CEST
----------------------------------------------------------
1/1 Testing: tests
1/1 Test: tests
Command: "/home/freddy/Dokumente/Studium/Prog/Raytracer/build/build/Release/tests"
Directory: /home/freddy/Dokumente/Studium/Prog/Raytracer/build
"tests" start time: Aug 01 17:01 CEST
Output:
----------------------------------------------------------
===============================================================================
All tests passed (1 assertion in 1 test case)

<end of output>
Test time =   0.02 sec
----------------------------------------------------------
Test Passed.
"tests" end time: Aug 01 17:01 CEST
"tests" time elapsed: 00:00:00
----------------------------------------------------------

End testing: Aug 01 17:01 CEST
