Start testing: Aug 30 15:03 CEST
----------------------------------------------------------
1/1 Testing: tests
1/1 Test: tests
Command: "/home/freddy/Dokumente/Studium/Prog/Raytracer/build/build/Release/tests"
Directory: /home/freddy/Dokumente/Studium/Prog/Raytracer/build
"tests" start time: Aug 30 15:03 CEST
Output:
----------------------------------------------------------
red added
trans added
blue added
white added
s1 added
s2 added
s3 added
s5 added
eye added
spot1 added
ambi added
0.027725
0.0691769
0.0917445
0.108006
0.120572
0.130465
0.138307
0.144386
0.148945
0.152131
0.154006
0.154631
0.154006
0.152131
0.148945
0.144386
0.138307
0.130465
0.120572
0.108006
0.0917445
0.0691769
0.027725
0.0391602
0.0863691
0.114044
0.134794
0.151497
0.165394
0.177133
0.187129
0.195644
0.202857
0.208911
0.2139
0.217886
0.220954
0.223114
0.224401
0.224826
0.224401
0.223114
0.220954
0.217886
0.2139
0.208911
0.202857
0.195644
0.187129
0.177133
0.165394
0.151497
0.134794
0.114044
0.0863691
0.0391602
0.0138804
0.0874661
0.121346
0.146348
0.166533
0.183511
0.198068
0.210739
0.22182
0.231551
0.2401
0.247581
0.25409
0.259699
0.264457
0.268431
0.271632
0.274093
0.275844
0.276886
0.277231
0.276886
0.275844
0.274093
0.271632
0.268431
0.264457
0.259699
0.25409
0.247581
0.2401
0.231551
0.22182
0.210739
0.198068
0.183511
0.166533
0.146348
0.121346
0.0874661
0.0138804
0.036567
0.0997241
0.134794
0.161301
0.182985
0.201437
0.217456
0.231551
0.24407
0.255211
0.26519
0.274093
0.282052
0.289122
0.295369
0.300864
0.305625
0.309695
0.313095
0.315853
0.317976
0.319487
0.320395
0.320694
0.320395
0.319487
0.317976
0.315853
0.313095
0.309695
0.305625
0.300864
0.295369
0.289122
0.282052
0.274093
0.26519
0.255211
0.24407
0.231551
0.217456
0.201437
0.182985
0.161301
0.134794
0.0997241
0.036567
0.0917445
0.133364
0.163661
0.18815
0.208911
0.226949
0.24288
0.257091
0.26985
0.281368
0.291766
0.301184
0.309695
0.317377
0.32428
0.330459
0.335955
0.3408
0.345019
0.348637
0.351669
0.354131
0.356037
0.357389
0.358199
0.358465
0.358199
0.357389
0.356037
0.354131
0.351669
0.348637
0.345019
0.3408
0.335955
0.330459
0.32428
0.317377
0.309695
0.301184
0.291766
0.281368
0.26985
0.257091
0.24288
0.226949
0.208911
0.18815
0.163661
0.133364
0.0917445
0.0552956
0.116534
0.154006
0.182985
0.207068
0.2278
0.246017
0.262279
0.276886
0.290117
0.302144
0.313095
0.323087
0.332206
0.340524
0.348086
0.35495
0.361151
0.366724
0.371693
0.376085
0.379928
0.38322
0.385986
0.388232
0.389973
0.391212
0.391952
0.392201
0.391952
0.391212
0.389973
0.388232
0.385986
0.38322
0.379928
0.376085
0.371693
0.366724
0.361151
0.35495
0.348086
0.340524
0.332206
0.323087
0.313095
0.302144
0.290117
0.276886
0.262279
0.246017
0.2278
0.207068
0.182985
0.154006
0.116534
0.0552956
0.0744881
0.129725
0.166533
0.195644
0.220084
0.241292
0.260067
0.276886
0.292101
0.30594
0.318583
0.330168
0.3408
0.350573
0.35954
0.367772
0.375317
0.382205
0.388485
0.394169
0.399286
0.403872
0.407926
0.411478
0.414526
0.417087
0.419172
0.420787
0.421938
0.422627
0.422854
0.422627
0.421938
0.420787
0.419172
0.417087
0.414526
0.411478
0.407926
0.403872
0.399286
0.394169
0.388485
0.382205
0.375317
0.367772
0.35954
0.350573
0.3408
0.330168
0.318583
0.30594
0.292101
0.276886
0.260067
0.241292
0.220084
0.195644
0.166533
0.129725
0.0744881
0.0782232
0.134794
0.172761
0.202857
0.228212
0.250279
0.26985
0.287457
0.303411
0.317976
0.331338
0.343618
0.35495
0.365402
0.375057
0.383972
0.392201
0.399775
0.40674
0.413117
0.418938
0.424232
0.429003
0.433279
0.437067
-0.960611
0.440388
-0.961044
0.443246
-0.961417
0.445646
-0.96173
0.447603
-0.961985
0.449121
-0.962184
0.450201
-0.962326
0.450847
-0.962411
0.451064
-0.96244
0.450847
-0.962411
0.450201
-0.962324
0.449121
-0.962177
0.447603
-0.961969
0.445646
-0.961698
0.443246
-0.961362
0.440388
-0.960956
0.437067
-0.960478
0.433279
0.429003
0.424232
0.418938
0.413117
0.40674
0.399775
0.392201
0.383972
0.375057
0.365402
0.35495
0.343618
0.331338
0.317976
0.303411
0.287457
0.26985
0.250279
0.228212
0.202857
0.172761
0.134794
0.0782232
0.0691769
0.132626
0.173316
0.205208
0.231963
0.255211
0.275844
0.2944
0.31124
0.326648
0.3408
0.353858
0.365931
0.377113
0.387483
0.3971
0.406024
0.414288
0.421938
0.429003
0.435509
0.441491
-0.960231
0.446952
-0.960926
0.451925
-0.961555
0.456416
-0.96212
0.460448
-0.962626
0.464022
-0.963074
0.467153
-0.963466
0.469853
-0.963803
0.472124
-0.964088
0.47398
-0.96432
0.475413
-0.964501
0.476435
-0.96463
0.477053
-0.964708
0.477251
-0.964734
0.477053
-0.964708
0.476435
-0.964628
0.475413
-0.964494
0.47398
-0.964305
0.472124
-0.964058
0.469853
-0.963752
0.467153
-0.963384
0.464022
-0.962951
0.460448
-0.962449
0.456416
-0.961875
0.451925
-0.961224
0.446952
-0.96049
0.441491
-0.959667
0.435509
0.429003
0.421938
0.414288
0.406024
0.3971
0.387483
0.377113
0.365931
0.353858
0.3408
0.326648
0.31124
0.2944
0.275844
0.255211
0.231963
0.205208
0.173316
0.132626
0.0691769
0.0391602
0.122915
0.168254
0.202857
0.231551
0.256344
0.278277
0.297972
0.315853
0.332206
0.347253
0.361151
0.374029
0.385986
0.3971
0.407454
0.417087
0.426056
0.434393
0.44215
-0.959495
0.449339
-0.960399
0.455992
-0.961227
0.462132
-0.961985
0.467779
-0.962677
0.472952
-0.963307
0.47766
-0.963879
0.48192
-0.964394
0.485747
-0.964855
0.489144
-0.965265
0.492121
-0.965624
0.494689
-0.965933
0.496853
-0.966194
0.498617
-0.966408
0.499986
-0.966574
0.500957
-0.966693
0.501546
-0.966765
0.501735
-0.966788
0.501546
-0.966764
0.500957
-0.966691
0.499986
-0.966568
0.498617
-0.966394
0.496853
-0.966167
0.494689
-0.965886
0.492121
-0.965547
0.489144
-0.96515
0.485747
-0.96469
0.48192
-0.964165
0.47766
-0.963571
0.472952
-0.962902
0.467779
-0.962154
0.462132
-0.961322
0.455992
-0.960397
0.449339
-0.959372
0.44215
-0.958237
0.434393
0.426056
0.417087
0.407454
0.3971
0.385986
0.374029
0.361151
0.347253
0.332206
0.315853
0.297972
0.278277
0.256344
0.231551
0.202857
0.168254
0.122915
0.0391602
0.10347
0.157073
0.195644
0.226949
0.25371
0.277231
0.298294
0.317377
0.334808
0.350848
0.365664
0.379417
0.392201
0.404111
0.415222
0.425599
0.435292
0.44434
-0.959053
0.452782
-0.960103
0.460654
-0.96107
0.467985
-0.96196
0.4748
-0.962779
0.481112
-0.963533
0.486947
-0.964224
0.492324
-0.964858
0.497246
-0.965435
0.501735
-0.96596
0.505804
-0.966435
0.509457
-0.96686
0.512703
-0.967238
0.515551
-0.96757
0.518007
-0.967857
0.520078
-0.968099
0.521765
-0.968297
0.523074
-0.968451
0.524006
-0.968561
0.524567
-0.968628
0.524755
-0.96865
0.524567
-0.968627
0.524006
-0.968559
0.523074
-0.968445
0.521765
-0.968284
0.520078
-0.968073
0.518007
-0.967812
0.515551
-0.967499
0.512703
-0.967131
0.509457
-0.966705
0.505804
-0.96622
0.501735
-0.965672
0.497246
-0.965056
0.492324
-0.964369
0.486947
-0.963605
0.481112
-0.962759
0.4748
-0.961824
0.467985
-0.960792
0.460654
-0.959654
0.452782
-0.9584
0.44434
-0.957017
0.435292
0.425599
0.415222
0.404111
0.392201
0.379417
0.365664
0.350848
0.334808
0.317377
0.298294
0.277231
0.25371
0.226949
0.195644
0.157073
0.10347
0.0663481
0.138307
0.182985
0.217886
0.247192
0.272696
0.295369
0.315853
0.334523
0.351669
0.367516
0.382205
0.395886
0.408638
0.420558
0.43171
0.44215
-0.958147
0.451925
-0.95936
0.46108
-0.960478
0.469651
-0.96151
0.47766
-0.962463
0.485144
-0.963344
0.492121
-0.964158
0.498617
-0.964909
0.504643
-0.965602
0.510223
-0.96624
0.515364
-0.966825
0.520078
-0.967359
0.52438
-0.967846
0.528281
-0.968287
0.531789
-0.968682
0.534902
-0.969034
0.53764
-0.969344
0.539997
-0.969611
0.54199
-0.969837
0.543613
-0.970022
0.544874
-0.970166
0.545768
-0.970269
0.546308
-0.970331
0.546485
-0.970352
0.546308
-0.970331
0.545768
-0.970267
0.544874
-0.970161
0.543613
-0.970009
0.54199
-0.969812
0.539997
-0.969568
0.53764
-0.969276
0.534902
-0.968932
0.531789
-0.968536
0.528281
-0.968084
0.52438
-0.967574
0.520078
-0.967002
0.515364
-0.966365
0.510223
-0.965658
0.504643
-0.964876
0.498617
-0.964014
0.492121
-0.963065
0.485144
-0.962022
0.47766
-0.960876
0.469651
-0.959617
0.46108
-0.958232
0.451925
-0.956708
0.44215
-0.955028
0.43171
0.420558
0.408638
0.395886
0.382205
0.367516
0.351669
0.334523
0.315853
0.295369
0.272696
0.247192
0.217886
0.182985
0.138307
0.0663481
0.108006
0.163661
0.203791
0.236477
0.264457
0.289122
0.311241
0.331338
0.349745
0.366724
0.382461
0.3971
0.410771
0.423546
0.435509
0.446733
-0.958159
0.457265
-0.95945
0.467153
-0.960641
0.476435
-0.961741
0.485144
-0.96276
0.49331
-0.963704
0.500957
-0.964579
0.508115
-0.96539
0.514794
-0.966141
0.521016
-0.966837
0.526797
-0.967479
0.532156
-0.968072
0.537093
-0.968616
0.541629
-0.969115
0.545768
-0.96957
0.549526
-0.969982
0.552901
-0.970352
0.555905
-0.970682
0.558546
-0.970972
0.560823
-0.971223
0.562739
-0.971435
0.564307
-0.971609
0.565522
-0.971744
0.566389
-0.971841
0.566906
-0.9719
0.567082
-0.97192
0.566906
-0.9719
0.566389
-0.97184
0.565522
-0.97174
0.564307
-0.971597
0.562739
-0.971412
0.560823
-0.971183
0.558546
-0.970908
0.555905
-0.970585
0.552901
-0.970213
0.549526
-0.96979
0.545768
-0.969312
0.541629
-0.968776
0.537093
-0.968181
0.532156
-0.967521
0.526797
-0.966793
0.521016
-0.965992
0.514794
-0.965111
0.508115
-0.964146
0.500957
-0.963088
0.49331
-0.961929
0.485144
-0.960659
0.476435
-0.959267
0.467153
-0.957739
0.457265
-0.956059
0.446733
-0.954206
0.435509
0.423546
0.410771
0.3971
0.382461
0.366724
0.349745
0.331338
0.311241
0.289122
0.264457
0.236477
0.203791
0.163661
0.108006
0.0479215
0.134794
0.183511
0.220954
0.252185
0.279307
0.303411
0.325168
0.345019
0.36328
0.38018
0.395886
0.410527
0.424232
0.437067
-0.956461
0.449121
-0.957959
0.460448
-0.959335
0.471097
-0.960605
0.481112
-0.961779
0.490537
-0.962867
0.499399
-0.963876
0.507731
-0.964814
0.515551
-0.965685
0.522889
-0.966495
0.529758
-0.967248
0.536182
-0.967947
0.54217
-0.968596
0.54774
-0.969196
0.552901
-0.969751
0.557664
-0.970261
0.562046
-0.97073
0.566043
-0.971157
0.569669
-0.971544
0.572936
-0.971893
0.575837
-0.972204
0.578392
-0.972477
0.580596
-0.972714
0.582455
-0.972915
0.583969
-0.973079
0.585145
-0.973207
0.585985
-0.973299
0.586489
-0.973354
0.586655
-0.973372
0.586489
-0.973354
0.585985
-0.973297
0.585145
-0.973202
0.583969
-0.973068
0.582455
-0.972893
0.580596
-0.972676
0.578392
-0.972416
0.575837
-0.972111
0.572936
-0.97176
0.569669
-0.971361
0.566043
-0.970911
0.562046
-0.970407
0.557664
-0.969847
0.552901
-0.969228
0.54774
-0.968545
0.54217
-0.967795
0.536182
-0.966972
0.529758
-0.966071
0.522889
-0.965087
0.515551
-0.964011
0.507731
-0.962836
0.499399
-0.961551
0.490537
-0.960146
0.481112
-0.958607
0.471097
-0.956919
0.460448
-0.955061
0.449121
-0.953012
0.437067
-0.950742
0.424232
0.410527
0.395886
0.38018
0.36328
0.345019
0.325168
0.303411
0.279307
0.252185
0.220954
0.183511
0.134794
0.0479215
0.0874661
0.154631
0.199524
0.235256
0.265544
0.292101
0.315853
0.337393
0.35712
0.375317
0.392201
0.407926
0.422627
0.436406
-0.955946
0.449339
-0.957549
0.461502
-0.959021
0.472952
-0.960377
0.483734
-0.961631
0.493902
-0.962793
0.503483
-0.963872
0.512509
-0.964875
0.521016
-0.96581
0.529019
-0.96668
0.536546
-0.967491
0.543613
-0.968247
0.550236
-0.968951
0.556432
-0.969606
0.562218
-0.970215
0.5676
-0.970779
0.572592
-0.971301
0.577202
-0.971782
0.581439
-0.972223
0.585316
-0.972627
0.588831
-0.972993
0.591993
-0.973323
0.594812
-0.973618
0.597287
-0.973877
0.599425
-0.974101
0.601229
-0.974292
0.602699
-0.974447
0.60384
-0.974569
0.604657
-0.974656
0.605144
-0.974709
0.605307
-0.974726
0.605144
-0.974708
0.604657
-0.974655
0.60384
-0.974564
0.602699
-0.974436
0.601229
-0.97427
0.599425
-0.974065
0.597287
-0.973818
0.594812
-0.973529
0.591993
-0.973196
0.588831
-0.972818
0.585316
-0.972392
0.581439
-0.971915
0.577202
-0.971386
0.572592
-0.970802
0.5676
-0.970158
0.562218
-0.969451
0.556432
-0.968677
0.550236
-0.967832
0.543613
-0.96691
0.536546
-0.965904
0.529019
-0.964807
0.521016
-0.963612
0.512509
-0.962308
0.503483
-0.960886
0.493902
-0.95933
0.483734
-0.957626
0.472952
-0.955756
0.461502
-0.953697
0.449339
-0.951421
0.436406
-0.948895
0.422627
0.407926
0.392201
0.375317
0.35712
0.337393
0.315853
0.292101
0.265544
0.235256
0.199524
0.154631
0.0874661
0.110632
0.169967
0.212542
0.247192
0.276886
0.303089
0.326648
0.348087
0.367772
0.385986
0.402908
0.418713
0.4335
0.447392
-0.956929
0.460448
-0.958508
0.472745
-0.959961
0.484343
-0.961303
0.495282
-0.962545
0.505609
-0.963699
0.515364
-0.964772
0.524567
-0.965772
0.533255
-0.966705
0.541444
-0.967576
0.549167
-0.96839
0.556432
-0.96915
0.563263
-0.96986
0.569669
-0.970522
0.575672
-0.971139
0.581272
-0.971713
0.586489
-0.972246
0.591328
-0.972739
0.595801
-0.973195
0.599918
-0.973613
0.603679
-0.973996
0.607094
-0.974344
0.610168
-0.974658
0.612909
-0.974937
0.615313
-0.975184
0.617391
-0.975398
0.619149
-0.975579
0.620581
-0.975727
0.62169
-0.975843
0.622482
-0.975926
0.62296
-0.975976
0.623118
-0.975993
0.62296
-0.975976
0.622482
-0.975925
0.62169
-0.975839
0.620581
-0.975717
0.619149
-0.975558
0.617391
-0.975362
0.615313
-0.975127
0.612909
-0.974852
0.610168
-0.974536
0.607094
-0.974176
0.603679
-0.973771
0.599918
-0.973318
0.595801
-0.972816
0.591328
-0.972261
0.586489
-0.971651
0.581272
-0.970983
0.575672
-0.970252
0.569669
-0.969454
0.563263
-0.968584
0.556432
-0.967638
0.549167
-0.966609
0.541444
-0.965489
0.533255
-0.964271
0.524567
-0.962945
0.515364
-0.9615
0.505609
-0.959922
0.495282
-0.958198
0.484343
-0.956308
0.472745
-0.95423
0.460448
-0.951937
0.447392
-0.949397
0.4335
0.418713
0.402908
0.385986
0.367772
0.348087
0.326648
0.303089
0.276886
0.247192
0.212542
0.169967
0.110632
0.126736
0.181949
0.223114
0.25709
0.286448
0.312474
0.335955
0.357389
0.377113
0.395392
0.412413
0.428328
0.443246
-0.956088
0.457265
-0.957791
0.470476
-0.959354
0.482929
-0.960793
0.494689
-0.962125
0.505804
-0.96336
0.516306
-0.964509
0.526243
-0.965579
0.535634
-0.966578
0.544514
-0.967512
0.552901
-0.968386
0.560823
-0.969203
0.568289
-0.969968
0.575327
-0.970684
0.581948
-0.971353
0.588161
-0.971979
0.593984
-0.972563
0.599425
-0.973107
0.604492
-0.973612
0.609199
-0.974081
0.61355
-0.974514
0.617554
-0.974913
0.621213
-0.975277
0.62454
-0.975609
0.627532
-0.975908
0.630201
-0.976175
0.632549
-0.97641
0.634575
-0.976614
0.636284
-0.976787
0.637681
-0.976929
0.638762
-0.97704
0.639535
-0.977119
0.639999
-0.977167
0.640153
-0.977183
0.639999
-0.977167
0.639535
-0.977118
0.638762
-0.977035
0.637681
-0.976919
0.636284
-0.976768
0.634575
-0.97658
0.632549
-0.976356
0.630201
-0.976093
0.627532
-0.97579
0.62454
-0.975447
0.621213
-0.97506
0.617554
-0.974629
0.61355
-0.97415
0.609199
-0.973622
0.604492
-0.973042
0.599425
-0.972406
0.593984
-0.971712
0.588161
-0.970955
0.581948
-0.970132
0.575327
-0.969238
0.568289
-0.968266
0.560823
-0.967211
0.552901
-0.966066
0.544514
-0.964822
0.535634
-0.96347
0.526243
-0.961999
0.516306
-0.960395
0.505804
-0.958644
0.494689
-0.956728
0.482929
-0.954624
0.470476
-0.952305
0.457265
-0.949739
0.443246
-0.946885
0.428328
0.412413
0.395392
0.377113
0.357389
0.335955
0.312474
0.286448
0.25709
0.223114
0.181949
0.126736
0.036567
0.138307
0.191173
0.231551
0.26519
0.2944
0.320395
0.343905
0.365402
0.385231
0.40363
0.420787
0.436846
-0.955012
0.451925
-0.956859
0.466113
-0.958547
0.479492
-0.960098
0.492121
-0.961529
0.504067
-0.962855
0.515364
-0.964086
0.526056
-0.965232
0.536182
-0.966302
0.545768
-0.967302
0.554847
-0.968239
0.563438
-0.969116
0.571561
-0.969938
0.579239
-0.970709
0.586489
-0.971431
0.593322
-0.972109
0.599753
-0.972744
0.605794
-0.973337
0.611459
-0.973892
0.616754
-0.97441
0.62169
-0.974891
0.626277
-0.975338
0.630517
-0.975751
0.634418
-0.976132
0.637989
-0.97648
0.641232
-0.976797
0.644154
-0.977083
0.646759
-0.977339
0.649047
-0.977564
0.651028
-0.97776
0.652696
-0.977925
0.654059
-0.978061
0.655118
-0.978167
0.655873
-0.978243
0.656326
-0.978289
0.656476
-0.978305
0.656326
-0.978289
0.655873
-0.978242
0.655118
-0.978163
0.654059
-0.978052
0.652696
-0.977906
0.651028
-0.977727
0.649047
-0.977511
0.646759
-0.977259
0.644154
-0.97697
0.641232
-0.976641
0.637989
-0.976271
0.634418
-0.975858
0.630517
-0.9754
0.626277
-0.974896
0.62169
-0.974342
0.616754
-0.973736
0.611459
-0.973074
0.605794
-0.972354
0.599753
-0.971571
0.593322
-0.970722
0.586489
-0.9698
0.579239
-0.968801
0.571561
-0.967719
0.563438
-0.966546
0.554847
-0.965273
0.545768
-0.963892
0.536182
-0.962391
0.526056
-0.960757
0.515364
-0.958975
0.504067
-0.957026
0.492121
-0.954889
0.479492
-0.952536
0.466113
-0.949935
0.451925
-0.947045
0.436846
-0.943812
0.420787
0.40363
0.385231
0.365402
0.343905
0.320395
0.2944
0.26519
0.231551
0.191173
0.138307
0.036567
0.0570759
0.146348
0.198068
0.238093
0.271632
0.300864
0.32694
0.350573
0.372215
0.392201
0.41077
0.428097
0.44434
-0.955693
0.459601
-0.957528
0.47398
-0.959207
0.487551
-0.960751
0.500375
-0.962178
0.512509
-0.9635
0.524006
-0.964731
0.534902
-0.965878
0.545232
-0.966949
0.555022
-0.967952
0.564307
-0.968892
0.573105
-0.969774
0.581439
-0.970602
0.589331
-0.97138
0.596793
-0.97211
0.60384
-0.972796
0.61049
-0.97344
0.616754
-0.974044
0.622642
-0.974609
0.628163
-0.975138
0.633328
-0.975633
0.638144
-0.976093
0.64262
-0.97652
0.646759
-0.976915
0.65057
-0.97728
0.654059
-0.977614
0.657228
-0.977917
0.660084
-0.978192
0.662631
-0.978437
0.664869
-0.978653
0.666804
-0.978841
0.668438
-0.979001
0.66977
-0.979131
0.670804
-0.979233
0.671543
-0.979306
0.671987
-0.979351
0.672134
-0.979365
0.671987
-0.97935
0.671543
-0.979305
0.670804
-0.979229
0.66977
-0.979122
0.668438
-0.978982
0.666804
-0.978809
0.664869
-0.978603
0.662631
-0.978361
0.660084
-0.978082
0.657228
-0.977766
0.654059
-0.977411
0.65057
-0.977015
0.646759
-0.976576
0.64262
-0.976093
0.638144
-0.975562
0.633328
-0.974982
0.628163
-0.974349
0.622642
-0.973661
0.616754
-0.972915
0.61049
-0.972104
0.60384
-0.971227
0.596793
-0.970278
0.589331
-0.96925
0.581439
-0.968138
0.573105
-0.966935
0.564307
-0.965631
0.555022
-0.964217
0.545232
-0.962683
0.534902
-0.961015
0.524006
-0.959196
0.512509
-0.957209
0.500375
-0.955033
0.487551
-0.952638
0.47398
-0.949993
0.459601
-0.947055
0.44434
-0.943772
0.428097
0.41077
0.392201
0.372215
0.350573
0.32694
0.300864
0.271632
0.238093
0.198068
0.146348
0.0570759
0.0663481
0.151497
0.202857
0.24288
0.276533
0.30594
0.332206
0.356037
0.377881
0.398078
0.416856
0.434393
0.450847
-0.956275
0.466323
-0.958104
0.480911
-0.959779
0.494689
-0.961321
0.507731
-0.962747
0.520078
-0.96407
0.531789
-0.965302
0.542891
-0.966451
0.553434
-0.967527
0.563438
-0.968534
0.572936
-0.969479
0.581948
-0.970367
0.590497
-0.971202
0.598602
-0.971987
0.606283
-0.972725
0.61355
-0.97342
0.62042
-0.974073
0.626904
-0.974687
0.633018
-0.975264
0.638762
-0.975804
0.644154
-0.97631
0.649201
-0.976784
0.653907
-0.977225
0.658283
-0.977634
0.662332
-0.978014
0.666061
-0.978364
0.669473
-0.978684
0.672578
-0.978977
0.675373
-0.979241
0.677865
-0.979477
0.680058
-0.979685
0.681952
-0.979866
0.683551
-0.980019
0.684856
-0.980145
0.685871
-0.980243
0.686595
-0.980314
0.687029
-0.980356
0.687174
-0.980371
0.687029
-0.980356
0.686595
-0.980313
0.685871
-0.980239
0.684856
-0.980136
0.683551
-0.980001
0.681952
-0.979835
0.680058
-0.979635
0.677865
-0.979402
0.675373
-0.979134
0.672578
-0.97883
0.669473
-0.978488
0.666061
-0.978107
0.662332
-0.977686
0.658283
-0.977221
0.653907
-0.976711
0.649201
-0.976155
0.644154
-0.975548
0.638762
-0.974889
0.633018
-0.974174
0.626904
-0.973399
0.62042
-0.972561
0.61355
-0.971654
0.606283
-0.970675
0.598602
-0.969617
0.590497
-0.968474
0.581948
-0.967238
0.572936
-0.9659
0.563438
-0.964452
0.553434
-0.96288
0.542891
-0.961173
0.531789
-0.959314
0.520078
-0.957283
0.507731
-0.95506
0.494689
-0.952616
0.480911
-0.949917
0.466323
-0.946921
0.450847
-0.943575
0.434393
0.416856
0.398078
0.377881
0.356037
0.332206
0.30594
0.276533
0.24288
0.202857
0.151497
0.0663481
0.0691769
0.154006
0.205664
0.246017
0.279996
0.309695
0.336246
0.360345
0.382461
0.402908
0.421938
0.439727
-0.954759
0.456416
-0.956766
0.472124
-0.958595
0.486947
-0.96027
0.500957
-0.961814
0.514226
-0.963243
0.526797
-0.964569
0.538731
-0.965805
0.55006
-0.966959
0.560823
-0.96804
0.571047
-0.969053
0.580766
-0.970005
0.59
-0.9709
0.598768
-0.971742
0.607094
-0.972535
0.614992
-0.973282
0.622482
-0.973986
0.629575
-0.974649
0.636284
-0.975273
0.64262
-0.97586
0.648592
-0.976413
0.654211
-0.976931
0.659487
-0.977417
0.664424
-0.977871
0.66903
-0.978294
0.673313
-0.978688
0.677279
-0.979053
0.680932
-0.97939
0.684276
-0.979699
0.687319
-0.979981
0.690059
-0.980235
0.692502
-0.980462
0.69465
-0.980663
0.696507
-0.980838
0.698078
-0.980986
0.699359
-0.981108
0.700354
-0.981202
0.701064
-0.981271
0.701488
-0.981312
0.70163
-0.981325
0.701488
-0.981311
0.701064
-0.981269
0.700354
-0.981199
0.699359
-0.981099
0.698078
-0.980969
0.696507
-0.980808
0.69465
-0.980615
0.692502
-0.98039
0.690059
-0.980132
0.687319
-0.979838
0.684276
-0.979509
0.680932
-0.979141
0.677279
-0.978735
0.673313
-0.978287
0.66903
-0.977797
0.664424
-0.977261
0.659487
-0.976678
0.654211
-0.976044
0.648592
-0.975358
0.64262
-0.974615
0.636284
-0.973812
0.629575
-0.972944
0.622482
-0.972008
0.614992
-0.970997
0.607094
-0.969907
0.598768
-0.96873
0.59
-0.967459
0.580766
-0.966085
0.571047
-0.964598
0.560823
-0.962986
0.55006
-0.961236
0.538731
-0.959331
0.526797
-0.957252
0.514226
-0.954976
0.500957
-0.952474
0.486947
-0.949713
0.472124
-0.946648
0.456416
-0.943226
0.439727
-0.939375
0.421938
0.402908
0.382461
0.360345
0.336246
0.309695
0.279996
0.246017
0.205664
0.154006
0.0691769
0.0663481
0.154006
0.206606
0.247581
0.282052
0.312165
0.339098
0.363549
0.385986
0.40674
0.426056
0.444123
-0.95516
0.46108
-0.957172
0.477053
-0.959006
0.492121
-0.960687
0.506381
-0.962236
0.519888
-0.96367
0.532702
-0.965002
0.544874
-0.966245
0.556432
-0.967405
0.567427
-0.968493
0.577882
-0.969514
0.587826
-0.970473
0.597287
-0.971376
0.606283
-0.972226
0.614834
-0.973028
0.62296
-0.973784
0.630672
-0.974498
0.637989
-0.975171
0.644923
-0.975805
0.651482
-0.976404
0.657681
-0.976967
0.663527
-0.977497
0.66903
-0.977995
0.674197
-0.978462
0.679034
-0.9789
0.683551
-0.979308
0.687752
-0.979687
0.691639
-0.98004
0.695222
-0.980364
0.698505
-0.980662
0.701488
-0.980934
0.70418
-0.98118
0.706577
-0.9814
0.708689
-0.981594
0.710511
-0.981763
0.712051
-0.981906
0.713309
-0.982023
0.714286
-0.982115
0.714984
-0.982181
0.715401
-0.982221
0.715541
-0.982234
0.715401
-0.982221
0.714984
-0.98218
0.714286
-0.982112
0.713309
-0.982015
0.712051
-0.981889
0.710511
-0.981734
0.708689
-0.981547
0.706577
-0.98133
0.70418
-0.98108
0.701488
-0.980796
0.698505
-0.980477
0.695222
-0.980122
0.691639
-0.97973
0.687752
-0.979298
0.683551
-0.978824
0.679034
-0.978308
0.674197
-0.977745
0.66903
-0.977135
0.663527
-0.976475
0.657681
-0.97576
0.651482
-0.974988
0.644923
-0.974155
0.637989
-0.973257
0.630672
-0.972289
0.62296
-0.971246
0.614834
-0.970122
0.606283
-0.96891
0.597287
-0.967601
0.587826
-0.966188
0.577882
-0.964659
0.567427
-0.963004
0.556432
-0.961206
0.544874
-0.959251
0.532702
-0.957117
0.519888
-0.954781
0.506381
-0.952215
0.492121
-0.949382
0.477053
-0.946238
0.46108
-0.942726
0.444123
-0.938773
0.426056
0.40674
0.385986
0.363549
0.339098
0.312165
0.282052
0.247581
0.206606
0.154006
0.0663481
0.0570759
0.151497
0.205664
0.247581
0.282731
0.3134
0.3408
0.365664
0.388485
0.409587
0.429229
0.447603
-0.955475
0.46486
-0.957498
0.481112
-0.959342
0.496459
-0.961032
0.510987
-0.96259
0.524755
-0.964033
0.53782
-0.965374
0.550236
-0.966624
0.562046
-0.967794
0.573277
-0.96889
0.583969
-0.969919
0.594149
-0.970887
0.60384
-0.971799
0.613067
-0.972659
0.621849
-0.97347
0.630201
-0.974236
0.638144
-0.974959
0.645688
-0.975643
0.652848
-0.976288
0.659637
-0.976897
0.666061
-0.977472
0.672134
-0.978014
0.677865
-0.978524
0.683259
-0.979004
0.688328
-0.979454
0.693074
-0.979876
0.697508
-0.98027
0.70163
-0.980637
0.70545
-0.980977
0.708968
-0.981291
0.712191
-0.981579
0.715123
-0.981842
0.717766
-0.98208
0.720124
-0.982293
0.722197
-0.982481
0.723989
-0.982644
0.725503
-0.982783
0.726739
-0.982896
0.727701
-0.982985
0.728386
-0.983049
0.728798
-0.983088
0.728934
-0.983101
0.728798
-0.983088
0.728386
-0.983048
0.727701
-0.982982
0.726739
-0.982888
0.725503
-0.982766
0.723989
-0.982615
0.722197
-0.982435
0.720124
-0.982224
0.717766
-0.981982
0.715123
-0.981707
0.712191
-0.981399
0.708968
-0.981055
0.70545
-0.980675
0.70163
-0.980257
0.697508
-0.9798
0.693074
-0.9793
0.688328
-0.978758
0.683259
-0.978168
0.677865
-0.977531
0.672134
-0.976842
0.666061
-0.976098
0.659637
-0.975297
0.652848
-0.974433
0.645688
-0.973504
0.638144
-0.972503
0.630201
-0.971425
0.621849
-0.970265
0.613067
-0.969015
0.60384
-0.967667
0.594149
-0.966211
0.583969
-0.964638
0.573277
-0.962934
0.562046
-0.961085
0.550236
-0.959074
0.53782
-0.95688
0.524755
-0.954479
0.510987
-0.95184
0.496459
-0.948925
0.481112
-0.94569
0.46486
-0.942075
0.447603
-0.938002
0.429229
0.409587
0.388485
0.365664
0.3408
0.3134
0.282731
0.247581
0.205664
0.151497
0.0570759
0.036567
0.146348
0.202857
0.246017
0.282052
0.3134
0.34137
0.366724
0.389973
0.411478
0.431484
0.450201
-0.955708
0.467779
-0.957748
0.484343
-0.959607
0.499986
-0.96131
0.514794
-0.962881
0.528836
-0.964335
0.54217
-0.965687
0.554847
-0.966948
0.566906
-0.968128
0.578392
-0.969234
0.589331
-0.970273
0.599753
-0.971251
0.609683
-0.972172
0.619149
-0.973042
0.628163
-0.973864
0.636747
-0.97464
0.644923
-0.975374
0.652696
-0.976068
0.660084
-0.976724
0.667101
-0.977344
0.673754
-0.97793
0.680058
-0.978484
0.686017
-0.979006
0.691639
-0.979499
0.696938
-0.979962
0.701913
-0.980397
0.706577
-0.980804
0.710932
-0.981185
0.714984
-0.98154
0.718737
-0.981869
0.722197
-0.982173
0.725366
-0.982452
0.728248
-0.982707
0.730848
-0.982938
0.733167
-0.983144
0.735207
-0.983326
0.73697
-0.983485
0.738461
-0.983619
0.739676
-0.98373
0.740623
-0.983816
0.741297
-0.983878
0.741702
-0.983916
0.741837
-0.983928
0.741702
-0.983916
0.741297
-0.983877
0.740623
-0.983813
0.739676
-0.983722
0.738461
-0.983603
0.73697
-0.983457
0.735207
-0.983282
0.733167
-0.983077
0.730848
-0.982842
0.728248
-0.982576
0.725366
-0.982276
0.722197
-0.981944
0.718737
-0.981575
0.714984
-0.98117
0.710932
-0.980727
0.706577
-0.980244
0.701913
-0.979718
0.696938
-0.979148
0.691639
-0.978532
0.686017
-0.977867
0.680058
-0.977149
0.673754
-0.976375
0.667101
-0.975543
0.660084
-0.974648
0.652696
-0.973685
0.644923
-0.97265
0.636747
-0.971536
0.628163
-0.970338
0.619149
-0.969048
0.609683
-0.967657
0.599753
-0.966156
0.589331
-0.964535
0.578392
-0.962779
0.566906
-0.960874
0.554847
-0.958802
0.54217
-0.956542
0.528836
-0.954067
0.514794
-0.951347
0.499986
-0.948343
0.484343
-0.945005
0.467779
-0.941271
0.450201
-0.937062
0.431484
0.411478
0.389973
0.366724
0.34137
0.3134
0.282052
0.246017
0.202857
0.146348
0.036567
0.138307
0.198068
0.24288
0.279996
0.312165
0.3408
0.366724
0.390474
0.412413
0.432833
0.451925
-0.955862
0.469853
-0.957925
0.486748
-0.959803
0.502707
-0.961524
0.517822
-0.96311
0.532156
-0.964579
0.545768
-0.965944
0.558717
-0.967218
0.571047
-0.968409
0.582791
-0.969527
0.593984
-0.970577
0.604657
-0.971566
0.614834
-0.972499
0.62454
-0.973379
0.633798
-0.974212
0.64262
-0.974999
0.651028
-0.975743
0.659034
-0.976448
0.666656
-0.977116
0.673902
-0.977747
0.680786
-0.978345
0.687319
-0.97891
0.693505
-0.979445
0.699359
-0.979949
0.704886
-0.980425
0.710091
-0.980873
0.714984
-0.981294
0.71957
-0.981688
0.723853
-0.982057
0.727838
-0.982401
0.731531
-0.98272
0.734936
-0.983015
0.738054
-0.983286
0.740892
-0.983533
0.74345
-0.983757
0.745733
-0.983958
0.747744
-0.984135
0.749481
-0.984289
0.750948
-0.98442
0.752145
-0.984527
0.753076
-0.984611
0.75374
-0.984671
0.754138
-0.984707
0.754272
-0.98472
0.754138
-0.984707
0.75374
-0.98467
0.753076
-0.984607
0.752145
-0.984519
0.750948
-0.984404
0.749481
-0.984262
0.747744
-0.984091
0.745733
-0.983893
0.74345
-0.983664
0.740892
-0.983405
0.738054
-0.983114
0.734936
-0.982791
0.731531
-0.982433
0.727838
-0.98204
0.723853
-0.98161
0.71957
-0.981142
0.714984
-0.980632
0.710091
-0.98008
0.704886
-0.979483
0.699359
-0.978839
0.693505
-0.978144
0.687319
-0.977397
0.680786
-0.976593
0.673902
-0.975729
0.666656
-0.9748
0.659034
-0.973803
0.651028
-0.972731
0.64262
-0.97158
0.633798
-0.970341
0.62454
-0.969008
0.614834
-0.967572
0.604657
-0.966024
0.593984
-0.96435
0.582791
-0.962539
0.571047
-0.960573
0.558717
-0.958435
0.545768
-0.956102
0.532156
-0.953547
0.517822
-0.950737
0.502707
-0.94763
0.486748
-0.944177
0.469853
-0.94031
0.451925
-0.935945
0.432833
0.412413
0.390474
0.366724
0.3408
0.312165
0.279996
0.24288
0.198068
0.138307
0.126736
0.191173
0.238093
0.276533
0.309695
0.339098
0.365664
0.389973
0.412413
0.433279
0.452782
-0.955938
0.471097
-0.95803
0.48835
-0.959933
0.504643
-0.961675
0.520078
-0.96328
0.534721
-0.964766
0.548632
-0.966148
0.56187
-0.967436
0.574474
-0.968641
0.586489
-0.969772
0.597945
-0.970835
0.608877
-0.971836
0.619305
-0.97278
0.629262
-0.973673
0.638762
-0.974516
0.647828
-0.975314
0.656476
-0.97607
0.66472
-0.976787
0.672578
-0.977465
0.680058
-0.978109
0.687174
-0.978718
0.693934
-0.979295
0.700354
-0.979841
0.706436
-0.980358
0.712191
-0.980846
0.717627
-0.981307
0.722748
-0.981741
0.727563
-0.982149
0.732076
-0.982532
0.736293
-0.98289
0.740217
-0.983223
0.743855
-0.983533
0.747209
-0.98382
0.750281
-0.984083
0.753076
-0.984323
0.755599
-0.984541
0.757848
-0.984736
0.759828
-0.984908
0.761539
-0.985058
0.762985
-0.985185
0.764167
-0.98529
0.765084
-0.985371
0.765739
-0.98543
0.766132
-0.985465
0.766263
-0.985477
0.766132
-0.985465
0.765739
-0.985429
0.765084
-0.985368
0.764167
-0.985282
0.762985
-0.98517
0.761539
-0.985031
0.759828
-0.984866
0.757848
-0.984672
0.755599
-0.98445
0.753076
-0.984198
0.750281
-0.983915
0.747209
-0.9836
0.743855
-0.983253
0.740217
-0.982871
0.736293
-0.982453
0.732076
-0.981997
0.727563
-0.981503
0.722748
-0.980967
0.717627
-0.980388
0.712191
-0.979763
0.706436
-0.97909
0.700354
-0.978366
0.693934
-0.977588
0.687174
-0.976753
0.680058
-0.975855
0.672578
-0.974892
0.66472
-0.973859
0.656476
-0.972749
0.647828
-0.971557
0.638762
-0.970276
0.629262
-0.968898
0.619305
-0.967414
0.608877
-0.965814
0.597945
-0.964084
0.586489
-0.962213
0.574474
-0.960181
0.56187
-0.957971
0.548632
-0.955558
0.534721
-0.952915
0.520078
-0.950005
0.504643
-0.946786
0.48835
-0.943203
0.471097
-0.939186
0.452782
-0.934643
0.433279
0.412413
0.389973
0.365664
0.339098
0.309695
0.276533
0.238093
0.191173
0.126736
0.110632
0.181949
0.231551
0.271632
0.30594
0.336246
0.363549
0.388485
0.411478
0.432833
0.452782
-0.955938
0.471511
-0.958065
0.489144
-0.959997
0.505804
-0.961765
0.521579
-0.963393
0.536546
-0.964899
0.55077
-0.966299
0.564307
-0.967604
0.577202
-0.968825
0.589499
-0.96997
0.601229
-0.971047
0.612425
-0.972062
0.623118
-0.973019
0.633328
-0.973923
0.64308
-0.974779
0.652395
-0.975589
0.661285
-0.976357
0.66977
-0.977085
0.677865
-0.977775
0.685583
-0.97843
0.692933
-0.979052
0.699926
-0.97964
0.706577
-0.980199
0.71289
-0.980728
0.718877
-0.981228
0.724541
-0.981701
0.729892
-0.982148
0.734936
-0.982569
0.739676
-0.982965
0.744123
-0.983337
0.748278
-0.983685
0.752145
-0.984009
0.755731
-0.984311
0.759036
-0.984589
0.762065
-0.984846
0.764822
-0.985079
0.767308
-0.985291
0.769528
-0.985481
0.771481
-0.985649
0.773168
-0.985795
0.774596
-0.985919
0.77576
-0.986021
0.776666
-0.9861
0.777312
-0.986158
0.777699
-0.986192
0.777828
-0.986204
0.777699
-0.986192
0.777312
-0.986157
0.776666
-0.986097
0.77576
-0.986013
0.774596
-0.985904
0.773168
-0.985769
0.771481
-0.985607
0.769528
-0.985419
0.767308
-0.985202
0.764822
-0.984957
0.762065
-0.984681
0.759036
-0.984375
0.755731
-0.984036
0.752145
-0.983665
0.748278
-0.983258
0.744123
-0.982815
0.739676
-0.982334
0.734936
-0.981813
0.729892
-0.98125
0.724541
-0.980643
0.718877
-0.97999
0.71289
-0.979288
0.706577
-0.978533
0.699926
-0.977723
0.692933
-0.976855
0.685583
-0.975923
0.677865
-0.974924
0.66977
-0.973853
0.661285
-0.972703
0.652395
-0.971469
0.64308
-0.970143
0.633328
-0.968717
0.623118
-0.967182
0.612425
-0.965526
0.601229
-0.963737
0.589499
-0.9618
0.577202
-0.959697
0.564307
-0.957409
0.55077
-0.954909
0.536546
-0.952168
0.521579
-0.949149
0.505804
-0.945805
0.489144
-0.942077
0.471511
-0.937891
0.452782
-0.933147
0.432833
0.411478
0.388485
0.363549
0.336246
0.30594
0.271632
0.231551
0.181949
0.110632
0.0874661
0.169967
0.223114
0.26519
0.300864
0.332206
0.360345
0.385986
0.409587
0.431484
0.451925
-0.955862
0.471097
-0.95803
0.489144
-0.959997
0.506189
-0.961795
0.522329
-0.963449
0.53764
-0.964979
0.552192
-0.966399
0.566043
-0.967723
0.579239
-0.968961
0.591828
-0.970123
0.60384
-0.971215
0.615313
-0.972244
0.626277
-0.973215
0.636747
-0.974133
0.646759
-0.975002
0.656326
-0.975824
0.665466
-0.976605
0.674197
-0.977345
0.682533
-0.978047
0.690491
-0.978714
0.698078
-0.979347
0.705309
-0.979948
0.712191
-0.980519
0.718737
-0.98106
0.724953
-0.981573
0.730848
-0.982058
0.736428
-0.982518
0.741702
-0.982952
0.746672
-0.983361
0.751347
-0.983746
0.755731
-0.984107
0.759828
-0.984446
0.763641
-0.984762
0.767178
-0.985055
0.77044
-0.985327
0.773428
-0.985576
0.776148
-0.985804
0.778602
-0.98601
0.780791
-0.986196
0.782718
-0.986359
0.784386
-0.986502
0.785794
-0.986622
0.786944
-0.986722
0.787838
-0.9868
0.788476
-0.986855
0.788859
-0.986889
0.788986
-0.9869
0.788859
-0.986889
0.788476
-0.986854
0.787838
-0.986796
0.786944
-0.986714
0.785794
-0.986608
0.784386
-0.986476
0.782718
-0.986319
0.780791
-0.986134
0.778602
-0.985923
0.776148
-0.985684
0.773428
-0.985415
0.77044
-0.985116
0.767178
-0.984786
0.763641
-0.984424
0.759828
-0.984028
0.755731
-0.983596
0.751347
-0.983127
0.746672
-0.98262
0.741702
-0.982073
0.736428
-0.981483
0.730848
-0.980848
0.724953
-0.980165
0.718737
-0.979433
0.712191
-0.978647
0.705309
-0.977804
0.698078
-0.976901
0.690491
-0.975934
0.682533
-0.974897
0.674197
-0.973785
0.665466
-0.972594
0.656326
-0.971315
0.646759
-0.969941
0.636747
-0.968464
0.626277
-0.966874
0.615313
-0.965159
0.60384
-0.963306
0.591828
-0.961299
0.579239
-0.959119
0.566043
-0.956746
0.552192
-0.954151
0.53764
-0.951303
0.522329
-0.948163
0.506189
-0.944679
0.489144
-0.940791
0.471097
-0.936415
0.451925
-0.931444
0.431484
0.409587
0.385986
0.360345
0.332206
0.300864
0.26519
0.223114
0.169967
0.0874661
0.0479215
0.154631
0.212542
0.25709
0.2944
0.32694
0.356037
0.382461
0.40674
0.429229
0.450201
-0.955708
0.469853
-0.957925
0.48835
-0.959933
0.505804
-0.961765
0.522329
-0.963449
0.538002
-0.965005
0.552901
-0.966449
0.567082
-0.967794
0.580596
-0.969052
0.593486
-0.970232
0.605794
-0.97134
0.617554
-0.972385
0.628792
-0.973371
0.639535
-0.974303
0.649809
-0.975185
0.659637
-0.976021
0.66903
-0.976815
0.678011
-0.977567
0.686595
-0.978282
0.694794
-0.978961
0.702622
-0.979607
0.710091
-0.98022
0.71721
-0.980803
0.723989
-0.981356
0.730439
-0.981881
0.736564
-0.982379
0.742374
-0.982851
0.747877
-0.983297
0.753076
-0.98372
0.757979
-0.984118
0.762591
-0.984493
0.766916
-0.984845
0.770959
-0.985175
0.774725
-0.985482
0.778214
-0.985768
0.781434
-0.986033
0.784386
-0.986277
0.787072
-0.986499
0.789495
-0.9867
0.791658
-0.986881
0.793561
-0.987041
0.795207
-0.98718
0.796598
-0.987298
0.797734
-0.987395
0.798617
-0.987471
0.799248
-0.987525
0.799625
-0.987558
0.799751
-0.987569
0.799625
-0.987558
0.799248
-0.987524
0.798617
-0.987468
0.797734
-0.987388
0.796598
-0.987283
0.795207
-0.987155
0.793561
-0.987001
0.791658
-0.986821
0.789495
-0.986615
0.787072
-0.986381
0.784386
-0.986119
0.781434
-0.985827
0.778214
-0.985505
0.774725
-0.985151
0.770959
-0.984764
0.766916
-0.984344
0.762591
-0.983887
0.757979
-0.983392
0.753076
-0.982859
0.747877
-0.982284
0.742374
-0.981666
0.736564
-0.981002
0.730439
-0.980289
0.723989
-0.979525
0.71721
-0.978707
0.710091
-0.97783
0.702622
-0.976892
0.694794
-0.975886
0.686595
-0.97481
0.678011
-0.973657
0.66903
-0.972421
0.659637
-0.971095
0.649809
-0.969671
0.639535
-0.96814
0.628792
-0.966491
0.617554
-0.964712
0.605794
-0.96279
0.593486
-0.960707
0.580596
-0.958444
0.567082
-0.955978
0.552901
-0.953279
0.538002
-0.950314
0.522329
-0.94704
0.505804
-0.943403
0.48835
-0.939334
0.469853
-0.934744
0.450201
-0.929516
0.429229
0.40674
0.382461
0.356037
0.32694
0.2944
0.25709
0.212542
0.154631
0.0479215
0.134794
0.199524
0.247192
0.286448
0.320395
0.350573
0.377881
0.402908
0.426056
0.447603
-0.955475
0.467779
-0.957748
0.486748
-0.959803
0.504643
-0.961675
0.521579
-0.963393
0.53764
-0.964979
0.552901
-0.966449
0.567427
-0.967818
0.581272
-0.969097
0.594479
-0.970296
0.607094
-0.971423
0.619149
-0.972485
0.630672
-0.973487
0.641697
-0.974434
0.652241
-0.975331
0.662332
-0.976181
0.671987
-0.976988
0.681224
-0.977754
0.690059
-0.978482
0.698505
-0.979173
0.706577
-0.979831
0.714286
-0.980457
0.721644
-0.981052
0.728659
-0.981617
0.735343
-0.982155
0.741702
-0.982665
0.747743
-0.983149
0.753474
-0.983609
0.758904
-0.984044
0.764036
-0.984455
0.768876
-0.984843
0.773428
-0.985208
0.777699
-0.985551
0.781691
-0.985873
0.785411
-0.986173
0.788859
-0.986453
0.792038
-0.986711
0.794955
-0.986949
0.797608
-0.987166
0.800003
-0.987363
0.802139
-0.987539
0.804022
-0.987695
0.805648
-0.987831
0.807023
-0.987947
0.808146
-0.988042
0.809019
-0.988116
0.809642
-0.988169
0.810015
-0.988201
0.81014
-0.988212
0.810015
-0.988201
0.809642
-0.988168
0.809019
-0.988113
0.808146
-0.988034
0.807023
-0.987933
0.805648
-0.987807
0.804022
-0.987656
0.802139
-0.98748
0.800003
-0.987279
0.797608
-0.98705
0.794955
-0.986794
0.792038
-0.986509
0.788859
-0.986194
0.785411
-0.985848
0.781691
-0.985471
0.777699
-0.98506
0.773428
-0.984614
0.768876
-0.984131
0.764036
-0.983611
0.758904
-0.98305
0.753474
-0.982447
0.747743
-0.9818
0.741702
-0.981106
0.735343
-0.980362
0.728659
-0.979566
0.721644
-0.978714
0.714286
-0.977802
0.706577
-0.976826
0.698505
-0.975782
0.690059
-0.974664
0.681224
-0.973467
0.671987
-0.972184
0.662332
-0.970808
0.652241
-0.96933
0.641697
-0.967741
0.630672
-0.96603
0.619149
-0.964183
0.607094
-0.962187
0.594479
-0.960022
0.581272
-0.957668
0.567427
-0.955101
0.552901
-0.952289
0.53764
-0.949195
0.521579
-0.945773
0.504643
-0.941964
0.486748
-0.937694
0.467779
-0.932864
0.447603
-0.927343
0.426056
0.402908
0.377881
0.350573
0.320395
0.286448
0.247192
0.199524
0.134794
0.108006
0.183511
0.235256
0.276886
0.312474
0.343905
0.372215
0.398078
0.421938
0.444123
-0.95516
0.46486
-0.957498
0.484343
-0.959607
0.502707
-0.961524
0.520078
-0.96328
0.536546
-0.964899
0.552192
-0.966399
0.567082
-0.967794
0.581272
-0.969097
0.594812
-0.970318
0.607741
-0.971465
0.620101
-0.972545
0.631924
-0.973564
0.643232
-0.974527
0.654059
-0.97544
0.664424
-0.976305
0.674344
-0.977125
0.68384
-0.977905
0.692933
-0.978646
0.70163
-0.979351
0.70995
-0.980022
0.717904
-0.98066
0.725503
-0.981267
0.732758
-0.981845
0.739676
-0.982395
0.746271
-0.982918
0.752545
-0.983415
0.758507
-0.983887
0.764167
-0.984334
0.769528
-0.984758
0.774596
-0.985159
0.779375
-0.985537
0.783873
-0.985894
0.788093
-0.986229
0.792038
-0.986543
0.795714
-0.986836
0.799122
-0.987109
0.802266
-0.987362
0.805148
-0.987594
0.807773
-0.987806
0.81014
-0.987999
0.812253
-0.988172
0.814113
-0.988324
0.815723
-0.988457
0.817082
-0.98857
0.818193
-0.988663
0.819056
-0.988736
0.819672
-0.988788
0.820041
-0.988819
0.820165
-0.98883
0.820041
-0.988819
0.819672
-0.988787
0.819056
-0.988733
0.818193
-0.988656
0.817082
-0.988556
0.815723
-0.988433
0.814113
-0.988286
0.812253
-0.988114
0.81014
-0.987916
0.807773
-0.987693
0.805148
-0.987442
0.802266
-0.987163
0.799122
-0.986855
0.795714
-0.986517
0.792038
-0.986148
0.788093
-0.985746
0.783873
-0.98531
0.779375
-0.984839
0.774596
-0.984331
0.769528
-0.983783
0.764167
-0.983195
0.758507
-0.982563
0.752545
-0.981887
0.746271
-0.981162
0.739676
-0.980386
0.732758
-0.979556
0.725503
-0.978668
0.717904
-0.977719
0.70995
-0.976704
0.70163
-0.975619
0.692933
-0.974458
0.68384
-0.973214
0.674344
-0.971882
0.664424
-0.970453
0.654059
-0.968918
0.643232
-0.967267
0.631924
-0.965489
0.620101
-0.963569
0.607741
-0.961492
0.594812
-0.959239
0.581272
-0.956788
0.567082
-0.95411
0.552192
-0.951173
0.536546
-0.947938
0.520078
-0.944352
0.502707
-0.940353
0.484343
-0.935858
0.46486
-0.930756
0.444123
-0.924901
0.421938
0.398078
0.372215
0.343905
0.312474
0.276886
0.235256
0.183511
0.108006
0.0663481
0.163661
0.220954
0.265544
0.303089
0.335955
0.365402
0.392201
0.416856
0.439727
-0.954759
0.46108
-0.957172
0.481112
-0.959342
0.499986
-0.96131
0.517822
-0.96311
0.534721
-0.964766
0.55077
-0.966299
0.566043
-0.967723
0.580596
-0.969052
0.594479
-0.970296
0.607741
-0.971465
0.62042
-0.972565
0.632549
-0.973602
0.644154
-0.974583
0.655268
-0.975512
0.665912
-0.976392
0.676105
-0.977228
0.685871
-0.978022
0.695222
-0.978777
0.704179
-0.979495
0.712751
-0.980179
0.720952
-0.98083
0.728797
-0.98145
0.736293
-0.982041
0.74345
-0.982603
0.750281
-0.983139
0.75679
-0.983648
0.762985
-0.984132
0.768876
-0.984592
0.774465
-0.985029
0.779762
-0.985442
0.78477
-0.985834
0.789495
-0.986203
0.793942
-0.986552
0.798113
-0.986879
0.802014
-0.987186
0.805648
-0.987473
0.809019
-0.98774
0.812129
-0.987987
0.814981
-0.988214
0.817576
-0.988422
0.819918
-0.988611
0.822009
-0.98878
0.82385
-0.988929
0.825442
-0.989059
0.826787
-0.98917
0.827887
-0.989261
0.82874
-0.989332
0.82935
-0.989383
0.829716
-0.989414
0.829838
-0.989424
0.829716
-0.989414
0.82935
-0.989382
0.82874
-0.989329
0.827887
-0.989254
0.826787
-0.989156
0.825442
-0.989035
0.82385
-0.988891
0.822009
-0.988723
0.819918
-0.988529
0.817576
-0.98831
0.814981
-0.988064
0.812129
-0.987791
0.809019
-0.98749
0.805648
-0.987159
0.802014
-0.986798
0.798113
-0.986405
0.793942
-0.985978
0.789495
-0.985517
0.78477
-0.98502
0.779762
-0.984485
0.774465
-0.98391
0.768876
-0.983293
0.762985
-0.982633
0.75679
-0.981925
0.750281
-0.981168
0.74345
-0.980359
0.736293
-0.979494
0.728797
-0.97857
0.720952
-0.977582
0.712751
-0.976526
0.704179
-0.975398
0.695222
-0.97419
0.685871
-0.972898
0.676105
-0.971513
0.665912
-0.970028
0.655268
-0.968432
0.644154
-0.966715
0.632549
-0.964865
0.62042
-0.962867
0.607741
-0.960704
0.594479
-0.958355
0.580596
-0.955796
0.566043
-0.952998
0.55077
-0.949925
0.534721
-0.946533
0.517822
-0.942766
0.499986
-0.938554
0.481112
-0.933804
0.46108
-0.928395
0.439727
-0.922157
0.416856
0.392201
0.365402
0.335955
0.303089
0.265544
0.220954
0.163661
0.0663481
0.138307
0.203791
0.252185
0.292101
0.326648
0.357389
0.385231
0.41077
0.434393
0.456416
-0.956766
0.477053
-0.959006
0.496459
-0.961032
0.514794
-0.962881
0.532156
-0.964579
0.548632
-0.966148
0.564307
-0.967604
0.579239
-0.968961
0.593486
-0.970232
0.607094
-0.971423
0.620101
-0.972545
0.632549
-0.973602
0.644463
-0.974602
0.655873
-0.975548
0.666804
-0.976445
0.677279
-0.977296
0.687319
-0.978105
0.696938
-0.978875
0.706155
-0.979607
0.714984
-0.980304
0.723438
-0.980969
0.731531
-0.981602
0.739272
-0.982206
0.746672
-0.98278
0.75374
-0.983328
0.760487
-0.98385
0.766916
-0.984347
0.773039
-0.984819
0.77886
-0.985268
0.784386
-0.985694
0.789623
-0.986098
0.794574
-0.986481
0.799248
-0.986842
0.803646
-0.987183
0.807773
-0.987504
0.811632
-0.987804
0.815228
-0.988085
0.818563
-0.988346
0.82164
-0.988588
0.824462
-0.988811
0.827032
-0.989014
0.82935
-0.989199
0.83142
-0.989364
0.833242
-0.989511
0.834819
-0.989639
0.83615
-0.989747
0.837238
-0.989836
0.838084
-0.989906
0.838688
-0.989956
0.83905
-0.989986
0.83917
-0.989996
0.83905
-0.989986
0.838688
-0.989955
0.838084
-0.989903
0.837238
-0.989829
0.83615
-0.989733
0.834819
-0.989615
0.833242
-0.989474
0.83142
-0.989308
0.82935
-0.989119
0.827032
-0.988904
0.824462
-0.988663
0.82164
-0.988395
0.818563
-0.9881
0.815228
-0.987776
0.811632
-0.987422
0.807773
-0.987037
0.803646
-0.986619
0.799248
-0.986168
0.794574
-0.985681
0.789623
-0.985158
0.784386
-0.984595
0.77886
-0.983992
0.773039
-0.983346
0.766916
-0.982655
0.760487
-0.981915
0.75374
-0.981125
0.746672
-0.980281
0.739272
-0.97938
0.731531
-0.978418
0.723438
-0.977389
0.714984
-0.976291
0.706155
-0.975117
0.696938
-0.973861
0.687319
-0.972517
0.677279
-0.971076
0.666804
-0.969531
0.655873
-0.96787
0.644463
-0.966083
0.632549
-0.964157
0.620101
-0.962074
0.607094
-0.959817
0.593486
-0.957363
0.579239
-0.954688
0.564307
-0.951758
0.548632
-0.948535
0.532156
-0.94497
0.514794
-0.941001
0.496459
-0.93655
0.477053
-0.931515
0.456416
-0.925753
0.434393
0.41077
0.385231
0.357389
0.326648
0.292101
0.252185
0.203791
0.138307
0.10347
0.182985
0.236477
0.279307
0.315853
0.348087
0.377113
0.40363
0.428097
0.450847
-0.956275
0.472124
-0.958595
0.492121
-0.960687
0.510987
-0.96259
0.528836
-0.964335
0.545768
-0.965944
0.56187
-0.967436
0.577202
-0.968825
0.591828
-0.970123
0.605794
-0.97134
0.619149
-0.972485
0.631924
-0.973564
0.644154
-0.974583
0.655873
-0.975548
0.667101
-0.976462
0.677865
-0.97733
0.688186
-0.978155
0.698078
-0.978939
0.707562
-0.979686
0.716654
-0.980398
0.725366
-0.981076
0.733712
-0.981722
0.741702
-0.982339
0.749347
-0.982927
0.756657
-0.983487
0.763641
-0.984022
0.770308
-0.984531
0.776666
-0.985016
0.782718
-0.985477
0.788476
-0.985916
0.793942
-0.986333
0.799122
-0.986728
0.804022
-0.987102
0.808645
-0.987456
0.812998
-0.987789
0.817082
-0.988103
0.820903
-0.988397
0.824462
-0.988672
0.827764
-0.988928
0.830812
-0.989165
0.833606
-0.989384
0.83615
-0.989583
0.838446
-0.989764
0.840497
-0.989927
0.842301
-0.990071
0.843863
-0.990196
0.845182
-0.990302
0.84626
-0.99039
0.847097
-0.990458
0.847695
-0.990507
0.848053
-0.990537
0.848173
-0.990547
0.848053
-0.990537
0.847695
-0.990507
0.847097
-0.990455
0.84626
-0.990383
0.845182
-0.990289
0.843863
-0.990173
0.842301
-0.990034
0.840497
-0.989872
0.838446
-0.989685
0.83615
-0.989475
0.833606
-0.989239
0.830812
-0.988976
0.827764
-0.988686
0.824462
-0.988368
0.820903
-0.988021
0.817082
-0.987643
0.812998
-0.987234
0.808645
-0.986792
0.804022
-0.986315
0.799122
-0.985803
0.793942
-0.985252
0.788476
-0.984661
0.782718
-0.984029
0.776666
-0.983353
0.770308
-0.98263
0.763641
-0.981858
0.756657
-0.981033
0.749347
-0.980153
0.741702
-0.979214
0.733712
-0.978211
0.725366
-0.977141
0.716654
-0.975997
0.707562
-0.974775
0.698078
-0.973468
0.688186
-0.972069
0.677865
-0.970569
0.667101
-0.96896
0.655873
-0.96723
0.644154
-0.965367
0.631924
-0.963358
0.619149
-0.961184
0.605794
-0.958825
0.591828
-0.956259
0.577202
-0.953456
0.56187
-0.950382
0.545768
-0.946992
0.528836
-0.943235
0.510987
-0.939041
0.492121
-0.934321
0.472124
-0.92896
0.450847
-0.922796
0.428097
0.40363
0.377113
0.348087
0.315853
0.279307
0.236477
0.182985
0.10347
0.0391602
0.157073
0.217886
0.264457
0.303411
0.337393
0.367772
0.395392
0.420787
0.44434
-0.955693
0.466323
-0.958104
0.486947
-0.96027
0.506381
-0.962236
0.524755
-0.964033
0.54217
-0.965687
0.558717
-0.967218
0.574474
-0.968641
0.589499
-0.96997
0.60384
-0.971215
0.617554
-0.972385
0.630672
-0.973487
0.643232
-0.974527
0.655268
-0.975512
0.666804
-0.976445
0.677865
-0.97733
0.688472
-0.978171
0.698648
-0.978972
0.708406
-0.979734
0.717766
-0.98046
0.726739
-0.981152
0.735343
-0.981812
0.743586
-0.982442
0.751479
-0.983043
0.759036
-0.983617
0.766263
-0.984164
0.773168
-0.984686
0.779762
-0.985183
0.78605
-0.985657
0.792038
-0.986108
0.797734
-0.986538
0.803144
-0.986945
0.808271
-0.987332
0.813122
-0.987699
0.8177
-0.988045
0.822009
-0.988372
0.826054
-0.988679
0.829838
-0.988968
0.833363
-0.989237
0.836635
-0.989488
0.839652
-0.989721
0.842421
-0.989935
0.844942
-0.990131
0.847217
-0.990309
0.849248
-0.990468
0.851037
-0.990609
0.852584
-0.990732
0.85389
-0.990837
0.854959
-0.990923
0.855789
-0.99099
0.856382
-0.991038
0.856737
-0.991067
0.856855
-0.991077
0.856737
-0.991067
0.856382
-0.991037
0.855789
-0.990987
0.854959
-0.990916
0.85389
-0.990824
0.852584
-0.99071
0.851037
-0.990573
0.849248
-0.990414
0.847217
-0.990231
0.844942
-0.990024
0.842421
-0.989792
0.839652
-0.989534
0.836635
-0.98925
0.833363
-0.988938
0.829838
-0.988597
0.826054
-0.988227
0.822009
-0.987825
0.8177
-0.987391
0.813122
-0.986924
0.808271
-0.986421
0.803144
-0.985881
0.797734
-0.985303
0.792038
-0.984683
0.78605
-0.984021
0.779762
-0.983314
0.773168
-0.982558
0.766263
-0.981752
0.759036
-0.980891
0.751479
-0.979974
0.743586
-0.978994
0.735343
-0.97795
0.726739
-0.976834
0.717766
-0.975644
0.708406
-0.974371
0.698648
-0.97301
0.688472
-0.971552
0.677865
-0.969989
0.666804
-0.968312
0.655268
-0.966508
0.643232
-0.964564
0.630672
-0.962465
0.617554
-0.960192
0.60384
-0.957723
0.589499
-0.955034
0.574474
-0.952091
0.558717
-0.948857
0.54217
-0.945285
0.524755
-0.941313
0.506381
-0.936866
0.486947
-0.931843
0.466323
-0.92611
0.44434
-0.919483
0.420787
0.395392
0.367772
0.337393
0.303411
0.264457
0.217886
0.157073
0.0391602
0.122915
0.195644
0.247192
0.289122
0.325168
0.35712
0.385986
0.412413
0.436846
-0.955012
0.459601
-0.957528
0.480911
-0.959779
0.500957
-0.961814
0.519888
-0.96367
0.53782
-0.965374
0.554847
-0.966948
0.571047
-0.968409
0.586489
-0.969772
0.601229
-0.971047
0.615313
-0.972244
0.628792
-0.973371
0.641697
-0.974434
0.654059
-0.97544
0.665912
-0.976392
0.677279
-0.977296
0.688186
-0.978155
0.698648
-0.978972
0.708689
-0.97975
0.718322
-0.980491
0.727563
-0.981197
0.736428
-0.981872
0.744929
-0.982516
0.753076
-0.98313
0.760881
-0.983717
0.768354
-0.984277
0.7755
-0.984811
0.782334
-0.985321
0.788859
-0.985808
0.795081
-0.986272
0.801009
-0.986713
0.806648
-0.987134
0.812005
-0.987533
0.817082
-0.987912
0.821886
-0.988271
0.82642
-0.988611
0.830689
-0.988932
0.834698
-0.989233
0.838446
-0.989516
0.84194
-0.989781
0.845182
-0.990027
0.848173
-0.990255
0.850918
-0.990466
0.853415
-0.990658
0.855671
-0.990833
0.857684
-0.990989
0.859457
-0.991128
0.860991
-0.991249
0.862287
-0.991351
0.863346
-0.991436
0.864169
-0.991502
0.864756
-0.991549
0.865109
-0.991578
0.865226
-0.991588
0.865109
-0.991578
0.864756
-0.991548
0.864169
-0.991499
0.863346
-0.991429
0.862287
-0.991338
0.860991
-0.991226
0.859457
-0.991092
0.857684
-0.990936
0.855671
-0.990756
0.853415
-0.990552
0.850918
-0.990325
0.848173
-0.990071
0.845182
-0.989792
0.84194
-0.989485
0.838446
-0.989151
0.834698
-0.988787
0.830689
-0.988393
0.82642
-0.987967
0.821886
-0.987508
0.817082
-0.987015
0.812005
-0.986485
0.806648
-0.985918
0.801009
-0.98531
0.795081
-0.984661
0.788859
-0.983968
0.782334
-0.983228
0.7755
-0.982439
0.768354
-0.981597
0.760881
-0.980699
0.753076
-0.979742
0.744929
-0.978721
0.736428
-0.977632
0.727563
-0.97647
0.718322
-0.975229
0.708689
-0.973902
0.698648
-0.972484
0.688186
-0.970964
0.677279
-0.969334
0.665912
-0.967584
0.654059
-0.9657
0.641697
-0.963668
0.628792
-0.961473
0.615313
-0.959092
0.601229
-0.956504
0.586489
-0.953679
0.571047
-0.950583
0.554847
-0.947173
0.53782
-0.943396
0.519888
-0.939185
0.500957
-0.934453
0.480911
-0.929085
0.459601
-0.922925
0.436846
-0.915757
0.412413
0.385986
0.35712
0.325168
0.289122
0.247192
0.195644
0.122915
0.0691769
0.168254
0.226949
0.272696
0.311241
0.345019
0.375317
0.402908
0.428328
0.451925
-0.956859
0.47398
-0.959207
0.494689
-0.961321
0.514226
-0.963243
0.532702
-0.965002
0.550236
-0.966624
0.566906
-0.968128
0.582791
-0.969527
0.597945
-0.970835
0.612425
-0.972062
0.626277
-0.973215
0.639535
-0.974303
0.652241
-0.975331
0.664424
-0.976305
0.676105
-0.977228
0.687319
-0.978105
0.698078
-0.978939
0.708406
-0.979734
0.718322
-0.980491
0.727838
-0.981213
0.73697
-0.981902
0.745733
-0.98256
0.754138
-0.983188
0.762198
-0.983788
0.769919
-0.984361
0.777312
-0.984909
0.784386
-0.985432
0.79115
-0.985931
0.797608
-0.986407
0.803771
-0.986861
0.809642
-0.987294
0.815228
-0.987706
0.820532
-0.988097
0.825564
-0.988469
0.830324
-0.988822
0.834819
-0.989155
0.83905
-0.989469
0.843023
-0.989765
0.846739
-0.990043
0.850202
-0.990303
0.853415
-0.990545
0.856382
-0.99077
0.859103
-0.990976
0.86158
-0.991165
0.863816
-0.991337
0.865813
-0.991491
0.867571
-0.991627
0.869093
-0.991746
0.870378
-0.991847
0.871429
-0.99193
0.872245
-0.991995
0.872828
-0.992041
0.873177
-0.99207
0.873294
-0.992079
0.873177
-0.992069
0.872828
-0.992041
0.872245
-0.991992
0.871429
-0.991923
0.870378
-0.991834
0.869093
-0.991724
0.867571
-0.991592
0.865813
-0.991438
0.863816
-0.991261
0.86158
-0.991061
0.859103
-0.990837
0.856382
-0.990588
0.853415
-0.990313
0.850202
-0.990012
0.846739
-0.989683
0.843023
-0.989325
0.83905
-0.988938
0.834819
-0.988519
0.830324
-0.988069
0.825564
-0.987584
0.820532
-0.987064
0.815228
-0.986508
0.809642
-0.985912
0.803771
-0.985275
0.797608
-0.984595
0.79115
-0.983869
0.784386
-0.983096
0.777312
-0.982271
0.769919
-0.981392
0.762198
-0.980455
0.754138
-0.979456
0.745733
-0.978392
0.73697
-0.977256
0.727838
-0.976044
0.718322
-0.97475
0.708406
-0.973367
0.698078
-0.971887
0.687319
-0.970301
0.676105
-0.9686
0.664424
-0.966771
0.652241
-0.964801
0.639535
-0.962675
0.626277
-0.960375
0.612425
-0.957878
0.597945
-0.955158
0.582791
-0.952185
0.566906
-0.94892
0.550236
-0.945315
0.532702
-0.94131
0.514226
-0.93683
0.494689
-0.931774
0.47398
-0.92601
0.451925
-0.919356
0.428328
0.402908
0.375317
0.345019
0.311241
0.272696
0.226949
0.168254
0.0691769
0.132626
0.202857
0.25371
0.295369
0.331338
0.36328
0.392201
0.418713
0.443246
-0.956088
0.466113
-0.958547
0.487551
-0.960751
0.507731
-0.962747
0.526797
-0.964569
0.544874
-0.966245
0.562046
-0.967794
0.578392
-0.969234
0.593984
-0.970577
0.608877
-0.971836
0.623118
-0.973019
0.636747
-0.974133
0.649809
-0.975185
0.662332
-0.976181
0.674344
-0.977125
0.685871
-0.978022
0.696938
-0.978875
0.707562
-0.979686
0.717766
-0.98046
0.727563
-0.981197
0.73697
-0.981902
0.746002
-0.982574
0.75467
-0.983217
0.762985
-0.98383
0.770959
-0.984417
0.778602
-0.984978
0.785922
-0.985514
0.792928
-0.986026
0.799625
-0.986515
0.806023
-0.986982
0.812129
-0.987427
0.817946
-0.987851
0.823481
-0.988255
0.828741
-0.988639
0.833727
-0.989004
0.838446
-0.98935
0.842902
-0.989677
0.847097
-0.989986
0.851037
-0.990277
0.854722
-0.99055
0.858157
-0.990806
0.861345
-0.991044
0.864287
-0.991264
0.866986
-0.991467
0.869443
-0.991654
0.871662
-0.991822
0.873643
-0.991974
0.875388
-0.992108
0.876897
-0.992225
0.878172
-0.992324
0.879214
-0.992405
0.880025
-0.992469
0.880603
-0.992515
0.880949
-0.992543
0.881065
-0.992552
0.880949
-0.992543
0.880603
-0.992514
0.880025
-0.992467
0.879214
-0.992399
0.878172
-0.992311
0.876897
-0.992202
0.875388
-0.992073
0.873643
-0.991921
0.871662
-0.991747
0.869443
-0.99155
0.866986
-0.99133
0.864287
-0.991085
0.861345
-0.990814
0.858157
-0.990518
0.854722
-0.990194
0.851037
-0.989843
0.847097
-0.989462
0.842902
-0.989051
0.838446
-0.988607
0.833727
-0.988131
0.828741
-0.98762
0.823481
-0.987073
0.817946
-0.986488
0.812129
-0.985863
0.806023
-0.985195
0.799625
-0.984483
0.792928
-0.983724
0.785922
-0.982916
0.778602
-0.982054
0.770959
-0.981136
0.762985
-0.980158
0.75467
-0.979116
0.746002
-0.978005
0.73697
-0.976821
0.727563
-0.975556
0.717766
-0.974206
0.707562
-0.972762
0.696938
-0.971217
0.685871
-0.969561
0.674344
-0.967782
0.662332
-0.965869
0.649809
-0.963807
0.636747
-0.961579
0.623118
-0.959165
0.608877
-0.95654
0.593984
-0.953677
0.578392
-0.950541
0.562046
-0.947088
0.544874
-0.943265
0.526797
-0.939004
0.507731
-0.934219
0.487551
-0.928795
0.466113
-0.922574
0.443246
-0.915344
0.418713
0.392201
0.36328
0.331338
0.295369
0.25371
0.202857
0.132626
0.0782232
0.173316
0.231551
0.277231
0.315853
0.349745
0.38018
0.407926
0.4335
0.457265
-0.957791
0.479492
-0.960098
0.500375
-0.962178
0.520078
-0.96407
0.538731
-0.965805
0.556432
-0.967405
0.573277
-0.96889
0.589331
-0.970273
0.604657
-0.971566
0.619305
-0.97278
0.633328
-0.973923
0.646759
-0.975002
0.659637
-0.976021
0.671987
-0.976988
0.68384
-0.977905
0.695222
-0.978777
0.706155
-0.979607
0.716654
-0.980398
0.726739
-0.981152
0.736428
-0.981872
0.745733
-0.98256
0.75467
-0.983217
0.763249
-0.983845
0.771481
-0.984445
0.779375
-0.985019
0.786944
-0.985569
0.794194
-0.986094
0.801135
-0.986595
0.807772
-0.987075
0.814113
-0.987532
0.820165
-0.987969
0.825932
-0.988386
0.83142
-0.988783
0.836635
-0.98916
0.84158
-0.989518
0.84626
-0.989858
0.850679
-0.99018
0.85484
-0.990483
0.858748
-0.990769
0.862405
-0.991038
0.865813
-0.991289
0.868976
-0.991523
0.871895
-0.99174
0.874574
-0.99194
0.877013
-0.992123
0.879214
-0.992289
0.881181
-0.992438
0.882912
-0.99257
0.88441
-0.992685
0.885676
-0.992783
0.886711
-0.992864
0.887514
-0.992926
0.888088
-0.992972
0.888433
-0.992999
0.888547
-0.993008
0.888433
-0.992999
0.888088
-0.992971
0.887514
-0.992924
0.886711
-0.992857
0.885676
-0.99277
0.88441
-0.992664
0.882912
-0.992536
0.881181
-0.992386
0.879214
-0.992215
0.877013
-0.992021
0.874574
-0.991804
0.871895
-0.991563
0.868976
-0.991297
0.865813
-0.991005
0.862405
-0.990686
0.858748
-0.99034
0.85484
-0.989965
0.850679
-0.989561
0.84626
-0.989125
0.84158
-0.988656
0.836635
-0.988154
0.83142
-0.987616
0.825932
-0.987041
0.820165
-0.986426
0.814113
-0.98577
0.807772
-0.985071
0.801135
-0.984326
0.794194
-0.983532
0.786944
-0.982687
0.779375
-0.981787
0.771481
-0.980828
0.763249
-0.979807
0.75467
-0.978719
0.745733
-0.97756
0.736428
-0.976323
0.726739
-0.975003
0.716654
-0.973594
0.706155
-0.972085
0.695222
-0.97047
0.68384
-0.968738
0.671987
-0.966877
0.659637
-0.964873
0.646759
-0.962711
0.633328
-0.960372
0.619305
-0.957833
0.604657
-0.95507
0.589331
-0.952049
0.573277
-0.948731
0.556432
-0.945069
0.538731
-0.941003
0.520078
-0.936454
0.500375
-0.931322
0.479492
-0.925473
0.457265
-0.918721
0.4335
0.407926
0.38018
0.349745
0.315853
0.277231
0.231551
0.173316
0.0782232
0.134794
0.205208
0.256344
0.298294
0.334523
0.366724
0.395886
0.422627
0.447392
-0.956929
0.470476
-0.959354
0.492121
-0.961529
0.512509
-0.9635
0.531789
-0.965302
0.55006
-0.966959
0.567427
-0.968493
0.583969
-0.969919
0.599753
-0.971251
0.614834
-0.972499
0.629262
-0.973673
0.64308
-0.974779
0.656326
-0.975824
0.66903
-0.976815
0.681224
-0.977754
0.692933
-0.978646
0.704179
-0.979495
0.714984
-0.980304
0.725366
-0.981076
0.735343
-0.981812
0.744929
-0.982516
0.754138
-0.983188
0.762985
-0.98383
0.771481
-0.984445
0.779634
-0.985033
0.787455
-0.985596
0.794955
-0.986134
0.802139
-0.986649
0.809019
-0.987141
0.815599
-0.987611
0.821886
-0.988061
0.827887
-0.98849
0.833606
-0.988899
0.83905
-0.989289
0.844222
-0.989659
0.849128
-0.990012
0.853773
-0.990346
0.858157
-0.990662
0.862287
-0.990961
0.866165
-0.991242
0.869794
-0.991507
0.873177
-0.991754
0.876316
-0.991984
0.879214
-0.992198
0.881873
-0.992395
0.884295
-0.992575
0.886481
-0.992738
0.888433
-0.992885
0.890152
-0.993015
0.89164
-0.993129
0.892897
-0.993225
0.893923
-0.993304
0.894722
-0.993366
0.895292
-0.993411
0.895634
-0.993438
0.895748
-0.993447
0.895634
-0.993438
0.895292
-0.99341
0.894722
-0.993364
0.893923
-0.993298
0.892897
-0.993213
0.89164
-0.993107
0.890152
-0.992981
0.888433
-0.992834
0.886481
-0.992665
0.884295
-0.992474
0.881873
-0.99226
0.879214
-0.992022
0.876316
-0.99176
0.873177
-0.991473
0.869794
-0.991159
0.866165
-0.990818
0.862287
-0.990449
0.858157
-0.99005
0.853773
-0.989621
0.849128
-0.98916
0.844222
-0.988666
0.83905
-0.988137
0.833606
-0.987571
0.827887
-0.986966
0.821886
-0.986322
0.815599
-0.985634
0.809019
-0.984902
0.802139
-0.984122
0.794955
-0.983292
0.787455
-0.982408
0.779634
-0.981468
0.771481
-0.980467
0.762985
-0.9794
0.754138
-0.978264
0.744929
-0.977053
0.735343
-0.975762
0.725366
-0.974383
0.714984
-0.972909
0.704179
-0.971333
0.692933
-0.969643
0.681224
-0.967829
0.66903
-0.965879
0.656326
-0.963777
0.64308
-0.961506
0.629262
-0.959046
0.614834
-0.956372
0.599753
-0.953455
0.583969
-0.950259
0.567427
-0.946741
0.55006
-0.942846
0.531789
-0.938505
0.512509
-0.933628
0.492121
-0.928098
0.470476
-0.921757
0.447392
-0.914384
0.422627
0.395886
0.366724
0.334523
0.298294
0.256344
0.205208
0.134794
0.0744881
0.172761
0.231963
0.278277
0.317377
0.351669
0.382461
0.410527
0.436406
-0.955946
0.460448
-0.958508
0.482929
-0.960793
0.504067
-0.962855
0.524006
-0.964731
0.542891
-0.966451
0.560823
-0.96804
0.577882
-0.969514
0.594149
-0.970887
0.609683
-0.972172
0.62454
-0.973379
0.638762
-0.974516
0.652395
-0.975589
0.665466
-0.976605
0.678011
-0.977567
0.690059
-0.978482
0.70163
-0.979351
0.712751
-0.980179
0.723438
-0.980969
0.733712
-0.981722
0.743586
-0.982442
0.753076
-0.98313
0.762198
-0.983788
0.770959
-0.984417
0.779375
-0.985019
0.787455
-0.985596
0.795207
-0.986147
0.802642
-0.986675
0.809766
-0.987181
0.816588
-0.987664
0.823114
-0.988126
0.82935
-0.988567
0.835302
-0.988989
0.840977
-0.989391
0.846379
-0.989774
0.851512
-0.990139
0.856382
-0.990485
0.860991
-0.990814
0.865344
-0.991126
0.869443
-0.99142
0.873294
-0.991697
0.876897
-0.991957
0.880256
-0.9922
0.883373
-0.992427
0.886251
-0.992638
0.888892
-0.992832
0.891297
-0.993009
0.893467
-0.993171
0.895406
-0.993315
0.897113
-0.993444
0.898591
-0.993555
0.899839
-0.99365
0.90086
-0.993729
0.901653
-0.99379
0.902219
-0.993833
0.902558
-0.99386
0.902672
-0.993869
0.902558
-0.99386
0.902219
-0.993833
0.901653
-0.993787
0.90086
-0.993722
0.899839
-0.993638
0.898591
-0.993534
0.897113
-0.99341
0.895406
-0.993265
0.893467
-0.993098
0.891297
-0.99291
0.888892
-0.992699
0.886251
-0.992465
0.883373
-0.992206
0.880256
-0.991923
0.876897
-0.991613
0.873294
-0.991277
0.869443
-0.990914
0.865344
-0.990521
0.860991
-0.990098
0.856382
-0.989644
0.851512
-0.989157
0.846379
-0.988636
0.840977
-0.988079
0.835302
-0.987484
0.82935
-0.98685
0.823114
-0.986174
0.816588
-0.985453
0.809766
-0.984687
0.802642
-0.983871
0.795207
-0.983003
0.787455
-0.982079
0.779375
-0.981096
0.770959
-0.98005
0.762198
-0.978936
0.753076
-0.977749
0.743586
-0.976483
0.733712
-0.975133
0.723438
-0.973692
0.712751
-0.97215
0.70163
-0.970499
0.690059
-0.96873
0.678011
-0.966828
0.665466
-0.964782
0.652395
-0.962573
0.638762
-0.960184
0.62454
-0.957592
0.609683
-0.954769
0.594149
-0.951683
0.577882
-0.948294
0.560823
-0.944552
0.542891
-0.940394
0.524006
-0.935742
0.504067
-0.930491
0.482929
-0.924501
0.460448
-0.917584
0.436406
-0.909468
0.410527
0.382461
0.351669
0.317377
0.278277
0.231963
0.172761
0.0744881
0.129725
0.202857
0.255211
0.297972
0.334808
0.367516
0.3971
0.424232
0.449339
-0.957549
0.472745
-0.959961
0.494689
-0.962125
0.515364
-0.964086
0.534902
-0.965878
0.553434
-0.967527
0.571047
-0.969053
0.587826
-0.970473
0.60384
-0.971799
0.619149
-0.973042
0.633798
-0.974212
0.647828
-0.975314
0.661285
-0.976357
0.674197
-0.977345
0.686595
-0.978282
0.698505
-0.979173
0.70995
-0.980022
0.720952
-0.98083
0.731531
-0.981602
0.741702
-0.982339
0.751479
-0.983043
0.760881
-0.983717
0.769919
-0.984361
0.778602
-0.984978
0.786944
-0.985569
0.794955
-0.986134
0.802642
-0.986675
0.810015
-0.987194
0.817082
-0.98769
0.82385
-0.988165
0.830324
-0.988619
0.836513
-0.989053
0.842421
-0.989468
0.848053
-0.989863
0.853415
-0.99024
0.858512
-0.990599
0.863346
-0.99094
0.867922
-0.991264
0.872245
-0.991571
0.876316
-0.991861
0.88014
-0.992133
0.883719
-0.99239
0.887055
-0.99263
0.890152
-0.992853
0.89301
-0.993061
0.895634
-0.993252
0.898023
-0.993427
0.90018
-0.993586
0.902105
-0.993729
0.903802
-0.993855
0.90527
-0.993966
0.906511
-0.994059
0.907524
-0.994136
0.908313
-0.994197
0.908875
-0.99424
0.909212
-0.994266
0.909325
-0.994275
0.909212
-0.994266
0.908875
-0.994239
0.908313
-0.994194
0.907524
-0.99413
0.906511
-0.994047
0.90527
-0.993944
0.903802
-0.993822
0.902105
-0.993679
0.90018
-0.993515
0.898023
-0.993329
0.895634
-0.99312
0.89301
-0.992889
0.890152
-0.992634
0.887055
-0.992355
0.883719
-0.99205
0.88014
-0.991718
0.876316
-0.99136
0.872245
-0.990973
0.867922
-0.990556
0.863346
-0.990108
0.858512
-0.989628
0.853415
-0.989115
0.848053
-0.988566
0.842421
-0.98798
0.836513
-0.987356
0.830324
-0.98669
0.82385
-0.985981
0.817082
-0.985227
0.810015
-0.984424
0.802642
-0.983571
0.794955
-0.982663
0.786944
-0.981696
0.778602
-0.980669
0.769919
-0.979575
0.760881
-0.978411
0.751479
-0.97717
0.741702
-0.975847
0.731531
-0.974435
0.720952
-0.972926
0.70995
-0.971311
0.698505
-0.969582
0.686595
-0.967726
0.674197
-0.96573
0.661285
-0.963579
0.647828
-0.961255
0.633798
-0.958737
0.619149
-0.955999
0.60384
-0.953012
0.587826
-0.949739
0.571047
-0.946133
0.553434
-0.94214
0.534902
-0.937686
0.515364
-0.932678
0.494689
-0.926994
0.472745
-0.920469
0.449339
-0.912869
0.424232
0.3971
0.367516
0.334808
0.297972
0.255211
0.202857
0.129725
0.0552956
0.166533
0.228212
0.275844
0.315853
0.350848
0.382205
0.410771
0.437067
-0.956461
0.461502
-0.959021
0.484343
-0.961303
0.505804
-0.96336
0.526056
-0.965232
0.545232
-0.966949
0.563438
-0.968534
0.580766
-0.970005
0.597287
-0.971376
0.613067
-0.972659
0.628163
-0.973864
0.64262
-0.974999
0.656476
-0.97607
0.66977
-0.977085
0.682533
-0.978047
0.694794
-0.978961
0.706577
-0.979831
0.717904
-0.98066
0.728797
-0.98145
0.739272
-0.982206
0.749347
-0.982927
0.759036
-0.983617
0.768354
-0.984277
0.777312
-0.984909
0.785922
-0.985514
0.794194
-0.986094
0.802139
-0.986649
0.809766
-0.987181
0.817082
-0.98769
0.824095
-0.988178
0.830812
-0.988645
0.837238
-0.989091
0.843382
-0.989519
0.849248
-0.989927
0.85484
-0.990316
0.860165
-0.990687
0.865226
-0.991041
0.870028
-0.991377
0.874574
-0.991696
0.878867
-0.991998
0.882912
-0.992284
0.886711
-0.992553
0.890266
-0.992805
0.893581
-0.993042
0.896658
-0.993263
0.899499
-0.993467
0.902105
-0.993656
0.90448
-0.993829
0.906624
-0.993986
0.908538
-0.994126
0.910224
-0.994251
0.911683
-0.99436
0.912916
-0.994453
0.913923
-0.994529
0.914707
-0.994588
0.915266
-0.994631
0.915601
-0.994657
0.915713
-0.994666
0.915601
-0.994657
0.915266
-0.99463
0.914707
-0.994586
0.913923
-0.994522
0.912916
-0.99444
0.911683
-0.994339
0.910224
-0.994218
0.908538
-0.994077
0.906624
-0.993915
0.90448
-0.993731
0.902105
-0.993526
0.899499
-0.993298
0.896658
-0.993046
0.893581
-0.99277
0.890266
-0.992469
0.886711
-0.992142
0.882912
-0.991788
0.878867
-0.991406
0.874574
-0.990995
0.870028
-0.990554
0.865226
-0.99008
0.860165
-0.989574
0.85484
-0.989033
0.849248
-0.988456
0.843382
-0.98784
0.837238
-0.987184
0.830812
-0.986486
0.824095
-0.985743
0.817082
-0.984953
0.809766
-0.984113
0.802139
-0.98322
0.794194
-0.98227
0.785922
-0.98126
0.777312
-0.980185
0.768354
-0.979041
0.759036
-0.977823
0.749347
-0.976525
0.739272
-0.975141
0.728797
-0.973662
0.717904
-0.972081
0.706577
-0.970389
0.694794
-0.968575
0.682533
-0.966625
0.66977
-0.964527
0.656476
-0.962262
0.64262
-0.959812
0.628163
-0.957152
0.613067
-0.954255
0.597287
-0.951086
0.580766
-0.947604
0.563438
-0.943757
0.545232
-0.939479
0.526056
-0.934686
0.505804
-0.929271
0.484343
-0.923085
0.461502
-0.915926
0.437067
-0.907507
0.410771
0.382205
0.350848
0.315853
0.275844
0.228212
0.166533
0.0552956
0.116534
0.195644
0.250279
0.2944
0.332206
0.365664
0.395886
0.423546
0.449121
-0.957959
0.472952
-0.960377
0.495282
-0.962545
0.516306
-0.964509
0.536182
-0.966302
0.555022
-0.967952
0.572936
-0.969479
0.59
-0.9709
0.606283
-0.972226
0.621849
-0.97347
0.636747
-0.97464
0.651028
-0.975743
0.66472
-0.976787
0.677865
-0.977775
0.690491
-0.978714
0.702622
-0.979607
0.714286
-0.980457
0.725503
-0.981267
0.736293
-0.982041
0.746672
-0.98278
0.756657
-0.983487
0.766263
-0.984164
0.7755
-0.984811
0.784386
-0.985432
0.792928
-0.986026
0.801135
-0.986595
0.809019
-0.987141
0.816588
-0.987664
0.82385
-0.988165
0.830812
-0.988645
0.83748
-0.989104
0.843863
-0.989544
0.849963
-0.989964
0.855789
-0.990366
0.861345
-0.99075
0.866634
-0.991116
0.871662
-0.991464
0.876432
-0.991796
0.880949
-0.99211
0.885216
-0.992408
0.889235
-0.99269
0.89301
-0.992955
0.896544
-0.993204
0.899839
-0.993438
0.902898
-0.993656
0.905721
-0.993858
0.908313
-0.994044
0.910673
-0.994214
0.912804
-0.994369
0.914707
-0.994508
0.916383
-0.994632
0.917834
-0.994739
0.919059
-0.99483
0.920062
-0.994905
0.92084
-0.994964
0.921396
-0.995007
0.921729
-0.995032
0.92184
-0.995041
0.921729
-0.995032
0.921396
-0.995006
0.92084
-0.994962
0.920062
-0.994899
0.919059
-0.994818
0.917834
-0.994718
0.916383
-0.994599
0.914707
-0.994459
0.912804
-0.994299
0.910673
-0.994118
0.908313
-0.993915
0.905721
-0.993689
0.902898
-0.993441
0.899839
-0.993168
0.896544
-0.992871
0.89301
-0.992548
0.889235
-0.992199
0.885216
-0.991822
0.880949
-0.991416
0.876432
-0.990981
0.871662
-0.990514
0.866634
-0.990014
0.861345
-0.98948
0.855789
-0.988911
0.849963
-0.988304
0.843863
-0.987657
0.83748
-0.986969
0.830812
-0.986237
0.82385
-0.985459
0.816588
-0.984632
0.809019
-0.983752
0.801135
-0.982817
0.792928
-0.981823
0.784386
-0.980766
0.7755
-0.979642
0.766263
-0.978445
0.756657
-0.97717
0.746672
-0.975811
0.736293
-0.974361
0.725503
-0.972811
0.714286
-0.971153
0.702622
-0.969378
0.690491
-0.967471
0.677865
-0.965421
0.66472
-0.963211
0.651028
-0.960823
0.636747
-0.958234
0.621849
-0.955419
0.606283
-0.952345
0.59
-0.948974
0.572936
-0.945258
0.555022
-0.941137
0.536182
-0.936536
0.516306
-0.931355
0.495282
-0.925465
0.472952
-0.918688
0.449121
-0.910774
0.423546
0.395886
0.365664
0.332206
0.2944
0.250279
0.195644
0.116534
0.154006
0.220084
0.26985
0.31124
0.347253
0.379417
0.408638
0.435509
0.460448
-0.959335
0.483734
-0.961631
0.505609
-0.963699
0.526243
-0.965579
0.545768
-0.967302
0.564307
-0.968892
0.581948
-0.970367
0.598768
-0.971742
0.614834
-0.973028
0.630201
-0.974236
0.644923
-0.975374
0.659034
-0.976448
0.672578
-0.977465
0.685583
-0.97843
0.698078
-0.979347
0.710091
-0.98022
0.721644
-0.981052
0.732758
-0.981845
0.74345
-0.982603
0.75374
-0.983328
0.763641
-0.984022
0.773168
-0.984686
0.782334
-0.985321
0.79115
-0.985931
0.799625
-0.986515
0.807772
-0.987075
0.815599
-0.987611
0.823114
-0.988126
0.830324
-0.988619
0.837238
-0.989091
0.843863
-0.989544
0.850202
-0.989977
0.856263
-0.990391
0.862052
-0.990788
0.867571
-0.991166
0.872828
-0.991526
0.877825
-0.99187
0.882566
-0.992197
0.887055
-0.992507
0.891297
-0.992801
0.895292
-0.993079
0.899045
-0.993341
0.902558
-0.993587
0.905834
-0.993818
0.908875
-0.994033
0.911683
-0.994232
0.914259
-0.994416
0.916606
-0.994585
0.918726
-0.994738
0.920618
-0.994875
0.922284
-0.994997
0.923727
-0.995103
0.924947
-0.995193
0.925943
-0.995267
0.926717
-0.995325
0.92727
-0.995367
0.927601
-0.995393
0.927712
-0.995401
0.927601
-0.995392
0.92727
-0.995366
0.926717
-0.995323
0.925943
-0.995261
0.924947
-0.995181
0.923727
-0.995082
0.922284
-0.994964
0.920618
-0.994826
0.918726
-0.994668
0.916606
-0.994489
0.914259
-0.994288
0.911683
-0.994065
0.908875
-0.99382
0.905834
-0.993551
0.902558
-0.993257
0.899045
-0.992938
0.895292
-0.992593
0.891297
-0.992221
0.887055
-0.99182
0.882566
-0.99139
0.877825
-0.990929
0.872828
-0.990435
0.867571
-0.989909
0.862052
-0.989347
0.856263
-0.988748
0.850202
-0.98811
0.843863
-0.987431
0.837238
-0.986709
0.830324
-0.985942
0.823114
-0.985127
0.815599
-0.98426
0.807772
-0.983339
0.799625
-0.98236
0.79115
-0.98132
0.782334
-0.980214
0.773168
-0.979037
0.763641
-0.977784
0.75374
-0.976448
0.74345
-0.975024
0.732758
-0.973503
0.721644
-0.971878
0.710091
-0.970137
0.698078
-0.968271
0.685583
-0.966266
0.672578
-0.964106
0.659034
-0.961774
0.644923
-0.959251
0.630201
-0.956509
0.614834
-0.953522
0.598768
-0.950251
0.581948
-0.946653
0.564307
-0.942674
0.545768
-0.938243
0.526243
-0.933272
0.505609
-0.927642
0.483734
-0.921195
0.460448
-0.913715
0.435509
0.408638
0.379417
0.347253
0.31124
0.26985
0.220084
0.154006
0.0917445
0.182985
0.241292
0.287457
0.326648
0.361151
0.392201
0.420558
0.446733
-0.958159
0.471097
-0.960605
0.493902
-0.962793
0.515364
-0.964772
0.535634
-0.966578
0.554847
-0.968239
0.573105
-0.969774
0.590497
-0.971202
0.607094
-0.972535
0.62296
-0.973784
0.638144
-0.974959
0.652696
-0.976068
0.666656
-0.977116
0.680058
-0.978109
0.692933
-0.979052
0.705309
-0.979948
0.71721
-0.980803
0.728659
-0.981617
0.739676
-0.982395
0.750281
-0.983139
0.760487
-0.98385
0.770308
-0.984531
0.779762
-0.985183
0.788859
-0.985808
0.797608
-0.986407
0.806023
-0.986982
0.814113
-0.987532
0.821886
-0.988061
0.82935
-0.988567
0.836513
-0.989053
0.843382
-0.989519
0.849963
-0.989964
0.856263
-0.990391
0.862287
-0.9908
0.86804
-0.991191
0.873526
-0.991564
0.878751
-0.99192
0.883719
-0.992259
0.888433
-0.992581
0.892897
-0.992888
0.897113
-0.993178
0.901087
-0.993452
0.904818
-0.993711
0.908313
-0.993954
0.911571
-0.994182
0.914595
-0.994394
0.917387
-0.994591
0.91995
-0.994773
0.922284
-0.994939
0.924392
-0.995091
0.926275
-0.995226
0.927933
-0.995347
0.929368
-0.995452
0.93058
-0.995541
0.931572
-0.995614
0.932342
-0.995672
0.932892
-0.995713
0.933222
-0.995738
0.933332
-0.995746
0.933222
-0.995738
0.932892
-0.995712
0.932342
-0.995669
0.931572
-0.995608
0.93058
-0.995529
0.929368
-0.995431
0.927933
-0.995315
0.926275
-0.995178
0.924392
-0.995022
0.922284
-0.994845
0.91995
-0.994646
0.917387
-0.994426
0.914595
-0.994183
0.911571
-0.993917
0.908313
-0.993627
0.904818
-0.993312
0.901087
-0.992971
0.897113
-0.992602
0.892897
-0.992207
0.888433
-0.991781
0.883719
-0.991326
0.878751
-0.990839
0.873526
-0.990318
0.86804
-0.989763
0.862287
-0.989172
0.856263
-0.988542
0.849963
-0.987872
0.843382
-0.98716
0.836513
-0.986403
0.82935
-0.985599
0.821886
-0.984745
0.814113
-0.983837
0.806023
-0.982872
0.797608
-0.981848
0.788859
-0.980758
0.779762
-0.979599
0.770308
-0.978367
0.760487
-0.977053
0.750281
-0.975654
0.739676
-0.97416
0.728659
-0.972564
0.71721
-0.970857
0.705309
-0.969027
0.692933
-0.967062
0.680058
-0.964949
0.666656
-0.96267
0.652696
-0.960206
0.638144
-0.957533
0.62296
-0.954623
0.607094
-0.951444
0.590497
-0.947953
0.573105
-0.944101
0.554847
-0.939823
0.535634
-0.935037
0.515364
-0.929638
0.493902
-0.923482
0.471097
-0.916376
0.446733
-0.908045
0.420558
0.392201
0.361151
0.326648
0.287457
0.241292
0.182985
0.0917445
0.133364
0.207068
0.260067
0.303411
0.3408
0.374029
0.404111
0.43171
0.457265
-0.95945
0.481112
-0.961779
0.503483
-0.963872
0.524567
-0.965772
0.544514
-0.967512
0.563438
-0.969116
0.581439
-0.970602
0.598602
-0.971987
0.614992
-0.973282
0.630672
-0.974498
0.645688
-0.975643
0.660084
-0.976724
0.673902
-0.977747
0.687174
-0.978718
0.699926
-0.97964
0.712191
-0.980519
0.723989
-0.981356
0.735343
-0.982155
0.746271
-0.982918
0.75679
-0.983648
0.766916
-0.984347
0.776666
-0.985016
0.78605
-0.985657
0.795081
-0.986272
0.803771
-0.986861
0.812129
-0.987427
0.820165
-0.987969
0.827887
-0.98849
0.835302
-0.988989
0.842421
-0.989468
0.849248
-0.989927
0.855789
-0.990366
0.862052
-0.990788
0.86804
-0.991191
0.873759
-0.991576
0.879214
-0.991944
0.88441
-0.992296
0.88935
-0.992631
0.894038
-0.992949
0.898477
-0.993252
0.902672
-0.993538
0.906624
-0.99381
0.910336
-0.994065
0.913811
-0.994305
0.917053
-0.994531
0.920062
-0.99474
0.92284
-0.994935
0.925389
-0.995115
0.927712
-0.99528
0.929809
-0.995429
0.931682
-0.995563
0.933332
-0.995682
0.93476
-0.995786
0.935966
-0.995874
0.936953
-0.995947
0.937719
-0.996004
0.938267
-0.996045
0.938595
-0.996069
0.938704
-0.996078
0.938595
-0.996069
0.938267
-0.996044
0.937719
-0.996001
0.936953
-0.995941
0.935966
-0.995863
0.93476
-0.995766
0.933332
-0.99565
0.931682
-0.995515
0.929809
-0.995361
0.927712
-0.995185
0.925389
-0.994989
0.92284
-0.994771
0.920062
-0.994531
0.917053
-0.994268
0.913811
-0.993981
0.910336
-0.993669
0.906624
-0.993332
0.902672
-0.992968
0.898477
-0.992576
0.894038
-0.992156
0.88935
-0.991706
0.88441
-0.991224
0.879214
-0.99071
0.873759
-0.990162
0.86804
-0.989577
0.862052
-0.988955
0.855789
-0.988294
0.849248
-0.987591
0.842421
-0.986843
0.835302
-0.98605
0.827887
-0.985207
0.820165
-0.984311
0.812129
-0.98336
0.803771
-0.98235
0.795081
-0.981276
0.78605
-0.980135
0.776666
-0.97892
0.766916
-0.977628
0.75679
-0.976251
0.746271
-0.974782
0.735343
-0.973214
0.723989
-0.971537
0.712191
-0.969741
0.699926
-0.967815
0.687174
-0.965744
0.673902
-0.963513
0.660084
-0.961103
0.645688
-0.958493
0.630672
-0.955655
0.614992
-0.952558
0.598602
-0.949165
0.581439
-0.945428
0.563438
-0.941287
0.544514
-0.936667
0.524567
-0.931471
0.503483
-0.925572
0.481112
-0.918794
0.457265
-0.910894
0.43171
0.404111
0.374029
0.3408
0.303411
0.260067
0.207068
0.133364
0.036567
0.163661
0.2278
0.276886
0.317976
0.353858
0.385986
0.415222
0.44215
-0.958147
0.467153
-0.960641
0.490537
-0.962867
0.512509
-0.964875
0.533255
-0.966705
0.552901
-0.968386
0.571561
-0.969938
0.589331
-0.97138
0.606283
-0.972725
0.622482
-0.973986
0.637989
-0.975171
0.652848
-0.976288
0.667101
-0.977344
0.680786
-0.978345
0.693934
-0.979295
0.706577
-0.980199
0.718737
-0.98106
0.730439
-0.981881
0.741702
-0.982665
0.752545
-0.983415
0.762985
-0.984132
0.773039
-0.984819
0.782718
-0.985477
0.792038
-0.986108
0.801009
-0.986713
0.809642
-0.987294
0.817946
-0.987851
0.825932
-0.988386
0.833606
-0.988899
0.840977
-0.989391
0.848053
-0.989863
0.85484
-0.990316
0.861345
-0.99075
0.867571
-0.991166
0.873526
-0.991564
0.879214
-0.991944
0.884641
-0.992308
0.889808
-0.992655
0.894722
-0.992986
0.899386
-0.993301
0.903802
-0.9936
0.907975
-0.993883
0.911907
-0.994151
0.915601
-0.994404
0.919059
-0.994642
0.922284
-0.994864
0.925279
-0.995072
0.928044
-0.995264
0.93058
-0.995442
0.932892
-0.995605
0.934979
-0.995753
0.936843
-0.995886
0.938485
-0.996004
0.939907
-0.996106
0.941108
-0.996193
0.942089
-0.996265
0.942852
-0.996322
0.943397
-0.996362
0.943724
-0.996387
0.943832
-0.996395
0.943724
-0.996386
0.943397
-0.996361
0.942852
-0.996319
0.942089
-0.99626
0.941108
-0.996182
0.939907
-0.996086
0.938485
-0.995972
0.936843
-0.995838
0.934979
-0.995685
0.932892
-0.995512
0.93058
-0.995317
0.928044
-0.995102
0.925279
-0.994864
0.922284
-0.994604
0.919059
-0.994319
0.915601
-0.994011
0.911907
-0.993677
0.907975
-0.993317
0.903802
-0.99293
0.899386
-0.992514
0.894722
-0.992069
0.889808
-0.991593
0.884641
-0.991084
0.879214
-0.990542
0.873526
-0.989965
0.867571
-0.98935
0.861345
-0.988696
0.85484
-0.988001
0.848053
-0.987263
0.840977
-0.986479
0.833606
-0.985647
0.825932
-0.984763
0.817946
-0.983824
0.809642
-0.982827
0.801009
-0.981768
0.792038
-0.980643
0.782718
-0.979446
0.773039
-0.978173
0.762985
-0.976817
0.752545
-0.975372
0.741702
-0.973829
0.730439
-0.97218
0.718737
-0.970416
0.706577
-0.968525
0.693934
-0.966493
0.680786
-0.964307
0.667101
-0.961947
0.652848
-0.959394
0.637989
-0.956622
0.622482
-0.953601
0.606283
-0.950296
0.589331
-0.946663
0.571561
-0.942645
0.552901
-0.938174
0.533255
-0.933161
0.512509
-0.927488
0.490537
-0.920999
0.467153
-0.913474
0.44215
-0.904607
0.415222
0.385986
0.353858
0.317976
0.276886
0.2278
0.163661
0.036567
0.0997241
0.18815
0.246017
0.292101
0.331338
0.365931
0.3971
0.425599
0.451925
-0.95936
0.476435
-0.961741
0.499399
-0.963876
0.521016
-0.96581
0.541444
-0.967576
0.560823
-0.969203
0.579239
-0.970709
0.596793
-0.97211
0.61355
-0.97342
0.629575
-0.974649
0.644923
-0.975805
0.659637
-0.976897
0.673754
-0.97793
0.687319
-0.97891
0.700354
-0.979841
0.71289
-0.980728
0.724953
-0.981573
0.736564
-0.982379
0.747743
-0.983149
0.758507
-0.983887
0.768876
-0.984592
0.77886
-0.985268
0.788476
-0.985916
0.797734
-0.986538
0.806648
-0.987134
0.815228
-0.987706
0.823481
-0.988255
0.83142
-0.988783
0.83905
-0.989289
0.846379
-0.989774
0.853415
-0.99024
0.860165
-0.990687
0.866634
-0.991116
0.872828
-0.991526
0.878751
-0.99192
0.88441
-0.992296
0.889808
-0.992655
0.89495
-0.992998
0.899839
-0.993325
0.90448
-0.993636
0.908875
-0.993932
0.913028
-0.994213
0.916941
-0.994478
0.920618
-0.994728
0.924059
-0.994963
0.92727
-0.995183
0.93025
-0.995388
0.933002
-0.995579
0.935528
-0.995755
0.937829
-0.995916
0.939907
-0.996062
0.941762
-0.996194
0.943397
-0.996311
0.944811
-0.996412
0.946007
-0.996499
0.946985
-0.99657
0.947745
-0.996626
0.948287
-0.996666
0.948612
-0.99669
0.94872
-0.996698
0.948612
-0.99669
0.948287
-0.996665
0.947745
-0.996623
0.946985
-0.996564
0.946007
-0.996487
0.944811
-0.996392
0.943397
-0.996279
0.941762
-0.996147
0.939907
-0.995995
0.937829
-0.995823
0.935528
-0.995631
0.933002
-0.995418
0.93025
-0.995182
0.92727
-0.994924
0.924059
-0.994643
0.920618
-0.994338
0.916941
-0.994007
0.913028
-0.993651
0.908875
-0.993267
0.90448
-0.992856
0.899839
-0.992415
0.89495
-0.991944
0.889808
-0.991441
0.88441
-0.990905
0.878751
-0.990333
0.872828
-0.989726
0.866634
-0.989079
0.860165
-0.988392
0.853415
-0.987662
0.846379
-0.986888
0.83905
-0.986065
0.83142
-0.985192
0.823481
-0.984265
0.815228
-0.983281
0.806648
-0.982236
0.797734
-0.981126
0.788476
-0.979946
0.77886
-0.97869
0.768876
-0.977354
0.758507
-0.97593
0.747743
-0.974411
0.736564
-0.972789
0.724953
-0.971053
0.71289
-0.969195
0.700354
-0.9672
0.687319
-0.965054
0.673754
-0.96274
0.659637
-0.96024
[...]
0.607094
-0.948798
0.598768
-0.947218
0.59
-0.945507
0.580766
-0.943652
0.571047
-0.94164
0.560823
-0.939451
0.55006
-0.937065
0.538731
-0.934459
0.526797
-0.931601
0.514226
-0.928458
0.500957
-0.924983
0.486947
-0.921125
0.472124
-0.916813
0.456416
-0.91196
0.439727
-0.906453
0.421938
0.402908
0.382461
0.360345
0.336246
0.309695
0.279996
0.246017
0.205664
0.154006
0.0691769
0.0663481
0.151497
0.202857
0.24288
0.276533
0.30594
0.332206
0.356037
0.377881
0.398078
0.416856
0.434393
0.450847
-0.922796
0.466323
-0.92611
0.480911
-0.929085
0.494689
-0.931774
0.507731
-0.934219
0.520078
-0.936454
0.531789
-0.938505
0.542891
-0.940394
0.553434
-0.94214
0.563438
-0.943757
0.572936
-0.945258
0.581948
-0.946653
0.590497
-0.947953
0.598602
-0.949165
0.606283
-0.950296
0.61355
-0.951352
0.62042
-0.952337
0.626904
-0.953257
0.633018
-0.954115
0.638762
-0.954914
0.644154
-0.955659
0.649201
-0.956351
0.653907
-0.956992
0.658283
-0.957585
0.662332
-0.958132
0.666061
-0.958633
0.669473
-0.959091
0.672578
-0.959507
0.675373
-0.959881
0.677865
-0.960214
0.680058
-0.960507
0.681952
-0.960761
0.683551
-0.960975
0.684856
-0.961151
0.685871
-0.961287
0.686595
-0.961385
0.687029
-0.961444
0.687174
-0.961464
0.687029
-0.961444
0.686595
-0.961384
0.685871
-0.961283
0.684856
-0.961141
0.683551
-0.960957
0.681952
-0.96073
0.680058
-0.960457
0.677865
-0.960139
0.675373
-0.959774
0.672578
-0.95936
0.669473
-0.958894
0.666061
-0.958376
0.662332
-0.957801
0.658283
-0.957169
0.653907
-0.956476
0.649201
-0.955718
0.644154
-0.954892
0.638762
-0.953993
0.633018
-0.953018
0.626904
-0.95196
0.62042
-0.950814
0.61355
-0.949574
0.606283
-0.948231
0.598602
-0.946778
0.590497
-0.945203
0.581948
-0.943497
0.572936
-0.941646
0.563438
-0.939634
0.553434
-0.937445
0.542891
-0.935056
0.531789
-0.932445
0.520078
-0.929579
0.507731
-0.926424
0.494689
-0.922935
0.480911
-0.919057
0.466323
-0.91472
0.450847
-0.909835
0.434393
0.416856
0.398078
0.377881
0.356037
0.332206
0.30594
0.276533
0.24288
0.202857
0.151497
0.0663481
0.0570759
0.146348
0.198068
0.238093
0.271632
0.300864
0.32694
0.350573
0.372215
0.392201
0.41077
0.428097
0.44434
-0.919483
0.459601
-0.922925
0.47398
-0.92601
0.487551
-0.928795
0.500375
-0.931322
0.512509
-0.933628
0.524006
-0.935742
0.534902
-0.937686
0.545232
-0.939479
0.555022
-0.941137
0.564307
-0.942674
0.573105
-0.944101
0.581439
-0.945428
0.589331
-0.946663
0.596793
-0.947812
0.60384
-0.948884
0.61049
-0.949881
0.616754
-0.95081
0.622642
-0.951675
0.628163
-0.952478
0.633328
-0.953224
0.638144
-0.953915
0.64262
-0.954552
0.646759
-0.955139
0.65057
-0.955677
0.654059
-0.956169
0.657228
-0.956613
0.660084
-0.957014
0.662631
-0.95737
0.664869
-0.957683
0.666804
-0.957954
0.668438
-0.958183
0.66977
-0.958371
0.670804
-0.958516
0.671543
-0.958621
0.671987
-0.958683
0.672134
-0.958705
0.671987
-0.958683
0.671543
-0.958619
0.670804
-0.958512
0.66977
-0.958361
0.668438
-0.958165
0.666804
-0.957922
0.664869
-0.957632
0.662631
-0.957293
0.660084
-0.956903
0.657228
-0.956461
0.654059
-0.955965
0.65057
-0.955411
0.646759
-0.954798
0.64262
-0.954122
0.638144
-0.953381
0.633328
-0.952569
0.628163
-0.951684
0.622642
-0.95072
0.616754
-0.949673
0.61049
-0.948536
0.60384
-0.947302
0.596793
-0.945965
0.589331
-0.944514
0.581439
-0.942941
0.573105
-0.941234
0.564307
-0.939379
0.555022
-0.937361
0.545232
-0.935163
0.534902
-0.932761
0.524006
-0.930133
0.512509
-0.927246
0.500375
-0.924065
0.487551
-0.920543
0.47398
-0.916623
0.459601
-0.912236
0.44434
-0.90729
0.428097
0.41077
0.392201
0.372215
0.350573
0.32694
0.300864
0.271632
0.238093
0.198068
0.146348
0.0570759
0.036567
0.138307
0.191173
0.231551
0.26519
0.2944
0.320395
0.343905
0.365402
0.385231
0.40363
0.420787
0.436846
-0.915757
0.451925
-0.919356
0.466113
-0.922574
0.479492
-0.925473
0.492121
-0.928098
0.504067
-0.930491
0.515364
-0.932678
0.526056
-0.934686
0.536182
-0.936536
0.545768
-0.938243
0.554847
-0.939823
0.563438
-0.941287
0.571561
-0.942645
0.579239
-0.943907
0.586489
-0.945079
0.593322
-0.946169
0.599753
-0.947181
0.605794
-0.948122
0.611459
-0.948994
0.616754
-0.949803
0.62169
-0.95055
0.626277
-0.95124
0.630517
-0.951874
0.634418
-0.952454
0.637989
-0.952983
0.641232
-0.953462
0.644154
-0.953893
0.646759
-0.954276
0.649047
-0.954612
0.651028
-0.954903
0.652696
-0.955149
0.654059
-0.955349
0.655118
-0.955506
0.655873
-0.955618
0.656326
-0.955685
0.656476
-0.955707
0.656326
-0.955685
0.655873
-0.955616
0.655118
-0.955502
0.654059
-0.95534
0.652696
-0.955129
0.651028
-0.95487
0.649047
-0.954559
0.646759
-0.954196
0.644154
-0.953779
0.641232
-0.953305
0.637989
-0.952773
0.634418
-0.952179
0.630517
-0.951521
0.626277
-0.950794
0.62169
-0.949997
0.616754
-0.949123
0.611459
-0.94817
0.605794
-0.94713
0.599753
-0.945999
0.593322
-0.944769
0.586489
-0.943433
0.579239
-0.94198
0.571561
-0.940403
0.563438
-0.938688
0.554847
-0.936823
0.545768
-0.93479
0.536182
-0.932573
0.526056
-0.930148
0.515364
-0.92749
0.504067
-0.924568
0.492121
-0.921341
0.479492
-0.917766
0.466113
-0.913782
0.451925
-0.909316
0.436846
-0.904272
0.420787
0.40363
0.385231
0.365402
0.343905
0.320395
0.2944
0.26519
0.231551
0.191173
0.138307
0.036567
0.126736
0.181949
0.223114
0.25709
0.286448
0.312474
0.335955
0.357389
0.377113
0.395392
0.412413
0.428328
0.443246
-0.915344
0.457265
-0.918721
0.470476
-0.921757
0.482929
-0.924501
0.494689
-0.926994
0.505804
-0.929271
0.516306
-0.931355
0.526243
-0.933272
0.535634
-0.935037
0.544514
-0.936667
0.552901
-0.938174
0.560823
-0.939571
0.568289
-0.940863
0.575327
-0.942063
0.581948
-0.943174
0.588161
-0.944205
0.593984
-0.945159
0.599425
-0.946041
0.604492
-0.946855
0.609199
-0.947605
0.61355
-0.948294
0.617554
-0.948924
0.621213
-0.949497
0.62454
-0.950016
0.627532
-0.950481
0.630201
-0.950895
0.632549
-0.951259
0.634575
-0.951573
0.636284
-0.951837
0.637681
-0.952054
0.638762
-0.952222
0.639535
-0.952342
0.639999
-0.952415
0.640153
-0.952439
0.639999
-0.952414
0.639535
-0.952341
0.638762
-0.952217
0.637681
-0.952044
0.636284
-0.951817
0.634575
-0.951538
0.632549
-0.951204
0.630201
-0.950813
0.627532
-0.950363
0.62454
-0.949853
0.621213
-0.949279
0.617554
-0.948638
0.61355
-0.947927
0.609199
-0.947142
0.604492
-0.946279
0.599425
-0.945334
0.593984
-0.9443
0.588161
-0.943171
0.581948
-0.941941
0.575327
-0.940601
0.568289
-0.939142
0.560823
-0.937555
0.552901
-0.935825
0.544514
-0.933941
0.535634
-0.931885
0.526243
-0.929638
0.516306
-0.927176
0.505804
-0.924474
0.494689
-0.921498
0.482929
-0.918208
0.470476
-0.914557
0.457265
-0.910479
0.443246
-0.905902
0.428328
0.412413
0.395392
0.377113
0.357389
0.335955
0.312474
0.286448
0.25709
0.223114
0.181949
0.126736
0.110632
0.169967
0.212542
0.247192
0.276886
0.303089
0.326648
0.348087
0.367772
0.385986
0.402908
0.418713
0.4335
0.447392
-0.914384
0.460448
-0.917584
0.472745
-0.920469
0.484343
-0.923085
0.495282
-0.925465
0.505609
-0.927642
0.515364
-0.929638
0.524567
-0.931471
0.533255
-0.933161
0.541444
-0.93472
0.549167
-0.93616
0.556432
-0.937491
0.563263
-0.938722
0.569669
-0.939859
0.575672
-0.940911
0.581272
-0.941881
0.586489
-0.942775
0.591328
-0.943596
0.595801
-0.944349
0.599918
-0.945038
0.603679
-0.945663
0.607094
-0.946228
0.610168
-0.946735
0.612909
-0.947185
0.615313
-0.94758
0.617391
-0.94792
0.619149
-0.948207
0.620581
-0.948442
0.62169
-0.948624
0.622482
-0.948754
0.62296
-0.948833
0.623118
-0.948859
0.62296
-0.948833
0.622482
-0.948753
0.62169
-0.94862
0.620581
-0.948432
0.619149
-0.948187
0.617391
-0.947884
0.615313
-0.947522
0.612909
-0.947099
0.610168
-0.946612
0.607094
-0.946058
0.603679
-0.945436
0.599918
-0.94474
0.595801
-0.943967
0.591328
-0.943113
0.586489
-0.942174
0.581272
-0.941142
0.575672
-0.940013
0.569669
-0.938778
0.563263
-0.93743
0.556432
-0.935959
0.549167
-0.934354
0.541444
-0.932602
0.533255
-0.93069
0.524567
-0.928598
0.515364
-0.926309
0.505609
-0.923797
0.495282
-0.921034
0.484343
-0.917985
0.472745
-0.914608
0.460448
-0.910852
0.447392
-0.90665
0.4335
0.418713
0.402908
0.385986
0.367772
0.348087
0.326648
0.303089
0.276886
0.247192
0.212542
0.169967
0.110632
0.0874661
0.154631
0.199524
0.235256
0.265544
0.292101
0.315853
0.337393
0.35712
0.375317
0.392201
0.407926
0.422627
0.436406
-0.909468
0.449339
-0.912869
0.461502
-0.915926
0.472952
-0.918688
0.483734
-0.921195
0.493902
-0.923482
0.503483
-0.925572
0.512509
-0.927488
0.521016
-0.929249
0.529019
-0.930869
0.536546
-0.932362
0.543613
-0.933737
0.550236
-0.935005
0.556432
-0.936173
0.562218
-0.937249
0.5676
-0.938239
0.572592
-0.939146
0.577202
-0.939977
0.581439
-0.940734
0.585316
-0.941422
0.588831
-0.942042
0.591993
-0.942597
0.594812
-0.94309
0.597287
-0.943522
0.599425
-0.943894
0.601229
-0.944208
0.602699
-0.944464
0.60384
-0.944663
0.604657
-0.944805
0.605144
-0.94489
0.605307
-0.944919
0.605144
-0.94489
0.604657
-0.944804
0.60384
-0.944658
0.602699
-0.944453
0.601229
-0.944186
0.599425
-0.943857
0.597287
-0.943462
0.594812
-0.943001
0.591993
-0.942469
0.588831
-0.941865
0.585316
-0.941184
0.581439
-0.940423
0.577202
-0.939577
0.572592
-0.938641
0.5676
-0.93761
0.562218
-0.936476
0.556432
-0.935232
0.550236
-0.93387
0.543613
-0.932379
0.536546
-0.930749
0.529019
-0.928965
0.521016
-0.927013
0.512509
-0.924874
0.503483
-0.922527
0.493902
-0.919947
0.483734
-0.917102
0.472952
-0.913957
0.461502
-0.910464
0.449339
-0.90657
0.436406
-0.902202
0.422627
0.407926
0.392201
0.375317
0.35712
0.337393
0.315853
0.292101
0.265544
0.235256
0.199524
0.154631
0.0874661
0.0479215
0.134794
0.183511
0.220954
0.252185
0.279307
0.303411
0.325168
0.345019
0.36328
0.38018
0.395886
0.410527
0.424232
0.437067
-0.907507
0.449121
-0.910774
0.460448
-0.913715
0.471097
-0.916376
0.481112
-0.918794
0.490537
-0.920999
0.499399
-0.923014
0.507731
-0.92486
0.515551
-0.926553
0.522889
-0.928108
0.529758
-0.929536
0.536182
-0.930849
0.54217
-0.932054
0.54774
-0.933159
0.552901
-0.934171
0.557664
-0.935095
0.562046
-0.935937
0.566043
-0.936698
0.569669
-0.937385
0.572936
-0.937999
0.575837
-0.938542
0.578392
-0.939019
0.580596
-0.939429
0.582455
-0.939774
0.583969
-0.940056
0.585145
-0.940274
0.585985
-0.94043
0.586489
-0.940524
0.586655
-0.940555
0.586489
-0.940524
0.585985
-0.940429
0.585145
-0.940269
0.583969
-0.940044
0.582455
-0.939752
0.580596
-0.93939
0.578392
-0.938956
0.575837
-0.938449
0.572936
-0.937865
0.569669
-0.937199
0.566043
-0.936449
0.562046
-0.93561
0.557664
-0.934675
0.552901
-0.93364
0.54774
-0.932498
0.54217
-0.93124
0.536182
-0.929857
0.529758
-0.928339
0.522889
-0.926673
0.515551
-0.924847
0.507731
-0.922842
0.499399
-0.92064
0.490537
-0.918217
0.481112
-0.915546
0.471097
-0.912596
0.460448
-0.909323
0.449121
-0.90568
0.437067
-0.901604
0.424232
0.410527
0.395886
0.38018
0.36328
0.345019
0.325168
0.303411
0.279307
0.252185
0.220954
0.183511
0.134794
0.0479215
0.108006
0.163661
0.203791
0.236477
0.264457
0.289122
0.311241
0.331338
0.349745
0.366724
0.382461
0.3971
0.410771
0.423546
0.435509
0.446733
-0.908045
0.457265
-0.910894
0.467153
-0.913474
0.476435
-0.915818
0.485144
-0.917953
0.49331
-0.919902
0.500957
-0.921683
0.508115
-0.923314
0.514794
-0.924806
0.521016
-0.926172
0.526797
-0.927421
0.532156
-0.928562
0.537093
-0.9296
0.541629
-0.930544
0.545768
-0.931397
0.549526
-0.932164
0.552901
-0.932849
0.555905
-0.933455
0.558546
-0.933986
0.560823
-0.934441
0.562739
-0.934824
0.564307
-0.935137
0.565522
-0.935379
0.566389
-0.935552
0.566906
-0.935656
0.567082
-0.935691
0.566906
-0.935655
0.566389
-0.935551
0.565522
-0.935374
0.564307
-0.935125
0.562739
-0.9348
0.560823
-0.9344
0.558546
-0.93392
0.555905
-0.933357
0.552901
-0.932708
0.549526
-0.931969
0.545768
-0.931134
0.541629
-0.9302
0.537093
-0.929158
0.532156
-0.928002
0.526797
-0.926722
0.521016
-0.92531
0.514794
-0.923755
0.508115
-0.922044
0.500957
-0.920159
0.49331
-0.918085
0.485144
-0.9158
0.476435
-0.913279
0.467153
-0.910492
0.457265
-0.907402
0.446733
-0.903966
0.435509
0.423546
0.410771
0.3971
0.382461
0.366724
0.349745
0.331338
0.311241
0.289122
0.264457
0.236477
0.203791
0.163661
0.108006
0.0663481
0.138307
0.182985
0.217886
0.247192
0.272696
0.295369
0.315853
0.334523
0.351669
0.367516
0.382205
0.395886
0.408638
0.420558
0.43171
0.44215
-0.904607
0.451925
-0.907386
0.46108
-0.9099
0.469651
-0.912183
0.47766
-0.914257
0.485144
-0.916146
0.492121
-0.917868
0.498617
-0.919438
0.504643
-0.920869
0.510223
-0.922171
0.515364
-0.923354
0.520078
-0.924425
0.52438
-0.925391
0.528281
-0.926259
0.531789
-0.927032
0.534902
-0.927714
0.53764
-0.928311
0.539997
-0.928822
0.54199
-0.929253
0.543613
-0.929603
0.544874
-0.929874
0.545768
-0.930068
0.546308
-0.930184
0.546485
-0.930223
0.546308
-0.930184
0.545768
-0.930066
0.544874
-0.929869
0.543613
-0.92959
0.54199
-0.929228
0.539997
-0.928779
0.53764
-0.928241
0.534902
-0.92761
0.531789
-0.926883
0.528281
-0.926052
0.52438
-0.925113
0.520078
-0.92406
0.515364
-0.922885
0.510223
-0.921576
0.504643
-0.920126
0.498617
-0.918521
0.492121
-0.916748
0.485144
-0.914789
0.47766
-0.912625
0.469651
-0.910234
0.46108
-0.907585
0.451925
-0.904647
0.44215
-0.901379
0.43171
0.420558
0.408638
0.395886
0.382205
0.367516
0.351669
0.334523
0.315853
0.295369
0.272696
0.247192
0.217886
0.182985
0.138307
0.0663481
0.10347
0.157073
0.195644
0.226949
0.25371
0.277231
0.298294
0.317377
0.334808
0.350848
0.365664
0.379417
0.392201
0.404111
0.415222
0.425599
0.435292
0.44434
-0.903071
0.452782
-0.905535
0.460654
-0.907766
0.467985
-0.90979
0.4748
-0.911626
0.481112
-0.913291
0.486947
-0.9148
0.492324
-0.916168
0.497246
-0.917401
0.501735
-0.918511
0.505804
-0.919506
0.509457
-0.92039
0.512703
-0.921169
0.515551
-0.921847
0.518007
-0.92243
0.520078
-0.922918
0.521765
-0.923316
0.523074
-0.923623
0.524006
-0.923842
0.524567
-0.923974
0.524755
-0.924019
0.524567
-0.923974
0.524006
-0.923841
0.523074
-0.923618
0.521765
-0.923302
0.520078
-0.922892
0.518007
-0.922384
0.515551
-0.921774
0.512703
-0.921058
0.509457
-0.920231
0.505804
-0.919286
0.501735
-0.918216
0.497246
-0.917013
0.492324
-0.915667
0.486947
-0.914164
0.481112
-0.912495
0.4748
-0.910642
0.467985
-0.908585
0.460654
-0.906304
0.452782
-0.903774
0.44434
-0.900961
0.435292
0.425599
0.415222
0.404111
0.392201
0.379417
0.365664
0.350848
0.334808
0.317377
0.298294
0.277231
0.25371
0.226949
0.195644
0.157073
0.10347
0.0391602
0.122915
0.168254
0.202857
0.231551
0.256344
0.278277
0.297972
0.315853
0.332206
0.347253
0.361151
0.374029
0.385986
0.3971
0.407454
0.417087
0.426056
0.434393
0.44215
-0.900216
0.449339
-0.902407
0.455992
-0.904385
0.462132
-0.906169
0.467779
-0.907778
0.472952
-0.909225
0.47766
-0.910522
0.48192
-0.91168
0.485747
-0.912707
0.489144
-0.91361
0.492121
-0.914395
0.494689
-0.915067
0.496853
-0.915631
0.498617
-0.916088
0.499986
-0.916443
0.500957
-0.916694
0.501546
-0.916846
0.501735
-0.916896
0.501546
-0.916846
0.500957
-0.916692
0.499986
-0.916437
0.498617
-0.916074
0.496853
-0.915603
0.494689
-0.915018
0.492121
-0.914316
0.489144
-0.913492
0.485747
-0.912537
0.48192
-0.911444
0.47766
-0.910205
0.472952
-0.908807
0.467779
-0.907238
0.462132
-0.905484
0.455992
-0.903525
0.449339
-0.901342
0.44215
-0.898909
0.434393
0.426056
0.417087
0.407454
0.3971
0.385986
0.374029
0.361151
0.347253
0.332206
0.315853
0.297972
0.278277
0.256344
0.231551
0.202857
0.168254
0.122915
0.0391602
0.0691769
0.132626
0.173316
0.205208
0.231963
0.255211
0.275844
0.2944
0.31124
0.326648
0.3408
0.353858
0.365931
0.377113
0.387483
0.3971
0.406024
0.414288
0.421938
0.429003
0.435509
0.441491
-0.897804
0.446952
-0.899537
0.451925
-0.901086
0.456416
-0.902462
0.460448
-0.903679
0.464022
-0.904746
0.467153
-0.905671
0.469853
-0.906462
0.472124
-0.907123
0.47398
-0.90766
0.475413
-0.908073
0.476435
-0.908368
0.477053
-0.908546
0.477251
-0.908603
0.477053
-0.908545
0.476435
-0.908366
0.475413
-0.908067
0.47398
-0.907644
0.472124
-0.907093
0.469853
-0.906409
0.467153
-0.905587
0.464022
-0.904619
0.460448
-0.903496
0.456416
-0.902207
0.451925
-0.900742
0.446952
-0.899083
0.441491
-0.897217
0.435509
0.429003
0.421938
0.414288
0.406024
0.3971
0.387483
0.377113
0.365931
0.353858
0.3408
0.326648
0.31124
0.2944
0.275844
0.255211
0.231963
0.205208
0.173316
0.132626
0.0691769
0.0782232
0.134794
0.172761
0.202857
0.228212
0.250279
0.26985
0.287457
0.303411
0.317976
0.331338
0.343618
0.35495
0.365402
0.375057
0.383972
0.392201
0.399775
0.40674
0.413117
0.418938
0.424232
0.429003
0.433279
0.437067
-0.894145
0.440388
-0.895263
0.443246
-0.896215
0.445646
-0.897007
0.447603
-0.89765
0.449121
-0.898146
0.450201
-0.898497
0.450847
-0.898708
0.451064
-0.898778
0.450847
-0.898707
0.450201
-0.898495
0.449121
-0.898138
0.447603
-0.897633
0.445646
-0.896974
0.443246
-0.896157
0.440388
-0.895171
0.437067
-0.894006
0.433279
0.429003
0.424232
0.418938
0.413117
0.40674
0.399775
0.392201
0.383972
0.375057
0.365402
0.35495
0.343618
0.331338
0.317976
0.303411
0.287457
0.26985
0.250279
0.228212
0.202857
0.172761
0.134794
0.0782232
0.0744881
0.129725
0.166533
0.195644
0.220084
0.241292
0.260067
0.276886
0.292101
0.30594
0.318583
0.330168
0.3408
0.350573
0.35954
0.367772
0.375317
0.382205
0.388485
0.394169
0.399286
0.403872
0.407926
0.411478
0.414526
0.417087
0.419172
0.420787
0.421938
0.422627
0.422854
0.422627
0.421938
0.420787
0.419172
0.417087
0.414526
0.411478
0.407926
0.403872
0.399286
0.394169
0.388485
0.382205
0.375317
0.367772
0.35954
0.350573
0.3408
0.330168
0.318583
0.30594
0.292101
0.276886
0.260067
0.241292
0.220084
0.195644
0.166533
0.129725
0.0744881
0.0552956
0.116534
0.154006
0.182985
0.207068
0.2278
0.246017
0.262279
0.276886
0.290117
0.302144
0.313095
0.323087
0.332206
0.340524
0.348086
0.35495
0.361151
0.366724
0.371693
0.376085
0.379928
0.38322
0.385986
0.388232
0.389973
0.391212
0.391952
0.392201
0.391952
0.391212
0.389973
0.388232
0.385986
0.38322
0.379928
0.376085
0.371693
0.366724
0.361151
0.35495
0.348086
0.340524
0.332206
0.323087
0.313095
0.302144
0.290117
0.276886
0.262279
0.246017
0.2278
0.207068
0.182985
0.154006
0.116534
0.0552956
0.0917445
0.133364
0.163661
0.18815
0.208911
0.226949
0.24288
0.257091
0.26985
0.281368
0.291766
0.301184
0.309695
0.317377
0.32428
0.330459
0.335955
0.3408
0.345019
0.348637
0.351669
0.354131
0.356037
0.357389
0.358199
0.358465
0.358199
0.357389
0.356037
0.354131
0.351669
0.348637
0.345019
0.3408
0.335955
0.330459
0.32428
0.317377
0.309695
0.301184
0.291766
0.281368
0.26985
0.257091
0.24288
0.226949
0.208911
0.18815
0.163661
0.133364
0.0917445
0.036567
0.0997241
0.134794
0.161301
0.182985
0.201437
0.217456
0.231551
0.24407
0.255211
0.26519
0.274093
0.282052
0.289122
0.295369
0.300864
0.305625
0.309695
0.313095
0.315853
0.317976
0.319487
0.320395
0.320694
0.320395
0.319487
0.317976
0.315853
0.313095
0.309695
0.305625
0.300864
0.295369
0.289122
0.282052
0.274093
0.26519
0.255211
0.24407
0.231551
0.217456
0.201437
0.182985
0.161301
0.134794
0.0997241
0.036567
0.0138804
0.0874661
0.121346
0.146348
0.166533
0.183511
0.198068
0.210739
0.22182
0.231551
0.2401
0.247581
0.25409
0.259699
0.264457
0.268431
0.271632
0.274093
0.275844
0.276886
0.277231
0.276886
0.275844
0.274093
0.271632
0.268431
0.264457
0.259699
0.25409
0.247581
0.2401
0.231551
0.22182
0.210739
0.198068
0.183511
0.166533
0.146348
0.121346
0.0874661
0.0138804
0.0391602
0.0863691
0.114044
0.134794
0.151497
0.165394
0.177133
0.187129
0.195644
0.202857
0.208911
0.2139
0.217886
0.220954
0.223114
0.224401
0.224826
0.224401
0.223114
0.220954
0.217886
0.2139
0.208911
0.202857
0.195644
0.187129
0.177133
0.165394
0.151497
0.134794
0.114044
0.0863691
0.0391602
0.027725
0.0691769
0.0917445
0.108006
0.120572
0.130465
0.138307
0.144386
0.148945
0.152131
0.154006
0.154631
0.154006
0.152131
0.148945
0.144386
0.138307
0.130465
0.120572
0.108006
0.0917445
0.0691769
0.027725
===============================================================================
test cases: 1 | 1 passed
assertions: - none -

<end of output>
Test time =   1.30 sec
----------------------------------------------------------
Test Passed.
"tests" end time: Aug 30 15:03 CEST
"tests" time elapsed: 00:00:01
----------------------------------------------------------

End testing: Aug 30 15:03 CEST
