Start testing: Aug 25 16:54 CEST
----------------------------------------------------------
1/1 Testing: tests
1/1 Test: tests
Command: "/home/freddy/Dokumente/Studium/Prog/Raytracer/build/build/Release/tests"
Directory: /home/freddy/Dokumente/Studium/Prog/Raytracer/build
"tests" start time: Aug 25 16:54 CEST
Output:
----------------------------------------------------------
Material added
Box added
Cam added
Box added
Cam added
Light added
===============================================================================
All tests passed (4 assertions in 1 test case)

<end of output>
Test time =   0.00 sec
----------------------------------------------------------
Test Passed.
"tests" end time: Aug 25 16:54 CEST
"tests" time elapsed: 00:00:00
----------------------------------------------------------

End testing: Aug 25 16:54 CEST
