Start testing: Aug 28 18:44 CEST
----------------------------------------------------------
1/1 Testing: tests
1/1 Test: tests
Command: "/home/freddy/Dokumente/Studium/Prog/Raytracer/build/build/Release/tests"
Directory: /home/freddy/Dokumente/Studium/Prog/Raytracer/build
"tests" start time: Aug 28 18:44 CEST
Output:
----------------------------------------------------------
red added
green added
blue added
white added
s1 added
eye added
spot1 added
ambi added
0.267958
0.266417
0.265244
0.264308
0.263558
0.262983
0.262593
0.26244
0.262652
0.272802
0.268564
0.266408
0.264703
0.26325
0.26197
0.260823
0.259787
0.258847
0.257993
0.257219
0.256524
0.255903
0.255361
0.254898
0.254521
0.25424
0.254068
0.254028
0.254161
0.254542
0.25537
0.258263
0.269392
0.266678
0.26463
0.262905
0.261387
0.26002
0.258771
0.257622
0.256557
0.255568
0.254648
0.253792
0.252995
0.252256
0.251574
0.250948
0.250378
0.249867
0.249415
0.249026
0.248705
0.248459
0.248297
0.248233
0.248286
0.248489
0.248895
0.249621
0.251005
0.269448
0.266359
0.264097
0.262206
0.260543
0.259045
0.257673
0.256406
0.255224
0.254119
0.25308
0.252104
0.251184
0.250318
0.249502
0.248735
0.248016
0.247341
0.246715
0.246134
0.2456
0.245115
0.24468
0.244298
0.243971
0.243708
0.243509
0.243386
0.243347
0.243412
0.243601
0.243951
0.244526
0.245467
0.247223
0.267284
0.264509
0.262316
0.260435
0.258761
0.257236
0.255833
0.254525
0.253302
0.252151
0.251065
0.250036
0.249061
0.248137
0.247259
0.246426
0.245636
0.244889
0.244182
0.243515
0.242889
0.242303
0.241757
0.241253
0.240792
0.240376
0.240006
0.239685
0.239418
0.239207
0.239061
0.238986
0.238993
0.239095
0.239315
0.239683
0.240253
0.24113
0.24258
0.270881
0.26606
0.263265
0.261028
0.2591
0.257375
0.255802
0.254349
0.252994
0.251721
0.25052
0.249385
0.248306
0.247279
0.246302
0.245369
0.244481
0.243633
0.242824
0.242053
0.24132
0.240622
0.239962
0.239336
0.238748
0.238196
0.23768
0.237202
0.236764
0.236365
0.23601
0.235699
0.235437
0.235226
0.235071
0.23498
0.23496
0.235021
0.235178
0.235451
0.235874
0.236496
0.23742
0.238891
0.242352
0.26548
0.262489
0.260134
0.258111
0.256311
0.25467
0.253154
0.251741
0.250412
0.249158
0.24797
0.24684
0.245763
0.244735
0.243751
0.242811
0.241911
0.241048
0.240223
0.239432
0.238677
0.237955
0.237266
0.23661
0.235988
0.235398
0.234841
0.234318
0.233829
0.233375
0.232957
0.232577
0.232237
0.231939
0.231686
0.231479
0.231325
0.231229
0.231197
0.231238
0.231361
0.231585
0.231931
0.232433
0.233152
0.234196
0.235862
0.265565
0.262155
0.259594
0.257435
0.255528
0.253799
0.252207
0.250726
0.249335
0.248024
0.24678
0.245596
0.244467
0.243389
0.242356
0.241366
0.240416
0.239504
0.238628
0.237787
0.23698
0.236205
0.235462
0.23475
0.234068
0.233417
0.232797
0.232207
0.231648
0.231119
0.230622
0.230158
0.229726
0.229329
0.228968
0.228643
0.228358
0.228116
0.227919
0.22777
0.227675
0.22764
0.22767
0.227778
0.227974
0.228278
0.228715
0.229327
0.230183
0.231432
0.233511
0.266759
0.262325
0.259425
0.257067
0.255018
0.253177
0.251494
0.249932
0.24847
0.247092
0.245788
0.244548
0.243366
0.242235
0.241152
0.240113
0.239115
0.238155
0.237232
0.236344
0.235489
0.234665
0.233873
0.233111
0.232378
0.231675
0.231
0.230354
0.229736
0.229147
0.228586
0.228053
0.227551
0.227078
0.226636
0.226226
0.225848
0.225505
0.225197
0.224928
0.224699
0.224512
0.224372
0.224283
0.224249
0.224279
0.22438
0.224563
0.224843
0.225242
0.225793
0.226547
0.227603
0.229185
0.232265
0.263236
0.259699
0.257037
0.254792
0.252807
0.251007
0.249349
0.247805
0.246354
0.244983
0.243681
0.242441
0.241256
0.240121
0.239032
0.237985
0.236978
0.236009
0.235074
0.234174
0.233304
0.232467
0.231658
0.230879
0.230128
0.229405
0.22871
0.228041
0.227398
0.226784
0.226195
0.225634
0.225099
0.224593
0.224114
0.223665
0.223244
0.222854
0.222496
0.222171
0.22188
0.221625
0.22141
0.221236
0.221107
0.221026
0.221
0.221033
0.221134
0.221313
0.221581
0.221961
0.222477
0.223174
0.224123
0.225478
0.227683
0.266354
0.260604
0.257416
0.254883
0.252704
0.250759
0.248983
0.24734
0.245803
0.244356
0.242986
0.241683
0.240439
0.23925
0.238108
0.237012
0.235957
0.23494
0.23396
0.233015
0.232101
0.23122
0.230368
0.229544
0.22875
0.227982
0.227241
0.226526
0.225838
0.225175
0.224537
0.223925
0.223338
0.222776
0.222241
0.221732
0.221249
0.220793
0.220365
0.219965
0.219595
0.219256
0.218948
0.218674
0.218436
0.218235
0.218075
0.217959
0.21789
0.217872
0.217913
0.218019
0.218199
0.218467
0.218837
0.219336
0.219999
0.220889
0.222121
0.223989
0.228349
0.262874
0.258384
0.255374
0.252913
0.250771
0.248846
0.247081
0.245444
0.243909
0.242461
0.241088
0.239781
0.238531
0.237335
0.236186
0.235081
0.234017
0.23299
0.232
0.231042
0.230117
0.229223
0.228357
0.22752
0.22671
0.225927
0.22517
0.224438
0.223731
0.223049
0.222392
0.221758
0.221149
0.220563
0.220003
0.219467
0.218955
0.218469
0.218009
0.217574
0.217167
0.216788
0.216437
0.216116
0.215827
0.21557
0.215348
0.215163
0.215018
0.214916
0.214859
0.214854
0.214905
0.21502
0.215207
0.215478
0.215849
0.216341
0.21699
0.217848
0.219014
0.220712
0.223846
0.260524
0.256436
0.253517
0.251092
0.248968
0.24705
0.245288
0.243649
0.242111
0.240658
0.23928
0.237965
0.236708
0.235502
0.234344
0.23323
0.232156
0.231119
0.230117
0.229148
0.228211
0.227304
0.226426
0.225575
0.224751
0.223953
0.22318
0.222433
0.221709
0.22101
0.220334
0.219681
0.219051
0.218445
0.217862
0.217303
0.216766
0.216254
0.215765
0.215301
0.214862
0.214449
0.214062
0.213702
0.21337
0.213068
0.212797
0.212558
0.212353
0.212184
0.212055
0.211968
0.211926
0.211935
0.211999
0.212125
0.212323
0.212603
0.212981
0.213476
0.214122
0.214967
0.216102
0.217715
0.220459
0.258621
0.254698
0.251814
0.249403
0.24728
0.245359
0.243592
0.241946
0.2404
0.238939
0.23755
0.236227
0.23496
0.233745
0.232576
0.231451
0.230366
0.229318
0.228305
0.227325
0.226375
0.225456
0.224565
0.223701
0.222864
0.222052
0.221265
0.220502
0.219763
0.219047
0.218354
0.217684
0.217036
0.216411
0.215808
0.215227
0.214669
0.214133
0.21362
0.213129
0.212663
0.21222
0.211802
0.211409
0.211042
0.210701
0.210388
0.210105
0.209852
0.20963
0.209443
0.209291
0.209179
0.209108
0.209082
0.209106
0.209185
0.209327
0.209538
0.209831
0.21022
0.210727
0.21138
0.212228
0.213354
0.214936
0.217521
0.25702
0.253136
0.250252
0.24783
0.245696
0.243764
0.241985
0.240327
0.238769
0.237297
0.235897
0.234561
0.233283
0.232056
0.230877
0.22974
0.228644
0.227584
0.226559
0.225566
0.224605
0.223673
0.22277
0.221893
0.221042
0.220217
0.219417
0.218639
0.217886
0.217154
0.216446
0.215759
0.215095
0.214452
0.21383
0.21323
0.212652
0.212095
0.21156
0.211047
0.210556
0.210087
0.209642
0.209219
0.208821
0.208448
0.2081
0.207779
0.207485
0.20722
0.206985
0.206782
0.206613
0.206478
0.206384
0.20633
0.206322
0.206363
0.20646
0.206618
0.206846
0.207156
0.207562
0.208085
0.208754
0.209617
0.210757
0.212341
0.21489
0.255674
0.251735
0.248816
0.246367
0.244211
0.242259
0.240462
0.238787
0.237214
0.235726
0.234313
0.232963
0.231672
0.230433
0.22924
0.228092
0.226982
0.22591
0.224873
0.223869
0.222895
0.221951
0.221035
0.220145
0.219282
0.218444
0.21763
0.216839
0.216071
0.215326
0.214602
0.2139
0.21322
0.212561
0.211922
0.211305
0.210708
0.210132
0.209577
0.209043
0.20853
0.208039
0.207569
0.207121
0.206696
0.206294
0.205916
0.205562
0.205233
0.204931
0.204656
0.204409
0.204193
0.204008
0.203857
0.203742
0.203665
0.20363
0.20364
0.203699
0.203816
0.203993
0.204241
0.204571
0.204999
0.205543
0.206236
0.207125
0.208295
0.209916
0.212519
0.254581
0.250489
0.247502
0.245009
0.242818
0.240838
0.239017
0.237321
0.235729
0.234224
0.232794
0.23143
0.230124
0.22887
0.227664
0.226502
0.22538
0.224295
0.223245
0.222228
0.221242
0.220285
0.219357
0.218455
0.217579
0.216727
0.2159
0.215096
0.214315
0.213555
0.212818
0.212102
0.211406
0.210732
0.210078
0.209444
0.20883
0.208237
0.207664
0.20711
0.206577
0.206065
0.205574
0.205103
0.204654
0.204227
0.203821
0.203439
0.203081
0.202746
0.202436
0.202153
0.201897
0.201669
0.201471
0.201305
0.201173
0.201077
0.201019
0.201003
0.201033
0.201113
0.201249
0.201448
0.201719
0.202073
0.202525
0.203098
0.203823
0.204749
0.205964
0.207653
0.210403
0.253763
0.249399
0.246309
0.243753
0.241517
0.239501
0.23765
0.235929
0.234314
0.232788
0.231339
0.229957
0.228635
0.227365
0.226145
0.224968
0.223832
0.222734
0.221671
0.220641
0.219642
0.218673
0.217731
0.216817
0.215928
0.215064
0.214224
0.213407
0.212613
0.211841
0.211089
0.210359
0.20965
0.208961
0.208292
0.207642
0.207013
0.206403
0.205813
0.205242
0.204691
0.20416
0.203649
0.203157
0.202687
0.202237
0.201807
0.2014
0.201014
0.200651
0.200312
0.199996
0.199706
0.199442
0.199205
0.198995
0.198817
0.19867
0.198557
0.19848
0.198443
0.198447
0.198499
0.1986
0.198759
0.198981
0.199277
0.199658
0.200141
0.200747
0.201509
0.202483
0.203762
0.205552
0.208564
0.253315
0.248478
0.24524
0.2426
0.240306
0.238246
0.236358
0.234606
0.232965
0.231415
0.229945
0.228544
0.227203
0.225917
0.22468
0.223488
0.222337
0.221225
0.220148
0.219105
0.218093
0.21711
0.216156
0.215229
0.214328
0.213452
0.212599
0.211769
0.210962
0.210177
0.209412
0.208669
0.207946
0.207243
0.20656
0.205896
0.205252
0.204627
0.204021
0.203434
0.202866
0.202317
0.201788
0.201277
0.200787
0.200316
0.199865
0.199435
0.199026
0.198638
0.198271
0.197928
0.197607
0.19731
0.197039
0.196794
0.196576
0.196386
0.196227
0.1961
0.196007
0.19595
0.195934
0.19596
0.196033
0.196158
0.196341
0.196589
0.196914
0.197325
0.197841
0.198487
0.199297
0.20033
0.201692
0.203626
0.207091
0.253542
0.24775
0.244304
0.241554
0.239187
0.237071
0.235141
0.233354
0.231682
0.230105
0.228611
0.227188
0.225827
0.224523
0.223269
0.22206
0.220894
0.219766
0.218675
0.217618
0.216593
0.215597
0.21463
0.21369
0.212776
0.211887
0.211021
0.210179
0.209359
0.208561
0.207784
0.207028
0.206292
0.205576
0.204879
0.204201
0.203543
0.202903
0.202282
0.20168
0.201096
0.200532
0.199985
0.199457
0.198949
0.198459
0.197989
0.197538
0.197107
0.196696
0.196306
0.195937
0.19559
0.195265
0.194963
0.194686
0.194434
0.194208
0.194009
0.193839
0.1937
0.193593
0.19352
0.193485
0.19349
0.193539
0.193636
0.193786
0.193995
0.194272
0.194627
0.195072
0.195627
0.196318
0.197185
0.198291
0.199761
0.201896
0.206274
0.24726
0.243514
0.240621
0.238162
0.235982
0.234001
0.232172
0.230464
0.228858
0.227337
0.22589
0.224507
0.223182
0.221909
0.220683
0.2195
0.218357
0.217251
0.216179
0.215139
0.21413
0.213149
0.212196
0.211269
0.210367
0.20949
0.208635
0.207802
0.206992
0.206203
0.205434
0.204685
0.203956
0.203246
0.202555
0.201883
0.20123
0.200594
0.199978
0.19938
0.198799
0.198237
0.197694
0.197168
0.19666
0.196172
0.195702
0.195251
0.19482
0.194408
0.194016
0.193645
0.193296
0.192967
0.192661
0.192379
0.192121
0.191888
0.191681
0.191502
0.191352
0.191233
0.191147
0.191096
0.191083
0.191111
0.191183
0.191305
0.191482
0.19172
0.192027
0.192416
0.1929
0.193499
0.194243
0.195175
0.196373
0.197982
0.200405
0.247104
0.242894
0.23981
0.237238
0.234979
0.232937
0.23106
0.229313
0.227672
0.226121
0.224646
0.22324
0.221893
0.2206
0.219355
0.218155
0.216994
0.215872
0.214785
0.213731
0.212707
0.211714
0.210747
0.209807
0.208892
0.208001
0.207134
0.206289
0.205466
0.204665
0.203883
0.203122
0.20238
0.201658
0.200954
0.20027
0.199603
0.198954
0.198324
0.197712
0.197117
0.19654
0.195981
0.195439
0.194916
0.19441
0.193923
0.193454
0.193004
0.192572
0.19216
0.191767
0.191394
0.191042
0.190711
0.190402
0.190115
0.189852
0.189613
0.1894
0.189213
0.189054
0.188924
0.188826
0.188761
0.188732
0.188742
0.188794
0.188892
0.18904
0.189245
0.189514
0.189856
0.190282
0.190809
0.191458
0.192264
0.193275
0.194582
0.196375
0.199241
0.247544
0.242485
0.239141
0.236424
0.234068
0.231956
0.230022
0.228229
0.22655
0.224965
0.223461
0.222028
0.220657
0.219342
0.218077
0.216857
0.215679
0.21454
0.213437
0.212367
0.211329
0.210321
0.209341
0.208387
0.207459
0.206556
0.205676
0.204819
0.203984
0.203169
0.202375
0.201602
0.200848
0.200114
0.199397
0.1987
0.19802
0.197359
0.196715
0.196089
0.195481
0.19489
0.194317
0.19376
0.193222
0.1927
0.192197
0.191711
0.191243
0.190794
0.190362
0.189949
0.189556
0.189182
0.188829
0.188495
0.188183
0.187893
0.187625
0.187381
0.187162
0.186968
0.186801
0.186662
0.186554
0.186477
0.186435
0.186429
0.186463
0.18654
0.186664
0.186841
0.187076
0.187378
0.187757
0.188225
0.1888
0.189507
0.190384
0.19149
0.192938
0.194981
0.198654
0.242362
0.238635
0.235731
0.233257
0.23106
0.229061
0.227215
0.225491
0.223869
0.222332
0.22087
0.219473
0.218134
0.216847
0.215606
0.21441
0.213253
0.212133
0.211047
0.209994
0.208971
0.207976
0.207009
0.206068
0.205152
0.204259
0.203389
0.202541
0.201715
0.200909
0.200123
0.199357
0.19861
0.197882
0.197172
0.19648
0.195806
0.19515
0.194511
0.19389
0.193285
0.192698
0.192128
0.191575
0.191039
0.19052
0.190018
0.189534
0.189067
0.188618
0.188188
0.187775
0.187382
0.187007
0.186652
0.186317
0.186002
0.185709
0.185438
0.18519
0.184965
0.184765
0.184591
0.184445
0.184327
0.18424
0.184186
0.184166
0.184184
0.184243
0.184347
0.1845
0.184707
0.184975
0.185314
0.185733
0.186247
0.186877
0.18765
0.18861
0.189832
0.19146
0.193867
0.242691
0.238336
0.235179
0.232556
0.230255
0.228179
0.226273
0.224499
0.222835
0.221261
0.219767
0.218341
0.216976
0.215665
0.214403
0.213186
0.212011
0.210873
0.20977
0.208701
0.207662
0.206653
0.205672
0.204717
0.203787
0.202881
0.201999
0.201138
0.200299
0.199481
0.198684
0.197905
0.197146
0.196406
0.195684
0.19498
0.194294
0.193626
0.192974
0.19234
0.191723
0.191123
0.190539
0.189972
0.189422
0.188889
0.188372
0.187873
0.187391
0.186926
0.186478
0.186048
0.185635
0.185242
0.184867
0.184511
0.184174
0.183858
0.183562
0.183288
0.183036
0.182807
0.182602
0.182422
0.182269
0.182143
0.182047
0.181982
0.181951
0.181955
0.181999
0.182084
0.182216
0.182398
0.182638
0.182942
0.18332
0.183784
0.184351
0.185041
0.185891
0.186953
0.188319
0.190188
0.193192
0.244071
0.238316
0.234794
0.231979
0.229553
0.227386
0.225408
0.223577
0.221864
0.22025
0.21872
0.217262
0.215869
0.214532
0.213247
0.212008
0.210813
0.209656
0.208536
0.207449
0.206395
0.205371
0.204374
0.203405
0.202462
0.201543
0.200647
0.199774
0.198923
0.198092
0.197282
0.196492
0.195721
0.194969
0.194235
0.19352
0.192822
0.192141
0.191477
0.190831
0.190201
0.189588
0.188992
0.188412
0.187849
0.187302
0.186771
0.186258
0.18576
0.185279
0.184816
0.18437
0.183941
0.183529
0.183135
0.18276
0.182404
0.182066
0.181748
0.18145
0.181174
0.180919
0.180686
0.180477
0.180292
0.180132
0.18
0.179896
0.179822
0.17978
0.179772
0.179802
0.179872
0.179985
0.180146
0.180361
0.180636
0.180979
0.1814
0.181914
0.182539
0.183301
0.184241
0.185424
0.186974
0.18919
0.193519
0.238734
0.234626
0.231548
0.228963
0.226686
0.224625
0.222728
0.220961
0.219301
0.217731
0.216239
0.214814
0.21345
0.212139
0.210877
0.209659
0.208483
0.207344
0.20624
0.205169
0.204128
0.203117
0.202133
0.201175
0.200242
0.199333
0.198448
0.197583
0.196741
0.195919
0.195116
0.194333
0.19357
0.192824
0.192096
0.191386
0.190694
0.190019
0.18936
0.188719
0.188093
0.187485
0.186892
0.186316
0.185756
0.185212
0.184685
0.184174
0.183679
0.1832
0.182738
0.182293
0.181865
0.181455
0.181062
0.180686
0.180329
0.179991
0.179672
0.179373
0.179094
0.178836
0.178601
0.178388
0.178198
0.178034
0.177895
0.177784
0.177702
0.177651
0.177633
0.17765
0.177706
0.177803
0.177946
0.178139
0.178389
0.178702
0.179087
0.179556
0.180125
0.180816
0.181661
0.182708
0.184044
0.185843
0.188613
0.240099
0.234754
0.231298
0.228506
0.226093
0.223932
0.221958
0.220128
0.218417
0.216802
0.215271
0.213813
0.212418
0.211079
0.209792
0.208551
0.207353
0.206194
0.205071
0.203983
0.202926
0.201898
0.200899
0.199927
0.19898
0.198057
0.197158
0.196281
0.195426
0.194591
0.193777
0.192982
0.192206
0.191449
0.19071
0.189988
0.189284
0.188597
0.187927
0.187274
0.186636
0.186016
0.185411
0.184823
0.18425
0.183694
0.183153
0.182628
0.18212
0.181627
0.181151
0.180691
0.180247
0.179821
0.179411
0.179018
0.178643
0.178287
0.177948
0.177628
0.177328
0.177047
0.176788
0.176549
0.176333
0.17614
0.175971
0.175827
0.17571
0.175621
0.175562
0.175534
0.175541
0.175584
0.175667
0.175794
0.175968
0.176196
0.176482
0.176836
0.177268
0.177791
0.178423
0.179191
0.180132
0.18131
0.182843
0.185
0.188938
0.235361
0.231282
0.228208
0.225621
0.22334
0.221274
0.219373
0.217601
0.215937
0.214363
0.212866
0.211438
0.210069
0.208755
0.207489
0.206268
0.205088
0.203945
0.202838
0.201763
0.200719
0.199704
0.198716
0.197755
0.196818
0.195905
0.195015
0.194147
0.1933
0.192473
0.191666
0.190878
0.190109
0.189358
0.188626
0.18791
0.187211
0.18653
0.185865
0.185216
0.184584
0.183967
0.183367
0.182782
0.182213
0.18166
0.181123
0.180601
0.180095
0.179605
0.179131
0.178673
0.178231
0.177806
0.177397
0.177005
0.176631
0.176275
0.175936
0.175616
0.175315
0.175033
0.174771
0.174531
0.174312
0.174116
0.173942
0.173794
0.173672
0.173576
0.17351
0.173475
0.173472
0.173505
0.173575
0.173688
0.173845
0.174053
0.174317
0.174644
0.175043
0.175527
0.176109
0.176813
0.17767
0.178729
0.180072
0.181873
0.184617
0.237063
0.231603
0.228107
0.225292
0.22286
0.220685
0.218699
0.216859
0.215138
0.213515
0.211978
0.210511
0.20911
0.207767
0.206474
0.205228
0.204025
0.20286
0.201733
0.20064
0.199578
0.198547
0.197543
0.196567
0.195615
0.194688
0.193785
0.192903
0.192043
0.191204
0.190385
0.189585
0.188804
0.188042
0.187297
0.18657
0.185861
0.185167
0.184491
0.183831
0.183187
0.182559
0.181947
0.181351
0.18077
0.180205
0.179655
0.179121
0.178602
0.178099
0.177611
0.177139
0.176683
0.176243
0.17582
0.175412
0.175022
0.174648
0.174292
0.173954
0.173633
0.173332
0.173049
0.172786
0.172544
0.172323
0.172123
0.171947
0.171795
0.171668
0.171567
0.171495
0.171452
0.171441
0.171464
0.171524
0.171624
0.171767
0.171957
0.172201
0.172505
0.172876
0.173325
0.173866
0.174517
0.175303
0.176267
0.177469
0.179029
0.181227
0.18527
0.232502
0.228277
0.225139
0.222513
0.220204
0.218117
0.216197
0.214412
0.212734
0.211149
0.209642
0.208205
0.206828
0.205506
0.204234
0.203006
0.201819
0.200671
0.199558
0.198478
0.197428
0.196408
0.195416
0.194449
0.193508
0.19259
0.191695
0.190822
0.18997
0.189139
0.188327
0.187534
0.186759
0.186003
0.185265
0.184543
0.183839
0.183152
0.18248
0.181825
0.181186
0.180562
0.179954
0.179362
0.178785
0.178223
0.177677
0.177146
0.17663
0.17613
0.175645
0.175176
0.174722
0.174284
0.173862
0.173456
0.173067
0.172694
0.172339
0.172
0.17168
0.171378
0.171095
0.170831
0.170587
0.170364
0.170163
0.169984
0.169828
0.169697
0.169592
0.169514
0.169465
0.169447
0.169462
0.169512
0.1696
0.16973
0.169906
0.170132
0.170415
0.170762
0.171181
0.171686
0.172292
0.173021
0.173906
0.174998
0.176384
0.178249
0.18113
0.23504
0.228857
0.225218
0.222328
0.219847
0.217637
0.215624
0.213762
0.212022
0.210384
0.208832
0.207355
0.205942
0.204588
0.203287
0.202032
0.200822
0.199651
0.198517
0.197417
0.196349
0.195311
0.194302
0.19332
0.192363
0.191431
0.190522
0.189636
0.18877
0.187926
0.187102
0.186297
0.18551
0.184743
0.183993
0.18326
0.182544
0.181845
0.181163
0.180497
0.179846
0.179211
0.178592
0.177989
0.177401
0.176827
0.176269
0.175726
0.175199
0.174686
0.174188
0.173706
0.173239
0.172788
0.172351
0.171931
0.171527
0.171139
0.170768
0.170413
0.170076
0.169755
0.169454
0.16917
0.168906
0.168661
0.168436
0.168233
0.168052
0.167893
0.167758
0.167649
0.167567
0.167512
0.167488
0.167495
0.167537
0.167615
0.167733
0.167896
0.168107
0.168372
0.168696
0.169091
0.169564
0.170131
0.170812
0.171632
0.172635
0.17389
0.175525
0.177859
0.182577
0.230219
0.225622
0.222346
0.219641
0.217277
0.21515
0.213199
0.211387
0.209689
0.208085
0.206563
0.205111
0.203722
0.202389
0.201106
0.199869
0.198674
0.197517
0.196396
0.195309
0.194253
0.193226
0.192227
0.191255
0.190307
0.189384
0.188483
0.187605
0.186747
0.18591
0.185093
0.184295
0.183515
0.182753
0.182009
0.181282
0.180572
0.179878
0.179201
0.17854
0.177894
0.177264
0.176649
0.17605
0.175465
0.174895
0.174341
0.173802
0.173277
0.172768
0.172273
0.171793
0.171329
0.17088
0.170446
0.170028
0.169625
0.169239
0.168869
0.168515
0.168178
0.167858
0.167557
0.167273
0.167008
0.166763
0.166537
0.166333
0.166149
0.165988
0.165851
0.165738
0.165651
0.165592
0.165562
0.165562
0.165597
0.165667
0.165775
0.165926
0.166123
0.166371
0.166678
0.167049
0.167496
0.16803
0.168668
0.169435
0.170365
0.171514
0.17298
0.174978
0.178208
0.226565
0.222641
0.219619
0.217057
0.214789
0.212732
0.210836
0.209068
0.207406
0.205833
0.204338
0.20291
0.201542
0.200228
0.198962
0.197741
0.19656
0.195417
0.194309
0.193233
0.192188
0.191172
0.190183
0.18922
0.188281
0.187366
0.186474
0.185602
0.184753
0.183923
0.183112
0.18232
0.181546
0.180791
0.180053
0.179331
0.178626
0.177938
0.177266
0.176609
0.175968
0.175342
0.174731
0.174136
0.173555
0.17299
0.172439
0.171903
0.171382
0.170875
0.170383
0.169906
0.169444
0.168998
0.168566
0.16815
0.167749
0.167364
0.166996
0.166643
0.166307
0.165989
0.165687
0.165404
0.165139
0.164893
0.164667
0.164461
0.164276
0.164113
0.163973
0.163857
0.163768
0.163704
0.163669
0.163664
0.163691
0.163753
0.163853
0.163993
0.164178
0.164412
0.164703
0.165054
0.165477
0.165982
0.166584
0.167305
0.168174
0.169238
0.170575
0.172338
0.17494
0.228823
0.223363
0.219845
0.21701
0.214562
0.212375
0.210378
0.208529
0.2068
0.20517
0.203626
0.202155
0.200748
0.1994
0.198104
0.196854
0.195647
0.19448
0.193349
0.192253
0.191189
0.190154
0.189148
0.188168
0.187213
0.186284
0.185376
0.184491
0.183628
0.182785
0.181962
0.181157
0.180372
0.179605
0.178855
0.178122
0.177406
0.176706
0.176023
0.175355
0.174703
0.174067
0.173445
0.172839
0.172248
0.171671
0.171109
0.170562
0.170029
0.169511
0.169008
0.168519
0.168045
0.167586
0.167141
0.166712
0.166298
0.165899
0.165516
0.165149
0.164798
0.164463
0.164145
0.163844
0.163561
0.163296
0.16305
0.162824
0.162617
0.162431
0.162266
0.162125
0.162007
0.161913
0.161846
0.161807
0.161797
0.161818
0.161873
0.161965
0.162096
0.162271
0.162493
0.162768
0.163102
0.163504
0.163984
0.164555
0.165237
0.166055
0.167048
0.168281
0.169873
0.172099
0.176134
0.224899
0.220427
0.217187
0.214499
0.212146
0.210027
0.208082
0.206275
0.20458
0.20298
0.201461
0.200012
0.198626
0.197295
0.196015
0.19478
0.193587
0.192433
0.191314
0.190228
0.189174
0.18815
0.187153
0.186181
0.185236
0.184314
0.183414
0.182537
0.18168
0.180844
0.180027
0.179229
0.17845
0.177688
0.176944
0.176217
0.175506
0.174812
0.174133
0.17347
0.172823
0.172191
0.171574
0.170971
0.170384
0.169811
0.169253
0.168709
0.16818
0.167665
0.167165
0.166679
0.166208
0.165752
0.165309
0.164883
0.16447
0.164074
0.163693
0.163327
0.162978
0.162644
0.162327
0.162027
0.161745
0.161481
0.161235
0.161008
0.1608
0.160613
0.160448
0.160304
0.160184
0.160089
0.160018
0.159975
0.159961
0.159977
0.160026
0.160111
0.160234
0.160399
0.16061
0.160872
0.161191
0.161575
0.162033
0.162577
0.163225
0.163999
0.164933
0.166083
0.167541
0.169511
0.172625
0.221621
0.217679
0.214644
0.212074
0.2098
0.207739
0.20584
0.204069
0.202406
0.200832
0.199336
0.197908
0.19654
0.195225
0.19396
0.192739
0.191559
0.190416
0.189309
0.188234
0.187189
0.186174
0.185186
0.184223
0.183285
0.182371
0.181479
0.180609
0.179759
0.178929
0.178119
0.177327
0.176553
0.175797
0.175059
0.174337
0.173631
0.172942
0.172268
0.17161
0.170967
0.170339
0.169726
0.169128
0.168545
0.167976
0.167421
0.166881
0.166355
0.165844
0.165347
0.164864
0.164396
0.163942
0.163503
0.163078
0.162668
0.162274
0.161894
0.16153
0.161182
0.160851
0.160535
0.160236
0.159954
0.159691
0.159445
0.159218
0.15901
0.158823
0.158657
0.158512
0.15839
0.158292
0.158219
0.158173
0.158155
0.158167
0.158211
0.15829
0.158406
0.158562
0.158764
0.159014
0.159319
0.159687
0.160126
0.160646
0.161265
0.162001
0.162886
0.163966
0.165319
0.167101
0.169723
0.224488
0.218671
0.215073
0.212198
0.209725
0.207518
0.205507
0.203648
0.20191
0.200275
0.198724
0.19725
0.19584
0.194489
0.19319
0.191938
0.19073
0.189562
0.18843
0.187334
0.186269
0.185234
0.184227
0.183247
0.182292
0.181362
0.180455
0.179571
0.178707
0.177864
0.177041
0.176236
0.17545
0.174682
0.173932
0.173198
0.172481
0.171781
0.171096
0.170427
0.169774
0.169135
0.168512
0.167903
0.167309
0.166729
0.166164
0.165614
0.165077
0.164554
0.164046
0.163552
0.163073
0.162607
0.162156
0.161719
0.161297
0.16089
0.160498
0.16012
0.159758
0.159412
0.159082
0.158767
0.15847
0.158189
0.157926
0.157681
0.157454
0.157246
0.157059
0.156891
0.156746
0.156623
0.156523
0.156448
0.156399
0.156378
0.156386
0.156426
0.1565
0.156609
0.156759
0.156952
0.157192
0.157486
0.157839
0.15826
0.15876
0.159352
0.160057
0.160899
0.161922
0.163189
0.164826
0.16713
0.171492
0.220744
0.215936
0.212584
0.209834
0.207442
0.205293
0.203327
0.201503
0.199795
0.198184
0.196656
0.1952
0.193808
0.192472
0.191187
0.189949
0.188753
0.187596
0.186475
0.185388
0.184332
0.183306
0.182307
0.181336
0.180389
0.179466
0.178566
0.177688
0.176831
0.175994
0.175177
0.174378
0.173598
0.172835
0.17209
0.171362
0.17065
0.169955
0.169275
0.168611
0.167961
0.167327
0.166708
0.166104
0.165513
0.164938
0.164376
0.163829
0.163296
0.162777
0.162272
0.161781
0.161304
0.160842
0.160394
0.15996
0.15954
0.159136
0.158745
0.15837
0.15801
0.157666
0.157337
0.157024
0.156728
0.156449
0.156186
0.155942
0.155716
0.155508
0.15532
0.155153
0.155007
0.154883
0.154782
0.154705
0.154654
0.15463
0.154635
0.154671
0.15474
0.154844
0.154987
0.155172
0.155404
0.155687
0.156028
0.156434
0.156917
0.157487
0.158163
0.158969
0.159941
0.161137
0.162662
0.164741
0.168166
0.217626
0.21336
0.210194
0.207546
0.205222
0.203123
0.201195
0.199403
0.197722
0.196133
0.194625
0.193187
0.19181
0.190488
0.189217
0.18799
0.186805
0.185659
0.184548
0.18347
0.182423
0.181405
0.180415
0.179451
0.178512
0.177596
0.176702
0.175831
0.17498
0.174149
0.173338
0.172545
0.17177
0.171014
0.170273
0.16955
0.168843
0.168152
0.167477
0.166817
0.166173
0.165543
0.164928
0.164327
0.163741
0.163169
0.162612
0.162068
0.161538
0.161023
0.160521
0.160034
0.15956
0.1591
0.158655
0.158224
0.157807
0.157404
0.157017
0.156644
0.156286
0.155943
0.155616
0.155306
0.155011
0.154732
0.154471
0.154227
0.154002
0.153795
0.153608
0.15344
0.153294
0.153169
0.153067
0.152989
0.152936
0.15291
0.152912
0.152945
0.15301
0.153109
0.153247
0.153425
0.153649
0.153924
0.154254
0.154647
0.155113
0.155663
0.156315
0.15709
0.158021
0.159158
0.160591
0.162501
0.165426
0.214822
0.210909
0.207887
0.205325
0.203059
0.201004
0.19911
0.197346
0.195688
0.19412
0.19263
0.191208
0.189846
0.188537
0.187278
0.186063
0.184888
0.183752
0.18265
0.181581
0.180542
0.179532
0.178549
0.177593
0.17666
0.175751
0.174864
0.173999
0.173154
0.172329
0.171523
0.170736
0.169967
0.169215
0.16848
0.167762
0.16706
0.166374
0.165703
0.165047
0.164407
0.163782
0.163171
0.162574
0.161992
0.161424
0.16087
0.16033
0.159804
0.159291
0.158793
0.158309
0.157838
0.157381
0.156939
0.156511
0.156096
0.155696
0.155311
0.154941
0.154585
0.154244
0.153919
0.15361
0.153317
0.15304
0.15278
0.152537
0.152313
0.152107
0.151919
0.151752
0.151606
0.151481
0.151378
0.151299
0.151245
0.151217
0.151217
0.151247
0.151308
0.151404
0.151537
0.15171
0.151927
0.152193
0.152514
0.152895
0.153348
0.153882
0.154512
0.15526
0.156155
0.157243
0.1586
0.16038
0.16298
0.218402
0.212224
0.208562
0.205656
0.203166
0.200949
0.198932
0.197069
0.195329
0.193693
0.192144
0.19067
0.189262
0.187913
0.186617
0.185369
0.184165
0.183
0.181872
0.180779
0.179719
0.178688
0.177686
0.17671
0.17576
0.174834
0.173931
0.173051
0.172192
0.171353
0.170533
0.169733
0.168951
0.168187
0.16744
0.16671
0.165997
0.165299
0.164618
0.163952
0.1633
0.162664
0.162043
0.161436
0.160843
0.160265
0.159701
0.15915
0.158614
0.158091
0.157583
0.157088
0.156606
0.156139
0.155685
0.155246
0.15482
0.154409
0.154011
0.153629
0.15326
0.152907
0.152568
0.152245
0.151938
0.151646
0.151371
0.151113
0.150871
0.150647
0.150442
0.150256
0.150089
0.149943
0.149818
0.149715
0.149635
0.14958
0.149551
0.149549
0.149577
0.149635
0.149728
0.149857
0.150025
0.150236
0.150495
0.150807
0.151179
0.15162
0.152139
0.152751
0.153476
0.15434
0.155386
0.156682
0.158357
0.160727
0.165416
0.21503
0.209778
0.206304
0.203493
0.201063
0.19889
0.196905
0.195069
0.193352
0.191735
0.190203
0.188744
0.187349
0.186013
0.184728
0.18349
0.182295
0.18114
0.180021
0.178937
0.177883
0.176861
0.175865
0.174896
0.173953
0.173034
0.172137
0.171263
0.170409
0.169576
0.168762
0.167967
0.16719
0.166431
0.165689
0.164964
0.164255
0.163562
0.162885
0.162223
0.161576
0.160944
0.160327
0.159724
0.159135
0.158561
0.158
0.157454
0.156921
0.156402
0.155896
0.155404
0.154927
0.154462
0.154012
0.153575
0.153152
0.152743
0.152349
0.151969
0.151602
0.151252
0.150915
0.150594
0.150289
0.149999
0.149725
0.149469
0.149229
0.149006
0.148802
0.148617
0.14845
0.148304
0.148179
0.148076
0.147996
0.147941
0.147911
0.147908
0.147934
0.14799
0.14808
0.148205
0.148369
0.148575
0.148828
0.149134
0.149497
0.149927
0.150434
0.15103
0.151734
0.152573
0.153583
0.154827
0.156419
0.158617
0.16245
0.212198
0.207456
0.204127
0.201393
0.199014
0.196878
0.194923
0.19311
0.191413
0.189813
0.188295
0.186851
0.185468
0.184143
0.182869
0.181641
0.180455
0.179308
0.178198
0.177121
0.176075
0.175059
0.17407
0.173108
0.172171
0.171258
0.170367
0.169498
0.16865
0.167822
0.167014
0.166224
0.165452
0.164698
0.163961
0.16324
0.162536
0.161847
0.161175
0.160517
0.159875
0.159247
0.158634
0.158034
0.15745
0.156879
0.156322
0.155779
0.15525
0.154734
0.154232
0.153744
0.153269
0.152808
0.15236
0.151926
0.151506
0.1511
0.150708
0.150331
0.149968
0.149619
0.149285
0.148966
0.148662
0.148375
0.148103
0.147848
0.147609
0.147388
0.147185
0.147001
0.146835
0.14669
0.146566
0.146463
0.146383
0.146327
0.146297
0.146293
0.146317
0.146372
0.146459
0.146582
0.146742
0.146945
0.147193
0.147492
0.147848
0.148269
0.148764
0.149347
0.150035
0.150851
0.151831
0.153032
0.154556
0.156624
0.159988
0.209643
0.205235
0.202021
0.199352
0.197015
0.194912
0.192982
0.19119
0.18951
0.187926
0.186422
0.184989
0.183619
0.182304
0.181039
0.17982
0.178643
0.177504
0.176401
0.175331
0.174293
0.173283
0.172301
0.171345
0.170414
0.169506
0.168622
0.167758
0.166915
0.166093
0.165289
0.164504
0.163737
0.162988
0.162255
0.161539
0.160839
0.160156
0.159487
0.158834
0.158195
0.157571
0.156962
0.156367
0.155786
0.155219
0.154666
0.154126
0.1536
0.153088
0.152589
0.152104
0.151633
0.151175
0.15073
0.150299
0.149883
0.149479
0.14909
0.148715
0.148354
0.148008
0.147676
0.14736
0.147059
0.146773
0.146503
0.14625
0.146013
0.145793
0.145592
0.145409
0.145244
0.1451
0.144976
0.144874
0.144795
0.144738
0.144707
0.144703
0.144727
0.14478
0.144866
0.144986
0.145144
0.145343
0.145587
0.145881
0.146231
0.146644
0.14713
0.147702
0.148375
0.149172
0.150127
0.151293
0.152761
0.154726
0.157783
0.207276
0.203105
0.199982
0.197365
0.195065
0.192989
0.191081
0.189308
0.187644
0.186073
0.184582
0.18316
0.1818
0.180495
0.179239
0.178028
0.176858
0.175727
0.174631
0.173568
0.172536
0.171533
0.170557
0.169607
0.168682
0.167779
0.1669
0.166042
0.165204
0.164386
0.163588
0.162807
0.162045
0.1613
0.160573
0.159861
0.159165
0.158486
0.157822
0.157172
0.156538
0.155918
0.155312
0.154721
0.154144
0.153581
0.153031
0.152495
0.151973
0.151464
0.150969
0.150487
0.150019
0.149564
0.149122
0.148694
0.14828
0.14788
0.147494
0.147121
0.146763
0.146419
0.14609
0.145776
0.145477
0.145193
0.144925
0.144674
0.144439
0.144221
0.144021
0.14384
0.143677
0.143533
0.143411
0.143309
0.14323
0.143174
0.143143
0.143139
0.143162
0.143214
0.143299
0.143418
0.143574
0.14377
0.144011
0.1443
0.144645
0.145052
0.145531
0.146093
0.146754
0.147535
0.148469
0.149605
0.151028
0.152912
0.155754
0.205054
0.201055
0.198003
0.195431
0.193162
0.191109
0.18922
0.187462
0.185812
0.184254
0.182774
0.181362
0.180011
0.178714
0.177467
0.176263
0.175101
0.173977
0.172888
0.171831
0.170805
0.169807
0.168837
0.167893
0.166973
0.166076
0.165202
0.164349
0.163516
0.162703
0.161909
0.161134
0.160376
0.159636
0.158912
0.158205
0.157514
0.156838
0.156178
0.155532
0.154902
0.154286
0.153685
0.153097
0.152523
0.151964
0.151418
0.150885
0.150367
0.149861
0.149369
0.148891
0.148425
0.147974
0.147536
0.147111
0.1467
0.146302
0.145919
0.145549
0.145193
0.144853
0.144526
0.144214
0.143917
0.143636
0.14337
0.143121
0.142888
0.142672
0.142474
0.142294
0.142132
0.14199
0.141868
0.141768
0.141689
0.141634
0.141604
0.141599
0.141622
0.141675
0.141758
0.141876
0.142031
0.142224
0.142462
0.142749
0.14309
0.143492
0.143964
0.144518
0.145169
0.145937
0.146854
0.147966
0.149352
0.151174
0.153859
0.20295
0.199077
0.196083
0.193546
0.191302
0.189269
0.187397
0.185653
0.184016
0.182467
0.180997
0.179595
0.178252
0.176963
0.175723
0.174526
0.173371
0.172253
0.17117
0.170119
0.169099
0.168107
0.167143
0.166204
0.165289
0.164397
0.163527
0.162679
0.161851
0.161043
0.160253
0.159482
0.158729
0.157993
0.157274
0.156571
0.155884
0.155212
0.154556
0.153915
0.153288
0.152676
0.152078
0.151494
0.150925
0.150368
0.149826
0.149297
0.148782
0.14828
0.147791
0.147316
0.146854
0.146405
0.14597
0.145549
0.14514
0.144746
0.144365
0.143999
0.143646
0.143307
0.142983
0.142674
0.14238
0.142101
0.141837
0.14159
0.141359
0.141145
0.140949
0.14077
0.14061
0.14047
0.14035
0.14025
0.140173
0.140119
0.140089
0.140085
0.140108
0.14016
0.140244
0.140361
0.140514
0.140707
0.140943
0.141227
0.141565
0.141963
0.142431
0.142978
0.143621
0.144379
0.145281
0.146374
0.147731
0.149503
0.152075
0.208373
0.200949
0.197168
0.194219
0.19171
0.189487
0.18747
0.185611
0.183879
0.182252
0.180714
0.179252
0.177857
0.176522
0.17524
0.174006
0.172817
0.171667
0.170555
0.169478
0.168433
0.167418
0.166432
0.165472
0.164538
0.163628
0.162741
0.161876
0.161033
0.160209
0.159406
0.158621
0.157854
0.157105
0.156373
0.155658
0.154959
0.154276
0.153608
0.152956
0.152319
0.151696
0.151087
0.150493
0.149913
0.149347
0.148794
0.148255
0.14773
0.147218
0.14672
0.146234
0.145762
0.145303
0.144858
0.144426
0.144008
0.143602
0.143211
0.142833
0.142469
0.142119
0.141783
0.141462
0.141155
0.140863
0.140587
0.140326
0.140081
0.139852
0.13964
0.139446
0.139269
0.139111
0.138972
0.138854
0.138756
0.13868
0.138627
0.138598
0.138595
0.138618
0.138671
0.138754
0.138872
0.139024
0.139217
0.139452
0.139734
0.140069
0.140465
0.140928
0.141471
0.142107
0.142858
0.14375
0.144827
0.146163
0.147896
0.150386
0.156205
0.205789
0.19904
0.195325
0.192409
0.189921
0.187714
0.18571
0.183862
0.18214
0.180522
0.178992
0.177538
0.17615
0.174821
0.173546
0.172318
0.171134
0.169991
0.168884
0.167812
0.166772
0.165762
0.164781
0.163826
0.162897
0.161991
0.161109
0.160249
0.159409
0.15859
0.157791
0.15701
0.156248
0.155503
0.154775
0.154064
0.153369
0.152689
0.152026
0.151378
0.150744
0.150125
0.14952
0.14893
0.148353
0.147791
0.147242
0.146706
0.146184
0.145676
0.14518
0.144698
0.14423
0.143774
0.143332
0.142903
0.142487
0.142085
0.141697
0.141322
0.140961
0.140614
0.140281
0.139962
0.139658
0.139369
0.139095
0.138836
0.138593
0.138367
0.138157
0.137965
0.137791
0.137635
0.137498
0.137381
0.137285
0.13721
0.137158
0.137131
0.137129
0.137153
0.137207
0.137291
0.137408
0.137561
0.137753
0.137987
0.138269
0.138603
0.138997
0.139458
0.139997
0.140629
0.141374
0.142258
0.143324
0.144644
0.146351
0.148783
0.153981
0.20368
0.197219
0.193545
0.19065
0.188178
0.185982
0.183989
0.18215
0.180436
0.178825
0.177301
0.175854
0.174472
0.173149
0.171879
0.170657
0.169479
0.16834
0.167239
0.166171
0.165136
0.164131
0.163154
0.162204
0.161279
0.160378
0.1595
0.158644
0.157809
0.156994
0.156199
0.155422
0.154663
0.153923
0.153199
0.152491
0.1518
0.151125
0.150465
0.149821
0.14919
0.148575
0.147974
0.147387
0.146814
0.146255
0.14571
0.145178
0.144659
0.144154
0.143662
0.143183
0.142718
0.142266
0.141826
0.141401
0.140988
0.140589
0.140204
0.139832
0.139474
0.139129
0.138799
0.138483
0.138182
0.137896
0.137624
0.137368
0.137128
0.136904
0.136696
0.136507
0.136334
0.13618
0.136045
0.13593
0.135836
0.135763
0.135713
0.135687
0.135687
0.135713
0.135767
0.135852
0.13597
0.136124
0.136316
0.136551
0.136832
0.137166
0.137558
0.138018
0.138556
0.139185
0.139926
0.140805
0.141865
0.143174
0.144864
0.14726
0.152195
0.201841
0.195481
0.191826
0.188943
0.18648
0.184292
0.182306
0.180474
0.178765
0.17716
0.175643
0.1742
0.172824
0.171506
0.170241
0.169024
0.16785
0.166716
0.165618
0.164556
0.163525
0.162524
0.161552
0.160606
0.159685
0.158788
0.157914
0.157062
0.156231
0.155421
0.154629
0.153856
0.153102
0.152365
0.151644
0.150941
0.150254
0.149582
0.148926
0.148285
0.147658
0.147047
0.146449
0.145866
0.145296
0.144741
0.144199
0.14367
0.143155
0.142653
0.142165
0.141689
0.141227
0.140778
0.140342
0.139919
0.13951
0.139114
0.138732
0.138363
0.138008
0.137666
0.137339
0.137026
0.136727
0.136443
0.136175
0.135921
0.135684
0.135462
0.135257
0.13507
0.1349
0.134748
0.134616
0.134503
0.13441
0.13434
0.134291
0.134267
0.134268
0.134296
0.134352
0.134438
0.134558
0.134712
0.134905
0.135141
0.135423
0.135757
0.13615
0.136609
0.137146
0.137775
0.138514
0.13939
0.140447
0.141751
0.143433
0.145814
0.150656
0.200245
0.193824
0.190167
0.187286
0.184826
0.182643
0.180661
0.178833
0.17713
0.175529
0.174015
0.172577
0.171204
0.169891
0.16863
0.167417
0.166247
0.165117
0.164024
0.162966
0.161939
0.160942
0.159973
0.159031
0.158114
0.157221
0.156351
0.155504
0.154676
0.153869
0.153081
0.152312
0.151561
0.150828
0.150112
0.149412
0.148728
0.14806
0.147408
0.14677
0.146147
0.145539
0.144945
0.144365
0.143799
0.143247
0.142708
0.142183
0.141672
0.141173
0.140688
0.140216
0.139757
0.139311
0.138878
0.138459
0.138052
0.13766
0.13728
0.136914
0.136562
0.136224
0.135899
0.135589
0.135293
0.135012
0.134746
0.134495
0.134261
0.134042
0.13384
0.133655
0.133487
0.133338
0.133208
0.133097
0.133007
0.132939
0.132893
0.132871
0.132873
0.132903
0.132961
0.133049
0.13317
0.133327
0.133521
0.133758
0.134041
0.134376
0.13477
0.13523
0.135768
0.136398
0.137137
0.138014
0.13907
0.140375
0.142059
0.144443
0.14934
0.198919
0.192248
0.188569
0.185681
0.183219
0.181036
0.179055
0.177229
0.175527
0.173929
0.172419
0.170983
0.169615
0.168305
0.167047
0.165837
0.164671
0.163545
0.162456
0.161401
0.160377
0.159384
0.158419
0.157481
0.156567
0.155678
0.154812
0.153967
0.153144
0.15234
0.151556
0.150791
0.150044
0.149314
0.148601
0.147905
0.147224
0.14656
0.145911
0.145277
0.144658
0.144053
0.143462
0.142886
0.142323
0.141774
0.141239
0.140717
0.140209
0.139713
0.139232
0.138763
0.138307
0.137864
0.137435
0.137019
0.136616
0.136226
0.135849
0.135487
0.135137
0.134802
0.13448
0.134173
0.13388
0.133602
0.133339
0.133091
0.132859
0.132643
0.132444
0.132261
0.132096
0.13195
0.131822
0.131714
0.131626
0.131561
0.131517
0.131497
0.131502
0.131534
0.131595
0.131685
0.131808
0.131966
0.132163
0.132402
0.132687
0.133024
0.13342
0.133882
0.134422
0.135053
0.135795
0.136675
0.137736
0.139046
0.140739
0.143146
0.148269
0.19803
0.190759
0.187033
0.184126
0.181657
0.179469
0.177486
0.17566
0.173959
0.172362
0.170853
0.16942
0.168054
0.166746
0.165492
0.164285
0.163122
0.161998
0.160912
0.15986
0.15884
0.15785
0.156889
0.155953
0.155044
0.154158
0.153295
0.152454
0.151634
0.150834
0.150053
0.149291
0.148547
0.147821
0.147111
0.146419
0.145742
0.145081
0.144435
0.143805
0.143189
0.142587
0.142
0.141427
0.140868
0.140322
0.13979
0.139272
0.138767
0.138275
0.137796
0.13733
0.136878
0.136439
0.136012
0.135599
0.135199
0.134812
0.134439
0.134079
0.133733
0.133401
0.133083
0.132778
0.132488
0.132213
0.131953
0.131708
0.131479
0.131266
0.131069
0.130889
0.130727
0.130583
0.130459
0.130353
0.130268
0.130205
0.130164
0.130147
0.130155
0.130189
0.130252
0.130345
0.13047
0.130631
0.130831
0.131072
0.13136
0.1317
0.132098
0.132564
0.133107
0.133742
0.134489
0.135375
0.136443
0.137764
0.139476
0.141928
0.147597
0.189358
0.18556
0.182626
0.18014
0.177944
0.175956
0.174127
0.172425
0.170828
0.169319
0.167888
0.166523
0.165216
0.163964
0.162759
0.161599
0.160478
0.159395
0.158345
0.157328
0.156341
0.155382
0.154451
0.153544
0.152661
0.151801
0.150963
0.150146
0.14935
0.148572
0.147814
0.147073
0.14635
0.145644
0.144954
0.144281
0.143623
0.142981
0.142353
0.141741
0.141143
0.140559
0.139989
0.139433
0.138891
0.138362
0.137847
0.137345
0.136856
0.136381
0.135919
0.135469
0.135033
0.13461
0.1342
0.133803
0.13342
0.13305
0.132693
0.13235
0.132021
0.131705
0.131404
0.131117
0.130845
0.130588
0.130346
0.13012
0.12991
0.129716
0.129539
0.12938
0.129239
0.129117
0.129014
0.128932
0.128872
0.128834
0.128819
0.12883
0.128867
0.128933
0.129029
0.129158
0.129322
0.129524
0.129769
0.13006
0.130404
0.130806
0.131276
0.131824
0.132465
0.133218
0.134113
0.135192
0.13653
0.138271
0.14079
0.188058
0.184152
0.181177
0.17867
0.176461
0.174465
0.17263
0.170925
0.169327
0.167817
0.166385
0.16502
0.163715
0.162464
0.161261
0.160102
0.158983
0.157902
0.156855
0.155841
0.154856
0.1539
0.152971
0.152067
0.151187
0.15033
0.149495
0.148681
0.147888
0.147113
0.146358
0.14562
0.1449
0.144197
0.143511
0.142841
0.142187
0.141547
0.140923
0.140314
0.139719
0.139139
0.138572
0.138019
0.13748
0.136955
0.136443
0.135944
0.135459
0.134986
0.134527
0.134081
0.133648
0.133228
0.132821
0.132428
0.132047
0.131681
0.131327
0.130987
0.130661
0.130349
0.130051
0.129767
0.129498
0.129244
0.129005
0.128782
0.128575
0.128384
0.12821
0.128054
0.127916
0.127797
0.127698
0.127619
0.127561
0.127526
0.127515
0.127529
0.12757
0.127639
0.127738
0.12787
0.128037
0.128243
0.128492
0.128788
0.129136
0.129543
0.130019
0.130573
0.131221
0.131983
0.132889
0.133984
0.135345
0.137126
0.139744
0.18687
0.182816
0.179785
0.177248
0.175021
0.173013
0.171171
0.16946
0.167858
0.166346
0.164913
0.163548
0.162242
0.160992
0.15979
0.158632
0.157515
0.156435
0.15539
0.154378
0.153396
0.152442
0.151515
0.150614
0.149736
0.148882
0.14805
0.147239
0.146448
0.145677
0.144924
0.14419
0.143473
0.142773
0.14209
0.141422
0.140771
0.140135
0.139514
0.138908
0.138316
0.137739
0.137175
0.136626
0.13609
0.135568
0.135059
0.134563
0.134081
0.133612
0.133156
0.132713
0.132283
0.131867
0.131463
0.131073
0.130696
0.130332
0.129982
0.129645
0.129322
0.129013
0.128718
0.128437
0.128172
0.127921
0.127685
0.127465
0.127261
0.127073
0.126903
0.12675
0.126615
0.126499
0.126403
0.126328
0.126273
0.126242
0.126234
0.126251
0.126296
0.126368
0.126471
0.126607
0.126778
0.126989
0.127242
0.127543
0.127896
0.128309
0.128791
0.129353
0.130011
0.130784
0.131704
0.132819
0.134211
0.136045
0.138799
0.185817
0.181555
0.17845
0.175875
0.173625
0.171602
0.169749
0.16803
0.166423
0.164907
0.163472
0.162105
0.160799
0.159548
0.158346
0.157189
0.156072
0.154994
0.153951
0.15294
0.15196
0.151008
0.150083
0.149184
0.148309
0.147457
0.146628
0.145819
0.145031
0.144263
0.143512
0.142781
0.142067
0.14137
0.140689
0.140025
0.139377
0.138744
0.138126
0.137523
0.136934
0.13636
0.1358
0.135253
0.134721
0.134202
0.133696
0.133203
0.132724
0.132258
0.131806
0.131366
0.130939
0.130526
0.130125
0.129738
0.129364
0.129004
0.128657
0.128323
0.128003
0.127698
0.127406
0.127128
0.126866
0.126618
0.126386
0.126169
0.125968
0.125784
0.125617
0.125467
0.125336
0.125224
0.125131
0.125059
0.125008
0.12498
0.124976
0.124997
0.125045
0.125121
0.125229
0.125369
0.125545
0.12576
0.126019
0.126325
0.126685
0.127105
0.127595
0.128166
0.128835
0.129622
0.13056
0.1317
0.133129
0.135032
0.137976
0.184942
0.18038
0.177179
0.174555
0.172274
0.170232
0.168365
0.166637
0.165022
0.163501
0.162061
0.160692
0.159384
0.158132
0.156929
0.155773
0.154657
0.153579
0.152536
0.151527
0.150548
0.149598
0.148675
0.147778
0.146905
0.146055
0.145228
0.144422
0.143636
0.14287
0.142123
0.141394
0.140683
0.139989
0.139311
0.13865
0.138004
0.137374
0.136759
0.136159
0.135573
0.135002
0.134445
0.133902
0.133372
0.132856
0.132353
0.131864
0.131388
0.130925
0.130476
0.130039
0.129616
0.129205
0.128808
0.128424
0.128053
0.127696
0.127352
0.127022
0.126706
0.126403
0.126115
0.125841
0.125581
0.125337
0.125108
0.124894
0.124697
0.124516
0.124352
0.124207
0.124078
0.12397
0.123881
0.123812
0.123765
0.123741
0.123741
0.123766
0.123818
0.123899
0.124011
0.124156
0.124337
0.124558
0.124822
0.125135
0.125502
0.125931
0.12643
0.127012
0.127693
0.128497
0.129457
0.130627
0.132104
0.134096
0.137313
0.184323
0.1793
0.175975
0.173289
0.170972
0.168904
0.16702
0.16528
0.163655
0.162127
0.160683
0.159309
0.157999
0.156745
0.155541
0.154383
0.153267
0.152189
0.151147
0.150139
0.149161
0.148212
0.147291
0.146395
0.145524
0.144676
0.143852
0.143047
0.142264
0.1415
0.140755
0.140029
0.13932
0.138629
0.137954
0.137295
0.136652
0.136025
0.135413
0.134816
0.134233
0.133665
0.133111
0.13257
0.132043
0.131531
0.131031
0.130545
0.130072
0.129613
0.129166
0.128732
0.128312
0.127905
0.127511
0.127131
0.126763
0.126409
0.126068
0.125741
0.125428
0.125129
0.124844
0.124573
0.124317
0.124076
0.123851
0.123641
0.123447
0.123269
0.123109
0.122967
0.122843
0.122737
0.122652
0.122588
0.122545
0.122525
0.122529
0.122559
0.122615
0.122701
0.122818
0.122968
0.123156
0.123382
0.123653
0.123973
0.124348
0.124786
0.125296
0.125891
0.126588
0.127411
0.128397
0.129604
0.131139
0.133246
0.136882
0.184186
0.178333
0.174844
0.172081
0.169719
0.167621
0.165716
0.16396
0.162324
0.160788
0.159336
0.157958
0.156643
0.155386
0.154181
0.153021
0.151904
0.150827
0.149784
0.148776
0.147799
0.146851
0.145931
0.145037
0.144167
0.143321
0.142498
0.141696
0.140914
0.140153
0.13941
0.138686
0.13798
0.13729
0.136618
0.135962
0.135322
0.134697
0.134088
0.133493
0.132914
0.132348
0.131797
0.13126
0.130736
0.130226
0.129729
0.129246
0.128777
0.12832
0.127877
0.127446
0.127029
0.126625
0.126235
0.125857
0.125493
0.125142
0.124805
0.124481
0.124171
0.123875
0.123594
0.123327
0.123074
0.122836
0.122615
0.122408
0.122218
0.122044
0.121888
0.121749
0.121629
0.121528
0.121446
0.121386
0.121347
0.121332
0.121341
0.121375
0.121436
0.121528
0.12165
0.121806
0.122
0.122233
0.122512
0.12284
0.123224
0.123673
0.124195
0.124804
0.12552
0.126366
0.127383
0.128634
0.130241
0.132498
0.136883
0.177508
0.173797
0.170937
0.168519
0.166385
0.164454
0.162679
0.16103
0.159482
0.158023
0.156638
0.155319
0.154058
0.152849
0.151687
0.150569
0.14949
0.148448
0.147439
0.146462
0.145515
0.144595
0.143702
0.142834
0.141989
0.141167
0.140367
0.139587
0.138827
0.138087
0.137365
0.136661
0.135974
0.135304
0.134651
0.134013
0.133391
0.132784
0.132193
0.131616
0.131053
0.130504
0.12997
0.129449
0.128942
0.128449
0.127969
0.127502
0.127048
0.126608
0.126181
0.125767
0.125366
0.124979
0.124605
0.124244
0.123896
0.123562
0.123242
0.122935
0.122643
0.122365
0.122101
0.121852
0.121618
0.1214
0.121197
0.12101
0.12084
0.120688
0.120553
0.120437
0.12034
0.120263
0.120207
0.120173
0.120162
0.120176
0.120215
0.120282
0.120379
0.120507
0.12067
0.12087
0.121112
0.121398
0.121736
0.12213
0.122591
0.123127
0.123753
0.124489
0.125362
0.126415
0.12772
0.129418
0.131877
0.176872
0.172845
0.169862
0.167375
0.165197
0.163236
0.161439
0.159773
0.158213
0.156743
0.15535
0.154025
0.152758
0.151546
0.150382
0.149261
0.14818
0.147137
0.146127
0.14515
0.144203
0.143284
0.142391
0.141524
0.140681
0.13986
0.139061
0.138283
0.137525
0.136786
0.136067
0.135364
0.13468
0.134012
0.133361
0.132726
0.132106
0.131502
0.130913
0.130338
0.129779
0.129233
0.128701
0.128183
0.127679
0.127189
0.126712
0.126248
0.125797
0.12536
0.124936
0.124526
0.124128
0.123744
0.123373
0.123015
0.122671
0.12234
0.122023
0.12172
0.121431
0.121157
0.120896
0.120651
0.120421
0.120206
0.120007
0.119824
0.119658
0.11951
0.119379
0.119267
0.119175
0.119102
0.119051
0.119021
0.119016
0.119034
0.119079
0.119152
0.119255
0.11939
0.11956
0.119767
0.120017
0.120313
0.120661
0.121067
0.121541
0.122093
0.122739
0.123499
0.124403
0.125499
0.126869
0.12868
0.131425
0.176519
0.172008
0.168865
0.166294
0.164062
0.162064
0.160242
0.158554
0.156979
0.155498
0.154095
0.152762
0.15149
0.150273
0.149105
0.147981
0.146898
0.145853
0.144842
0.143864
0.142916
0.141998
0.141105
0.140238
0.139396
0.138576
0.137778
0.137002
0.136245
0.135509
0.13479
0.13409
0.133407
0.132742
0.132093
0.13146
0.130843
0.130241
0.129655
0.129083
0.128525
0.127982
0.127453
0.126938
0.126437
0.125949
0.125475
0.125015
0.124567
0.124133
0.123712
0.123304
0.12291
0.122529
0.122161
0.121807
0.121466
0.121139
0.120825
0.120526
0.12024
0.119969
0.119713
0.119471
0.119244
0.119034
0.118838
0.11866
0.118498
0.118354
0.118227
0.11812
0.118032
0.117964
0.117917
0.117893
0.117892
0.117917
0.117968
0.118047
0.118156
0.118298
0.118475
0.118691
0.11895
0.119256
0.119616
0.120035
0.120524
0.121094
0.121762
0.122549
0.12349
0.124638
0.126087
0.128045
0.131228
0.176723
0.171316
0.167957
0.165279
0.162983
0.160942
0.159088
0.157377
0.155784
0.154288
0.152874
0.151532
0.150253
0.149029
0.147856
0.146729
0.145643
0.144596
0.143584
0.142604
0.141656
0.140736
0.139844
0.138977
0.138135
0.137316
0.136519
0.135744
0.134989
0.134253
0.133536
0.132838
0.132157
0.131494
0.130847
0.130216
0.129601
0.129002
0.128418
0.127848
0.127293
0.126753
0.126227
0.125714
0.125216
0.124731
0.12426
0.123802
0.123358
0.122926
0.122509
0.122104
0.121713
0.121335
0.120971
0.12062
0.120282
0.119958
0.119648
0.119352
0.11907
0.118803
0.11855
0.118312
0.11809
0.117883
0.117692
0.117517
0.11736
0.11722
0.117098
0.116995
0.116912
0.116849
0.116807
0.116788
0.116793
0.116824
0.116881
0.116966
0.117083
0.117233
0.117418
0.117643
0.117912
0.11823
0.118602
0.119036
0.119542
0.120133
0.120825
0.121645
0.122629
0.123837
0.125384
0.127539
0.131531
0.170818
0.167153
0.16434
0.161966
0.159873
0.157981
0.156243
0.154629
0.153115
0.151688
0.150336
0.149048
0.147818
0.146639
0.145506
0.144417
0.143366
0.142352
0.141371
0.140421
0.1395
0.138607
0.137741
0.136899
0.13608
0.135284
0.134509
0.133755
0.133021
0.132306
0.131609
0.13093
0.130268
0.129623
0.128994
0.128381
0.127784
0.127202
0.126635
0.126083
0.125545
0.125021
0.124512
0.124016
0.123534
0.123065
0.12261
0.122169
0.121741
0.121326
0.120925
0.120536
0.120162
0.119801
0.119453
0.119119
0.118799
0.118492
0.1182
0.117922
0.117658
0.117409
0.117175
0.116956
0.116753
0.116567
0.116396
0.116243
0.116108
0.11599
0.115893
0.115814
0.115756
0.11572
0.115707
0.115718
0.115755
0.115819
0.115912
0.116036
0.116194
0.116389
0.116624
0.116904
0.117233
0.11762
0.11807
0.118596
0.119209
0.119931
0.120788
0.121821
0.123104
0.124776
0.127207
0.170613
0.166479
0.163489
0.161016
0.15886
0.156924
0.155154
0.153514
0.151982
0.150539
0.149174
0.147876
0.146637
0.145451
0.144313
0.143219
0.142164
0.141147
0.140164
0.139212
0.13829
0.137397
0.136529
0.135687
0.134868
0.134073
0.133298
0.132545
0.131812
0.131098
0.130402
0.129724
0.129064
0.128421
0.127794
0.127184
0.126588
0.126008
0.125444
0.124894
0.124358
0.123837
0.12333
0.122837
0.122358
0.121892
0.12144
0.121001
0.120577
0.120165
0.119767
0.119382
0.11901
0.118652
0.118308
0.117977
0.117661
0.117358
0.117069
0.116795
0.116534
0.116289
0.116059
0.115845
0.115646
0.115464
0.115298
0.115149
0.115018
0.114906
0.114813
0.11474
0.114688
0.114658
0.11465
0.114668
0.114711
0.114782
0.114882
0.115015
0.115182
0.115387
0.115633
0.115925
0.116269
0.116671
0.117139
0.117686
0.118327
0.119082
0.119981
0.121075
0.122449
0.124282
0.127137
0.170977
0.165974
0.162739
0.160143
0.157909
0.155921
0.154112
0.152443
0.150888
0.149428
0.148048
0.146738
0.145489
0.144295
0.143151
0.142051
0.140992
0.139971
0.138984
0.13803
0.137106
0.136211
0.135343
0.1345
0.133681
0.132885
0.132112
0.131359
0.130626
0.129913
0.129219
0.128542
0.127883
0.127242
0.126616
0.126008
0.125415
0.124837
0.124274
0.123727
0.123193
0.122675
0.12217
0.12168
0.121203
0.12074
0.120291
0.119855
0.119433
0.119025
0.118629
0.118248
0.11788
0.117525
0.117184
0.116857
0.116544
0.116244
0.115959
0.115688
0.115432
0.115191
0.114965
0.114755
0.11456
0.114383
0.114221
0.114077
0.113952
0.113844
0.113757
0.113689
0.113643
0.113618
0.113618
0.113642
0.113693
0.113771
0.11388
0.114022
0.114199
0.114414
0.114672
0.114978
0.115337
0.115756
0.116245
0.116816
0.117487
0.11828
0.119231
0.120397
0.121885
0.12394
0.127578
0.165707
0.162116
0.159358
0.157029
0.154977
0.153123
0.15142
0.149838
0.148357
0.146959
0.145636
0.144375
0.143172
0.14202
0.140913
0.139849
0.138823
0.137833
0.136876
0.135949
0.135053
0.134183
0.133339
0.132519
0.131723
0.130949
0.130197
0.129465
0.128752
0.128058
0.127383
0.126726
0.126085
0.125462
0.124855
0.124263
0.123687
0.123127
0.122581
0.12205
0.121534
0.121032
0.120544
0.12007
0.11961
0.119163
0.118731
0.118311
0.117906
0.117514
0.117135
0.116771
0.116419
0.116081
0.115758
0.115448
0.115153
0.114871
0.114604
0.114352
0.114115
0.113894
0.113688
0.113497
0.113324
0.113168
0.113029
0.112908
0.112806
0.112724
0.112662
0.112622
0.112604
0.11261
0.112642
0.1127
0.112787
0.112905
0.113056
0.113244
0.113471
0.113742
0.114063
0.114438
0.114877
0.115389
0.115989
0.116694
0.117531
0.118543
0.119798
0.121433
0.123811
0.165836
0.161655
0.158677
0.156227
0.154098
0.152189
0.150446
0.148833
0.147327
0.14591
0.14457
0.143297
0.142082
0.140921
0.139807
0.138736
0.137705
0.13671
0.135749
0.13482
0.133921
0.133049
0.132204
0.131383
0.130586
0.129812
0.129059
0.128327
0.127615
0.126922
0.126247
0.125591
0.124952
0.12433
0.123724
0.123134
0.12256
0.122002
0.121458
0.12093
0.120415
0.119916
0.11943
0.118959
0.118501
0.118057
0.117628
0.117211
0.116809
0.11642
0.116045
0.115683
0.115335
0.115001
0.114681
0.114375
0.114083
0.113805
0.113542
0.113294
0.113062
0.112844
0.112642
0.112457
0.112288
0.112137
0.112003
0.111887
0.111792
0.111715
0.11166
0.111626
0.111615
0.111628
0.111667
0.111734
0.11183
0.111957
0.112119
0.112318
0.112558
0.112844
0.113181
0.113575
0.114036
0.114575
0.115206
0.115951
0.116841
0.117925
0.119291
0.121127
0.124036
0.166946
0.161418
0.158124
0.155517
0.153291
0.151317
0.149526
0.147877
0.146342
0.144902
0.143543
0.142255
0.141028
0.139856
0.138733
0.137654
0.136617
0.135617
0.134651
0.133719
0.132816
0.131942
0.131094
0.130272
0.129475
0.128699
0.127946
0.127214
0.126502
0.12581
0.125136
0.12448
0.123842
0.123221
0.122617
0.122029
0.121456
0.120899
0.120358
0.119831
0.119319
0.118822
0.118338
0.11787
0.117415
0.116974
0.116547
0.116133
0.115734
0.115348
0.114975
0.114617
0.114272
0.113942
0.113625
0.113323
0.113035
0.112761
0.112503
0.112259
0.11203
0.111817
0.11162
0.111439
0.111276
0.111129
0.111001
0.110891
0.110801
0.110731
0.110682
0.110655
0.110651
0.110672
0.110719
0.110795
0.110901
0.111039
0.111212
0.111423
0.111678
0.111979
0.112334
0.112749
0.113235
0.113803
0.114471
0.115262
0.116215
0.117389
0.118899
0.12102
0.125141
0.161542
0.157737
0.154918
0.152569
0.150514
0.148665
0.146973
0.145405
0.143938
0.142558
0.141252
0.14001
0.138825
0.137692
0.136605
0.13556
0.134554
0.133583
0.132646
0.13174
0.130862
0.130013
0.129189
0.128389
0.127613
0.126859
0.126126
0.125414
0.124722
0.124048
0.123393
0.122756
0.122136
0.121533
0.120946
0.120375
0.11982
0.11928
0.118755
0.118246
0.11775
0.117269
0.116803
0.11635
0.115912
0.115488
0.115077
0.114681
0.114298
0.113929
0.113574
0.113233
0.112906
0.112593
0.112294
0.11201
0.11174
0.111485
0.111246
0.111022
0.110813
0.110621
0.110445
0.110287
0.110146
0.110023
0.109919
0.109835
0.109771
0.109729
0.109709
0.109713
0.109743
0.109799
0.109884
0.11
0.110149
0.110335
0.110561
0.110831
0.11115
0.111525
0.111964
0.112477
0.11308
0.113789
0.114636
0.115664
0.116951
0.118654
0.121237
0.162447
0.157584
0.154454
0.151945
0.149789
0.147871
0.146127
0.144519
0.143022
0.141616
0.14029
0.139031
0.137832
0.136687
0.135589
0.134536
0.133522
0.132546
0.131603
0.130692
0.129812
0.128958
0.128132
0.12733
0.126553
0.125798
0.125064
0.124352
0.123659
0.122985
0.122331
0.121694
0.121075
0.120472
0.119887
0.119317
0.118764
0.118225
0.117703
0.117195
0.116702
0.116223
0.115759
0.115309
0.114873
0.114451
0.114044
0.11365
0.11327
0.112904
0.112553
0.112215
0.111892
0.111582
0.111288
0.111007
0.110742
0.110491
0.110256
0.110036
0.109833
0.109645
0.109475
0.109322
0.109186
0.109069
0.108972
0.108894
0.108837
0.108802
0.10879
0.108802
0.108841
0.108907
0.109002
0.109129
0.109291
0.10949
0.109731
0.110018
0.110357
0.110754
0.11122
0.111765
0.112407
0.113167
0.11408
0.115201
0.116635
0.118619
0.122154
0.157806
0.154172
0.151441
0.149155
0.14715
0.145344
0.14369
0.142156
0.140721
0.139371
0.138092
0.136877
0.135718
0.134609
0.133545
0.132523
0.13154
0.130591
0.129675
0.12879
0.127933
0.127103
0.126299
0.125519
0.124763
0.124028
0.123315
0.122621
0.121948
0.121293
0.120656
0.120038
0.119437
0.118852
0.118284
0.117731
0.117195
0.116673
0.116167
0.115676
0.1152
0.114738
0.11429
0.113857
0.113438
0.113033
0.112643
0.112266
0.111903
0.111555
0.111221
0.110901
0.110595
0.110304
0.110028
0.109767
0.109521
0.10929
0.109075
0.108876
0.108694
0.108529
0.108381
0.108252
0.108141
0.108049
0.107979
0.107929
0.107902
0.107898
0.107919
0.107967
0.108043
0.10815
0.108289
0.108464
0.108679
0.108937
0.109242
0.109603
0.110026
0.110522
0.111104
0.111791
0.11261
0.113604
0.114845
0.11648
0.11892
0.158857
0.154148
0.151088
0.148629
0.146515
0.144633
0.142922
0.141346
0.139877
0.138498
0.137197
0.135963
0.134788
0.133666
0.132591
0.131559
0.130567
0.129611
0.128689
0.127798
0.126937
0.126103
0.125296
0.124514
0.123755
0.123019
0.122304
0.12161
0.120936
0.120281
0.119645
0.119026
0.118425
0.117842
0.117274
0.116723
0.116188
0.115668
0.115164
0.114675
0.1142
0.113741
0.113295
0.112865
0.112448
0.112046
0.111658
0.111285
0.110925
0.11058
0.11025
0.109933
0.109631
0.109345
0.109072
0.108815
0.108574
0.108347
0.108137
0.107944
0.107767
0.107607
0.107465
0.107342
0.107238
0.107154
0.10709
0.107048
0.107029
0.107034
0.107065
0.107123
0.10721
0.107329
0.107482
0.107672
0.107903
0.108179
0.108506
0.108892
0.109344
0.109874
0.110498
0.111239
0.11213
0.113225
0.114624
0.116557
0.119963
0.154563
0.150942
0.148239
0.145982
0.144004
0.142226
0.140596
0.139087
0.137676
0.136348
0.135092
0.133899
0.132761
0.131673
0.13063
0.129628
0.128664
0.127735
0.126838
0.125972
0.125134
0.124323
0.123537
0.122776
0.122037
0.121321
0.120626
0.119951
0.119295
0.118659
0.11804
0.11744
0.116856
0.11629
0.11574
0.115206
0.114687
0.114185
0.113697
0.113225
0.112767
0.112324
0.111896
0.111482
0.111083
0.110698
0.110327
0.109971
0.109629
0.109302
0.10899
0.108692
0.108409
0.108141
0.107888
0.107651
0.10743
0.107225
0.107036
0.106865
0.106711
0.106576
0.106459
0.106361
0.106284
0.106229
0.106195
0.106185
0.106199
0.10624
0.106309
0.106408
0.106541
0.106708
0.106914
0.107164
0.107461
0.107812
0.108225
0.10871
0.109281
0.109956
0.110761
0.111741
0.112967
0.114588
0.117026
0.156088
0.151108
0.148026
0.145573
0.143473
0.141608
0.139916
0.138358
0.136909
0.13555
0.134268
0.133053
0.131898
0.130794
0.129738
0.128725
0.127751
0.126814
0.12591
0.125038
0.124195
0.123379
0.12259
0.121825
0.121084
0.120366
0.119669
0.118993
0.118336
0.117699
0.11708
0.11648
0.115897
0.115331
0.114781
0.114249
0.113732
0.113231
0.112745
0.112274
0.111818
0.111378
0.110952
0.110541
0.110144
0.109762
0.109394
0.109041
0.108703
0.10838
0.108071
0.107777
0.107498
0.107234
0.106986
0.106754
0.106538
0.106338
0.106155
0.105989
0.105842
0.105712
0.105602
0.105512
0.105443
0.105395
0.10537
0.10537
0.105394
0.105446
0.105528
0.10564
0.105787
0.10597
0.106194
0.106464
0.106785
0.107163
0.107608
0.108132
0.108749
0.109484
0.11037
0.111463
0.112868
0.114832
0.118493
0.151856
0.148065
0.145322
0.143058
0.141083
0.139314
0.137697
0.136202
0.134807
0.133495
0.132255
0.131078
0.129957
0.128886
0.12786
0.126876
0.125929
0.125017
0.124137
0.123288
0.122467
0.121674
0.120905
0.120161
0.11944
0.118741
0.118063
0.117405
0.116767
0.116148
0.115547
0.114964
0.114398
0.11385
0.113318
0.112801
0.112302
0.111817
0.111348
0.110895
0.110456
0.110033
0.109624
0.10923
0.108851
0.108486
0.108137
0.107802
0.107482
0.107177
0.106887
0.106612
0.106353
0.106109
0.105882
0.105671
0.105477
0.1053
0.10514
0.104999
0.104877
0.104774
0.104691
0.10463
0.104591
0.104576
0.104586
0.104621
0.104685
0.10478
0.104906
0.105069
0.10527
0.105515
0.105807
0.106154
0.106564
0.107045
0.107614
0.108288
0.109095
0.110083
0.111326
0.112994
0.115596
0.15524
0.148518
0.145291
0.14279
0.140672
0.138802
0.137113
0.135563
0.134124
0.132777
0.131508
0.130307
0.129165
0.128077
0.127036
0.126039
0.12508
0.124159
0.123271
0.122415
0.121588
0.120789
0.120016
0.119268
0.118544
0.117842
0.117162
0.116502
0.115863
0.115243
0.114642
0.114058
0.113493
0.112944
0.112413
0.111898
0.111399
0.110916
0.110449
0.109997
0.10956
0.109139
0.108733
0.108341
0.107965
0.107604
0.107258
0.106926
0.10661
0.106308
0.106023
0.105752
0.105498
0.105259
0.105037
0.104831
0.104643
0.104472
0.104319
0.104184
0.104069
0.103974
0.1039
0.103847
0.103818
0.103813
0.103833
0.103881
0.103958
0.104067
0.10421
0.10439
0.104611
0.104878
0.105197
0.105574
0.106019
0.106544
0.107165
0.107908
0.108809
0.109928
0.111387
0.113491
0.118733
0.149922
0.145595
0.14272
0.1404
0.138401
0.13662
0.135002
0.133509
0.13212
0.130817
0.129587
0.128422
0.127313
0.126255
0.125243
0.124272
0.123339
0.122442
0.121577
0.120744
0.119938
0.11916
0.118407
0.117679
0.116974
0.116291
0.115629
0.114988
0.114367
0.113765
0.113181
0.112615
0.112067
0.111536
0.111021
0.110524
0.110042
0.109576
0.109126
0.108692
0.108272
0.107868
0.107479
0.107106
0.106748
0.106405
0.106077
0.105764
0.105467
0.105185
0.10492
0.10467
0.104436
0.104219
0.104019
0.103837
0.103672
0.103526
0.103399
0.103291
0.103204
0.103139
0.103096
0.103077
0.103082
0.103115
0.103176
0.103267
0.103392
0.103552
0.103752
0.103996
0.104289
0.104637
0.105049
0.105535
0.106111
0.106798
0.107626
0.108646
0.109951
0.111747
0.114843
0.146545
0.142944
0.140314
0.138136
0.136236
0.13453
0.132973
0.131532
0.130188
0.128924
0.127731
0.126598
0.12552
0.124491
0.123505
0.12256
0.121652
0.120777
0.119935
0.119122
0.118338
0.11758
0.116847
0.116138
0.115452
0.114788
0.114144
0.113521
0.112917
0.112333
0.111766
0.111218
0.110687
0.110173
0.109676
0.109195
0.108731
0.108282
0.10785
0.107433
0.107031
0.106645
0.106274
0.105919
0.105579
0.105255
0.104946
0.104653
0.104376
0.104115
0.10387
0.103641
0.10343
0.103236
0.10306
0.102902
0.102763
0.102643
0.102544
0.102466
0.10241
0.102377
0.102369
0.102387
0.102433
0.102508
0.102615
0.102757
0.102938
0.10316
0.103429
0.103751
0.104133
0.104586
0.105122
0.105761
0.106528
0.107467
0.108652
0.110236
0.112688
0.14368
0.140496
0.138049
0.135984
0.134167
0.132527
0.131023
0.129629
0.128325
0.127098
0.125938
0.124836
0.123786
0.122783
0.121824
0.120902
0.120017
0.119165
0.118344
0.117552
0.116788
0.11605
0.115336
0.114646
0.113978
0.113332
0.112706
0.112101
0.111515
0.110948
0.110399
0.109868
0.109354
0.108858
0.108378
0.107914
0.107467
0.107036
0.106621
0.106222
0.105839
0.105471
0.105118
0.104782
0.104461
0.104156
0.103867
0.103595
0.103338
0.103099
0.102876
0.10267
0.102483
0.102313
0.102162
0.102031
0.10192
0.101829
0.101761
0.101715
0.101693
0.101697
0.101728
0.101788
0.101879
0.102004
0.102166
0.102369
0.102616
0.102915
0.10327
0.103693
0.104194
0.104791
0.105507
0.106378
0.107468
0.108897
0.110983
0.14591
0.141125
0.138215
0.135908
0.133937
0.132189
0.130606
0.12915
0.127797
0.12653
0.125337
0.124207
0.123134
0.122111
0.121134
0.120197
0.119299
0.118436
0.117605
0.116805
0.116033
0.115288
0.114569
0.113874
0.113202
0.112553
0.111925
0.111317
0.110729
0.110161
0.109611
0.10908
0.108566
0.108069
0.10759
0.107128
0.106682
0.106253
0.10584
0.105442
0.105062
0.104696
0.104348
0.104014
0.103697
0.103396
0.103112
0.102844
0.102593
0.102358
0.102141
0.101942
0.101761
0.101598
0.101455
0.101332
0.10123
0.101149
0.10109
0.101056
0.101046
0.101063
0.101109
0.101185
0.101294
0.101439
0.101623
0.10185
0.102127
0.102459
0.102855
0.103325
0.103886
0.104557
0.105373
0.106387
0.107697
0.109545
0.113077
0.142821
0.138791
0.136079
0.133883
0.131988
0.130301
0.128766
0.127352
0.126037
0.124803
0.12364
0.122539
0.121492
0.120494
0.119541
0.118627
0.117751
0.116909
0.116098
0.115318
0.114565
0.11384
0.113139
0.112463
0.111809
0.111178
0.110567
0.109977
0.109407
0.108856
0.108324
0.107809
0.107313
0.106834
0.106373
0.105928
0.1055
0.105089
0.104694
0.104315
0.103953
0.103607
0.103278
0.102964
0.102668
0.102388
0.102125
0.101878
0.10165
0.101439
0.101246
0.101072
0.100917
0.100782
0.100668
0.100575
0.100504
0.100457
0.100435
0.100439
0.100471
0.100532
0.100626
0.100755
0.100922
0.101132
0.101389
0.101699
0.102071
0.102515
0.103043
0.103678
0.104446
0.105398
0.106616
0.108295
0.111156
0.140267
0.136641
0.134073
0.131964
0.130134
0.128496
0.127005
0.125628
0.124346
0.123143
0.122008
0.120933
0.119911
0.118937
0.118005
0.117114
0.116258
0.115436
0.114645
0.113884
0.113151
0.112443
0.111761
0.111103
0.110467
0.109853
0.10926
0.108688
0.108135
0.107601
0.107087
0.10659
0.106111
0.10565
0.105207
0.10478
0.10437
0.103978
0.103601
0.103242
0.102899
0.102573
0.102264
0.101971
0.101696
0.101438
0.101197
0.100975
0.10077
0.100585
0.100418
0.100271
0.100145
0.100041
0.099958
0.0998987
0.0998639
0.0998549
0.0998737
0.099922
0.100002
0.100116
0.100267
0.10046
0.1007
0.100991
0.101341
0.10176
0.102263
0.102865
0.103595
0.104496
0.105644
0.107201
0.109707
0.138035
0.134653
0.132189
0.130148
0.12837
0.126777
0.125322
0.123978
0.122726
0.12155
0.120441
0.11939
0.118391
0.117438
0.116528
0.115657
0.114821
0.114018
0.113247
0.112504
0.111789
0.1111
0.110436
0.109795
0.109177
0.108581
0.108005
0.10745
0.106915
0.106399
0.105902
0.105423
0.104963
0.10452
0.104094
0.103686
0.103295
0.102922
0.102565
0.102225
0.101903
0.101597
0.101309
0.101039
0.100786
0.100552
0.100335
0.100138
0.0999601
0.0998014
0.0996636
0.0995474
0.0994529
0.0993817
0.0993347
0.0993137
0.0993198
0.0993551
0.0994213
0.0995218
0.0996592
0.0998371
0.10006
0.100334
0.100665
0.101064
0.101543
0.102119
0.102817
0.103677
0.104771
0.106242
0.108537
0.136048
0.132813
0.130423
0.128435
0.126699
0.125141
0.123718
0.122401
0.121176
0.120025
0.118939
0.11791
0.116933
0.116001
0.115111
0.114259
0.113442
0.112658
0.111905
0.111181
0.110484
0.109812
0.109165
0.108542
0.107941
0.107363
0.106805
0.106267
0.10575
0.105252
0.104772
0.104312
0.103869
0.103445
0.103038
0.102649
0.102278
0.101924
0.101588
0.101269
0.100968
0.100684
0.100419
0.100172
0.0999437
0.0997341
0.0995442
0.0993742
0.0992247
0.0990967
0.0989908
0.0989078
0.0988492
0.0988165
0.0988103
0.0988334
0.0988874
0.0989751
0.099099
0.099263
0.0994715
0.0997299
0.100045
0.100426
0.100885
0.101439
0.102112
0.102942
0.103995
0.105408
0.107579
0.134283
0.131118
0.128774
0.126823
0.125119
0.123589
0.122192
0.120901
0.119698
0.118569
0.117504
0.116496
0.115538
0.114626
0.113754
0.112921
0.112122
0.111356
0.110621
0.109914
0.109235
0.108581
0.107951
0.107345
0.106762
0.106201
0.105661
0.105141
0.104641
0.104161
0.1037
0.103257
0.102834
0.102429
0.102042
0.101672
0.101321
0.100988
0.100673
0.100377
0.100098
0.0998385
0.0995978
0.099376
0.099174
0.0989919
0.0988308
0.0986911
0.0985737
0.0984794
0.0984093
0.0983649
0.0983475
0.0983588
0.0984012
0.0984768
0.0985884
0.0987403
0.0989354
0.0991806
0.0994815
0.0998475
0.100291
0.100827
0.10148
0.102288
0.103316
0.104694
0.106812
0.132739
0.129571
0.127245
0.125316
0.123633
0.122125
0.120749
0.119478
0.118295
0.117185
0.116139
0.115149
0.114209
0.113315
0.112461
0.111645
0.110864
0.110116
0.109397
0.108708
0.108045
0.107408
0.106796
0.106208
0.105642
0.105098
0.104576
0.104074
0.103592
0.103131
0.102688
0.102265
0.101861
0.101475
0.101109
0.10076
0.100431
0.10012
0.0998277
0.0995545
0.0993007
0.0990663
0.0988518
0.098658
0.098485
0.0983336
0.0982046
0.098099
0.0980177
0.0979622
0.0979338
0.097934
0.0979652
0.0980297
0.0981303
0.0982706
0.0984548
0.098688
0.098977
0.0993316
0.0997621
0.100286
0.100926
0.101721
0.102736
0.104107
0.106236
0.13145
0.128181
0.125842
0.123918
0.122246
0.120752
0.119391
0.118137
0.116969
0.115876
0.114847
0.113873
0.11295
0.112072
0.111234
0.110435
0.109671
0.108938
0.108237
0.107564
0.106918
0.106299
0.105703
0.105132
0.104584
0.104058
0.103554
0.10307
0.102607
0.102165
0.101741
0.101338
0.100954
0.10059
0.100244
0.0999185
0.0996116
0.0993245
0.0990571
0.0988094
0.098582
0.0983758
0.0981905
0.0980274
0.097887
0.0977699
0.0976777
0.0976113
0.0975723
0.0975619
0.0975828
0.0976371
0.0977277
0.0978581
0.0980327
0.0982563
0.0985363
0.0988814
0.0993036
0.0998196
0.100454
0.101246
0.102263
0.103654
0.105885
0.130507
0.126976
0.124581
0.12264
0.120966
0.119477
0.118125
0.116881
0.115726
0.114646
0.113631
0.112672
0.111763
0.1109
0.110078
0.109294
0.108545
0.107829
0.107143
0.106487
0.105858
0.105255
0.104677
0.104123
0.103593
0.103085
0.102599
0.102134
0.10169
0.101268
0.100865
0.100483
0.10012
0.0997778
0.0994553
0.0991532
0.0988712
0.0986096
0.0983691
0.0981498
0.0979522
0.097777
0.0976248
0.0974967
0.097393
0.0973163
0.0972672
0.0972469
0.0972583
0.097303
0.0973847
0.0975069
0.0976733
0.0978894
0.0981632
0.0985021
0.0989204
0.0994349
0.100071
0.100871
0.101912
0.103361
0.105843
0.130251
0.125995
0.123481
0.121496
0.119804
0.118309
0.116957
0.115719
0.114572
0.113501
0.112497
0.11155
0.110654
0.109804
0.108996
0.108227
0.107493
0.106792
0.106122
0.105482
0.104869
0.104283
0.103722
0.103186
0.102674
0.102184
0.101717
0.101272
0.100848
0.100446
0.100065
0.0997048
0.0993655
0.0990471
0.0987497
0.0984735
0.0982187
0.0979857
0.0977754
0.0975875
0.0974236
0.0972837
0.0971696
0.0970823
0.0970231
0.0969937
0.096996
0.0970329
0.0971071
0.0972218
0.0973824
0.0975935
0.0978641
0.098202
0.0986206
0.0991401
0.0997878
0.100612
0.1017
0.103267
0.106424
0.125342
0.122582
0.120508
0.118776
0.11726
0.1159
0.114659
0.113515
0.112449
0.111452
0.110514
0.109629
0.108791
0.107996
0.10724
0.10652
0.105833
0.105179
0.104554
0.103958
0.103388
0.102845
0.102327
0.101833
0.101363
0.100916
0.100491
0.100089
0.0997089
0.0993506
0.0990144
0.0987003
0.098408
0.0981381
0.0978909
0.0976666
0.0974659
0.0972898
0.0971384
0.0970135
0.0969161
0.0968473
0.0968092
0.0968034
0.0968326
0.0969008
0.0970106
0.0971676
0.0973775
0.0976478
0.0979888
0.0984151
0.0989488
0.0996217
0.10049
0.101666
0.103468
0.12532
0.121961
0.119719
0.117909
0.116352
0.114969
0.113716
0.112567
0.111501
0.110507
0.109576
0.108698
0.10787
0.107085
0.106341
0.105634
0.104961
0.104322
0.103712
0.103132
0.10258
0.102054
0.101555
0.10108
0.10063
0.100204
0.0998014
0.099422
0.0990662
0.0987334
0.0984235
0.0981374
0.0978746
0.0976356
0.0974212
0.0972324
0.0970694
0.0969335
0.0968258
0.0967477
0.0967016
0.096689
0.0967131
0.0967761
0.096884
0.0970395
0.0972511
0.0975265
0.0978776
0.0983212
0.0988815
0.0995983
0.100544
0.101883
0.104248
0.121809
0.119205
0.117248
0.115616
0.114189
0.112911
0.111746
0.110673
0.109678
0.108747
0.107874
0.107052
0.106276
0.105542
0.104847
0.104187
0.103562
0.102968
0.102404
0.101869
0.101361
0.100881
0.100427
0.0999985
0.0995951
0.0992165
0.0988625
0.0985332
0.0982289
0.0979488
0.0976939
0.0974655
0.0972629
0.0970879
0.0969409
0.0968232
0.0967366
0.096683
0.0966651
0.0966846
0.0967459
0.0968538
0.097013
0.0972313
0.0975187
0.0978888
0.0983608
0.0989674
0.0997602
0.100849
0.102531
0.123149
0.119146
0.116883
0.115109
0.113603
0.112276
0.111081
0.109989
0.108982
0.108047
0.107173
0.106355
0.105585
0.104858
0.104173
0.103526
0.102914
0.102335
0.101787
0.10127
0.100782
0.100322
0.0998904
0.0994851
0.0991066
0.098755
0.0984298
0.0981308
0.0978588
0.0976139
0.0973971
0.0972091
0.0970509
0.0969235
0.0968293
0.0967694
0.0967475
0.0967655
0.0968278
0.0969401
0.097108
0.0973412
0.0976507
0.0980537
0.0985768
0.0992627
0.100194
0.101574
0.104567
0.120374
0.117033
0.114945
0.113284
0.111866
0.110614
0.109486
0.108455
0.107506
0.106625
0.105803
0.105035
0.104314
0.103637
0.102999
0.102399
0.101835
0.101305
0.100806
0.100339
0.0999011
0.0994938
0.0991149
0.0987656
0.0984444
0.0981527
0.0978901
0.0976579
0.097456
0.0972862
0.0971496
0.0970484
0.0969842
0.0969604
0.0969803
0.0970492
0.0971723
0.0973577
0.097617
0.0979654
0.0984267
0.0990395
0.0998763
0.101107
0.103502
0.118942
0.11544
0.113398
0.111791
0.110428
0.109228
0.108151
0.10717
0.10627
0.105437
0.104663
0.103942
0.103269
0.10264
0.102052
0.101502
0.100989
0.10051
0.100065
0.0996533
0.0992739
0.0989264
0.0986113
0.0983277
0.0980783
0.0978616
0.0976798
0.0975346
0.0974282
0.0973624
0.0973416
0.0973693
0.097452
0.0975969
0.0978154
0.0981227
0.0985425
0.0991134
0.0999089
0.101109
0.103675
0.114546
0.112339
0.110704
0.109349
0.108174
0.107128
0.106184
0.105323
0.104532
0.103803
0.103128
0.102504
0.101924
0.101389
0.100893
0.100437
0.100018
0.0996365
0.0992917
0.098984
0.0987131
0.0984806
0.0982864
0.0981343
0.0980251
0.0979628
0.0979526
0.0979995
0.0981117
0.098301
0.0985842
0.0989882
0.0995583
0.10039
0.101758
0.112132
0.110232
0.108786
0.107579
0.106531
0.105603
0.104767
0.10401
0.103321
0.102692
0.102117
0.101594
0.101118
0.100688
0.100303
0.0999616
0.0996651
0.0994132
0.0992074
0.0990512
0.0989472
0.0989005
0.0989173
0.0990093
0.0991883
0.0994784
0.0999185
0.100584
0.101677
0.111558
0.109298
0.107833
0.106674
0.105697
0.104851
0.104107
0.103448
0.102864
0.102347
0.101893
0.1015
0.101165
0.10089
0.100676
0.100529
0.100453
0.100459
0.100563
0.100792
0.101193
0.101887
0.103344
0.108147
0.106795
0.105863
0.105148
0.104588
0.10416
0.103853
0.103676
0.103652
0.10384
0.104439
===============================================================================
test cases: 1 | 1 passed
assertions: - none -

<end of output>
Test time =   0.42 sec
----------------------------------------------------------
Test Passed.
"tests" end time: Aug 28 18:44 CEST
"tests" time elapsed: 00:00:00
----------------------------------------------------------

End testing: Aug 28 18:44 CEST
