Start testing: Aug 30 14:54 CEST
----------------------------------------------------------
1/1 Testing: tests
1/1 Test: tests
Command: "/home/freddy/Dokumente/Studium/Prog/Raytracer/build/build/Release/tests"
Directory: /home/freddy/Dokumente/Studium/Prog/Raytracer/build
"tests" start time: Aug 30 14:54 CEST
Output:
----------------------------------------------------------
red added
trans added
blue added
white added
s1 added
s2 added
s3 added
s5 added
eye added
spot1 added
ambi added
0.027725
0.0691769
0.0917445
0.108006
0.120572
0.130465
0.138307
0.144386
0.148945
0.152131
0.154006
0.154631
0.154006
0.152131
0.148945
0.144386
0.138307
0.130465
0.120572
0.108006
0.0917445
0.0691769
0.027725
0.0391602
0.0863691
0.114044
0.134794
0.151497
0.165394
0.177133
0.187129
0.195644
0.202857
0.208911
0.2139
0.217886
0.220954
0.223114
0.224401
0.224826
0.224401
0.223114
0.220954
0.217886
0.2139
0.208911
0.202857
0.195644
0.187129
0.177133
0.165394
0.151497
0.134794
0.114044
0.0863691
0.0391602
0.0138804
0.0874661
0.121346
0.146348
0.166533
0.183511
0.198068
0.210739
0.22182
0.231551
0.2401
0.247581
0.25409
0.259699
0.264457
0.268431
0.271632
0.274093
0.275844
0.276886
0.277231
0.276886
0.275844
0.274093
0.271632
0.268431
0.264457
0.259699
0.25409
0.247581
0.2401
0.231551
0.22182
0.210739
0.198068
0.183511
0.166533
0.146348
0.121346
0.0874661
0.0138804
0.036567
0.0997241
0.134794
0.161301
0.182985
0.201437
0.217456
0.231551
0.24407
0.255211
0.26519
0.274093
0.282052
0.289122
0.295369
0.300864
0.305625
0.309695
0.313095
0.315853
0.317976
0.319487
0.320395
0.320694
0.320395
0.319487
0.317976
0.315853
0.313095
0.309695
0.305625
0.300864
0.295369
0.289122
0.282052
0.274093
0.26519
0.255211
0.24407
0.231551
0.217456
0.201437
0.182985
0.161301
0.134794
0.0997241
0.036567
0.0917445
0.133364
0.163661
0.18815
0.208911
0.226949
0.24288
0.257091
0.26985
0.281368
0.291766
0.301184
0.309695
0.317377
0.32428
0.330459
0.335955
0.3408
0.345019
0.348637
0.351669
0.354131
0.356037
0.357389
0.358199
0.358465
0.358199
0.357389
0.356037
0.354131
0.351669
0.348637
0.345019
0.3408
0.335955
0.330459
0.32428
0.317377
0.309695
0.301184
0.291766
0.281368
0.26985
0.257091
0.24288
0.226949
0.208911
0.18815
0.163661
0.133364
0.0917445
0.0552956
0.116534
0.154006
0.182985
0.207068
0.2278
0.246017
0.262279
0.276886
0.290117
0.302144
0.313095
0.323087
0.332206
0.340524
0.348086
0.35495
0.361151
0.366724
0.371693
0.376085
0.379928
0.38322
0.385986
0.388232
0.389973
0.391212
0.391952
0.392201
0.391952
0.391212
0.389973
0.388232
0.385986
0.38322
0.379928
0.376085
0.371693
0.366724
0.361151
0.35495
0.348086
0.340524
0.332206
0.323087
0.313095
0.302144
0.290117
0.276886
0.262279
0.246017
0.2278
0.207068
0.182985
0.154006
0.116534
0.0552956
0.0744881
0.129725
0.166533
0.195644
0.220084
0.241292
0.260067
0.276886
0.292101
0.30594
0.318583
0.330168
0.3408
0.350573
0.35954
0.367772
0.375317
0.382205
0.388485
0.394169
0.399286
0.403872
0.407926
0.411478
0.414526
0.417087
0.419172
0.420787
0.421938
0.422627
0.422854
0.422627
0.421938
0.420787
0.419172
0.417087
0.414526
0.411478
0.407926
0.403872
0.399286
0.394169
0.388485
0.382205
0.375317
0.367772
0.35954
0.350573
0.3408
0.330168
0.318583
0.30594
0.292101
0.276886
0.260067
0.241292
0.220084
0.195644
0.166533
0.129725
0.0744881
0.0782232
0.134794
0.172761
0.202857
0.228212
0.250279
0.26985
0.287457
0.303411
0.317976
0.331338
0.343618
0.35495
0.365402
0.375057
0.383972
0.392201
0.399775
0.40674
0.413117
0.418938
0.424232
0.429003
0.433279
0.437067
-0.765525
0.440388
-0.767151
0.443246
-0.76857
0.445646
-0.769779
0.447603
-0.770776
0.449121
-0.771557
0.450201
-0.772119
0.450847
-0.77246
0.451064
-0.772574
0.450847
-0.772458
0.450201
-0.772108
0.449121
-0.771516
0.447603
-0.77068
0.445646
-0.769591
0.443246
-0.768245
0.440388
-0.766632
0.437067
-0.764745
0.433279
0.429003
0.424232
0.418938
0.413117
0.40674
0.399775
0.392201
0.383972
0.375057
0.365402
0.35495
0.343618
0.331338
0.317976
0.303411
0.287457
0.26985
0.250279
0.228212
0.202857
0.172761
0.134794
0.0782232
0.0691769
0.132626
0.173316
0.205208
0.231963
0.255211
0.275844
0.2944
0.31124
0.326648
0.3408
0.353858
0.365931
0.377113
0.387483
0.3971
0.406024
0.414288
0.421938
0.429003
0.435509
0.441491
-0.761563
0.446952
-0.764173
0.451925
-0.766586
0.456416
-0.7688
0.460448
-0.770813
0.464022
-0.772624
0.467153
-0.774231
0.469853
-0.775632
0.472124
-0.776826
0.47398
-0.77781
0.475413
-0.77858
0.476435
-0.779135
0.477053
-0.779472
0.477251
-0.779584
0.477053
-0.77947
0.476435
-0.779124
0.475413
-0.778542
0.47398
-0.777718
0.472124
-0.776646
0.469853
-0.77532
0.467153
-0.773732
0.464022
-0.771876
0.460448
-0.769742
0.456416
-0.767322
0.451925
-0.764605
0.446952
-0.76158
0.441491
-0.758236
0.435509
0.429003
0.421938
0.414288
0.406024
0.3971
0.387483
0.377113
0.365931
0.353858
0.3408
0.326648
0.31124
0.2944
0.275844
0.255211
0.231963
0.205208
0.173316
0.132626
0.0691769
0.0391602
0.122915
0.168254
0.202857
0.231551
0.256344
0.278277
0.297972
0.315853
0.332206
0.347253
0.361151
0.374029
0.385986
0.3971
0.407454
0.417087
0.426056
0.434393
0.44215
-0.756569
0.449339
-0.759928
0.455992
-0.763093
0.462132
-0.766063
0.467779
-0.768837
0.472952
-0.771416
0.47766
-0.773797
0.48192
-0.77598
0.485747
-0.777965
0.489144
-0.77975
0.492121
-0.781333
0.494689
-0.782714
0.496853
-0.783889
0.498617
-0.784858
0.499986
-0.785617
0.500957
-0.786162
0.501546
-0.786493
0.501735
-0.786604
0.501546
-0.786492
0.500957
-0.786152
0.499986
-0.785579
0.498617
-0.784769
0.496853
-0.783716
0.494689
-0.782413
0.492121
-0.780853
0.489144
-0.77903
0.485747
-0.776935
0.48192
-0.774559
0.47766
-0.771892
0.472952
-0.768925
0.467779
-0.765644
0.462132
-0.762039
0.455992
-0.758094
0.449339
-0.753795
0.44215
-0.749124
0.434393
0.426056
0.417087
0.407454
0.3971
0.385986
0.374029
0.361151
0.347253
0.332206
0.315853
0.297972
0.278277
0.256344
0.231551
0.202857
0.168254
0.122915
0.0391602
0.10347
0.157073
0.195644
0.226949
0.25371
0.277231
0.298294
0.317377
0.334808
0.350848
0.365664
0.379417
0.392201
0.404111
0.415222
0.425599
0.435292
0.44434
-0.752891
0.452782
-0.756789
0.460654
-0.760492
0.467985
-0.764002
0.4748
-0.767318
0.481112
-0.770439
0.486947
-0.773366
0.492324
-0.7761
0.497246
-0.778638
0.501735
-0.780983
0.505804
-0.783132
0.509457
-0.785085
0.512703
-0.786841
0.515551
-0.788399
0.518007
-0.789756
0.520078
-0.790912
0.521765
-0.791864
0.523074
-0.79261
0.524006
-0.793147
0.524567
-0.793472
0.524755
-0.793581
0.524567
-0.79347
0.524006
-0.793136
0.523074
-0.792574
0.521765
-0.791779
0.520078
-0.790745
0.518007
-0.789466
0.515551
-0.787935
0.512703
-0.786146
0.509457
-0.784091
0.505804
-0.781761
0.501735
-0.779146
0.497246
-0.776238
0.492324
-0.773024
0.486947
-0.769492
0.481112
-0.76563
0.4748
-0.761424
0.467985
-0.756855
0.460654
-0.751907
0.452782
-0.746561
0.44434
-0.740795
0.435292
0.425599
0.415222
0.404111
0.392201
0.379417
0.365664
0.350848
0.334808
0.317377
0.298294
0.277231
0.25371
0.226949
0.195644
0.157073
0.10347
0.0663481
0.138307
0.182985
0.217886
0.247192
0.272696
0.295369
0.315853
0.334523
0.351669
0.367516
0.382205
0.395886
0.408638
0.420558
0.43171
0.44215
-0.747746
0.451925
-0.752174
0.46108
-0.756407
0.469651
-0.760445
0.47766
-0.764288
0.485144
-0.767938
0.492121
-0.771394
0.498617
-0.774657
0.504643
-0.777729
0.510223
-0.780609
0.515364
-0.783297
0.520078
-0.785794
0.52438
-0.788099
0.528281
-0.790212
0.531789
-0.792132
0.534902
-0.793858
0.53764
-0.795389
0.539997
-0.796723
0.54199
-0.797859
0.543613
-0.798795
0.544874
-0.799528
0.545768
-0.800055
0.546308
-0.800374
0.546485
-0.800481
0.546308
-0.800372
0.545768
-0.800044
0.544874
-0.799493
0.543613
-0.798712
0.54199
-0.797697
0.539997
-0.796441
0.53764
-0.79494
0.534902
-0.793185
0.531789
-0.79117
0.528281
-0.788885
0.52438
-0.786323
0.520078
-0.783473
0.515364
-0.780326
0.510223
-0.776868
0.504643
-0.773088
0.498617
-0.768972
0.492121
-0.764505
0.485144
-0.759671
0.47766
-0.75445
0.469651
-0.748823
0.46108
-0.742765
0.451925
-0.736253
0.44215
-0.729258
0.43171
0.420558
0.408638
0.395886
0.382205
0.367516
0.351669
0.334523
0.315853
0.295369
0.272696
0.247192
0.217886
0.182985
0.138307
0.0663481
0.108006
0.163661
0.203791
0.236477
0.264457
0.289122
0.311241
0.331338
0.349745
0.366724
0.382461
0.3971
0.410771
0.423546
0.435509
0.446733
-0.746101
0.457265
-0.750859
0.467153
-0.75542
0.476435
-0.759785
0.485144
-0.763954
0.49331
-0.767928
0.500957
-0.77171
0.508115
-0.7753
0.514794
-0.778698
0.521016
-0.781907
0.526797
-0.784926
0.532156
-0.787757
0.537093
-0.790399
0.541629
-0.792852
0.545768
-0.795117
0.549526
-0.797194
0.552901
-0.799079
0.555905
-0.800775
0.558546
-0.80228
0.560823
-0.803591
0.562739
-0.804706
0.564307
-0.805625
0.565522
-0.806345
0.566389
-0.806863
0.566906
-0.807176
0.567082
-0.807281
0.566906
-0.807175
0.566389
-0.806853
0.565522
-0.806311
0.564307
-0.805545
0.562739
-0.804548
0.560823
-0.803317
0.558546
-0.801844
0.555905
-0.800123
0.552901
-0.798146
0.549526
-0.795907
0.545768
-0.793395
0.541629
-0.790602
0.537093
-0.787519
0.532156
-0.784134
0.526797
-0.780433
0.521016
-0.776407
0.514794
-0.772039
0.508115
-0.767314
0.500957
-0.762213
0.49331
-0.75672
0.485144
-0.750812
0.476435
-0.744465
0.467153
-0.737653
0.457265
-0.730346
0.446733
-0.722512
0.435509
0.423546
0.410771
0.3971
0.382461
0.366724
0.349745
0.331338
0.311241
0.289122
0.264457
0.236477
0.203791
0.163661
0.108006
0.0479215
0.134794
0.183511
0.220954
0.252185
0.279307
0.303411
0.325168
0.345019
0.36328
0.38018
0.395886
0.410527
0.424232
0.437067
-0.738584
0.449121
-0.743867
0.460448
-0.74895
0.471097
-0.753833
0.481112
-0.758518
0.490537
-0.763006
0.499399
-0.767299
0.507731
-0.771398
0.515551
-0.775305
0.522889
-0.779021
0.529758
-0.782548
0.536182
-0.785887
0.54217
-0.78904
0.54774
-0.792007
0.552901
-0.794787
0.557664
-0.797383
0.562046
-0.799794
0.566043
-0.802019
0.569669
-0.804058
0.572936
-0.805911
0.575837
-0.807577
0.578392
-0.809055
0.580596
-0.810343
0.582455
-0.811439
0.583969
-0.812342
0.585145
-0.813049
0.585985
-0.813557
0.586489
-0.813865
0.586655
-0.813968
0.586489
-0.813864
0.585985
-0.813548
0.585145
-0.813016
0.583969
-0.812263
0.582455
-0.811286
0.580596
-0.810077
0.578392
-0.808631
0.575837
-0.806942
0.572936
-0.805004
0.569669
-0.802807
0.566043
-0.800345
0.562046
-0.797608
0.557664
-0.794586
0.552901
-0.79127
0.54774
-0.787647
0.54217
-0.783706
0.536182
-0.779433
0.529758
-0.774812
0.522889
-0.769828
0.515551
-0.764463
0.507731
-0.758697
0.499399
-0.752506
0.490537
-0.745868
0.481112
-0.738755
0.471097
-0.731136
0.460448
-0.722976
0.449121
-0.714236
0.437067
-0.704869
0.424232
0.410527
0.395886
0.38018
0.36328
0.345019
0.325168
0.303411
0.279307
0.252185
0.220954
0.183511
0.134794
0.0479215
0.0874661
0.154631
0.199524
0.235256
0.265544
0.292101
0.315853
0.337393
0.35712
0.375317
0.392201
0.407926
0.422627
0.436406
-0.735434
0.449339
-0.74104
0.461502
-0.746445
0.472952
-0.751648
0.483734
-0.756649
0.493902
-0.761451
0.503483
-0.766057
0.512509
-0.770467
0.521016
-0.774685
0.529019
-0.778712
0.536546
-0.78255
0.543613
-0.786201
0.550236
-0.789665
0.556432
-0.792945
0.562218
-0.796042
0.5676
-0.798956
0.572592
-0.801688
0.577202
-0.804237
0.581439
-0.806605
0.585316
-0.808792
0.588831
-0.810796
0.591993
-0.812616
0.594812
-0.814253
0.597287
-0.815705
0.599425
-0.81697
0.601229
-0.818047
0.602699
-0.818934
0.60384
-0.819629
0.604657
-0.820129
0.605144
-0.820431
0.605307
-0.820532
0.605144
-0.82043
0.604657
-0.820119
0.60384
-0.819596
0.602699
-0.818858
0.601229
-0.817898
0.599425
-0.816711
0.597287
-0.815292
0.594812
-0.813634
0.591993
-0.811731
0.588831
-0.809577
0.585316
-0.807162
0.581439
-0.804477
0.577202
-0.801515
0.572592
-0.798265
0.5676
-0.794717
0.562218
-0.790857
0.556432
-0.786674
0.550236
-0.782153
0.543613
-0.777279
0.536546
-0.772036
0.529019
-0.766403
0.521016
-0.760361
0.512509
-0.753886
0.503483
-0.746956
0.493902
-0.739538
0.483734
-0.731603
0.472952
-0.723114
0.461502
-0.714029
0.449339
-0.704303
0.436406
-0.693879
0.422627
0.407926
0.392201
0.375317
0.35712
0.337393
0.315853
0.292101
0.265544
0.235256
0.199524
0.154631
0.0874661
0.110632
0.169967
0.212542
0.247192
0.276886
0.303089
0.326648
0.348087
0.367772
0.385986
0.402908
0.418713
0.4335
0.447392
-0.737623
0.460448
-0.743347
0.472745
-0.748866
0.484343
-0.754182
0.495282
-0.759297
0.505609
-0.764211
0.515364
-0.76893
0.524567
-0.773453
0.533255
-0.777785
0.541444
-0.781927
0.549167
-0.785882
0.556432
-0.789651
0.563263
-0.793236
0.569669
-0.79664
0.575672
-0.799862
0.581272
-0.802903
0.586489
-0.805766
0.591328
-0.808449
0.595801
-0.810955
0.599918
-0.813282
0.603679
-0.81543
0.607094
-0.817399
0.610168
-0.819188
0.612909
-0.820797
0.615313
-0.822223
0.617391
-0.823467
0.619149
-0.824526
0.620581
-0.825398
0.62169
-0.82608
0.622482
-0.826571
0.62296
-0.826869
0.623118
-0.826968
0.62296
-0.826867
0.622482
-0.826562
0.62169
-0.826048
0.620581
-0.825323
0.619149
-0.824379
0.617391
-0.823214
0.615313
-0.82182
0.612909
-0.820193
0.610168
-0.818325
0.607094
-0.816209
0.603679
-0.813839
0.599918
-0.811206
0.595801
-0.8083
0.591328
-0.805114
0.586489
-0.801635
0.581272
-0.797853
0.575672
-0.793756
0.569669
-0.78933
0.563263
-0.78456
0.556432
-0.779431
0.549167
-0.773925
0.541444
-0.768022
0.533255
-0.761702
0.524567
-0.75494
0.515364
-0.747712
0.505609
-0.739985
0.495282
-0.731729
0.484343
-0.722904
0.472745
-0.713469
0.460448
-0.703375
0.447392
-0.692564
0.4335
0.418713
0.402908
0.385986
0.367772
0.348087
0.326648
0.303089
0.276886
0.247192
0.212542
0.169967
0.110632
0.126736
0.181949
0.223114
0.25709
0.286448
0.312474
0.335955
0.357389
0.377113
0.395392
0.412413
0.428328
0.443246
-0.733613
0.457265
-0.739656
0.470476
-0.745492
0.482929
-0.751121
0.494689
-0.756546
0.505804
-0.761769
0.516306
-0.766792
0.526243
-0.771619
0.535634
-0.776251
0.544514
-0.780694
0.552901
-0.784947
0.560823
-0.789015
0.568289
-0.792898
0.575327
-0.7966
0.581948
-0.800122
0.588161
-0.803464
0.593984
-0.80663
0.599425
-0.809618
0.604492
-0.812431
0.609199
-0.815068
0.61355
-0.81753
0.617554
-0.819817
0.621213
-0.821928
0.62454
-0.823864
0.627532
-0.825623
0.630201
-0.827204
0.632549
-0.828607
0.634575
-0.82983
0.636284
-0.830871
0.637681
-0.831728
0.638762
-0.832399
0.639535
-0.832882
0.639999
-0.833174
0.640153
-0.833272
0.639999
-0.833173
0.639535
-0.832873
0.638762
-0.832368
0.637681
-0.831655
0.636284
-0.830728
0.634575
-0.829582
0.632549
-0.828213
0.630201
-0.826614
0.627532
-0.824779
0.62454
-0.822702
0.621213
-0.820374
0.617554
-0.81779
0.61355
-0.814938
0.609199
-0.811811
0.604492
-0.808399
0.599425
-0.804691
0.593984
-0.800675
0.588161
-0.796338
0.581948
-0.791667
0.575327
-0.786646
0.568289
-0.781259
0.560823
-0.775488
0.552901
-0.769311
0.544514
-0.762709
0.535634
-0.755655
0.526243
-0.748124
0.516306
-0.740082
0.505804
-0.731498
0.494689
-0.72233
0.482929
-0.712536
0.470476
-0.702065
0.457265
-0.690856
0.443246
-0.678842
0.428328
0.412413
0.395392
0.377113
0.357389
0.335955
0.312474
0.286448
0.25709
0.223114
0.181949
0.126736
0.036567
0.138307
0.191173
0.231551
0.26519
0.2944
0.320395
0.343905
0.365402
0.385231
0.40363
0.420787
0.436846
-0.729012
0.451925
-0.735375
0.466113
-0.741527
0.479492
-0.74747
0.492121
-0.753205
0.504067
-0.758735
0.515364
-0.764062
0.526056
-0.769189
0.536182
-0.774121
0.545768
-0.778859
0.554847
-0.783408
0.563438
-0.78777
0.571561
-0.791947
0.579239
-0.795941
0.586489
-0.799756
0.593322
-0.803392
0.599753
-0.806852
0.605794
-0.810137
0.611459
-0.813247
0.616754
-0.816184
0.62169
-0.818949
0.626277
-0.821542
0.630517
-0.823962
0.634418
-0.82621
0.637989
-0.828286
0.641232
-0.83019
0.644154
-0.83192
0.646759
-0.833475
0.649047
-0.834855
0.651028
-0.836057
0.652696
-0.837081
0.654059
-0.837924
0.655118
-0.838584
0.655873
-0.839059
0.656326
-0.839347
0.656476
-0.839443
0.656326
-0.839345
0.655873
-0.83905
0.655118
-0.838554
0.654059
-0.837852
0.652696
-0.836941
0.651028
-0.835815
0.649047
-0.834468
0.646759
-0.832897
0.644154
-0.831094
0.641232
-0.829053
0.637989
-0.826766
0.634418
-0.824227
0.630517
-0.821428
0.626277
-0.818358
0.62169
-0.815009
0.616754
-0.81137
0.611459
-0.807431
0.605794
-0.803178
0.599753
-0.7986
0.593322
-0.793681
0.586489
-0.788406
0.579239
-0.782757
0.571561
-0.776717
0.563438
-0.770263
0.554847
-0.763373
0.545768
-0.756021
0.536182
-0.74818
0.526056
-0.739817
0.515364
-0.730896
0.504067
-0.721378
0.492121
-0.711214
0.479492
-0.700355
0.466113
-0.688736
0.451925
-0.676287
0.436846
-0.662922
0.420787
0.40363
0.385231
0.365402
0.343905
0.320395
0.2944
0.26519
0.231551
0.191173
0.138307
0.036567
0.0570759
0.146348
0.198068
0.238093
0.271632
0.300864
0.32694
0.350573
0.372215
0.392201
0.41077
0.428097
0.44434
-0.730502
0.459601
-0.736971
0.47398
-0.743229
0.487551
-0.749275
0.500375
-0.755112
0.512509
-0.760743
0.524006
-0.766171
0.534902
-0.771401
0.545232
-0.776435
0.555022
-0.781276
0.564307
-0.785929
0.573105
-0.790396
0.581439
-0.794679
0.589331
-0.798782
0.596793
-0.802706
0.60384
-0.806453
0.61049
-0.810026
0.616754
-0.813427
0.622642
-0.816655
0.628163
-0.819713
0.633328
-0.822601
0.638144
-0.825319
0.64262
-0.827869
0.646759
-0.830249
0.65057
-0.832461
0.654059
-0.834503
0.657228
-0.836375
0.660084
-0.838077
0.662631
-0.839608
0.664869
-0.840965
0.666804
-0.842148
0.668438
-0.843156
0.66977
-0.843986
0.670804
-0.844635
0.671543
-0.845103
0.671987
-0.845385
0.672134
-0.84548
0.671987
-0.845384
0.671543
-0.845094
0.670804
-0.844606
0.66977
-0.843915
0.668438
-0.843019
0.666804
-0.841911
0.664869
-0.840587
0.662631
-0.839041
0.660084
-0.837268
0.657228
-0.835261
0.654059
-0.833014
0.65057
-0.830518
0.646759
-0.827767
0.64262
-0.824752
0.638144
-0.821463
0.633328
-0.81789
0.628163
-0.814024
0.622642
-0.809851
0.616754
-0.80536
0.61049
-0.800537
0.60384
-0.795367
0.596793
-0.789835
0.589331
-0.783921
0.581439
-0.777605
0.573105
-0.770868
0.564307
-0.763685
0.555022
-0.756029
0.545232
-0.747871
0.534902
-0.739178
0.524006
-0.729912
0.512509
-0.720031
0.500375
-0.709489
0.487551
-0.698228
0.47398
-0.686184
0.459601
-0.673283
0.44434
-0.659437
0.428097
0.41077
0.392201
0.372215
0.350573
0.32694
0.300864
0.271632
0.238093
0.198068
0.146348
0.0570759
0.0663481
0.151497
0.202857
0.24288
0.276533
0.30594
0.332206
0.356037
0.377881
0.398078
0.416856
0.434393
0.450847
-0.731825
0.466323
-0.738398
0.480911
-0.744757
0.494689
-0.750903
0.507731
-0.75684
0.520078
-0.76257
0.531789
-0.768098
0.542891
-0.773426
0.553434
-0.778561
0.563438
-0.783503
0.572936
-0.788257
0.581948
-0.792825
0.590497
-0.797212
0.598602
-0.80142
0.606283
-0.805451
0.61355
-0.809307
0.62042
-0.812991
0.626904
-0.816503
0.633018
-0.819847
0.638762
-0.823021
0.644154
-0.826028
0.649201
-0.828869
0.653907
-0.831542
0.658283
-0.834051
0.662332
-0.836393
0.666061
-0.838569
0.669473
-0.840579
0.672578
-0.842422
0.675373
-0.844097
0.677865
-0.845603
0.680058
-0.84694
0.681952
-0.848105
0.683551
-0.849096
0.684856
-0.849913
0.685871
-0.850552
0.686595
-0.851013
0.687029
-0.851291
0.687174
-0.851385
0.687029
-0.85129
0.686595
-0.851004
0.685871
-0.850523
0.684856
-0.849844
0.683551
-0.848962
0.681952
-0.847871
0.680058
-0.846568
0.677865
-0.845048
0.675373
-0.843303
0.672578
-0.841329
0.669473
-0.839119
0.666061
-0.836665
0.662332
-0.83396
0.658283
-0.830996
0.653907
-0.827763
0.649201
-0.824254
0.644154
-0.820456
0.638762
-0.816359
0.633018
-0.811951
0.626904
-0.807218
0.62042
-0.802148
0.61355
-0.796723
0.606283
-0.790928
0.598602
-0.784743
0.590497
-0.778149
0.581948
-0.771123
0.572936
-0.763639
0.563438
-0.755671
0.553434
-0.747188
0.542891
-0.738155
0.531789
-0.728534
0.520078
-0.71828
0.507731
-0.707344
0.494689
-0.695666
0.480911
-0.683182
0.466323
-0.669811
0.450847
-0.65546
0.434393
0.416856
0.398078
0.377881
0.356037
0.332206
0.30594
0.276533
0.24288
0.202857
0.151497
0.0663481
0.0691769
0.154006
0.205664
0.246017
0.279996
0.309695
0.336246
0.360345
0.382461
0.402908
0.421938
0.439727
-0.726091
0.456416
-0.732978
0.472124
-0.73965
0.486947
-0.746108
0.500957
-0.752352
0.514226
-0.758387
0.526797
-0.764214
0.538731
-0.76984
0.55006
-0.775265
0.560823
-0.780497
0.571047
-0.785537
0.580766
-0.790391
0.59
-0.79506
0.598768
-0.799548
0.607094
-0.803859
0.614992
-0.807994
0.622482
-0.811956
0.629575
-0.815747
0.636284
-0.819369
0.64262
-0.822824
0.648592
-0.826112
0.654211
-0.829235
0.659487
-0.832193
0.664424
-0.834989
0.66903
-0.83762
0.673313
-0.840089
0.677279
-0.842394
0.680932
-0.844537
0.684276
-0.846516
0.687319
-0.848331
0.690059
-0.84998
0.692502
-0.851463
0.69465
-0.852779
0.696507
-0.853926
0.698078
-0.854903
0.699359
-0.855707
0.700354
-0.856337
0.701064
-0.856791
0.701488
-0.857065
0.70163
-0.857157
0.701488
-0.857064
0.701064
-0.856782
0.700354
-0.856309
0.699359
-0.85564
0.698078
-0.854771
0.696507
-0.853697
0.69465
-0.852414
0.692502
-0.850917
0.690059
-0.8492
0.687319
-0.847257
0.684276
-0.845082
0.680932
-0.842667
0.677279
-0.840006
0.673313
-0.837091
0.66903
-0.833912
0.664424
-0.830462
0.659487
-0.826729
0.654211
-0.822704
0.648592
-0.818374
0.64262
-0.813727
0.636284
-0.80875
0.629575
-0.803428
0.622482
-0.797743
0.614992
-0.791681
0.607094
-0.785221
0.598768
-0.77834
0.59
-0.771018
0.580766
-0.763227
0.571047
-0.754938
0.560823
-0.746121
0.55006
-0.736738
0.538731
-0.72675
0.526797
-0.716109
0.514226
-0.704766
0.500957
-0.692656
0.486947
-0.679711
0.472124
-0.665849
0.456416
-0.650971
0.439727
-0.63496
0.421938
0.402908
0.382461
0.360345
0.336246
0.309695
0.279996
0.246017
0.205664
0.154006
0.0691769
0.0663481
0.154006
0.206606
0.247581
0.282052
0.312165
0.339098
0.363549
0.385986
0.40674
0.426056
0.444123
-0.726971
0.46108
-0.733957
0.477053
-0.740728
0.492121
-0.747281
0.506381
-0.753622
0.519888
-0.759752
0.532702
-0.765675
0.544874
-0.771396
0.556432
-0.776917
0.567427
-0.782245
0.577882
-0.787383
0.587826
-0.792333
0.597287
-0.797101
0.606283
-0.801689
0.614834
-0.8061
0.62296
-0.810337
0.630672
-0.814403
0.637989
-0.818299
0.644923
-0.822028
0.651482
-0.82559
0.657681
-0.828989
0.663527
-0.832225
0.66903
-0.835298
0.674197
-0.838211
0.679034
-0.840962
0.683551
-0.843553
0.687752
-0.845984
0.691639
-0.848255
0.695222
-0.850365
0.698505
-0.852314
0.701488
-0.854101
0.70418
-0.855726
0.706577
-0.857188
0.708689
-0.858485
0.710511
-0.859615
0.712051
-0.860577
0.713309
-0.86137
0.714286
-0.86199
0.714984
-0.862437
0.715401
-0.862707
0.715541
-0.862798
0.715401
-0.862706
0.714984
-0.862429
0.714286
-0.861962
0.713309
-0.861303
0.712051
-0.860447
0.710511
-0.859389
0.708689
-0.858126
0.706577
-0.856651
0.70418
-0.85496
0.701488
-0.853047
0.698505
-0.850905
0.695222
-0.848528
0.691639
-0.845909
0.687752
-0.84304
0.683551
-0.839913
0.679034
-0.836518
0.674197
-0.832847
0.66903
-0.828889
0.663527
-0.824633
0.657681
-0.820067
0.651482
-0.815178
0.644923
-0.809952
0.637989
-0.804373
0.630672
-0.798425
0.62296
-0.79209
0.614834
-0.785347
0.606283
-0.778174
0.597287
-0.770548
0.587826
-0.76244
0.577882
-0.753822
0.567427
-0.74466
0.556432
-0.734915
0.544874
-0.724548
0.532702
-0.713506
0.519888
-0.701738
0.506381
-0.689179
0.492121
-0.675754
0.477053
-0.661379
0.46108
-0.645946
0.444123
-0.629334
0.426056
0.40674
0.385986
0.363549
0.339098
0.312165
0.282052
0.247581
0.206606
0.154006
0.0663481
0.0570759
0.151497
0.205664
0.247581
0.282731
0.3134
0.3408
0.365664
0.388485
0.409587
0.429229
0.447603
-0.727677
0.46486
-0.73476
0.481112
-0.741626
0.496459
-0.748276
0.510987
-0.754711
0.524755
-0.760936
0.53782
-0.766953
0.550236
-0.772767
0.562046
-0.778384
0.573277
-0.783806
0.583969
-0.789039
0.594149
-0.794086
0.60384
-0.79895
0.613067
-0.803636
0.621849
-0.808146
0.630201
-0.812483
0.638144
-0.81665
0.645688
-0.820648
0.652848
-0.824482
0.659637
-0.828151
0.666061
-0.831657
0.672134
-0.835002
0.677865
-0.838188
0.683259
-0.841214
0.688328
-0.844082
0.693074
-0.846792
0.697508
-0.849344
0.70163
-0.851739
0.70545
-0.853976
0.708968
-0.856056
0.712191
-0.857976
0.715123
-0.859738
0.717766
-0.861339
0.720124
-0.86278
0.722197
-0.864058
0.723989
-0.865172
0.725503
-0.86612
0.726739
-0.866902
0.727701
-0.867514
0.728386
-0.867954
0.728798
-0.868221
0.728934
-0.86831
0.728798
-0.86822
0.728386
-0.867946
0.727701
-0.867487
0.726739
-0.866836
0.725503
-0.865992
0.723989
-0.86495
0.722197
-0.863705
0.720124
-0.862252
0.717766
-0.860586
0.715123
-0.8587
0.712191
-0.85659
0.708968
-0.854249
0.70545
-0.85167
0.70163
-0.848845
0.697508
-0.845766
0.693074
-0.842425
0.688328
-0.838812
0.683259
-0.834918
0.677865
-0.830732
0.672134
-0.826242
0.666061
-0.821437
0.659637
-0.816301
0.652848
-0.810821
0.645688
-0.804981
0.638144
-0.798763
0.630201
-0.792148
0.621849
-0.785116
0.613067
-0.777643
0.60384
-0.769704
0.594149
-0.761272
0.583969
-0.752313
0.573277
-0.742795
0.562046
-0.732677
0.550236
-0.721914
0.53782
-0.710457
0.524755
-0.698248
0.510987
-0.685218
0.496459
-0.671291
0.481112
-0.656374
0.46486
-0.640358
0.447603
-0.623111
0.429229
0.409587
0.388485
0.365664
0.3408
0.3134
0.282731
0.247581
0.205664
0.151497
0.0570759
0.036567
0.146348
0.202857
0.246017
0.282052
0.3134
0.34137
0.366724
0.389973
0.411478
0.431484
0.450201
-0.728208
0.467779
-0.735386
0.484343
-0.742347
0.499986
-0.74909
0.514794
-0.755619
0.528836
-0.761936
0.54217
-0.768047
0.554847
-0.773955
0.566906
-0.779665
0.578392
-0.785181
0.589331
-0.790508
0.599753
-0.795649
0.609683
-0.800609
0.619149
-0.805391
0.628163
-0.809998
0.636747
-0.814433
0.644923
-0.8187
0.652696
-0.822799
0.660084
-0.826734
0.667101
-0.830507
0.673754
-0.834119
0.680058
-0.837572
0.686017
-0.840866
0.691639
-0.844003
0.696938
-0.846985
0.701913
-0.84981
0.706577
-0.85248
0.710932
-0.854996
0.714984
-0.857356
0.718737
-0.859561
0.722197
-0.861611
0.725366
-0.863504
0.728248
-0.865241
0.730848
-0.86682
0.733167
-0.86824
0.735207
-0.869501
0.73697
-0.870599
0.738461
-0.871535
0.739676
-0.872306
0.740623
-0.87291
0.741297
-0.873344
0.741702
-0.873606
0.741837
-0.873695
0.741702
-0.873605
0.741297
-0.873336
0.740623
-0.872882
0.739676
-0.872241
0.738461
-0.871409
0.73697
-0.870381
0.735207
-0.869153
0.733167
-0.867721
0.730848
-0.866078
0.728248
-0.86422
0.725366
-0.86214
0.722197
-0.859833
0.718737
-0.857291
0.714984
-0.854508
0.710932
-0.851475
0.706577
-0.848185
0.701913
-0.844627
0.696938
-0.840794
0.691639
-0.836674
0.686017
-0.832257
0.680058
-0.82753
0.673754
-0.822479
0.667101
-0.817093
0.660084
-0.811354
0.652696
-0.805247
0.644923
-0.798753
0.636747
-0.791851
0.628163
-0.784523
0.619149
-0.776742
0.609683
-0.768481
0.599753
-0.759712
0.589331
-0.750403
0.578392
-0.740515
0.566906
-0.730009
0.554847
-0.718837
0.54217
-0.706947
0.528836
-0.694276
0.514794
-0.680755
0.499986
-0.666301
0.484343
-0.650816
0.467779
-0.634183
0.450201
-0.616262
0.431484
0.411478
0.389973
0.366724
0.34137
0.3134
0.282052
0.246017
0.202857
0.146348
0.036567
0.138307
0.198068
0.24288
0.279996
0.312165
0.3408
0.366724
0.390474
0.412413
0.432833
0.451925
-0.728563
0.469853
-0.735833
0.486748
-0.742887
0.502707
-0.749724
0.517822
-0.756345
0.532156
-0.762755
0.545768
-0.768958
0.558717
-0.774958
0.571047
-0.780761
0.582791
-0.78637
0.593984
-0.79179
0.604657
-0.797025
0.614834
-0.802079
0.62454
-0.806956
0.633798
-0.811659
0.64262
-0.816191
0.651028
-0.820555
0.659034
-0.824753
0.666656
-0.828789
0.673902
-0.832663
0.680786
-0.836378
0.687319
-0.839936
0.693505
-0.843337
0.699359
-0.846583
0.704886
-0.849674
0.710091
-0.852612
0.714984
-0.855397
0.71957
-0.85803
0.723853
-0.860509
0.727838
-0.862837
0.731531
-0.865011
0.734936
-0.867033
0.738054
-0.8689
0.740892
-0.870613
0.74345
-0.87217
0.745733
-0.873572
0.747744
-0.874815
0.749481
-0.8759
0.750948
-0.876823
0.752145
-0.877583
0.753076
-0.878178
0.75374
-0.878607
0.754138
-0.878866
0.754272
-0.878953
0.754138
-0.878865
0.75374
-0.878599
0.753076
-0.878152
0.752145
-0.877519
0.750948
-0.876698
0.749481
-0.875685
0.747744
-0.874473
0.745733
-0.87306
0.74345
-0.871439
0.740892
-0.869607
0.738054
-0.867557
0.734936
-0.865282
0.731531
-0.862776
0.727838
-0.860032
0.723853
-0.857043
0.71957
-0.853801
0.714984
-0.850296
0.710091
-0.84652
0.704886
-0.842463
0.699359
-0.838114
0.693505
-0.833461
0.687319
-0.828492
0.680786
-0.823193
0.673902
-0.81755
0.666656
-0.811547
0.659034
-0.805166
0.651028
-0.798389
0.64262
-0.791195
0.633798
-0.78356
0.62454
-0.775461
0.614834
-0.766869
0.604657
-0.757753
0.593984
-0.74808
0.582791
-0.73781
0.571047
-0.726901
0.558717
-0.715302
0.545768
-0.702959
0.532156
-0.689807
0.517822
-0.67577
0.502707
-0.66076
0.486748
-0.644675
0.469853
-0.62739
0.451925
-0.608755
0.432833
0.412413
0.390474
0.366724
0.3408
0.312165
0.279996
0.24288
0.198068
0.138307
0.126736
0.191173
0.238093
0.276533
0.309695
0.339098
0.365664
0.389973
0.412413
0.433279
0.452782
-0.72874
0.471097
-0.736103
0.48835
-0.743248
0.504643
-0.750176
0.520078
-0.75689
0.534721
-0.763392
0.548632
-0.769686
0.56187
-0.775779
0.574474
-0.781673
0.586489
-0.787374
0.597945
-0.792886
0.608877
-0.798214
0.619305
-0.803361
0.629262
-0.808332
0.638762
-0.81313
0.647828
-0.817757
0.656476
-0.822218
0.66472
-0.826514
0.672578
-0.830648
0.680058
-0.834622
0.687174
-0.838438
0.693934
-0.842098
0.700354
-0.845603
0.706436
-0.848955
0.712191
-0.852154
0.717627
-0.855203
0.722748
-0.858099
0.727563
-0.860846
0.732076
-0.863442
0.736293
-0.865888
0.740217
-0.868183
0.743855
-0.870329
0.747209
-0.872323
0.750281
-0.874166
0.753076
-0.875856
0.755599
-0.877393
0.757848
-0.878776
0.759828
-0.880004
0.761539
-0.881073
0.762985
-0.881985
0.764167
-0.882735
0.765084
-0.883323
0.765739
-0.883746
0.766132
-0.884002
0.766263
-0.884088
0.766132
-0.884001
0.765739
-0.883738
0.765084
-0.883297
0.764167
-0.882673
0.762985
-0.881862
0.761539
-0.880861
0.759828
-0.879666
0.757848
-0.878271
0.755599
-0.876673
0.753076
-0.874865
0.750281
-0.872841
0.747209
-0.870597
0.743855
-0.868126
0.740217
-0.86542
0.736293
-0.862473
0.732076
-0.859276
0.727563
-0.855821
0.722748
-0.8521
0.717627
-0.848102
0.712191
-0.843817
0.706436
-0.839235
0.700354
-0.834342
0.693934
-0.829127
0.687174
-0.823574
0.680058
-0.817669
0.672578
-0.811395
0.66472
-0.804734
0.656476
-0.797666
0.647828
-0.790169
0.638762
-0.78222
0.629262
-0.773793
0.619305
-0.764858
0.608877
-0.755384
0.597945
-0.745333
0.586489
-0.734667
0.574474
-0.723337
0.56187
-0.711294
0.548632
-0.698477
0.534721
-0.68482
0.520078
-0.67024
0.504643
-0.654646
0.48835
-0.637927
0.471097
-0.619949
0.452782
-0.60055
0.433279
0.412413
0.389973
0.365664
0.339098
0.309695
0.276533
0.238093
0.191173
0.126736
0.110632
0.181949
0.231551
0.271632
0.30594
0.336246
0.363549
0.388485
0.411478
0.432833
0.452782
-0.72874
0.471511
-0.736193
0.489144
-0.743428
0.505804
-0.750448
0.521579
-0.757253
0.536546
-0.763846
0.55077
-0.770232
0.564307
-0.776416
0.577202
-0.782402
0.589499
-0.788195
0.601229
-0.793799
0.612425
-0.799219
0.623118
-0.804459
0.633328
-0.809522
0.64308
-0.814413
0.652395
-0.819135
0.661285
-0.82369
0.66977
-0.828082
0.677865
-0.832313
0.685583
-0.836386
0.692933
-0.840301
0.699926
-0.844062
0.706577
-0.84767
0.71289
-0.851125
0.718877
-0.85443
0.724541
-0.857585
0.729892
-0.860591
0.734936
-0.863449
0.739676
-0.866158
0.744123
-0.86872
0.748278
-0.871133
0.752145
-0.873399
0.755731
-0.875516
0.759036
-0.877484
0.762065
-0.879303
0.764822
-0.880972
0.767308
-0.88249
0.769528
-0.883856
0.771481
-0.885067
0.773168
-0.886123
0.774596
-0.887023
0.77576
-0.887764
0.776666
-0.888345
0.777312
-0.888763
0.777699
-0.889015
0.777828
-0.8891
0.777699
-0.889014
0.777312
-0.888755
0.776666
-0.888319
0.77576
-0.887703
0.774596
-0.886903
0.773168
-0.885914
0.771481
-0.884734
0.769528
-0.883357
0.767308
-0.881779
0.764822
-0.879994
0.762065
-0.877997
0.759036
-0.875782
0.755731
-0.873343
0.752145
-0.870673
0.748278
-0.867766
0.744123
-0.864612
0.739676
-0.861205
0.734936
-0.857536
0.729892
-0.853595
0.724541
-0.849372
0.718877
-0.844856
0.71289
-0.840035
0.706577
-0.834898
0.699926
-0.829431
0.692933
-0.823619
0.685583
-0.817445
0.677865
-0.810893
0.66977
-0.803944
0.661285
-0.796577
0.652395
-0.788769
0.64308
-0.780496
0.633328
-0.77173
0.623118
-0.76244
0.612425
-0.752593
0.601229
-0.742151
0.589499
-0.731071
0.577202
-0.719304
0.564307
-0.706795
0.55077
-0.693483
0.536546
-0.679294
0.521579
-0.664143
0.505804
-0.647931
0.489144
-0.630539
0.471511
-0.611825
0.452782
-0.59161
0.432833
0.411478
0.388485
0.363549
0.336246
0.30594
0.271632
0.231551
0.181949
0.110632
0.0874661
0.169967
0.223114
0.26519
0.300864
0.332206
0.360345
0.385986
0.409587
0.431484
0.451925
-0.728563
0.471097
-0.736103
0.489144
-0.743428
0.506189
-0.750538
0.522329
-0.757434
0.53764
-0.764119
0.552192
-0.770596
0.566043
-0.776872
0.579239
-0.782948
0.591828
-0.788832
0.60384
-0.794527
0.615313
-0.800039
0.626277
-0.805371
0.636747
-0.810526
0.646759
-0.81551
0.656326
-0.820325
0.665466
-0.824975
0.674197
-0.829461
0.682533
-0.833788
0.690491
-0.837957
0.698078
-0.841971
0.705309
-0.845831
0.712191
-0.849538
0.718737
-0.853096
0.724953
-0.856504
0.730848
-0.859764
0.736428
-0.862877
0.741702
-0.865843
0.746672
-0.868663
0.751347
-0.871337
0.755731
-0.873865
0.759828
-0.876248
0.763641
-0.878484
0.767178
-0.880575
0.77044
-0.882519
0.773428
-0.884315
0.776148
-0.885963
0.778602
-0.887462
0.780791
-0.888811
0.782718
-0.890007
0.784386
-0.891051
0.785794
-0.89194
0.786944
-0.892672
0.787838
-0.893246
0.788476
-0.893659
0.788859
-0.893908
0.788986
-0.893992
0.788859
-0.893907
0.788476
-0.893651
0.787838
-0.89322
0.786944
-0.892611
0.785794
-0.891821
0.784386
-0.890845
0.782718
-0.889679
0.780791
-0.888319
0.778602
-0.88676
0.776148
-0.884997
0.773428
-0.883026
0.77044
-0.880839
0.767178
-0.878431
0.763641
-0.875795
0.759828
-0.872926
0.755731
-0.869814
0.751347
-0.866451
0.746672
-0.862832
0.741702
-0.858944
0.736428
-0.854779
0.730848
-0.850326
0.724953
-0.845575
0.718737
-0.840512
0.712191
-0.835125
0.705309
-0.8294
0.698078
-0.823322
0.690491
-0.816873
0.682533
-0.810035
0.674197
-0.80279
0.665466
-0.795115
0.656326
-0.786986
0.646759
-0.778377
0.636747
-0.76926
0.626277
-0.759604
0.615313
-0.749369
0.60384
-0.738519
0.591828
-0.727008
0.579239
-0.714783
0.566043
-0.701789
0.552192
-0.687955
0.53764
-0.673207
0.522329
-0.657453
0.506189
-0.640585
0.489144
-0.622479
0.471097
-0.602977
0.451925
-0.581888
0.431484
0.409587
0.385986
0.360345
0.332206
0.300864
0.26519
0.223114
0.169967
0.0874661
0.0479215
0.154631
0.212542
0.25709
0.2944
0.32694
0.356037
0.382461
0.40674
0.429229
0.450201
-0.728208
0.469853
-0.735833
0.48835
-0.743248
0.505804
-0.750448
0.522329
-0.757434
0.538002
-0.764209
0.552901
-0.770778
0.567082
-0.777144
0.580596
-0.783312
0.593486
-0.789287
0.605794
-0.795073
0.617554
-0.800676
0.628792
-0.806099
0.639535
-0.811346
0.649809
-0.816422
0.659637
-0.82133
0.66903
-0.826072
0.678011
-0.830653
0.686595
-0.835074
0.694794
-0.839339
0.702622
-0.843449
0.710091
-0.847406
0.71721
-0.851213
0.723989
-0.85487
0.730439
-0.85838
0.736564
-0.861742
0.742374
-0.864959
0.747877
-0.868032
0.753076
-0.87096
0.757979
-0.873743
0.762591
-0.876384
0.766916
-0.87888
0.770959
-0.881234
0.774725
-0.883443
0.778214
-0.885508
0.781434
-0.887428
0.784386
-0.889203
0.787072
-0.890831
0.789495
-0.892312
0.791658
-0.893645
0.793561
-0.894827
0.795207
-0.895858
0.796598
-0.896737
0.797734
-0.89746
0.798617
-0.898027
0.799248
-0.898435
0.799625
-0.898682
0.799751
-0.898764
0.799625
-0.898681
0.799248
-0.898428
0.798617
-0.898002
0.797734
-0.8974
0.796598
-0.896619
0.795207
-0.895654
0.793561
-0.894502
0.791658
-0.893159
0.789495
-0.891619
0.787072
-0.889877
0.784386
-0.887929
0.781434
-0.885769
0.778214
-0.883391
0.774725
-0.880788
0.770959
-0.877954
0.766916
-0.874881
0.762591
-0.871562
0.757979
-0.867989
0.753076
-0.864152
0.747877
-0.860043
0.742374
-0.85565
0.736564
-0.850964
0.730439
-0.845972
0.723989
-0.840661
0.71721
-0.835019
0.710091
-0.82903
0.702622
-0.822678
0.694794
-0.815946
0.686595
-0.808815
0.678011
-0.801265
0.66903
-0.793271
0.659637
-0.784811
0.649809
-0.775855
0.639535
-0.766375
0.628792
-0.756336
0.617554
-0.745699
0.605794
-0.734424
0.593486
-0.722461
0.580596
-0.709758
0.567082
-0.696252
0.552901
-0.681871
0.538002
-0.666532
0.522329
-0.65014
0.505804
-0.632578
0.48835
-0.613708
0.469853
-0.593361
0.450201
-0.571334
0.429229
0.40674
0.382461
0.356037
0.32694
0.2944
0.25709
0.212542
0.154631
0.0479215
0.134794
0.199524
0.247192
0.286448
0.320395
0.350573
0.377881
0.402908
0.426056
0.447603
-0.727677
0.467779
-0.735386
0.486748
-0.742887
0.504643
-0.750176
0.521579
-0.757253
0.53764
-0.764119
0.552901
-0.770778
0.567427
-0.777235
0.581272
-0.783494
0.594479
-0.789559
0.607094
-0.795437
0.619149
-0.801131
0.630672
-0.806644
0.641697
-0.811984
0.652241
-0.81715
0.662332
-0.82215
0.671987
-0.826985
0.681224
-0.831658
0.690059
-0.836173
0.698505
-0.840532
0.706577
-0.844737
0.714286
-0.848791
0.721644
-0.852695
0.728659
-0.85645
0.735343
-0.86006
0.741702
-0.863524
0.747743
-0.866843
0.753474
-0.870019
0.758904
-0.873053
0.764036
-0.875944
0.768876
-0.878694
0.773428
-0.881302
0.777699
-0.883768
0.781691
-0.886093
0.785411
-0.888276
0.788859
-0.890316
0.792038
-0.892214
0.794955
-0.893968
0.797608
-0.895577
0.800003
-0.897041
0.802139
-0.898358
0.804022
-0.899527
0.805648
-0.900547
0.807023
-0.901415
0.808146
-0.90213
0.809019
-0.902691
0.809642
-0.903094
0.810015
-0.903338
0.81014
-0.90342
0.810015
-0.903337
0.809642
-0.903087
0.809019
-0.902666
0.808146
-0.902071
0.807023
-0.901298
0.805648
-0.900345
0.804022
-0.899206
0.802139
-0.897878
0.800003
-0.896356
0.797608
-0.894635
0.794955
-0.892709
0.792038
-0.890575
0.788859
-0.888225
0.785411
-0.885653
0.781691
-0.882853
0.777699
-0.879818
0.773428
-0.87654
0.768876
-0.873011
0.764036
-0.869223
0.758904
-0.865166
0.753474
-0.86083
0.747743
-0.856206
0.741702
-0.851281
0.735343
-0.846043
0.728659
-0.840479
0.721644
-0.834574
0.714286
-0.828314
0.706577
-0.821682
0.698505
-0.814659
0.690059
-0.807226
0.681224
-0.79936
0.671987
-0.791039
0.662332
-0.782234
0.652241
-0.772919
0.641697
-0.763062
0.630672
-0.752624
0.619149
-0.741568
0.607094
-0.729848
0.594479
-0.717414
0.581272
-0.704208
0.567427
-0.690164
0.552901
-0.675205
0.53764
-0.659243
0.521579
-0.642172
0.504643
-0.623869
0.486748
-0.604184
0.467779
-0.582933
0.447603
-0.559888
0.426056
0.402908
0.377881
0.350573
0.320395
0.286448
0.247192
0.199524
0.134794
0.108006
0.183511
0.235256
0.276886
0.312474
0.343905
0.372215
0.398078
0.421938
0.444123
-0.726971
0.46486
-0.73476
0.484343
-0.742347
0.502707
-0.749724
0.520078
-0.75689
0.536546
-0.763846
0.552192
-0.770596
0.567082
-0.777144
0.581272
-0.783494
0.594812
-0.78965
0.607741
-0.795618
0.620101
-0.801403
0.631924
-0.807008
0.643232
-0.812437
0.654059
-0.817696
0.664424
-0.822787
0.674344
-0.827713
0.68384
-0.832479
0.692933
-0.837087
0.70163
-0.841539
0.70995
-0.845838
0.717904
-0.849987
0.725503
-0.853987
0.732758
-0.857839
0.739676
-0.861547
0.746271
-0.86511
0.752545
-0.86853
0.758507
-0.871808
0.764167
-0.874945
0.769528
-0.877942
0.774596
-0.880798
0.779375
-0.883515
0.783873
-0.886092
0.788093
-0.88853
0.792038
-0.890827
0.795714
-0.892985
0.799122
-0.895002
0.802266
-0.896878
0.805148
-0.898612
0.807773
-0.900203
0.81014
-0.901651
0.812253
-0.902953
0.814113
-0.904109
0.815723
-0.905118
0.817082
-0.905976
0.818193
-0.906684
0.819056
-0.907238
0.819672
-0.907637
0.820041
-0.907878
0.820165
-0.907959
0.820041
-0.907877
0.819672
-0.90763
0.819056
-0.907213
0.818193
-0.906625
0.817082
-0.905861
0.815723
-0.904918
0.814113
-0.903792
0.812253
-0.902479
0.81014
-0.900973
0.807773
-0.899272
0.805148
-0.897368
0.802266
-0.895258
0.799122
-0.892935
0.795714
-0.890393
0.792038
-0.887625
0.788093
-0.884626
0.783873
-0.881387
0.779375
-0.8779
0.774596
-0.874159
0.769528
-0.870152
0.764167
-0.86587
0.758507
-0.861304
0.752545
-0.856443
0.746271
-0.851274
0.739676
-0.845784
0.732758
-0.83996
0.725503
-0.833787
0.717904
-0.827248
0.70995
-0.820327
0.70163
-0.813004
0.692933
-0.805259
0.68384
-0.797067
0.674344
-0.788405
0.664424
-0.779245
0.654059
-0.769556
0.643232
-0.759305
0.631924
-0.748454
0.620101
-0.736959
0.607741
-0.724775
0.594812
-0.711847
0.581272
-0.698112
0.567082
-0.683501
0.552192
-0.667931
0.536546
-0.651307
0.520078
-0.633516
0.502707
-0.614421
0.484343
-0.593862
0.46486
-0.571634
0.444123
-0.547488
0.421938
0.398078
0.372215
0.343905
0.312474
0.276886
0.235256
0.183511
0.108006
0.0663481
0.163661
0.220954
0.265544
0.303089
0.335955
0.365402
0.392201
0.416856
0.439727
-0.726091
0.46108
-0.733957
0.481112
-0.741626
0.499986
-0.74909
0.517822
-0.756345
0.534721
-0.763392
0.55077
-0.770232
0.566043
-0.776872
0.580596
-0.783312
0.594479
-0.789559
0.607741
-0.795618
0.62042
-0.801494
0.632549
-0.807189
0.644154
-0.81271
0.655268
-0.818059
0.665912
-0.823241
0.676105
-0.828259
0.685871
-0.833116
0.695222
-0.837816
0.704179
-0.842361
0.712751
-0.846753
0.720952
-0.850996
0.728797
-0.855091
0.736293
-0.859039
0.74345
-0.862843
0.750281
-0.866504
0.75679
-0.870023
0.762985
-0.873402
0.768876
-0.876641
0.774465
-0.87974
0.779762
-0.882701
0.78477
-0.885524
0.789495
-0.88821
0.793942
-0.890757
0.798113
-0.893167
0.802014
-0.895439
0.805648
-0.897572
0.809019
-0.899567
0.812129
-0.901422
0.814981
-0.903138
0.817576
-0.904711
0.819918
-0.906143
0.822009
-0.907432
0.82385
-0.908575
0.825442
-0.909573
0.826787
-0.910422
0.827887
-0.911122
0.82874
-0.911671
0.82935
-0.912065
0.829716
-0.912304
0.829838
-0.912384
0.829716
-0.912303
0.82935
-0.912058
0.82874
-0.911646
0.827887
-0.911064
0.826787
-0.910308
0.825442
-0.909375
0.82385
-0.908261
0.822009
-0.906962
0.819918
-0.905473
0.817576
-0.903789
0.814981
-0.901907
0.812129
-0.89982
0.809019
-0.897522
0.805648
-0.895009
0.802014
-0.892273
0.798113
-0.889307
0.793942
-0.886105
0.789495
-0.882659
0.78477
-0.878961
0.779762
-0.875002
0.774465
-0.870772
0.768876
-0.866262
0.762985
-0.861461
0.75679
-0.856357
0.750281
-0.850937
0.74345
-0.845189
0.736293
-0.839099
0.728797
-0.832649
0.720952
-0.825824
0.712751
-0.818606
0.704179
-0.810973
0.695222
-0.802904
0.685871
-0.794376
0.676105
-0.785361
0.665912
-0.775832
0.655268
-0.765754
0.644154
-0.755093
0.632549
-0.74381
0.62042
-0.731857
0.607741
-0.719185
0.594479
-0.705736
0.580596
-0.691445
0.566043
-0.676236
0.55077
-0.660018
0.534721
-0.642691
0.517822
-0.62413
0.499986
-0.604188
0.481112
-0.582685
0.46108
-0.559402
0.439727
-0.534055
0.416856
0.392201
0.365402
0.335955
0.303089
0.265544
0.220954
0.163661
0.0663481
0.138307
0.203791
0.252185
0.292101
0.326648
0.357389
0.385231
0.41077
0.434393
0.456416
-0.732978
0.477053
-0.740728
0.496459
-0.748276
0.514794
-0.755619
0.532156
-0.762755
0.548632
-0.769686
0.564307
-0.776416
0.579239
-0.782948
0.593486
-0.789287
0.607094
-0.795437
0.620101
-0.801403
0.632549
-0.807189
0.644463
-0.8128
0.655873
-0.818241
0.666804
-0.823513
0.677279
-0.828622
0.687319
-0.833571
0.696938
-0.838362
0.706155
-0.842999
0.714984
-0.847484
0.723438
-0.85182
0.731531
-0.856008
0.739272
-0.860051
0.746672
-0.86395
0.75374
-0.867708
0.760487
-0.871325
0.766916
-0.874802
0.773039
-0.87814
0.77886
-0.881342
0.784386
-0.884405
0.789623
-0.887333
0.794574
-0.890124
0.799248
-0.892779
0.803646
-0.895299
0.807773
-0.897682
0.811632
-0.899929
0.815228
-0.90204
0.818563
-0.904013
0.82164
-0.905848
0.824462
-0.907545
0.827032
-0.909103
0.82935
-0.910519
0.83142
-0.911794
0.833242
-0.912926
0.834819
-0.913913
0.83615
-0.914754
0.837238
-0.915447
0.838084
-0.91599
0.838688
-0.91638
0.83905
-0.916616
0.83917
-0.916695
0.83905
-0.916615
0.838688
-0.916373
0.838084
-0.915965
0.837238
-0.915389
0.83615
-0.914641
0.834819
-0.913718
0.833242
-0.912615
0.83142
-0.911329
0.82935
-0.909856
0.827032
-0.90819
0.824462
-0.906327
0.82164
-0.904262
0.818563
-0.901989
0.815228
-0.899503
0.811632
-0.896797
0.807773
-0.893864
0.803646
-0.890697
0.799248
-0.88729
0.794574
-0.883634
0.789623
-0.87972
0.784386
-0.875539
0.77886
-0.871082
0.773039
-0.866338
0.766916
-0.861295
0.760487
-0.855943
0.75374
-0.850267
0.746672
-0.844255
0.739272
-0.837889
0.731531
-0.831156
0.723438
-0.824035
0.714984
-0.816509
0.706155
-0.808556
0.696938
-0.800154
0.687319
-0.791276
0.677279
-0.781895
0.666804
-0.77198
0.655873
-0.761498
0.644463
-0.750409
0.632549
-0.738673
0.620101
-0.726239
0.607094
-0.713056
0.593486
-0.699059
0.579239
-0.68418
0.564307
-0.668336
0.548632
-0.651431
0.532156
-0.633355
0.514794
-0.61397
0.496459
-0.593116
0.477053
-0.570598
0.456416
-0.546164
0.434393
0.41077
0.385231
0.357389
0.326648
0.292101
0.252185
0.203791
0.138307
0.10347
0.182985
0.236477
0.279307
0.315853
0.348087
0.377113
0.40363
0.428097
0.450847
-0.731825
0.472124
-0.73965
0.492121
-0.747281
0.510987
-0.754711
0.528836
-0.761936
0.545768
-0.768958
0.56187
-0.775779
0.577202
-0.782402
0.591828
-0.788832
0.605794
-0.795073
0.619149
-0.801131
0.631924
-0.807008
0.644154
-0.81271
0.655873
-0.818241
0.667101
-0.823604
0.677865
-0.828804
0.688186
-0.833843
0.698078
-0.838726
0.707562
-0.843454
0.716654
-0.848031
0.725366
-0.852459
0.733712
-0.856741
0.741702
-0.860877
0.749347
-0.864871
0.756657
-0.868723
0.763641
-0.872436
0.770308
-0.876011
0.776666
-0.879448
0.782718
-0.882749
0.788476
-0.885914
0.793942
-0.888943
0.799122
-0.891838
0.804022
-0.894599
0.808645
-0.897226
0.812998
-0.899718
0.817082
-0.902076
0.820903
-0.904299
0.824462
-0.906388
0.827764
-0.908341
0.830812
-0.910157
0.833606
-0.911837
0.83615
-0.913378
0.838446
-0.91478
0.840497
-0.916043
0.842301
-0.917163
0.843863
-0.91814
0.845182
-0.918973
0.84626
-0.919659
0.847097
-0.920196
0.847695
-0.920583
0.848053
-0.920816
0.848173
-0.920895
0.848053
-0.920815
0.847695
-0.920575
0.847097
-0.920172
0.84626
-0.919601
0.845182
-0.918861
0.843863
-0.917947
0.842301
-0.916855
0.840497
-0.915582
0.838446
-0.914124
0.83615
-0.912475
0.833606
-0.910631
0.830812
-0.908587
0.827764
-0.906338
0.824462
-0.903877
0.820903
-0.901199
0.817082
-0.898297
0.812998
-0.895164
0.808645
-0.891794
0.804022
-0.888178
0.799122
-0.884307
0.793942
-0.880173
0.788476
-0.875766
0.782718
-0.871076
0.776666
-0.866093
0.770308
-0.860804
0.763641
-0.855197
0.756657
-0.849257
0.749347
-0.842973
0.741702
-0.836325
0.733712
-0.829298
0.725366
-0.821872
0.716654
-0.814029
0.707562
-0.805744
0.698078
-0.796995
0.688186
-0.787755
0.677865
-0.777993
0.667101
-0.767677
0.655873
-0.756772
0.644154
-0.745236
0.631924
-0.733025
0.619149
-0.720087
0.605794
-0.706364
0.591828
-0.69179
0.577202
-0.676289
0.56187
-0.659771
0.545768
-0.642133
0.528836
-0.623254
0.510987
-0.602986
0.492121
-0.581149
0.472124
-0.557525
0.450847
-0.531839
0.428097
0.40363
0.377113
0.348087
0.315853
0.279307
0.236477
0.182985
0.10347
0.0391602
0.157073
0.217886
0.264457
0.303411
0.337393
0.367772
0.395392
0.420787
0.44434
-0.730502
0.466323
-0.738398
0.486947
-0.746108
0.506381
-0.753622
0.524755
-0.760936
0.54217
-0.768047
0.558717
-0.774958
0.574474
-0.781673
0.589499
-0.788195
0.60384
-0.794527
0.617554
-0.800676
0.630672
-0.806644
0.643232
-0.812437
0.655268
-0.818059
0.666804
-0.823513
0.677865
-0.828804
0.688472
-0.833934
0.698648
-0.838907
0.708406
-0.843727
0.717766
-0.848395
0.726739
-0.852915
0.735343
-0.857289
0.743586
-0.861518
0.751479
-0.865605
0.759036
-0.869552
0.766263
-0.873361
0.773168
-0.877031
0.779762
-0.880565
0.78605
-0.883964
0.792038
-0.887228
0.797734
-0.890359
0.803144
-0.893356
0.808271
-0.89622
0.813122
-0.898952
0.8177
-0.901551
0.822009
-0.904017
0.826054
-0.906351
0.829838
-0.908552
0.833363
-0.910619
0.836635
-0.912552
0.839652
-0.91435
0.842421
-0.916013
0.844942
-0.91754
0.847217
-0.918928
0.849248
-0.920178
0.851037
-0.921288
0.852584
-0.922255
0.85389
-0.92308
0.854959
-0.923759
0.855789
-0.924291
0.856382
-0.924674
0.856737
-0.924905
0.856855
-0.924983
0.856737
-0.924905
0.856382
-0.924667
0.855789
-0.924267
0.854959
-0.923702
0.85389
-0.922969
0.852584
-0.922064
0.851037
-0.920983
0.849248
-0.919722
0.847217
-0.918277
0.844942
-0.916645
0.842421
-0.914819
0.839652
-0.912795
0.836635
-0.910568
0.833363
-0.908132
0.829838
-0.905482
0.826054
-0.902609
0.822009
-0.899509
0.8177
-0.896173
0.813122
-0.892595
0.808271
-0.888765
0.803144
-0.884675
0.797734
-0.880317
0.792038
-0.875679
0.78605
-0.870752
0.779762
-0.865523
0.773168
-0.85998
0.766263
-0.854112
0.759036
-0.847902
0.751479
-0.841336
0.743586
-0.834397
0.735343
-0.827067
0.726739
-0.819326
0.717766
-0.811154
0.708406
-0.802526
0.698648
-0.793417
0.688472
-0.783798
0.677865
-0.77364
0.666804
-0.762905
0.655268
-0.751558
0.643232
-0.739554
0.630672
-0.726844
0.617554
-0.713376
0.60384
-0.699083
0.589499
-0.683898
0.574474
-0.667736
0.558717
-0.650501
0.54217
-0.632082
0.524755
-0.612343
0.506381
-0.59112
0.486947
-0.568219
0.466323
-0.543393
0.44434
-0.516331
0.420787
0.395392
0.367772
0.337393
0.303411
0.264457
0.217886
0.157073
0.0391602
0.122915
0.195644
0.247192
0.289122
0.325168
0.35712
0.385986
0.412413
0.436846
-0.729012
0.459601
-0.736971
0.480911
-0.744757
0.500957
-0.752352
0.519888
-0.759752
0.53782
-0.766953
0.554847
-0.773955
0.571047
-0.780761
0.586489
-0.787374
0.601229
-0.793799
0.615313
-0.800039
0.628792
-0.806099
0.641697
-0.811984
0.654059
-0.817696
0.665912
-0.823241
0.677279
-0.828622
0.688186
-0.833843
0.698648
-0.838907
0.708689
-0.843818
0.718322
-0.848577
0.727563
-0.853188
0.736428
-0.857654
0.744929
-0.861975
0.753076
-0.866155
0.760881
-0.870196
0.768354
-0.874098
0.7755
-0.877863
0.782334
-0.881493
0.788859
-0.884989
0.795081
-0.888351
0.801009
-0.891581
0.806648
-0.894678
0.812005
-0.897644
0.817082
-0.900479
0.821886
-0.903183
0.82642
-0.905755
0.830689
-0.908197
0.834698
-0.910508
0.838446
-0.912687
0.84194
-0.914734
0.845182
-0.916648
0.848173
-0.918429
0.850918
-0.920076
0.853415
-0.921588
0.855671
-0.922963
0.857684
-0.924201
0.859457
-0.9253
0.860991
-0.926259
0.862287
-0.927076
0.863346
-0.927749
0.864169
-0.928276
0.864756
-0.928655
0.865109
-0.928885
0.865226
-0.928962
0.865109
-0.928884
0.864756
-0.928648
0.864169
-0.928252
0.863346
-0.927692
0.862287
-0.926966
0.860991
-0.926069
0.859457
-0.924998
0.857684
-0.923749
0.855671
-0.922318
0.853415
-0.920701
0.850918
-0.918893
0.848173
-0.916888
0.845182
-0.914683
0.84194
-0.91227
0.838446
-0.909645
0.834698
-0.906801
0.830689
-0.903732
0.82642
-0.900429
0.821886
-0.896887
0.817082
-0.893097
0.812005
-0.889049
0.806648
-0.884736
0.801009
-0.880148
0.795081
-0.875274
0.788859
-0.870102
0.782334
-0.864621
0.7755
-0.858819
0.768354
-0.852681
0.760881
-0.846192
0.753076
-0.839337
0.744929
-0.832097
0.736428
-0.824454
0.727563
-0.816387
0.718322
-0.807873
0.708689
-0.798889
0.698648
-0.789405
0.688186
-0.779393
0.677279
-0.76882
0.665912
-0.757649
0.654059
-0.745838
0.641697
-0.733342
0.628792
-0.720108
0.615313
-0.706078
0.601229
-0.691185
0.586489
-0.675351
0.571047
-0.658486
0.554847
-0.640487
0.53782
-0.621228
0.519888
-0.600562
0.500957
-0.57831
0.480911
-0.554251
0.459601
-0.528107
0.436846
-0.499524
0.412413
0.385986
0.35712
0.325168
0.289122
0.247192
0.195644
0.122915
0.0691769
0.168254
0.226949
0.272696
0.311241
0.345019
0.375317
0.402908
0.428328
0.451925
-0.735375
0.47398
-0.743229
0.494689
-0.750903
0.514226
-0.758387
0.532702
-0.765675
0.550236
-0.772767
0.566906
-0.779665
0.582791
-0.78637
0.597945
-0.792886
0.612425
-0.799219
0.626277
-0.805371
0.639535
-0.811346
0.652241
-0.81715
0.664424
-0.822787
0.676105
-0.828259
0.687319
-0.833571
0.698078
-0.838726
0.708406
-0.843727
0.718322
-0.848577
0.727838
-0.853279
0.73697
-0.857836
0.745733
-0.862249
0.754138
-0.866521
0.762198
-0.870655
0.769919
-0.87465
0.777312
-0.87851
0.784386
-0.882234
0.79115
-0.885826
0.797608
-0.889284
0.803771
-0.892612
0.809642
-0.895808
0.815228
-0.898874
0.820532
-0.90181
0.825564
-0.904617
0.830324
-0.907293
0.834819
-0.909841
0.83905
-0.91226
0.843023
-0.914548
0.846739
-0.916706
0.850202
-0.918734
0.853415
-0.92063
0.856382
-0.922395
0.859103
-0.924026
0.86158
-0.925524
0.863816
-0.926887
0.865813
-0.928113
0.867571
-0.929202
0.869093
-0.930153
0.870378
-0.930962
0.871429
-0.931629
0.872245
-0.932151
0.872828
-0.932527
0.873177
-0.932755
0.873294
-0.932831
0.873177
-0.932754
0.872828
-0.93252
0.872245
-0.932128
0.871429
-0.931573
0.870378
-0.930853
0.869093
-0.929964
0.867571
-0.928903
0.865813
-0.927665
0.863816
-0.926248
0.86158
-0.924645
0.859103
-0.922853
0.856382
-0.920867
0.853415
-0.918682
0.850202
-0.916292
0.846739
-0.913692
0.843023
-0.910875
0.83905
-0.907834
0.834819
-0.904564
0.830324
-0.901056
0.825564
-0.897303
0.820532
-0.893296
0.815228
-0.889027
0.809642
-0.884485
0.803771
-0.879661
0.797608
-0.874544
0.79115
-0.869123
0.784386
-0.863384
0.777312
-0.857314
0.769919
-0.850898
0.762198
-0.844122
0.754138
-0.836967
0.745733
-0.829416
0.73697
-0.821449
0.727838
-0.813043
0.718322
-0.804175
0.708406
-0.794819
0.698078
-0.784945
0.687319
-0.774523
0.676105
-0.763516
0.664424
-0.751887
0.652241
-0.739589
0.639535
-0.726575
0.626277
-0.71279
0.612425
-0.698167
0.597945
-0.682636
0.582791
-0.666112
0.566906
-0.648498
0.550236
-0.629679
0.532702
-0.609518
0.514226
-0.587853
0.494689
-0.56448
0.47398
-0.539155
0.451925
-0.51156
0.428328
0.402908
0.375317
0.345019
0.311241
0.272696
0.226949
0.168254
0.0691769
0.132626
0.202857
0.25371
0.295369
0.331338
0.36328
0.392201
0.418713
0.443246
-0.733613
0.466113
-0.741527
0.487551
-0.749275
0.507731
-0.75684
0.526797
-0.764214
0.544874
-0.771396
0.562046
-0.778384
0.578392
-0.785181
0.593984
-0.79179
0.608877
-0.798214
0.623118
-0.804459
0.636747
-0.810526
0.649809
-0.816422
0.662332
-0.82215
0.674344
-0.827713
0.685871
-0.833116
0.696938
-0.838362
0.707562
-0.843454
0.717766
-0.848395
0.727563
-0.853188
0.73697
-0.857836
0.746002
-0.862341
0.75467
-0.866705
0.762985
-0.87093
0.770959
-0.875018
0.778602
-0.87897
0.785922
-0.882789
0.792928
-0.886475
0.799625
-0.890029
0.806023
-0.893453
0.812129
-0.896747
0.817946
-0.899911
0.823481
-0.902947
0.828741
-0.905855
0.833727
-0.908634
0.838446
-0.911286
0.842902
-0.91381
0.847097
-0.916205
0.851037
-0.918472
0.854722
-0.920611
0.858157
-0.92262
0.861345
-0.924499
0.864287
-0.926248
0.866986
-0.927864
0.869443
-0.929349
0.871662
-0.9307
0.873643
-0.931916
0.875388
-0.932995
0.876897
-0.933937
0.878172
-0.934739
0.879214
-0.9354
0.880025
-0.935918
0.880603
-0.936291
0.880949
-0.936516
0.881065
-0.936592
0.880949
-0.936515
0.880603
-0.936284
0.880025
-0.935895
0.879214
-0.935345
0.878172
-0.934631
0.876897
-0.93375
0.875388
-0.932698
0.873643
-0.931471
0.871662
-0.930066
0.869443
-0.928477
0.866986
-0.926701
0.864287
-0.924733
0.861345
-0.922568
0.858157
-0.920199
0.854722
-0.917622
0.851037
-0.914831
0.847097
-0.911819
0.842902
-0.908579
0.838446
-0.905103
0.833727
-0.901386
0.828741
-0.897417
0.823481
-0.893189
0.817946
-0.888693
0.812129
-0.883917
0.806023
-0.878852
0.799625
-0.873486
0.792928
-0.867807
0.785922
-0.861801
0.778602
-0.855456
0.770959
-0.848754
0.762985
-0.84168
0.75467
-0.834217
0.746002
-0.826343
0.73697
-0.81804
0.727563
-0.809282
0.717766
-0.800046
0.707562
-0.790302
0.696938
-0.780022
0.685871
-0.76917
0.674344
-0.75771
0.662332
-0.745599
0.649809
-0.73279
0.636747
-0.71923
0.623118
-0.70486
0.608877
-0.68961
0.593984
-0.673401
0.578392
-0.656142
0.562046
-0.637726
0.544874
-0.618026
0.526797
-0.596891
0.507731
-0.574141
0.487551
-0.549547
0.466113
-0.522828
0.443246
-0.493627
0.418713
0.392201
0.36328
0.331338
0.295369
0.25371
0.202857
0.132626
0.0782232
0.173316
0.231551
0.277231
0.315853
0.349745
0.38018
0.407926
0.4335
0.457265
-0.739656
0.479492
-0.74747
0.500375
-0.755112
0.520078
-0.76257
0.538731
-0.76984
0.556432
-0.776917
0.573277
-0.783806
0.589331
-0.790508
0.604657
-0.797025
0.619305
-0.803361
0.633328
-0.809522
0.646759
-0.81551
0.659637
-0.82133
0.671987
-0.826985
0.68384
-0.832479
0.695222
-0.837816
0.706155
-0.842999
0.716654
-0.848031
0.726739
-0.852915
0.736428
-0.857654
0.745733
-0.862249
0.75467
-0.866705
0.763249
-0.871022
0.771481
-0.875202
0.779375
-0.879247
0.786944
-0.883158
0.794194
-0.886938
0.801135
-0.890587
0.807772
-0.894106
0.814113
-0.897496
0.820165
-0.900758
0.825932
-0.903892
0.83142
-0.906899
0.836635
-0.909779
0.84158
-0.912533
0.84626
-0.91516
0.850679
-0.917661
0.85484
-0.920035
0.858748
-0.922282
0.862405
-0.924402
0.865813
-0.926393
0.868976
-0.928255
0.871895
-0.929989
0.874574
-0.931592
0.877013
-0.933064
0.879214
-0.934403
0.881181
-0.935608
0.882912
-0.936679
0.88441
-0.937612
0.885676
-0.938408
0.886711
-0.939063
0.887514
-0.939577
0.888088
-0.939947
0.888433
-0.94017
0.888547
-0.940245
0.888433
-0.940169
0.888088
-0.93994
0.887514
-0.939554
0.886711
-0.939009
0.885676
-0.938301
0.88441
-0.937427
0.882912
-0.936384
0.881181
-0.935167
0.879214
-0.933774
0.877013
-0.932199
0.874574
-0.930438
0.871895
-0.928487
0.868976
-0.92634
0.865813
-0.923992
0.862405
-0.921437
0.858748
-0.918671
0.85484
-0.915685
0.850679
-0.912474
0.84626
-0.90903
0.84158
-0.905347
0.836635
-0.901415
0.83142
-0.897227
0.825932
-0.892772
0.820165
-0.888043
0.814113
-0.883027
0.807772
-0.877714
0.801135
-0.872091
0.794194
-0.866147
0.786944
-0.859867
0.779375
-0.853237
0.771481
-0.84624
0.763249
-0.838859
0.75467
-0.831075
0.745733
-0.822867
0.736428
-0.814214
0.726739
-0.80509
0.716654
-0.79547
0.706155
-0.785323
0.695222
-0.774616
0.68384
-0.763315
0.671987
-0.751379
0.659637
-0.738762
0.646759
-0.725413
0.633328
-0.711277
0.619305
-0.696286
0.604657
-0.68037
0.589331
-0.663438
0.573277
-0.645393
0.556432
-0.626114
0.538731
-0.605467
0.520078
-0.583277
0.500375
-0.559343
0.479492
-0.533409
0.457265
-0.505151
0.4335
0.407926
0.38018
0.349745
0.315853
0.277231
0.231551
0.173316
0.0782232
0.134794
0.205208
0.256344
0.298294
0.334523
0.366724
0.395886
0.422627
0.447392
-0.737623
0.470476
-0.745492
0.492121
-0.753205
0.512509
-0.760743
0.531789
-0.768098
0.55006
-0.775265
0.567427
-0.782245
0.583969
-0.789039
0.599753
-0.795649
0.614834
-0.802079
0.629262
-0.808332
0.64308
-0.814413
0.656326
-0.820325
0.66903
-0.826072
0.681224
-0.831658
0.692933
-0.837087
0.704179
-0.842361
0.714984
-0.847484
0.725366
-0.852459
0.735343
-0.857289
0.744929
-0.861975
0.754138
-0.866521
0.762985
-0.87093
0.771481
-0.875202
0.779634
-0.879339
0.787455
-0.883343
0.794955
-0.887216
0.802139
-0.890958
0.809019
-0.894571
0.815599
-0.898057
0.821886
-0.901415
0.827887
-0.904646
0.833606
-0.907752
0.83905
-0.910731
0.844222
-0.913586
0.849128
-0.916315
0.853773
-0.918918
0.858157
-0.921397
0.862287
-0.92375
0.866165
-0.925978
0.869794
-0.928079
0.873177
-0.930054
0.876316
-0.931901
0.879214
-0.933619
0.881873
-0.935209
0.884295
-0.936669
0.886481
-0.937997
0.888433
-0.939192
0.890152
-0.940254
0.89164
-0.94118
0.892897
-0.941969
0.893923
-0.942619
0.894722
-0.943129
0.895292
-0.943495
0.895634
-0.943717
0.895748
-0.943792
0.895634
-0.943716
0.895292
-0.943489
0.894722
-0.943106
0.893923
-0.942565
0.892897
-0.941863
0.89164
-0.940996
0.890152
-0.939961
0.888433
-0.938755
0.886481
-0.937373
0.884295
-0.935811
0.881873
-0.934064
0.879214
-0.932129
0.876316
-0.93
0.873177
-0.927671
0.869794
-0.925139
0.866165
-0.922395
0.862287
-0.919435
0.858157
-0.916251
0.853773
-0.912838
0.849128
-0.909187
0.844222
-0.90529
0.83905
-0.901139
0.833606
-0.896725
0.827887
-0.892039
0.821886
-0.88707
0.815599
-0.881807
0.809019
-0.876239
0.802139
-0.870353
0.794955
-0.864136
0.787455
-0.857573
0.779634
-0.850649
0.771481
-0.843346
0.762985
-0.835646
0.754138
-0.827529
0.744929
-0.818975
0.735343
-0.809958
0.725366
-0.800453
0.714984
-0.790432
0.704179
-0.779862
0.692933
-0.76871
0.681224
-0.756937
0.66903
-0.744499
0.656326
-0.731349
0.64308
-0.71743
0.629262
-0.702683
0.614834
-0.687036
0.599753
-0.670408
0.583969
-0.652704
0.567427
-0.633814
0.55006
-0.613609
0.531789
-0.591932
0.512509
-0.568593
0.492121
-0.543363
0.470476
-0.515951
0.447392
-0.485984
0.422627
0.395886
0.366724
0.334523
0.298294
0.256344
0.205208
0.134794
0.0744881
0.172761
0.231963
0.278277
0.317377
0.351669
0.382461
0.410527
0.436406
-0.735434
0.460448
-0.743347
0.482929
-0.751121
0.504067
-0.758735
0.524006
-0.766171
0.542891
-0.773426
0.560823
-0.780497
0.577882
-0.787383
0.594149
-0.794086
0.609683
-0.800609
0.62454
-0.806956
0.638762
-0.81313
0.652395
-0.819135
0.665466
-0.824975
0.678011
-0.830653
0.690059
-0.836173
0.70163
-0.841539
0.712751
-0.846753
0.723438
-0.85182
0.733712
-0.856741
0.743586
-0.861518
0.753076
-0.866155
0.762198
-0.870655
0.770959
-0.875018
0.779375
-0.879247
0.787455
-0.883343
0.795207
-0.887308
0.802642
-0.891144
0.809766
-0.894851
0.816588
-0.89843
0.823114
-0.901883
0.82935
-0.905211
0.835302
-0.908413
0.840977
-0.911491
0.846379
-0.914444
0.851512
-0.917274
0.856382
-0.919979
0.860991
-0.922561
0.865344
-0.925018
0.869443
-0.927352
0.873294
-0.929561
0.876897
-0.931645
0.880256
-0.933603
0.883373
-0.935435
0.886251
-0.93714
0.888892
-0.938717
0.891297
-0.940165
0.893467
-0.941482
0.895406
-0.942668
0.897113
-0.943721
0.898591
-0.94464
0.899839
-0.945423
0.90086
-0.946068
0.901653
-0.946574
0.902219
-0.946938
0.902558
-0.947158
0.902672
-0.947231
0.902558
-0.947157
0.902219
-0.946931
0.901653
-0.946551
0.90086
-0.946014
0.899839
-0.945318
0.898591
-0.944458
0.897113
-0.943431
0.895406
-0.942234
0.893467
-0.940862
0.891297
-0.939313
0.888892
-0.93758
0.886251
-0.93566
0.883373
-0.933548
0.880256
-0.931238
0.876897
-0.928726
0.873294
-0.926005
0.869443
-0.923069
0.865344
-0.919912
0.860991
-0.916527
0.856382
-0.912907
0.851512
-0.909043
0.846379
-0.904928
0.840977
-0.900553
0.835302
-0.895908
0.82935
-0.890984
0.823114
-0.885769
0.816588
-0.880253
0.809766
-0.874422
0.802642
-0.868264
0.795207
-0.861765
0.787455
-0.85491
0.779375
-0.847681
0.770959
-0.840061
0.762198
-0.832031
0.753076
-0.823569
0.743586
-0.814653
0.733712
-0.805257
0.723438
-0.795354
0.712751
-0.784913
0.70163
-0.773901
0.690059
-0.762281
0.678011
-0.750012
0.665466
-0.737046
0.652395
-0.723332
0.638762
-0.70881
0.62454
-0.693414
0.609683
-0.677066
0.594149
-0.659679
0.577882
-0.641146
0.560823
-0.621349
0.542891
-0.600138
0.524006
-0.577343
0.504067
-0.552751
0.482929
-0.526092
0.460448
-0.497038
0.436406
-0.465149
0.410527
0.382461
0.351669
0.317377
0.278277
0.231963
0.172761
0.0744881
0.129725
0.202857
0.255211
0.297972
0.334808
0.367516
0.3971
0.424232
0.449339
-0.74104
0.472745
-0.748866
0.494689
-0.756546
0.515364
-0.764062
0.534902
-0.771401
0.553434
-0.778561
0.571047
-0.785537
0.587826
-0.792333
0.60384
-0.79895
0.619149
-0.805391
0.633798
-0.811659
0.647828
-0.817757
0.661285
-0.82369
0.674197
-0.829461
0.686595
-0.835074
0.698505
-0.840532
0.70995
-0.845838
0.720952
-0.850996
0.731531
-0.856008
0.741702
-0.860877
0.751479
-0.865605
0.760881
-0.870196
0.769919
-0.87465
0.778602
-0.87897
0.786944
-0.883158
0.794955
-0.887216
0.802642
-0.891144
0.810015
-0.894944
0.817082
-0.898617
0.82385
-0.902164
0.830324
-0.905587
0.836513
-0.908885
0.842421
-0.912059
0.848053
-0.91511
0.853415
-0.918039
0.858512
-0.920844
0.863346
-0.923528
0.867922
-0.926088
0.872245
-0.928526
0.876316
-0.93084
0.88014
-0.933031
0.883719
-0.935099
0.887055
-0.937042
0.890152
-0.938859
0.89301
-0.940551
0.895634
-0.942115
0.898023
-0.943552
0.90018
-0.944859
0.902105
-0.946036
0.903802
-0.947082
0.90527
-0.947994
0.906511
-0.948771
0.907524
-0.949411
0.908313
-0.949913
0.908875
-0.950274
0.909212
-0.950492
0.909325
-0.950565
0.909212
-0.950491
0.908875
-0.950267
0.908313
-0.94989
0.907524
-0.949357
0.906511
-0.948666
0.90527
-0.947812
0.903802
-0.946793
0.902105
-0.945605
0.90018
-0.944244
0.898023
-0.942706
0.895634
-0.940987
0.89301
-0.939081
0.890152
-0.936985
0.887055
-0.934694
0.883719
-0.932201
0.88014
-0.929501
0.876316
-0.926589
0.872245
-0.923457
0.867922
-0.920099
0.863346
-0.916508
0.858512
-0.912676
0.853415
-0.908595
0.848053
-0.904256
0.842421
-0.899651
0.836513
-0.894769
0.830324
-0.8896
0.82385
-0.884133
0.817082
-0.878355
0.810015
-0.872253
0.802642
-0.865815
0.794955
-0.859025
0.786944
-0.851866
0.778602
-0.844321
0.769919
-0.836373
0.760881
-0.827999
0.751479
-0.819177
0.741702
-0.809885
0.731531
-0.800093
0.720952
-0.789774
0.70995
-0.778894
0.698505
-0.767418
0.686595
-0.755306
0.674197
-0.742513
0.661285
-0.72899
0.647828
-0.714679
0.633798
-0.699518
0.619149
-0.683431
0.60384
-0.666334
0.587826
-0.648132
0.571047
-0.628708
0.553434
-0.607928
0.534902
-0.585627
0.515364
-0.561612
0.494689
-0.535635
0.472745
-0.507397
0.449339
-0.476505
0.424232
0.3971
0.367516
0.334808
0.297972
0.255211
0.202857
0.129725
0.0552956
0.166533
0.228212
0.275844
0.315853
0.350848
0.382205
0.410771
0.437067
-0.738584
0.461502
-0.746445
0.484343
-0.754182
0.505804
-0.761769
0.526056
-0.769189
0.545232
-0.776435
0.563438
-0.783503
0.580766
-0.790391
0.597287
-0.797101
0.613067
-0.803636
0.628163
-0.809998
0.64262
-0.816191
0.656476
-0.822218
0.66977
-0.828082
0.682533
-0.833788
0.694794
-0.839339
0.706577
-0.844737
0.717904
-0.849987
0.728797
-0.855091
0.739272
-0.860051
0.749347
-0.864871
0.759036
-0.869552
0.768354
-0.874098
0.777312
-0.87851
0.785922
-0.882789
0.794194
-0.886938
0.802139
-0.890958
0.809766
-0.894851
0.817082
-0.898617
0.824095
-0.902258
0.830812
-0.905775
0.837238
-0.909167
0.843382
-0.912438
0.849248
-0.915586
0.85484
-0.918612
0.860165
-0.921516
0.865226
-0.924299
0.870028
-0.926961
0.874574
-0.929501
0.878867
-0.93192
0.882912
-0.934216
0.886711
-0.93639
0.890266
-0.938442
0.893581
-0.94037
0.896658
-0.942174
0.899499
-0.943852
0.902105
-0.945405
0.90448
-0.946831
0.906624
-0.948129
0.908538
-0.949297
0.910224
-0.950335
0.911683
-0.95124
0.912916
-0.952012
0.913923
-0.952647
0.914707
-0.953145
0.915266
-0.953504
0.915601
-0.953721
0.915713
-0.953793
0.915601
-0.95372
0.915266
-0.953497
0.914707
-0.953123
0.913923
-0.952594
0.912916
-0.951908
0.911683
-0.95106
0.910224
-0.950049
0.908538
-0.948869
0.906624
-0.947518
0.90448
-0.945991
0.902105
-0.944284
0.899499
-0.942393
0.896658
-0.940312
0.893581
-0.938038
0.890266
-0.935564
0.886711
-0.932884
0.882912
-0.929994
0.878867
-0.926886
0.874574
-0.923554
0.870028
-0.919991
0.865226
-0.916189
0.860165
-0.912141
0.85484
-0.907837
0.849248
-0.903269
0.843382
-0.898427
0.837238
-0.893302
0.830812
-0.887881
0.824095
-0.882153
0.817082
-0.876105
0.809766
-0.869724
0.802139
-0.862996
0.794194
-0.855904
0.785922
-0.848431
0.777312
-0.840559
0.768354
-0.832269
0.759036
-0.823537
0.749347
-0.814341
0.739272
-0.804655
0.728797
-0.79445
0.717904
-0.783694
0.706577
-0.772353
0.694794
-0.760389
0.682533
-0.747758
0.66977
-0.734414
0.656476
-0.7203
0.64262
-0.705356
0.628163
-0.689511
0.613067
-0.672687
0.597287
-0.65479
0.580766
-0.635712
0.563438
-0.615325
0.545232
-0.593477
0.526056
-0.569987
0.505804
-0.544629
0.484343
-0.517125
0.461502
-0.487121
0.437067
-0.454154
0.410771
0.382205
0.350848
0.315853
0.275844
0.228212
0.166533
0.0552956
0.116534
0.195644
0.250279
0.2944
0.332206
0.365664
0.395886
0.423546
0.449121
-0.743867
0.472952
-0.751648
0.495282
-0.759297
0.516306
-0.766792
0.536182
-0.774121
0.555022
-0.781276
0.572936
-0.788257
0.59
-0.79506
0.606283
-0.801689
0.621849
-0.808146
0.636747
-0.814433
0.651028
-0.820555
0.66472
-0.826514
0.677865
-0.832313
0.690491
-0.837957
0.702622
-0.843449
0.714286
-0.848791
0.725503
-0.853987
0.736293
-0.859039
0.746672
-0.86395
0.756657
-0.868723
0.766263
-0.873361
0.7755
-0.877863
0.784386
-0.882234
0.792928
-0.886475
0.801135
-0.890587
0.809019
-0.894571
0.816588
-0.89843
0.82385
-0.902164
0.830812
-0.905775
0.83748
-0.909262
0.843863
-0.912627
0.849963
-0.915871
0.855789
-0.918993
0.861345
-0.921995
0.866634
-0.924877
0.871662
-0.927638
0.876432
-0.930279
0.880949
-0.9328
0.885216
-0.9352
0.889235
-0.93748
0.89301
-0.939638
0.896544
-0.941674
0.899839
-0.943588
0.902898
-0.945379
0.905721
-0.947045
0.908313
-0.948587
0.910673
-0.950003
0.912804
-0.951291
0.914707
-0.952452
0.916383
-0.953482
0.917834
-0.954381
0.919059
-0.955147
0.920062
-0.955778
0.92084
-0.956272
0.921396
-0.956628
0.921729
-0.956844
0.92184
-0.956916
0.921729
-0.956843
0.921396
-0.956622
0.92084
-0.95625
0.920062
-0.955725
0.919059
-0.955043
0.917834
-0.954202
0.916383
-0.953197
0.914707
-0.952026
0.912804
-0.950684
0.910673
-0.949168
0.908313
-0.947473
0.905721
-0.945595
0.902898
-0.943529
0.899839
-0.941271
0.896544
-0.938815
0.89301
-0.936154
0.889235
-0.933285
0.885216
-0.9302
0.880949
-0.926893
0.876432
-0.923356
0.871662
-0.919583
0.866634
-0.915566
0.861345
-0.911296
0.855789
-0.906763
0.849963
-0.90196
0.843863
-0.896876
0.83748
-0.891499
0.830812
-0.885818
0.82385
-0.879821
0.816588
-0.873495
0.809019
-0.866825
0.801135
-0.859796
0.792928
-0.852391
0.784386
-0.844592
0.7755
-0.83638
0.766263
-0.827734
0.756657
-0.818629
0.746672
-0.809042
0.736293
-0.798945
0.725503
-0.788306
0.714286
-0.777092
0.702622
-0.765267
0.690491
-0.752789
0.677865
-0.73961
0.66472
-0.72568
0.651028
-0.71094
0.636747
-0.69532
0.621849
-0.678749
0.606283
-0.661135
0.59
-0.642376
0.572936
-0.622352
0.555022
-0.600919
0.536182
-0.57791
0.516306
-0.553113
0.495282
-0.526273
0.472952
-0.497066
0.449121
-0.465073
0.423546
0.395886
0.365664
0.332206
0.2944
0.250279
0.195644
0.116534
0.154006
0.220084
0.26985
0.31124
0.347253
0.379417
0.408638
0.435509
0.460448
-0.74895
0.483734
-0.756649
0.505609
-0.764211
0.526243
-0.771619
0.545768
-0.778859
0.564307
-0.785929
0.581948
-0.792825
0.598768
-0.799548
0.614834
-0.8061
0.630201
-0.812483
0.644923
-0.8187
0.659034
-0.824753
0.672578
-0.830648
0.685583
-0.836386
0.698078
-0.841971
0.710091
-0.847406
0.721644
-0.852695
0.732758
-0.857839
0.74345
-0.862843
0.75374
-0.867708
0.763641
-0.872436
0.773168
-0.877031
0.782334
-0.881493
0.79115
-0.885826
0.799625
-0.890029
0.807772
-0.894106
0.815599
-0.898057
0.823114
-0.901883
0.830324
-0.905587
0.837238
-0.909167
0.843863
-0.912627
0.850202
-0.915966
0.856263
-0.919184
0.862052
-0.922283
0.867571
-0.925262
0.872828
-0.928121
0.877825
-0.930862
0.882566
-0.933483
0.887055
-0.935986
0.891297
-0.938369
0.895292
-0.940631
0.899045
-0.942774
0.902558
-0.944796
0.905834
-0.946696
0.908875
-0.948475
0.911683
-0.95013
0.914259
-0.951661
0.916606
-0.953067
0.918726
-0.954346
0.920618
-0.955499
0.922284
-0.956522
0.923727
-0.957415
0.924947
-0.958176
0.925943
-0.958803
0.926717
-0.959294
0.92727
-0.959648
0.927601
-0.959861
0.927712
-0.959933
0.927601
-0.959861
0.92727
-0.959641
0.926717
-0.959272
0.925943
-0.95875
0.924947
-0.958073
0.923727
-0.957237
0.922284
-0.956239
0.920618
-0.955076
0.918726
-0.953743
0.916606
-0.952237
0.914259
-0.950554
0.911683
-0.948688
0.908875
-0.946637
0.905834
-0.944394
0.902558
-0.941954
0.899045
-0.939313
0.895292
-0.936463
0.891297
-0.9334
0.887055
-0.930116
0.882566
-0.926605
0.877825
-0.92286
0.872828
-0.918871
0.867571
-0.914633
0.862052
-0.910134
0.856263
-0.905368
0.850202
-0.900322
0.843863
-0.894987
0.837238
-0.889351
0.830324
-0.883403
0.823114
-0.877129
0.815599
-0.870514
0.807772
-0.863545
0.799625
-0.856204
0.79115
-0.848474
0.782334
-0.840336
0.773168
-0.83177
0.763641
-0.822752
0.75374
-0.813259
0.74345
-0.803262
0.732758
-0.792734
0.721644
-0.78164
0.710091
-0.769945
0.698078
-0.757609
0.685583
-0.744587
0.672578
-0.730829
0.659034
-0.716278
0.644923
-0.700871
0.630201
-0.684533
0.614834
-0.667181
0.598768
-0.648717
0.581948
-0.629028
0.564307
-0.607978
0.545768
-0.585408
0.526243
-0.561123
0.505609
-0.534884
0.483734
-0.506395
0.460448
-0.475275
0.435509
0.408638
0.379417
0.347253
0.31124
0.26985
0.220084
0.154006
0.0917445
0.182985
0.241292
0.287457
0.326648
0.361151
0.392201
0.420558
0.446733
-0.746101
0.471097
-0.753833
0.493902
-0.761451
0.515364
-0.76893
0.535634
-0.776251
0.554847
-0.783408
0.573105
-0.790396
0.590497
-0.797212
0.607094
-0.803859
0.62296
-0.810337
0.638144
-0.81665
0.652696
-0.822799
0.666656
-0.828789
0.680058
-0.834622
0.692933
-0.840301
0.705309
-0.845831
0.71721
-0.851213
0.728659
-0.85645
0.739676
-0.861547
0.750281
-0.866504
0.760487
-0.871325
0.770308
-0.876011
0.779762
-0.880565
0.788859
-0.884989
0.797608
-0.889284
0.806023
-0.893453
0.814113
-0.897496
0.821886
-0.901415
0.82935
-0.905211
0.836513
-0.908885
0.843382
-0.912438
0.849963
-0.915871
0.856263
-0.919184
0.862287
-0.922378
0.86804
-0.925454
0.873526
-0.928411
0.878751
-0.93125
0.883719
-0.933971
0.888433
-0.936574
0.892897
-0.939059
0.897113
-0.941425
0.901087
-0.943672
0.904818
-0.9458
0.908313
-0.947808
0.911571
-0.949695
0.914595
-0.951462
0.917387
-0.953106
0.91995
-0.954627
0.922284
-0.956023
0.924392
-0.957295
0.926275
-0.95844
0.927933
-0.959456
0.929368
-0.960343
0.93058
-0.961099
0.931572
-0.961722
0.932342
-0.96221
0.932892
-0.962562
0.933222
-0.962774
0.933332
-0.962845
0.933222
-0.962773
0.932892
-0.962555
0.932342
-0.962188
0.931572
-0.96167
0.93058
-0.960997
0.929368
-0.960166
0.927933
-0.959175
0.926275
-0.958019
0.924392
-0.956695
0.922284
-0.955198
0.91995
-0.953526
0.917387
-0.951673
0.914595
-0.949635
0.911571
-0.947406
0.908313
-0.944983
0.904818
-0.942359
0.901087
-0.939529
0.897113
-0.936486
0.892897
-0.933225
0.888433
-0.929738
0.883719
-0.926018
0.878751
-0.922058
0.873526
-0.917849
0.86804
-0.913383
0.862287
-0.908651
0.856263
-0.903642
0.849963
-0.898347
0.843382
-0.892754
0.836513
-0.886852
0.82935
-0.880626
0.821886
-0.874064
0.814113
-0.867152
0.806023
-0.859871
0.797608
-0.852207
0.788859
-0.844139
0.779762
-0.835649
0.770308
-0.826713
0.760487
-0.817308
0.750281
-0.807406
0.739676
-0.796981
0.728659
-0.786
0.71721
-0.774428
0.705309
-0.762226
0.692933
-0.74935
0.680058
-0.735753
0.666656
-0.72138
0.652696
-0.706168
0.638144
-0.690049
0.62296
-0.672941
0.607094
-0.654751
0.590497
-0.63537
0.573105
-0.614673
0.554847
-0.592507
0.535634
-0.56869
0.515364
-0.543
0.493902
-0.515159
0.471097
-0.484822
0.446733
-0.451532
0.420558
0.392201
0.361151
0.326648
0.287457
0.241292
0.182985
0.0917445
0.133364
0.207068
0.260067
0.303411
0.3408
0.374029
0.404111
0.43171
0.457265
-0.750859
0.481112
-0.758518
0.503483
-0.766057
0.524567
-0.773453
0.544514
-0.780694
0.563438
-0.78777
0.581439
-0.794679
0.598602
-0.80142
0.614992
-0.807994
0.630672
-0.814403
0.645688
-0.820648
0.660084
-0.826734
0.673902
-0.832663
0.687174
-0.838438
0.699926
-0.844062
0.712191
-0.849538
0.723989
-0.85487
0.735343
-0.86006
0.746271
-0.86511
0.75679
-0.870023
0.766916
-0.874802
0.776666
-0.879448
0.78605
-0.883964
0.795081
-0.888351
0.803771
-0.892612
0.812129
-0.896747
0.820165
-0.900758
0.827887
-0.904646
0.835302
-0.908413
0.842421
-0.912059
0.849248
-0.915586
0.855789
-0.918993
0.862052
-0.922283
0.86804
-0.925454
0.873759
-0.928508
0.879214
-0.931444
0.88441
-0.934263
0.88935
-0.936966
0.894038
-0.939551
0.898477
-0.942018
0.902672
-0.944369
0.906624
-0.946601
0.910336
-0.948715
0.913811
-0.95071
0.917053
-0.952585
0.920062
-0.95434
0.92284
-0.955974
0.925389
-0.957485
0.927712
-0.958873
0.929809
-0.960136
0.931682
-0.961274
0.933332
-0.962284
0.93476
-0.963166
0.935966
-0.963917
0.936953
-0.964536
0.937719
-0.965021
0.938267
-0.96537
0.938595
-0.965581
0.938704
-0.965652
0.938595
-0.96558
0.938267
-0.965364
0.937719
-0.964999
0.936953
-0.964484
0.935966
-0.963815
0.93476
-0.96299
0.933332
-0.962004
0.931682
-0.960855
0.929809
-0.959539
0.927712
-0.958052
0.925389
-0.95639
0.92284
-0.954549
0.920062
-0.952523
0.917053
-0.950309
0.913811
-0.947901
0.910336
-0.945294
0.906624
-0.942481
0.902672
-0.939459
0.898477
-0.936218
0.894038
-0.932754
0.88935
-0.929059
0.88441
-0.925126
0.879214
-0.920946
0.873759
-0.91651
0.86804
-0.911811
0.862052
-0.906837
0.855789
-0.90158
0.849248
-0.896027
0.842421
-0.890168
0.835302
-0.883989
0.827887
-0.877477
0.820165
-0.870618
0.812129
-0.863395
0.803771
-0.855792
0.795081
-0.847791
0.78605
-0.839372
0.776666
-0.830513
0.766916
-0.821191
0.75679
-0.81138
0.746271
-0.801052
0.735343
-0.790177
0.723989
-0.778719
0.712191
-0.766643
0.699926
-0.753904
0.687174
-0.740458
0.673902
-0.72625
0.660084
-0.711222
0.645688
-0.695306
0.630672
-0.678424
0.614992
-0.660488
0.598602
-0.641394
0.581439
-0.621022
0.563438
-0.599228
0.544514
-0.57584
0.524567
-0.550648
0.503483
-0.523399
0.481112
-0.493766
0.457265
-0.461337
0.43171
0.404111
0.374029
0.3408
0.303411
0.260067
0.207068
0.133364
0.036567
0.163661
0.2278
0.276886
0.317976
0.353858
0.385986
0.415222
0.44215
-0.747746
0.467153
-0.75542
0.490537
-0.763006
0.512509
-0.770467
0.533255
-0.777785
0.552901
-0.784947
0.571561
-0.791947
0.589331
-0.798782
0.606283
-0.805451
0.622482
-0.811956
0.637989
-0.818299
0.652848
-0.824482
0.667101
-0.830507
0.680786
-0.836378
0.693934
-0.842098
0.706577
-0.84767
0.718737
-0.853096
0.730439
-0.85838
0.741702
-0.863524
0.752545
-0.86853
0.762985
-0.873402
0.773039
-0.87814
0.782718
-0.882749
0.792038
-0.887228
0.801009
-0.891581
0.809642
-0.895808
0.817946
-0.899911
0.825932
-0.903892
0.833606
-0.907752
0.840977
-0.911491
0.848053
-0.91511
0.85484
-0.918612
0.861345
-0.921995
0.867571
-0.925262
0.873526
-0.928411
0.879214
-0.931444
0.884641
-0.934361
0.889808
-0.937161
0.894722
-0.939846
0.899386
-0.942414
0.903802
-0.944866
0.907975
-0.947201
0.911907
-0.949419
0.915601
-0.951519
0.919059
-0.953502
0.922284
-0.955365
0.925279
-0.95711
0.928044
-0.958733
0.93058
-0.960235
0.932892
-0.961615
0.934979
-0.96287
0.936843
-0.964001
0.938485
-0.965005
0.939907
-0.965882
0.941108
-0.966628
0.942089
-0.967244
0.942852
-0.967726
0.943397
-0.968073
0.943724
-0.968283
0.943832
-0.968354
0.943724
-0.968283
0.943397
-0.968067
0.942852
-0.967704
0.942089
-0.967192
0.941108
-0.966527
0.939907
-0.965707
0.938485
-0.964727
0.936843
-0.963585
0.934979
-0.962277
0.932892
-0.960799
0.93058
-0.959146
0.928044
-0.957316
0.925279
-0.955303
0.922284
-0.953101
0.919059
-0.950708
0.915601
-0.948117
0.911907
-0.945322
0.907975
-0.942318
0.903802
-0.939098
0.899386
-0.935655
0.894722
-0.931984
0.889808
-0.928075
0.884641
-0.923922
0.879214
-0.919516
0.873526
-0.914847
0.867571
-0.909907
0.861345
-0.904686
0.85484
-0.899172
0.848053
-0.893353
0.840977
-0.887218
0.833606
-0.880753
0.825932
-0.873945
0.817946
-0.866776
0.809642
-0.859232
0.801009
-0.851293
0.792038
-0.842941
0.782718
-0.834155
0.773039
-0.824911
0.762985
-0.815185
0.752545
-0.804949
0.741702
-0.794173
0.730439
-0.782824
0.718737
-0.770865
0.706577
-0.758255
0.693934
-0.744949
0.680786
-0.730897
0.667101
-0.71604
0.652848
-0.700313
0.637989
-0.683642
0.622482
-0.665941
0.606283
-0.647114
0.589331
-0.627041
0.571561
-0.605588
0.552901
-0.582594
0.533255
-0.55786
0.512509
-0.531146
0.490537
-0.502154
0.467153
-0.470498
0.44215
-0.435684
0.415222
0.385986
0.353858
0.317976
0.276886
0.2278
0.163661
0.036567
0.0997241
0.18815
0.246017
0.292101
0.331338
0.365931
0.3971
0.425599
0.451925
-0.752174
0.476435
-0.759785
0.499399
-0.767299
0.521016
-0.774685
0.541444
-0.781927
0.560823
-0.789015
0.579239
-0.795941
0.596793
-0.802706
0.61355
-0.809307
0.629575
-0.815747
0.644923
-0.822028
0.659637
-0.828151
0.673754
-0.834119
0.687319
-0.839936
0.700354
-0.845603
0.71289
-0.851125
0.724953
-0.856504
0.736564
-0.861742
0.747743
-0.866843
0.758507
-0.871808
0.768876
-0.876641
0.77886
-0.881342
0.788476
-0.885914
0.797734
-0.890359
0.806648
-0.894678
0.815228
-0.898874
0.823481
-0.902947
0.83142
-0.906899
0.83905
-0.910731
0.846379
-0.914444
0.853415
-0.918039
0.860165
-0.921516
0.866634
-0.924877
0.872828
-0.928121
0.878751
-0.93125
0.88441
-0.934263
0.889808
-0.937161
0.89495
-0.939944
0.899839
-0.942611
0.90448
-0.945163
0.908875
-0.9476
0.913028
-0.949921
0.916941
-0.952126
0.920618
-0.954214
0.924059
-0.956184
0.92727
-0.958037
0.93025
-0.95977
0.933002
-0.961384
0.935528
-0.962878
0.937829
-0.964249
0.939907
-0.965498
0.941762
-0.966622
0.943397
-0.96762
0.944811
-0.968492
0.946007
-0.969234
0.946985
-0.969846
0.947745
-0.970326
0.948287
-0.970671
0.948612
-0.97088
0.94872
-0.97095
0.948612
-0.970879
0.948287
-0.970665
0.947745
-0.970304
0.946985
-0.969795
0.946007
-0.969133
0.944811
-0.968317
0.943397
-0.967343
0.941762
-0.966208
0.939907
-0.964907
0.937829
-0.963437
0.935528
-0.961794
0.933002
-0.959974
0.93025
-0.957972
0.92727
-0.955784
0.924059
-0.953404
0.920618
-0.950828
0.916941
-0.94805
0.913028
-0.945063
0.908875
-0.941862
0.90448
-0.938441
0.899839
-0.934791
0.89495
-0.930907
0.889808
-0.926779
0.88441
-0.9224
0.878751
-0.917761
0.872828
-0.912853
0.866634
-0.907665
0.860165
-0.902187
0.853415
-0.896407
0.846379
-0.890314
0.83905
-0.883894
0.83142
-0.877133
0.823481
-0.870016
0.815228
-0.862526
0.806648
-0.854647
0.797734
-0.846358
0.788476
-0.837641
0.77886
-0.828471
0.768876
-0.818824
0.758507
-0.808674
0.747743
-0.797992
0.736564
-0.786744
0.724953
-0.774895
0.71289
-0.762407
0.700354
-0.749233
0.687319
-0.735325
0.673754
-0.720627
0.659637
-0.705078
0.644923
[...]
0.607094
-0.636112
0.598768
-0.627509
0.59
-0.618334
0.580766
-0.608548
0.571047
-0.598109
0.560823
-0.586973
0.55006
-0.575082
0.538731
-0.562377
0.526797
-0.548786
0.514226
-0.534232
0.500957
-0.518614
0.486947
-0.501822
0.472124
-0.483724
0.456416
-0.464156
0.439727
-0.442923
0.421938
0.402908
0.382461
0.360345
0.336246
0.309695
0.279996
0.246017
0.205664
0.154006
0.0691769
0.0663481
0.151497
0.202857
0.24288
0.276533
0.30594
0.332206
0.356037
0.377881
0.398078
0.416856
0.434393
0.450847
-0.531839
0.466323
-0.543393
0.480911
-0.554251
0.494689
-0.56448
0.507731
-0.574141
0.520078
-0.583277
0.531789
-0.591932
0.542891
-0.600138
0.553434
-0.607928
0.563438
-0.615325
0.572936
-0.622352
0.581948
-0.629028
0.590497
-0.63537
0.598602
-0.641394
0.606283
-0.647114
0.61355
-0.652538
0.62042
-0.657679
0.626904
-0.662546
0.633018
-0.667147
0.638762
-0.671487
0.644154
-0.675573
0.649201
-0.679412
0.653907
-0.683007
0.658283
-0.686362
0.662332
-0.68948
0.666061
-0.692365
0.669473
-0.695018
0.672578
-0.697442
0.675373
-0.699636
0.677865
-0.701602
0.680058
-0.703341
0.681952
-0.704853
0.683551
-0.706136
0.684856
-0.707189
0.685871
-0.708013
0.686595
-0.708604
0.687029
-0.708961
0.687174
-0.70908
0.687029
-0.70896
0.686595
-0.708596
0.685871
-0.707984
0.684856
-0.70712
0.683551
-0.706001
0.681952
-0.704619
0.680058
-0.70297
0.677865
-0.701047
0.675373
-0.698842
0.672578
-0.696348
0.669473
-0.693557
0.666061
-0.69046
0.662332
-0.687047
0.658283
-0.683307
0.653907
-0.679228
0.649201
-0.674797
0.644154
-0.670001
0.638762
-0.664825
0.633018
-0.659251
0.626904
-0.653261
0.62042
-0.646837
0.61355
-0.639954
0.606283
-0.63259
0.598602
-0.624717
0.590497
-0.616307
0.581948
-0.607325
0.572936
-0.597735
0.563438
-0.587494
0.553434
-0.576556
0.542891
-0.564867
0.531789
-0.552369
0.520078
-0.538987
0.507731
-0.524645
0.494689
-0.509244
0.480911
-0.492676
0.466323
-0.474807
0.450847
-0.455473
0.434393
0.416856
0.398078
0.377881
0.356037
0.332206
0.30594
0.276533
0.24288
0.202857
0.151497
0.0663481
0.0570759
0.146348
0.198068
0.238093
0.271632
0.300864
0.32694
0.350573
0.372215
0.392201
0.41077
0.428097
0.44434
-0.516331
0.459601
-0.528107
0.47398
-0.539155
0.487551
-0.549547
0.500375
-0.559343
0.512509
-0.568593
0.524006
-0.577343
0.534902
-0.585627
0.545232
-0.593477
0.555022
-0.600919
0.564307
-0.607978
0.573105
-0.614673
0.581439
-0.621022
0.589331
-0.627041
0.596793
-0.632744
0.60384
-0.638141
0.61049
-0.643245
0.616754
-0.648065
0.622642
-0.652609
0.628163
-0.656883
0.633328
-0.660895
0.638144
-0.664649
0.64262
-0.66815
0.646759
-0.671403
0.65057
-0.674409
0.654059
-0.677173
0.657228
-0.679696
0.660084
-0.68198
0.662631
-0.684027
0.664869
-0.685835
0.666804
-0.687407
0.668438
-0.68874
0.66977
-0.689835
0.670804
-0.69069
0.671543
-0.691304
0.671987
-0.691674
0.672134
-0.691798
0.671987
-0.691674
0.671543
-0.691295
0.670804
-0.690661
0.66977
-0.689765
0.668438
-0.688603
0.666804
-0.687169
0.664869
-0.685457
0.662631
-0.68346
0.660084
-0.681171
0.657228
-0.678582
0.654059
-0.675684
0.65057
-0.672467
0.646759
-0.668921
0.64262
-0.665033
0.638144
-0.660792
0.633328
-0.656184
0.628163
-0.651194
0.622642
-0.645805
0.616754
-0.639999
0.61049
-0.633756
0.60384
-0.627055
0.596793
-0.619873
0.589331
-0.61218
0.581439
-0.603948
0.573105
-0.595146
0.564307
-0.585734
0.555022
-0.575672
0.545232
-0.564914
0.534902
-0.553404
0.524006
-0.541084
0.512509
-0.527882
0.500375
-0.513719
0.487551
-0.4985
0.47398
-0.48211
0.459601
-0.464419
0.44434
-0.445265
0.428097
0.41077
0.392201
0.372215
0.350573
0.32694
0.300864
0.271632
0.238093
0.198068
0.146348
0.0570759
0.036567
0.138307
0.191173
0.231551
0.26519
0.2944
0.320395
0.343905
0.365402
0.385231
0.40363
0.420787
0.436846
-0.499524
0.451925
-0.51156
0.466113
-0.522828
0.479492
-0.533409
0.492121
-0.543363
0.504067
-0.552751
0.515364
-0.561612
0.526056
-0.569987
0.536182
-0.57791
0.545768
-0.585408
0.554847
-0.592507
0.563438
-0.599228
0.571561
-0.605588
0.579239
-0.611606
0.586489
-0.617297
0.593322
-0.622669
0.599753
-0.627737
0.605794
-0.632509
0.611459
-0.636995
0.616754
-0.641201
0.62169
-0.645134
0.626277
-0.6488
0.630517
-0.652202
0.634418
-0.655345
0.637989
-0.658233
0.641232
-0.660867
0.644154
-0.663251
0.646759
-0.665386
0.649047
-0.667272
0.651028
-0.668911
0.652696
-0.6703
0.654059
-0.671441
0.655118
-0.672331
0.655873
-0.67297
0.656326
-0.673356
0.656476
-0.673485
0.656326
-0.673355
0.655873
-0.672961
0.655118
-0.672301
0.654059
-0.671369
0.652696
-0.67016
0.651028
-0.668668
0.649047
-0.666886
0.646759
-0.664808
0.644154
-0.662425
0.641232
-0.65973
0.637989
-0.656712
0.634418
-0.653362
0.630517
-0.649668
0.626277
-0.645616
0.62169
-0.641193
0.616754
-0.636387
0.611459
-0.631179
0.605794
-0.625551
0.599753
-0.619485
0.593322
-0.612958
0.586489
-0.605947
0.579239
-0.598422
0.571561
-0.590358
0.563438
-0.581721
0.554847
-0.572472
0.545768
-0.562569
0.536182
-0.551968
0.526056
-0.540614
0.515364
-0.528447
0.504067
-0.515394
0.492121
-0.501373
0.479492
-0.486294
0.466113
-0.470037
0.451925
-0.452472
0.436846
-0.433433
0.420787
0.40363
0.385231
0.365402
0.343905
0.320395
0.2944
0.26519
0.231551
0.191173
0.138307
0.036567
0.126736
0.181949
0.223114
0.25709
0.286448
0.312474
0.335955
0.357389
0.377113
0.395392
0.412413
0.428328
0.443246
-0.493627
0.457265
-0.505151
0.470476
-0.515951
0.482929
-0.526092
0.494689
-0.535635
0.505804
-0.544629
0.516306
-0.553113
0.526243
-0.561123
0.535634
-0.56869
0.544514
-0.57584
0.552901
-0.582594
0.560823
-0.588974
0.568289
-0.594995
0.575327
-0.600675
0.581948
-0.606026
0.588161
-0.611058
0.593984
-0.615783
0.599425
-0.62021
0.604492
-0.624343
0.609199
-0.628194
0.61355
-0.631765
0.617554
-0.635063
0.621213
-0.638089
0.62454
-0.640849
0.627532
-0.643344
0.630201
-0.645578
0.632549
-0.647552
0.634575
-0.649265
0.636284
-0.650717
0.637681
-0.651909
0.638762
-0.652838
0.639535
-0.653506
0.639999
-0.653908
0.640153
-0.654043
0.639999
-0.653907
0.639535
-0.653497
0.638762
-0.652807
0.637681
-0.651836
0.636284
-0.650574
0.634575
-0.649017
0.632549
-0.647158
0.630201
-0.644988
0.627532
-0.6425
0.62454
-0.639687
0.621213
-0.636535
0.617554
-0.633035
0.61355
-0.629173
0.609199
-0.624937
0.604492
-0.620312
0.599425
-0.615283
0.593984
-0.609829
0.588161
-0.603932
0.581948
-0.597571
0.575327
-0.590721
0.568289
-0.583356
0.560823
-0.575447
0.552901
-0.566958
0.544514
-0.557855
0.535634
-0.548094
0.526243
-0.537628
0.516306
-0.526402
0.505804
-0.514358
0.494689
-0.501419
0.482929
-0.487507
0.470476
-0.472524
0.457265
-0.456351
0.443246
-0.438856
0.428328
0.412413
0.395392
0.377113
0.357389
0.335955
0.312474
0.286448
0.25709
0.223114
0.181949
0.126736
0.110632
0.169967
0.212542
0.247192
0.276886
0.303089
0.326648
0.348087
0.367772
0.385986
0.402908
0.418713
0.4335
0.447392
-0.485984
0.460448
-0.497038
0.472745
-0.507397
0.484343
-0.517125
0.495282
-0.526273
0.505609
-0.534884
0.515364
-0.543
0.524567
-0.550648
0.533255
-0.55786
0.541444
-0.564658
0.549167
-0.571065
0.556432
-0.577096
0.563263
-0.582771
0.569669
-0.588101
0.575672
-0.593101
0.581272
-0.597776
0.586489
-0.602141
0.591328
-0.6062
0.595801
-0.609962
0.599918
-0.613434
0.603679
-0.616618
0.607094
-0.61952
0.610168
-0.622142
0.612909
-0.624488
0.615313
-0.626557
0.617391
-0.628354
0.619149
-0.629877
0.620581
-0.631127
0.62169
-0.632101
0.622482
-0.6328
0.62296
-0.633222
0.623118
-0.633363
0.62296
-0.633221
0.622482
-0.632791
0.62169
-0.632069
0.620581
-0.631052
0.619149
-0.629731
0.617391
-0.6281
0.615313
-0.626154
0.612909
-0.623884
0.610168
-0.621278
0.607094
-0.61833
0.603679
-0.615028
0.599918
-0.611358
0.595801
-0.607308
0.591328
-0.602864
0.586489
-0.59801
0.581272
-0.592726
0.575672
-0.586995
0.569669
-0.580791
0.563263
-0.574095
0.556432
-0.566876
0.549167
-0.559107
0.541444
-0.550753
0.533255
-0.541777
0.524567
-0.532135
0.515364
-0.521782
0.505609
-0.510658
0.495282
-0.498704
0.484343
-0.485847
0.472745
-0.472
0.460448
-0.457066
0.447392
-0.440925
0.4335
0.418713
0.402908
0.385986
0.367772
0.348087
0.326648
0.303089
0.276886
0.247192
0.212542
0.169967
0.110632
0.0874661
0.154631
0.199524
0.235256
0.265544
0.292101
0.315853
0.337393
0.35712
0.375317
0.392201
0.407926
0.422627
0.436406
-0.465149
0.449339
-0.476505
0.461502
-0.487121
0.472952
-0.497066
0.483734
-0.506395
0.493902
-0.515159
0.503483
-0.523399
0.512509
-0.531146
0.521016
-0.538436
0.529019
-0.545289
0.536546
-0.551731
0.543613
-0.55778
0.550236
-0.563453
0.556432
-0.568765
0.562218
-0.573731
0.5676
-0.578358
0.572592
-0.582658
0.577202
-0.586639
0.581439
-0.590308
0.585316
-0.593672
0.588831
-0.596735
0.591993
-0.5995
0.594812
-0.601972
0.597287
-0.604154
0.599425
-0.606045
0.601229
-0.607648
0.602699
-0.608962
0.60384
-0.609986
0.604657
-0.610722
0.605144
-0.611165
0.605307
-0.611314
0.605144
-0.611163
0.604657
-0.610712
0.60384
-0.609954
0.602699
-0.608885
0.601229
-0.607498
0.599425
-0.605786
0.597287
-0.60374
0.594812
-0.601354
0.591993
-0.598615
0.588831
-0.595516
0.585316
-0.592042
0.581439
-0.588179
0.577202
-0.583917
0.572592
-0.579235
0.5676
-0.574118
0.562218
-0.568546
0.556432
-0.562494
0.550236
-0.555941
0.543613
-0.548858
0.536546
-0.541216
0.529019
-0.532979
0.521016
-0.524111
0.512509
-0.514565
0.503483
-0.504297
0.493902
-0.493246
0.483734
-0.481349
0.472952
-0.468532
0.461502
-0.454705
0.449339
-0.439767
0.436406
-0.423595
0.422627
0.407926
0.392201
0.375317
0.35712
0.337393
0.315853
0.292101
0.265544
0.235256
0.199524
0.154631
0.0874661
0.0479215
0.134794
0.183511
0.220954
0.252185
0.279307
0.303411
0.325168
0.345019
0.36328
0.38018
0.395886
0.410527
0.424232
0.437067
-0.454154
0.449121
-0.465073
0.460448
-0.475275
0.471097
-0.484822
0.481112
-0.493766
0.490537
-0.502154
0.499399
-0.510023
0.507731
-0.517405
0.515551
-0.524327
0.522889
-0.530815
0.529758
-0.536888
0.536182
-0.542567
0.54217
-0.547865
0.54774
-0.552797
0.552901
-0.557374
0.557664
-0.561607
0.562046
-0.565506
0.566043
-0.569075
0.569669
-0.572321
0.572936
-0.575252
0.575837
-0.577868
0.578392
-0.580176
0.580596
-0.582176
0.582455
-0.58387
0.583969
-0.585258
0.585145
-0.586341
0.585985
-0.587117
0.586489
-0.587585
0.586655
-0.58774
0.586489
-0.587583
0.585985
-0.587107
0.585145
-0.586307
0.583969
-0.58518
0.582455
-0.583717
0.580596
-0.58191
0.578392
-0.579752
0.575837
-0.577233
0.572936
-0.574344
0.569669
-0.57107
0.566043
-0.5674
0.562046
-0.56332
0.557664
-0.55881
0.552901
-0.553857
0.54774
-0.548438
0.54217
-0.542531
0.536182
-0.536112
0.529758
-0.529152
0.522889
-0.521622
0.515551
-0.513484
0.507731
-0.504703
0.499399
-0.49523
0.490537
-0.485017
0.481112
-0.474003
0.471097
-0.462126
0.460448
-0.449302
0.449121
-0.435442
0.437067
-0.420438
0.424232
0.410527
0.395886
0.38018
0.36328
0.345019
0.325168
0.303411
0.279307
0.252185
0.220954
0.183511
0.134794
0.0479215
0.108006
0.163661
0.203791
0.236477
0.264457
0.289122
0.311241
0.331338
0.349745
0.366724
0.382461
0.3971
0.410771
0.423546
0.435509
0.446733
-0.451532
0.457265
-0.461337
0.467153
-0.470498
0.476435
-0.479065
0.485144
-0.487078
0.49331
-0.494573
0.500957
-0.501581
0.508115
-0.508129
0.514794
-0.514237
0.521016
-0.519928
0.526797
-0.525214
0.532156
-0.530117
0.537093
-0.534642
0.541629
-0.538805
0.545768
-0.542612
0.549526
-0.546074
0.552901
-0.549193
0.555905
-0.551977
0.558546
-0.554431
0.560823
-0.556556
0.562739
-0.558353
0.564307
-0.559828
0.565522
-0.560976
0.566389
-0.561799
0.566906
-0.562294
0.567082
-0.562461
0.566906
-0.562293
0.566389
-0.561789
0.565522
-0.560942
0.564307
-0.559747
0.562739
-0.558196
0.560823
-0.556283
0.558546
-0.553996
0.555905
-0.551325
0.552901
-0.548259
0.549526
-0.544787
0.545768
-0.540889
0.541629
-0.536555
0.537093
-0.531763
0.532156
-0.526494
0.526797
-0.520722
0.521016
-0.514428
0.514794
-0.507578
0.508115
-0.500143
0.500957
-0.492084
0.49331
-0.483365
0.485144
-0.473936
0.476435
-0.463745
0.467153
-0.452731
0.457265
-0.440824
0.446733
-0.427943
0.435509
0.423546
0.410771
0.3971
0.382461
0.366724
0.349745
0.331338
0.311241
0.289122
0.264457
0.236477
0.203791
0.163661
0.108006
0.0663481
0.138307
0.182985
0.217886
0.247192
0.272696
0.295369
0.315853
0.334523
0.351669
0.367516
0.382205
0.395886
0.408638
0.420558
0.43171
0.44215
-0.435684
0.451925
-0.445104
0.46108
-0.453885
0.469651
-0.462074
0.47766
-0.469707
0.485144
-0.476821
0.492121
-0.483443
0.498617
-0.489599
0.504643
-0.495309
0.510223
-0.500593
0.515364
-0.505465
0.520078
-0.509938
0.52438
-0.514025
0.528281
-0.517735
0.531789
-0.521078
0.534902
-0.524057
0.53764
-0.52668
0.539997
-0.52895
0.54199
-0.53087
0.543613
-0.532443
0.544874
-0.533668
0.545768
-0.534545
0.546308
-0.535073
0.546485
-0.53525
0.546308
-0.535072
0.545768
-0.534534
0.544874
-0.533633
0.543613
-0.53236
0.54199
-0.530708
0.539997
-0.528668
0.53764
-0.526231
0.534902
-0.523384
0.531789
-0.520116
0.528281
-0.516409
0.52438
-0.512249
0.520078
-0.507617
0.515364
-0.502493
0.510223
-0.496852
0.504643
-0.490668
0.498617
-0.483914
0.492121
-0.476555
0.485144
-0.468554
0.47766
-0.459869
0.469651
-0.450451
0.46108
-0.440243
0.451925
-0.429183
0.44215
-0.417197
0.43171
0.420558
0.408638
0.395886
0.382205
0.367516
0.351669
0.334523
0.315853
0.295369
0.272696
0.247192
0.217886
0.182985
0.138307
0.0663481
0.10347
0.157073
0.195644
0.226949
0.25371
0.277231
0.298294
0.317377
0.334808
0.350848
0.365664
0.379417
0.392201
0.404111
0.415222
0.425599
0.435292
0.44434
-0.426307
0.452782
-0.434709
0.460654
-0.442513
0.467985
-0.44976
0.4748
-0.456479
0.481112
-0.462697
0.486947
-0.468438
0.492324
-0.473723
0.497246
-0.478566
0.501735
-0.482986
0.505804
-0.486993
0.509457
-0.490597
0.512703
-0.493807
0.515551
-0.49663
0.518007
-0.499071
0.520078
-0.501135
0.521765
-0.502822
0.523074
-0.504137
0.524006
-0.505078
0.524567
-0.505644
0.524755
-0.505834
0.524567
-0.505643
0.524006
-0.505067
0.523074
-0.504101
0.521765
-0.502737
0.520078
-0.500967
0.518007
-0.49878
0.515551
-0.496166
0.512703
-0.493112
0.509457
-0.489603
0.505804
-0.485622
0.501735
-0.481149
0.497246
-0.476166
0.492324
-0.470647
0.486947
-0.464564
0.481112
-0.457888
0.4748
-0.450585
0.467985
-0.442612
0.460654
-0.433928
0.452782
-0.424481
0.44434
-0.414212
0.435292
0.425599
0.415222
0.404111
0.392201
0.379417
0.365664
0.350848
0.334808
0.317377
0.298294
0.277231
0.25371
0.226949
0.195644
0.157073
0.10347
0.0391602
0.122915
0.168254
0.202857
0.231551
0.256344
0.278277
0.297972
0.315853
0.332206
0.347253
0.361151
0.374029
0.385986
0.3971
0.407454
0.417087
0.426056
0.434393
0.44215
-0.412628
0.449339
-0.420039
0.455992
-0.426879
0.462132
-0.433179
0.467779
-0.438964
0.472952
-0.444259
0.47766
-0.449079
0.48192
-0.453441
0.485747
-0.457361
0.489144
-0.460847
0.492121
-0.463908
0.494689
-0.466554
0.496853
-0.468788
0.498617
-0.470615
0.499986
-0.472037
0.500957
-0.473053
0.501546
-0.473666
0.501735
-0.473869
0.501546
-0.473665
0.500957
-0.473042
0.499986
-0.471999
0.498617
-0.470526
0.496853
-0.468614
0.494689
-0.466253
0.492121
-0.463428
0.489144
-0.460127
0.485747
-0.456331
0.48192
-0.45202
0.47766
-0.447174
0.472952
-0.441768
0.467779
-0.435771
0.462132
-0.429155
0.455992
-0.42188
0.449339
-0.413906
0.44215
-0.405184
0.434393
0.426056
0.417087
0.407454
0.3971
0.385986
0.374029
0.361151
0.347253
0.332206
0.315853
0.297972
0.278277
0.256344
0.231551
0.202857
0.168254
0.122915
0.0391602
0.0691769
0.132626
0.173316
0.205208
0.231963
0.255211
0.275844
0.2944
0.31124
0.326648
0.3408
0.353858
0.365931
0.377113
0.387483
0.3971
0.406024
0.414288
0.421938
0.429003
0.435509
0.441491
-0.400598
0.446952
-0.406445
0.451925
-0.411759
0.456416
-0.416559
0.460448
-0.420864
0.464022
-0.424686
0.467153
-0.428038
0.469853
-0.430932
0.472124
-0.433372
0.47398
-0.435368
0.475413
-0.436917
0.476435
-0.438026
0.477053
-0.438694
0.477251
-0.438915
0.477053
-0.438692
0.476435
-0.438014
0.475413
-0.436879
0.47398
-0.435276
0.472124
-0.433192
0.469853
-0.430619
0.467153
-0.42754
0.464022
-0.423938
0.460448
-0.419793
0.456416
-0.415081
0.451925
-0.409778
0.446952
-0.403851
0.441491
-0.39727
0.435509
0.429003
0.421938
0.414288
0.406024
0.3971
0.387483
0.377113
0.365931
0.353858
0.3408
0.326648
0.31124
0.2944
0.275844
0.255211
0.231963
0.205208
0.173316
0.132626
0.0691769
0.0782232
0.134794
0.172761
0.202857
0.228212
0.250279
0.26985
0.287457
0.303411
0.317976
0.331338
0.343618
0.35495
0.365402
0.375057
0.383972
0.392201
0.399775
0.40674
0.413117
0.418938
0.424232
0.429003
0.433279
0.437067
-0.384671
0.440388
-0.388387
0.443246
-0.391589
0.445646
-0.394284
0.447603
-0.396485
0.449121
-0.398195
0.450201
-0.399416
0.450847
-0.400149
0.451064
-0.400395
0.450847
-0.400148
0.450201
-0.399404
0.449121
-0.398154
0.447603
-0.396389
0.445646
-0.394096
0.443246
-0.391263
0.440388
-0.387867
0.437067
-0.383891
0.433279
0.429003
0.424232
0.418938
0.413117
0.40674
0.399775
0.392201
0.383972
0.375057
0.365402
0.35495
0.343618
0.331338
0.317976
0.303411
0.287457
0.26985
0.250279
0.228212
0.202857
0.172761
0.134794
0.0782232
0.0744881
0.129725
0.166533
0.195644
0.220084
0.241292
0.260067
0.276886
0.292101
0.30594
0.318583
0.330168
0.3408
0.350573
0.35954
0.367772
0.375317
0.382205
0.388485
0.394169
0.399286
0.403872
0.407926
0.411478
0.414526
0.417087
0.419172
0.420787
0.421938
0.422627
0.422854
0.422627
0.421938
0.420787
0.419172
0.417087
0.414526
0.411478
0.407926
0.403872
0.399286
0.394169
0.388485
0.382205
0.375317
0.367772
0.35954
0.350573
0.3408
0.330168
0.318583
0.30594
0.292101
0.276886
0.260067
0.241292
0.220084
0.195644
0.166533
0.129725
0.0744881
0.0552956
0.116534
0.154006
0.182985
0.207068
0.2278
0.246017
0.262279
0.276886
0.290117
0.302144
0.313095
0.323087
0.332206
0.340524
0.348086
0.35495
0.361151
0.366724
0.371693
0.376085
0.379928
0.38322
0.385986
0.388232
0.389973
0.391212
0.391952
0.392201
0.391952
0.391212
0.389973
0.388232
0.385986
0.38322
0.379928
0.376085
0.371693
0.366724
0.361151
0.35495
0.348086
0.340524
0.332206
0.323087
0.313095
0.302144
0.290117
0.276886
0.262279
0.246017
0.2278
0.207068
0.182985
0.154006
0.116534
0.0552956
0.0917445
0.133364
0.163661
0.18815
0.208911
0.226949
0.24288
0.257091
0.26985
0.281368
0.291766
0.301184
0.309695
0.317377
0.32428
0.330459
0.335955
0.3408
0.345019
0.348637
0.351669
0.354131
0.356037
0.357389
0.358199
0.358465
0.358199
0.357389
0.356037
0.354131
0.351669
0.348637
0.345019
0.3408
0.335955
0.330459
0.32428
0.317377
0.309695
0.301184
0.291766
0.281368
0.26985
0.257091
0.24288
0.226949
0.208911
0.18815
0.163661
0.133364
0.0917445
0.036567
0.0997241
0.134794
0.161301
0.182985
0.201437
0.217456
0.231551
0.24407
0.255211
0.26519
0.274093
0.282052
0.289122
0.295369
0.300864
0.305625
0.309695
0.313095
0.315853
0.317976
0.319487
0.320395
0.320694
0.320395
0.319487
0.317976
0.315853
0.313095
0.309695
0.305625
0.300864
0.295369
0.289122
0.282052
0.274093
0.26519
0.255211
0.24407
0.231551
0.217456
0.201437
0.182985
0.161301
0.134794
0.0997241
0.036567
0.0138804
0.0874661
0.121346
0.146348
0.166533
0.183511
0.198068
0.210739
0.22182
0.231551
0.2401
0.247581
0.25409
0.259699
0.264457
0.268431
0.271632
0.274093
0.275844
0.276886
0.277231
0.276886
0.275844
0.274093
0.271632
0.268431
0.264457
0.259699
0.25409
0.247581
0.2401
0.231551
0.22182
0.210739
0.198068
0.183511
0.166533
0.146348
0.121346
0.0874661
0.0138804
0.0391602
0.0863691
0.114044
0.134794
0.151497
0.165394
0.177133
0.187129
0.195644
0.202857
0.208911
0.2139
0.217886
0.220954
0.223114
0.224401
0.224826
0.224401
0.223114
0.220954
0.217886
0.2139
0.208911
0.202857
0.195644
0.187129
0.177133
0.165394
0.151497
0.134794
0.114044
0.0863691
0.0391602
0.027725
0.0691769
0.0917445
0.108006
0.120572
0.130465
0.138307
0.144386
0.148945
0.152131
0.154006
0.154631
0.154006
0.152131
0.148945
0.144386
0.138307
0.130465
0.120572
0.108006
0.0917445
0.0691769
0.027725
===============================================================================
test cases: 1 | 1 passed
assertions: - none -

<end of output>
Test time =   1.32 sec
----------------------------------------------------------
Test Passed.
"tests" end time: Aug 30 14:55 CEST
"tests" time elapsed: 00:00:01
----------------------------------------------------------

End testing: Aug 30 14:55 CEST
