Start testing: Aug 28 20:49 CEST
----------------------------------------------------------
1/1 Testing: tests
1/1 Test: tests
Command: "/home/hans/Desktop/Raytracer/build/build/Release/tests"
Directory: /home/hans/Desktop/Raytracer/build
"tests" start time: Aug 28 20:49 CEST
Output:
----------------------------------------------------------
red added
green added
blue added
white added
s1 added
eye added
spot1 added
ambi added
0.11514
0.09825
0.0850474
0.0742645
0.0652688
0.0577174
0.0513933
0.0462139
0.0422533
0.246623
0.189612
0.159056
0.13572
0.116801
0.101052
0.0877381
0.0763801
0.0666254
0.0582122
0.0509271
0.0446174
0.0391326
0.0343742
0.0302391
0.0266539
0.0235525
0.0208832
0.0186045
0.0166936
0.0151558
0.0140856
0.0147083
0.262696
0.216536
0.183105
0.156598
0.134804
0.116529
0.10101
0.0877393
0.0763178
0.0664507
0.0579006
0.0504743
0.0440133
0.0383909
0.0334915
0.0292202
0.0254973
0.0222558
0.0194328
0.0169771
0.0148447
0.0129968
0.0114
0.0100276
0.00885527
0.007868
0.00705927
0.00644334
0.00611359
0.323685
0.263738
0.221845
0.189068
0.162301
0.139975
0.121084
0.104976
0.0911391
0.0792039
0.068864
0.0599052
0.05211
0.0453304
0.0394225
0.0342735
0.0297869
0.0258724
0.0224643
0.0194927
0.0169071
0.0146578
0.0127026
0.0110068
0.00953569
0.00826494
0.00716691
0.00622198
0.00541165
0.00472143
0.00413789
0.00365288
0.00326271
0.002978
0.00286544
0.33694
0.278579
0.235322
0.200897
0.172582
0.148851
0.128748
0.111556
0.0967855
0.0840341
0.0730028
0.0634196
0.055095
0.0478502
0.0415385
0.0360405
0.0312488
0.0270753
0.0234375
0.020271
0.0175143
0.0151182
0.0130355
0.0112292
0.00966353
0.0083087
0.00713742
0.00612687
0.00525722
0.00450913
0.00386854
0.00332103
0.0028552
0.00246046
0.00212912
0.00185423
0.00163205
0.00146362
0.0013646
0.477305
0.364763
0.301845
0.254896
0.217489
0.186699
0.160916
0.139073
0.120421
0.10439
0.0905621
0.0786029
0.0682252
0.0592077
0.0513668
0.044538
0.0385952
0.0334159
0.0289061
0.0249782
0.0215601
0.0185864
0.0160042
0.0137601
0.0118155
0.0101305
0.00867315
0.00741403
0.00632853
0.00539359
0.00459084
0.00390211
0.003313
0.00281001
0.00238156
0.00201807
0.00171056
0.00145132
0.00123418
0.00105367
0.000905508
0.000786678
0.000696959
0.000642613
0.000692671
0.405348
0.333363
0.280626
0.238858
0.204718
0.176202
0.152106
0.131571
0.113947
0.0987706
0.0856484
0.0742859
0.0644188
0.0558438
0.0483786
0.0418857
0.0362329
0.0313104
0.0270278
0.0233012
0.0200617
0.0172476
0.0148059
0.0126891
0.0108566
0.00927221
0.0079047
0.00672598
0.00571199
0.00484102
0.00409488
0.00345663
0.00291208
0.00244885
0.00205527
0.0017221
0.00144072
0.00120408
0.00100554
0.000839745
0.000701801
0.00058783
0.00049446
0.000418933
0.000359609
0.000315833
0.000291636
0.462496
0.374732
0.313346
0.265692
0.227066
0.195034
0.168087
0.145197
0.125605
0.10878
0.0942537
0.0816793
0.0707836
0.06132
0.0530914
0.0459392
0.0397151
0.034297
0.0295858
0.0254895
0.0219285
0.0188377
0.0161559
0.013832
0.0118199
0.0100817
0.00858164
0.00728972
0.00617826
0.00522428
0.00440705
0.00370883
0.00311324
0.00260665
0.00217701
0.00181329
0.00150638
0.00124838
0.00103196
0.000851081
0.000700541
0.000575615
0.000472382
0.000387585
0.000318207
0.000261885
0.000216607
0.000180801
0.000153407
0.000134349
0.000126854
0.551137
0.429579
0.355011
0.299106
0.254593
0.218025
0.187501
0.161684
0.13968
0.120819
0.104586
0.090567
0.0784282
0.0679019
0.0587621
0.0508178
0.0439111
0.037909
0.032688
0.0281503
0.0242098
0.0207882
0.0178195
0.015249
0.0130247
0.0111023
0.0094435
0.0080145
0.00678596
0.00573157
0.00482851
0.00405676
0.00339889
0.00283974
0.00236533
0.00196402
0.00162573
0.00134134
0.00110297
0.000904024
0.000738478
0.000601227
0.000487912
0.000394754
0.000318487
0.000256362
0.000206014
0.000165439
0.000132951
0.00010715
8.69416e-05
7.14173e-05
6.00803e-05
5.31114e-05
5.48737e-05
0.506758
0.409146
0.34117
0.288597
0.246128
0.211014
0.181542
0.15657
0.135232
0.116928
0.101158
0.0875342
0.0757369
0.0655088
0.0566297
0.048919
0.0422187
0.0363969
0.0313379
0.0269463
0.0231338
0.0198295
0.016966
0.0144886
0.0123477
0.0105007
0.00890972
0.00754122
0.00636656
0.00536104
0.00450159
0.00376864
0.00314539
0.00261686
0.00216984
0.00179294
0.00147606
0.00121072
0.000989166
0.000804955
0.000652326
0.000526411
0.000422976
0.000338407
0.000269577
0.000213846
0.000168947
0.000132983
0.000104341
8.1685e-05
6.38724e-05
5.00008e-05
3.9308e-05
3.12016e-05
2.52452e-05
2.12389e-05
1.9661e-05
0.65162
0.483019
0.395233
0.33111
0.28069
0.239639
0.205533
0.176843
0.152465
0.131639
0.113753
0.0983423
0.0850327
0.0735073
0.063516
0.0548497
0.0473267
0.0407933
0.0351203
0.0301997
0.0259266
0.0222253
0.0190175
0.0162421
0.0138439
0.0117749
0.00999185
0.00845794
0.00714182
0.00601411
0.00504987
0.00422756
0.00352788
0.00293421
0.00243219
0.00200865
0.00165246
0.00135407
0.00110493
0.00089771
0.000725961
0.000584375
0.000468011
0.000372948
0.000295622
0.000233045
0.000182695
0.000142419
0.00011039
8.50791e-05
6.52216e-05
4.97501e-05
3.77843e-05
2.86087e-05
2.1631e-05
1.63867e-05
1.24993e-05
9.68688e-06
7.76373e-06
6.72031e-06
8.14306e-06
0.601152
0.468205
0.385652
0.323866
0.274816
0.234708
0.201298
0.173146
0.149221
0.128756
0.111187
0.0960533
0.0829729
0.0716624
0.0618621
0.053363
0.0459921
0.0395955
0.0340475
0.0292351
0.0250653
0.0214526
0.0183272
0.0156264
0.0132957
0.011287
0.00955889
0.00807464
0.00680233
0.00571424
0.00478617
0.00399562
0.00332486
0.00275662
0.00227722
0.00187389
0.00153564
0.00125299
0.00101776
0.000822736
0.000661766
0.000529503
0.000421346
0.000333319
0.0002621
0.000204784
0.000158951
0.000122522
9.37719e-05
7.12368e-05
5.37078e-05
4.01875e-05
2.98376e-05
2.19901e-05
1.60959e-05
1.17107e-05
8.4845e-06
6.13966e-06
4.45967e-06
3.28157e-06
2.48875e-06
2.02423e-06
2.0567e-06
0.580204
0.458945
0.379246
0.318813
0.270607
0.231081
0.198122
0.17031
0.146683
0.126482
0.109139
0.0942011
0.0813031
0.0701481
0.0604916
0.0521271
0.0448767
0.0385895
0.0331411
0.0284192
0.0243314
0.0207956
0.0177397
0.0151009
0.0128273
0.0108697
0.00918802
0.00774643
0.00651239
0.00545855
0.00456079
0.00379812
0.00315176
0.00260585
0.002146
0.00176005
0.00143722
0.0011682
0.0009449
0.000760431
0.000608687
0.000484417
0.000383229
0.000301236
0.000235195
0.00018234
0.00014031
0.00010711
8.10884e-05
6.0848e-05
4.52395e-05
3.33125e-05
2.42839e-05
1.75176e-05
1.25013e-05
8.82553e-06
6.1649e-06
4.26372e-06
2.92438e-06
1.99416e-06
1.35917e-06
9.34759e-07
6.60966e-07
5.00656e-07
4.65662e-07
0.570215
0.453844
0.375375
0.315613
0.26781
0.228567
0.195829
0.168235
0.144769
0.124731
0.107528
0.0927282
0.0799604
0.0689217
0.0593728
0.0511082
0.04395
0.0377475
0.0323795
0.0277332
0.0237112
0.0202379
0.0172388
0.0146529
0.0124266
0.0105128
0.00887077
0.00746472
0.00626332
0.0052389
0.00436769
0.00362889
0.00300373
0.00247694
0.00203394
0.00166315
0.0013536
0.00109638
0.000883497
0.000708075
0.00056424
0.000446896
0.000351675
0.000274846
0.000213242
0.000164166
0.000125343
9.48762e-05
7.11367e-05
5.28081e-05
3.87918e-05
2.81723e-05
2.02143e-05
1.43199e-05
1.0007e-05
6.89215e-06
4.67545e-06
3.12228e-06
2.05141e-06
1.32654e-06
8.44712e-07
5.31116e-07
3.31376e-07
2.07293e-07
1.32814e-07
9.15356e-08
7.87061e-08
0.567315
0.452069
0.373804
0.314053
0.266261
0.227053
0.194374
0.166823
0.143435
0.123466
0.10634
0.0916065
0.0789151
0.0679515
0.0584805
0.0502821
0.0431929
0.037056
0.0317467
0.0271576
0.0231913
0.0197668
0.0168143
0.0142714
0.0120845
0.0102071
0.0085992
0.00722343
0.00604954
0.00505015
0.00420162
0.00348301
0.00287666
0.00236615
0.00193794
0.0015801
0.00128217
0.00103508
0.000831225
0.000663694
0.000526731
0.000415341
0.000325272
0.000252857
0.000195058
0.000149224
0.000113147
8.49763e-05
6.31726e-05
4.6449e-05
3.37502e-05
2.42148e-05
1.71362e-05
1.19472e-05
8.19788e-06
5.52737e-06
3.65773e-06
2.3714e-06
1.50421e-06
9.31744e-07
5.62737e-07
3.30988e-07
1.89514e-07
1.05717e-07
5.77168e-08
3.11825e-08
1.71091e-08
1.01577e-08
7.94402e-09
0.570362
0.453382
0.374256
0.313981
0.265876
0.226466
0.193655
0.166029
0.142608
0.122623
0.105513
0.0907975
0.0781397
0.0672182
0.0577827
0.0496326
0.0425856
0.0364936
0.0312309
0.0266829
0.0227581
0.0193729
0.0164568
0.0139483
0.0117946
0.0099473
0.00836657
0.00701658
0.00586585
0.00488801
0.00405889
0.00335784
0.00276705
0.00227074
0.00185519
0.00150868
0.00122076
0.000982628
0.000786513
0.000625801
0.000494795
0.000388566
0.000302945
0.000234393
0.000179855
0.000136793
0.000103063
7.68555e-05
5.66903e-05
4.13222e-05
2.97346e-05
2.10989e-05
1.47462e-05
1.01357e-05
6.84202e-06
4.52744e-06
2.93062e-06
1.8517e-06
1.13882e-06
6.79699e-07
3.9249e-07
2.18312e-07
1.16507e-07
5.93709e-08
2.87658e-08
1.32011e-08
5.73754e-09
2.3816e-09
9.74658e-10
4.32509e-10
2.88958e-10
0.579389
0.45768
0.376673
0.315366
0.266601
0.22675
0.19364
0.165822
0.14226
0.122194
0.105018
0.0902878
0.0776133
0.0666891
0.0572724
0.0491406
0.0421181
0.0360526
0.0308157
0.026299
0.0224032
0.0190476
0.01616
0.0136789
0.0115506
0.00972722
0.00816896
0.00684002
0.0057089
0.00474875
0.00393602
0.00324991
0.00267264
0.00218859
0.00178401
0.00144717
0.00116787
0.000937459
0.000748112
0.000593315
0.000467437
0.000365696
0.00028396
0.000218716
0.000167016
0.000126356
9.46377e-05
7.01217e-05
5.13535e-05
3.71319e-05
2.6481e-05
1.86028e-05
1.28541e-05
8.72226e-06
5.80083e-06
3.77353e-06
2.3947e-06
1.47809e-06
8.84279e-07
5.10579e-07
2.83176e-07
1.49899e-07
7.51684e-08
3.53873e-08
1.54532e-08
6.16926e-09
2.20972e-09
6.93703e-10
1.85595e-10
4.11851e-11
7.5893e-12
1.34894e-12
5.61921e-13
0.595227
0.465032
0.38109
0.318175
0.268404
0.227894
0.194326
0.166184
0.142382
0.122149
0.104862
0.0900493
0.0773275
0.0663693
0.0569324
0.0487947
0.0417773
0.0357223
0.0304986
0.0259984
0.0221219
0.018785
0.0159173
0.0134563
0.0113465
0.00954229
0.00800211
0.00669011
0.00557512
0.00463011
0.00383091
0.00315731
0.00259154
0.00211773
0.0017225
0.00139403
0.00112233
0.000898451
0.000714979
0.000565308
0.000443955
0.000346103
0.00026772
0.000205348
0.000156102
0.000117516
8.75374e-05
6.44719e-05
4.69019e-05
3.36649e-05
2.38119e-05
1.65747e-05
1.13335e-05
7.59963e-06
4.98629e-06
3.1929e-06
1.98945e-06
1.20206e-06
7.01137e-07
3.92726e-07
2.09897e-07
1.0616e-07
5.02854e-08
2.19931e-08
8.72147e-09
3.05539e-09
9.1061e-10
2.18024e-10
3.81027e-11
4.08121e-12
1.82688e-13
1.06233e-15
3.93441e-26
1.17181e-16
9.30252e-16
0.620741
0.475884
0.3876
0.322462
0.271321
0.229896
0.195678
0.167081
0.142961
0.12248
0.105017
0.0900762
0.0772592
0.0662417
0.0567581
0.0485922
0.0415556
0.0354941
0.0302709
0.0257745
0.0219048
0.0185789
0.0157236
0.0132759
0.0111808
0.00939058
0.00786417
0.00656525
0.00546285
0.00452947
0.00374155
0.00307828
0.00252205
0.00205693
0.0016696
0.00134836
0.00108304
0.000864864
0.000686409
0.000541204
0.000423731
0.000329243
0.000253765
0.000193901
0.00014678
0.000109985
8.15218e-05
5.97085e-05
4.31706e-05
3.07749e-05
2.16017e-05
1.49064e-05
1.00946e-05
6.69454e-06
4.33729e-06
2.73737e-06
1.67715e-06
9.93418e-07
5.65941e-07
3.08182e-07
1.59121e-07
7.71152e-08
3.46037e-08
1.41169e-08
5.10151e-09
1.57196e-09
3.8913e-10
6.99254e-11
7.50606e-12
3.03987e-13
8.90454e-16
6.25519e-20
1.2011e-14
6.43445e-13
6.24108e-12
2.39318e-11
2.8223e-11
0.665122
0.490923
0.396469
0.32832
0.275385
0.232759
0.197732
0.168534
0.143986
0.123184
0.10548
0.0903624
0.0774093
0.0662948
0.0567422
0.0485228
0.0414509
0.0353647
0.0301275
0.0256232
0.0217524
0.018428
0.0155772
0.0131362
0.0110491
0.00926829
0.00775144
0.0064619
0.00536934
0.00444517
0.00366612
0.00301152
0.00246288
0.00200502
0.00162434
0.00130907
0.00104918
0.000835914
0.000661781
0.000520403
0.000406265
0.000314714
0.000241762
0.000184059
0.00013878
0.000103547
7.63873e-05
5.56615e-05
4.00114e-05
2.83419e-05
1.97534e-05
1.35219e-05
9.07539e-06
5.95718e-06
3.81442e-06
2.37499e-06
1.43234e-06
8.32809e-07
4.64124e-07
2.46093e-07
1.22999e-07
5.72393e-08
2.43924e-08
9.30088e-09
3.06794e-09
8.30894e-10
1.69444e-10
2.21551e-11
1.30032e-12
1.13546e-14
7.34933e-24
4.7202e-15
6.61543e-13
1.06965e-11
7.14282e-11
2.87062e-10
7.98176e-10
1.53947e-09
1.23329e-09
0.511429
0.408058
0.33595
0.280677
0.236579
0.200504
0.170579
0.145474
0.124267
0.106266
0.0909109
0.0777816
0.0665307
0.0568781
0.0485832
0.0414581
0.0353307
0.0300651
0.0255419
0.0216582
0.0183274
0.0154746
0.0130344
0.0109503
0.00917345
0.00766235
0.00637944
0.00529321
0.00437592
0.00360373
0.0029554
0.00241309
0.00196111
0.00158583
0.00127556
0.00102019
0.000811058
0.00064058
0.000502471
0.000391229
0.000302179
0.000231408
0.000175592
0.000131903
9.80227e-05
7.19938e-05
5.22041e-05
3.73275e-05
2.62841e-05
1.81977e-05
1.23646e-05
8.22858e-06
5.34994e-06
3.38835e-06
2.083e-06
1.23784e-06
7.07275e-07
3.86033e-07
1.9961e-07
9.67329e-08
4.33051e-08
1.75571e-08
6.26706e-09
1.88766e-09
4.48019e-10
7.43286e-11
6.75259e-12
1.78723e-13
7.19158e-17
8.81217e-17
1.68227e-13
5.55981e-12
5.42339e-11
2.88898e-10
1.06282e-09
3.01886e-09
6.98154e-09
1.33182e-08
1.97296e-08
0.540118
0.42302
0.345558
0.287372
0.241394
0.20404
0.173207
0.147441
0.125739
0.107356
0.0917115
0.0783683
0.066948
0.0571655
0.0487741
0.0415714
0.0353871
0.0300811
0.0255262
0.021621
0.0182756
0.0154136
0.0129678
0.0108814
0.00910448
0.00759518
0.00631532
0.00523321
0.00432035
0.0035528
0.00290922
0.0023718
0.00192434
0.00155334
0.00124723
0.000995588
0.000789826
0.000622467
0.000487107
0.0003783
0.000291414
0.000222508
0.000168294
0.00012599
9.32755e-05
6.8225e-05
4.92473e-05
3.50348e-05
2.45334e-05
1.68802e-05
1.13894e-05
7.52021e-06
4.84557e-06
3.03746e-06
1.84521e-06
1.08137e-06
6.07785e-07
3.25304e-07
1.64242e-07
7.72795e-08
3.33281e-08
1.28749e-08
4.30705e-09
1.18437e-09
2.45334e-10
3.25588e-11
1.92841e-12
1.64349e-14
6.74886e-25
9.53663e-15
1.32855e-12
2.26527e-11
1.65127e-10
7.55106e-10
2.56287e-09
7.04735e-09
1.64946e-08
3.37834e-08
6.11728e-08
9.66202e-08
1.21511e-07
0.584439
0.442455
0.357635
0.295638
0.247321
0.208419
0.176483
0.149906
0.127614
0.108776
0.0927897
0.0791784
0.0675512
0.0576084
0.0490934
0.0417949
0.0355375
0.030173
0.025577
0.0216396
0.0182707
0.0153922
0.0129354
0.0108413
0.00906073
0.00754939
0.00626977
0.0051887
0.00427787
0.00351293
0.00287255
0.0023382
0.00189417
0.00152658
0.00122346
0.000974843
0.000771884
0.000607054
0.000473989
0.00036723
0.000282165
0.000214859
0.000162024
0.0001209
8.9193e-05
6.49868e-05
4.67107e-05
3.30759e-05
2.30397e-05
1.5761e-05
1.05651e-05
6.9241e-06
4.42427e-06
2.74666e-06
1.65004e-06
9.54413e-07
5.28181e-07
2.77453e-07
1.3694e-07
6.26378e-08
2.60639e-08
9.60577e-09
3.01404e-09
7.56201e-10
1.36037e-10
1.4147e-11
5.0041e-13
7.09456e-16
9.7392e-18
1.16532e-13
5.4573e-12
6.31455e-11
3.79387e-10
1.55327e-09
4.93546e-09
1.30784e-08
3.0173e-08
6.22756e-08
1.16885e-07
2.01067e-07
3.16112e-07
4.42681e-07
4.76568e-07
0.468271
0.372701
0.305758
0.254532
0.213728
0.180459
0.152927
0.129916
0.110549
0.0941474
0.0802152
0.0683454
0.0582081
0.0495429
0.0421247
0.0357768
0.0303425
0.0256919
0.0217125
0.0183126
0.0154104
0.0129355
0.0108294
0.00904069
0.00752386
0.00624069
0.00515824
0.00424746
0.00348327
0.00284445
0.00231207
0.00187016
0.0015048
0.00120407
0.000957726
0.000756883
0.000594085
0.00046292
0.00035784
0.000274291
0.000208319
0.000156657
0.00011654
8.56914e-05
6.2207e-05
4.45362e-05
3.13965e-05
2.17639e-05
1.48068e-05
9.86495e-06
6.4207e-06
4.07023e-06
2.50399e-06
1.48848e-06
8.50344e-07
4.6376e-07
2.39357e-07
1.1561e-07
5.14744e-08
2.06885e-08
7.28293e-09
2.14532e-09
4.90744e-10
7.6203e-11
6.06031e-12
1.13256e-13
4.91243e-18
1.15925e-15
6.13333e-13
1.56085e-11
1.3961e-10
7.29808e-10
2.7466e-09
8.27182e-09
2.11874e-08
4.7944e-08
9.82535e-08
1.85426e-07
3.2576e-07
5.35911e-07
8.25806e-07
1.18075e-06
1.50686e-06
0.504925
0.391844
0.318169
0.263244
0.220073
0.185207
0.156544
0.132689
0.112683
0.0957945
0.0814929
0.0693319
0.0589686
0.0501233
0.0425697
0.036111
0.0305903
0.0258718
0.0218408
0.0184
0.0154665
0.0129691
0.0108453
0.00904333
0.00751738
0.00622825
0.00514185
0.00422862
0.00346344
0.00282452
0.00229279
0.00185188
0.00148784
0.00118862
0.000943885
0.000744654
0.000583406
0.000453676
0.000349976
0.000267637
0.000202771
0.000152086
0.000112815
8.26975e-05
5.98294e-05
4.26723e-05
2.99616e-05
2.06735e-05
1.39926e-05
9.26932e-06
5.99395e-06
3.77142e-06
2.30048e-06
1.35405e-06
7.64616e-07
4.11242e-07
2.08727e-07
9.87651e-08
4.2852e-08
1.66573e-08
5.60821e-09
1.55197e-09
3.23401e-10
4.30846e-11
2.54539e-12
2.10306e-14
2.85396e-26
1.52628e-14
2.06652e-12
3.55241e-11
2.6422e-10
1.24317e-09
4.37739e-09
1.26136e-08
3.13634e-08
6.96091e-08
1.41082e-07
2.653e-07
4.6803e-07
7.80521e-07
1.23608e-06
1.86112e-06
2.65429e-06
3.53124e-06
4.11765e-06
0.568241
0.416806
0.333453
0.273737
0.227673
0.190857
0.160816
0.135965
0.115219
0.0977688
0.0830308
0.0705262
0.0599013
0.050845
0.0431285
0.0365401
0.0309163
0.0261171
0.0220233
0.0185332
0.0155611
0.0130338
0.0108878
0.00906889
0.00753026
0.00623173
0.00513847
0.00422099
0.00345302
0.0028124
0.00227992
0.00183904
0.00147537
0.00117689
0.000933108
0.000734924
0.000574786
0.000446117
0.00034346
0.000262108
0.000198128
0.000148226
0.000109666
8.01491e-05
5.7805e-05
4.10825e-05
2.87338e-05
1.97419e-05
1.3298e-05
8.76157e-06
5.63139e-06
3.51877e-06
2.12927e-06
1.24155e-06
6.93446e-07
3.68149e-07
1.83918e-07
8.53367e-08
3.61208e-08
1.35971e-08
4.3834e-09
1.14066e-09
2.16387e-10
2.45661e-11
1.04202e-12
2.8983e-15
8.54127e-19
8.52375e-14
5.29106e-12
6.91195e-11
4.47421e-10
1.93798e-09
6.46654e-09
1.79604e-08
4.35217e-08
9.4882e-08
1.90058e-07
3.55034e-07
6.25223e-07
1.04614e-06
1.67251e-06
2.56397e-06
3.77444e-06
5.32797e-06
7.16079e-06
8.95257e-06
9.10282e-06
0.45147
0.352739
0.286475
0.236693
0.197521
0.16584
0.139818
0.118189
0.100086
0.084839
0.0719428
0.0610092
0.051718
0.0438045
0.0370679
0.0313247
0.0264314
0.0222622
0.0187142
0.0156956
0.013132
0.0109577
0.00911714
0.0075622
0.0062509
0.00514861
0.00422449
0.0034518
0.00280785
0.00227344
0.0018313
0.0014672
0.00116878
0.000925236
0.000727578
0.000568086
0.000440161
0.000338227
0.00025759
0.000194291
0.000145022
0.000107026
7.8007e-05
5.60926e-05
3.97353e-05
2.76906e-05
1.89483e-05
1.27066e-05
8.33012e-06
5.32337e-06
3.30482e-06
1.98479e-06
1.14728e-06
6.34223e-07
3.32571e-07
1.6367e-07
7.45486e-08
3.0821e-08
1.12486e-08
3.47732e-09
8.51646e-10
1.47007e-10
1.41281e-11
4.13541e-13
2.45195e-16
1.03831e-16
3.01117e-13
1.12519e-11
1.19999e-10
6.97063e-10
2.82479e-09
9.01619e-09
2.42752e-08
5.7527e-08
1.23415e-07
2.44419e-07
4.53177e-07
7.94814e-07
1.32889e-06
2.13042e-06
3.28881e-06
4.90284e-06
7.06844e-06
9.85067e-06
1.32227e-05
1.69097e-05
1.98254e-05
0.508474
0.377813
0.302152
0.247529
0.205406
0.171741
0.144303
0.121658
0.102783
0.086947
0.0736
0.0623157
0.05274
0.0446107
0.0376982
0.0318179
0.0268161
0.0225604
0.0189426
0.01587
0.0132631
0.0110552
0.00918855
0.00761261
0.00628614
0.00517188
0.00423864
0.00345923
0.0028108
0.00227297
0.0018286
0.00146325
0.00116392
0.000920127
0.000722506
0.000563223
0.000435665
0.000334184
0.000254038
0.000191221
0.000142419
0.000104856
7.62287e-05
5.46591e-05
3.86029e-05
2.68102e-05
1.82778e-05
1.22061e-05
7.9642e-06
5.06246e-06
3.12382e-06
1.86291e-06
1.06804e-06
5.84723e-07
3.03085e-07
1.47073e-07
6.58182e-08
2.66091e-08
9.42836e-09
2.7985e-09
6.45891e-10
1.01442e-10
8.20048e-12
1.58029e-13
8.17654e-18
1.40795e-15
8.00484e-13
2.09394e-11
1.91104e-10
1.01791e-09
3.90553e-09
1.20107e-08
3.14935e-08
7.32017e-08
1.54809e-07
3.03382e-07
5.58301e-07
9.74423e-07
1.62507e-06
2.6048e-06
4.03063e-06
6.04097e-06
8.79007e-06
1.24341e-05
1.70995e-05
2.28181e-05
2.93737e-05
3.58611e-05
3.81917e-05
0.412876
0.32191
0.260703
0.214775
0.178673
0.149545
0.125689
0.105912
0.0893924
0.0755231
0.0638232
0.053935
0.0455519
0.0384424
0.0324026
0.027275
0.0229182
0.0192219
0.016085
0.0134281
0.0111807
0.0092824
0.0076823
0.00633705
0.00520816
0.00426352
0.00347591
0.00282094
0.00227858
0.00183089
0.00146327
0.00116247
0.000917697
0.00071955
0.00056012
0.00043257
0.000331263
0.000251356
0.000188849
0.00014036
0.000103109
7.47856e-05
5.34861e-05
3.76657e-05
2.60762e-05
1.7716e-05
1.17847e-05
7.65555e-06
4.84188e-06
2.97069e-06
1.76016e-06
1.00143e-06
5.43339e-07
2.78578e-07
1.33406e-07
5.87203e-08
2.32394e-08
8.0063e-09
2.28507e-09
4.97676e-10
7.1155e-11
4.8075e-12
5.7757e-14
2.25704e-20
8.05031e-15
1.75413e-12
3.52401e-11
2.84394e-10
1.41146e-09
5.17434e-09
1.54202e-08
3.9526e-08
9.03355e-08
1.88635e-07
3.66142e-07
6.69028e-07
1.16175e-06
1.93126e-06
3.09081e-06
4.7836e-06
7.18418e-06
1.04983e-05
1.49556e-05
2.07944e-05
2.82287e-05
3.7375e-05
4.81012e-05
5.96365e-05
6.9129e-05
0.472139
0.347896
0.276919
0.225999
0.186833
0.155665
0.130355
0.109516
0.0922074
0.0777293
0.0655691
0.0553072
0.0466404
0.0393035
0.0330841
0.0278101
0.0233405
0.0195519
0.0163435
0.0136291
0.0113349
0.00940045
0.00777218
0.00640388
0.00525757
0.00429947
0.00350143
0.00283848
0.00229008
0.00183819
0.00146719
0.00116415
0.000917856
0.000718722
0.000558673
0.000430801
0.00032939
0.000249523
0.000187133
0.000138826
0.000101773
7.36475e-05
5.25418e-05
3.69039e-05
2.54748e-05
1.72513e-05
1.14334e-05
7.3974e-06
4.65714e-06
2.84235e-06
1.67381e-06
9.45552e-07
5.0869e-07
2.58193e-07
1.22114e-07
5.29214e-08
2.05295e-08
6.88566e-09
1.89283e-09
3.89769e-10
5.07591e-11
2.85181e-12
2.00212e-14
2.88207e-25
2.89319e-14
3.34153e-12
5.48324e-11
4.00765e-10
1.87599e-09
6.61851e-09
1.92023e-08
4.82659e-08
1.08699e-07
2.24439e-07
4.31894e-07
7.83974e-07
1.35471e-06
2.24423e-06
3.58393e-06
5.54172e-06
8.32651e-06
1.21893e-05
1.74251e-05
2.43637e-05
3.33537e-05
4.4724e-05
5.87115e-05
7.53007e-05
9.38604e-05
0.00011205
0.000119228
0.385267
0.297616
0.239664
0.196554
0.16285
0.13579
0.113692
0.0954566
0.0802736
0.0675663
0.0568896
0.0478926
0.0402922
0.0338681
0.0284324
0.0238318
0.0199393
0.0166471
0.0138661
0.0115206
0.00954386
0.00788199
0.00648749
0.00532078
0.00434653
0.0035358
0.00286344
0.00230769
0.0018502
0.00147509
0.00116906
0.000920576
0.000719931
0.000558849
0.00043036
0.000328561
0.000248495
0.000186056
0.000137778
0.000100811
7.27992e-05
5.18209e-05
3.63067e-05
2.49948e-05
1.68749e-05
1.11465e-05
7.18479e-06
4.50407e-06
2.73545e-06
1.60177e-06
8.98884e-07
4.79826e-07
2.41249e-07
1.12789e-07
4.81748e-08
1.83397e-08
5.99774e-09
1.59091e-09
3.10329e-10
3.68671e-11
1.7144e-12
6.52103e-15
1.33211e-19
7.77634e-14
5.72466e-12
8.01151e-11
5.39917e-10
2.40672e-09
8.21935e-09
2.33049e-08
5.75914e-08
1.28044e-07
2.61768e-07
4.99848e-07
9.01891e-07
1.55126e-06
2.56097e-06
4.08003e-06
6.29996e-06
9.46133e-06
1.38584e-05
1.98433e-05
2.78261e-05
3.82656e-05
5.16511e-05
6.84678e-05
8.91064e-05
0.00011371
0.000141817
0.000171433
0.000195332
0.456844
0.325502
0.256772
0.208278
0.171332
0.142121
0.118528
0.0991829
0.0831832
0.0698532
0.0586918
0.0493209
0.0414261
0.0347676
0.0291446
0.0243962
0.0203859
0.0170003
0.0141436
0.0117375
0.00971285
0.0080133
0.00658871
0.00539776
0.004405
0.00357965
0.00289591
0.00233142
0.00186715
0.00148698
0.00117718
0.00092586
0.000723198
0.00056067
0.00043119
0.00032873
0.000248264
0.00018559
0.000137203
0.000100212
7.22283e-05
5.13036e-05
3.58633e-05
2.46278e-05
1.65806e-05
1.0918e-05
7.01292e-06
4.379e-06
2.64772e-06
1.54234e-06
8.60272e-07
4.5588e-07
2.27234e-07
1.051e-07
4.42879e-08
1.65659e-08
5.29082e-09
1.35689e-09
2.51302e-10
2.7295e-11
1.04736e-12
1.97246e-15
7.09712e-18
1.71257e-13
9.02371e-12
1.11154e-10
7.00487e-10
2.99632e-09
9.95325e-09
2.76674e-08
6.73737e-08
1.48116e-07
3.00157e-07
5.69221e-07
1.02148e-06
1.74949e-06
2.87877e-06
4.57522e-06
7.05303e-06
1.05828e-05
1.54984e-05
2.22056e-05
3.11833e-05
4.29896e-05
5.82458e-05
7.76226e-05
0.0001018
0.000131368
0.000166683
0.000207492
0.000252105
0.000294688
0.000304369
0.367988
0.278977
0.222695
0.181491
0.149579
0.124148
0.103497
0.0865293
0.072471
0.060755
0.0509472
0.0427139
0.0357909
0.029959
0.0250415
0.0208974
0.0174044
0.0144626
0.0119882
0.0099099
0.00816688
0.0067078
0.00548996
0.00447538
0.0036333
0.00293617
0.0023613
0.00188917
0.00150293
0.00118842
0.000933737
0.000728485
0.000564116
0.000433279
0.00032991
0.000248806
0.000185727
0.000137086
9.99616e-05
7.19175e-05
5.09856e-05
3.55634e-05
2.43651e-05
1.63619e-05
1.07441e-05
6.87875e-06
4.27994e-06
2.5769e-06
1.494e-06
8.28667e-07
4.36246e-07
2.15696e-07
9.87879e-08
4.11132e-08
1.51303e-08
4.72663e-09
1.17445e-09
2.07069e-10
2.06238e-11
6.52086e-13
5.46426e-16
7.14291e-17
3.2607e-13
1.32999e-11
1.47681e-10
8.80033e-10
3.63519e-09
1.17923e-08
3.22248e-08
7.74744e-08
1.68657e-07
3.39158e-07
6.39253e-07
1.14156e-06
1.94753e-06
3.19489e-06
5.06592e-06
7.79631e-06
1.16848e-05
1.71038e-05
2.45063e-05
3.44372e-05
4.75391e-05
6.45496e-05
8.62943e-05
0.000113672
0.000147601
0.000188933
0.000238276
0.000295664
0.00035971
0.000425452
0.000474089
0.310209
0.241032
0.193853
0.158449
0.130728
0.10849
0.0903752
0.0754663
0.0631036
0.0527985
0.0441828
0.0369514
0.0308796
0.0257742
0.0214791
0.0178651
0.0148274
0.0122765
0.0101365
0.00834418
0.00684671
0.00559734
0.00455842
0.00369687
0.00298464
0.0023978
0.00191645
0.00152303
0.00120311
0.000944247
0.000735868
0.000569176
0.000436656
0.000332068
0.000250114
0.000186445
0.000137422
0.00010005
7.18626e-05
5.08541e-05
3.54038e-05
2.42031e-05
1.62154e-05
1.06197e-05
6.77957e-06
4.20453e-06
2.52195e-06
1.45578e-06
8.03315e-07
4.20351e-07
2.06332e-07
9.36441e-08
3.85307e-08
1.39695e-08
4.27637e-09
1.03172e-09
1.73692e-10
1.59211e-11
4.1531e-13
1.36115e-16
3.44601e-16
5.55491e-13
1.85405e-11
1.89099e-10
1.07519e-09
4.31186e-09
1.37063e-08
3.69074e-08
8.77564e-08
1.89407e-07
3.78321e-07
7.09219e-07
1.26105e-06
2.14382e-06
3.50714e-06
5.54874e-06
8.52499e-06
1.2762e-05
1.86672e-05
2.67395e-05
3.75828e-05
5.19164e-05
7.05824e-05
9.4535e-05
0.000124863
0.000162734
0.000209364
0.000265928
0.000333366
0.000412027
0.000500913
0.000595705
0.00068177
0.364797
0.265766
0.209349
0.169164
0.138516
0.114328
0.0948259
0.0789054
0.0657886
0.0549084
0.0458463
0.0382701
0.0319239
0.0266037
0.022137
0.0183873
0.0152413
0.0126036
0.0103943
0.00854729
0.00700558
0.00572137
0.00465479
0.00377113
0.0030414
0.00244117
0.00194902
0.00154744
0.00122114
0.000957405
0.000745379
0.000575891
0.000441326
0.000335224
0.000252189
0.000187756
0.000138199
0.000100473
7.20565e-05
5.09089e-05
3.53796e-05
2.414e-05
1.61381e-05
1.05446e-05
6.71359e-06
4.15086e-06
2.48137e-06
1.42665e-06
7.83697e-07
4.07846e-07
1.98868e-07
8.95282e-08
3.6455e-08
1.30387e-08
3.91772e-09
9.19957e-10
1.48383e-10
1.25752e-11
2.71504e-13
2.97814e-17
1.09497e-15
8.66524e-13
2.46632e-11
2.34508e-10
1.28194e-09
5.01341e-09
1.5662e-08
4.16445e-08
9.80753e-08
2.10113e-07
4.17206e-07
7.78437e-07
1.37879e-06
2.33674e-06
3.81313e-06
6.02064e-06
9.23546e-06
1.38095e-05
2.01828e-05
2.88982e-05
4.06152e-05
5.61224e-05
7.63489e-05
0.000102382
0.000135455
0.000176947
0.000228373
0.000291307
0.000367314
0.000457742
0.000563319
0.000683515
0.000814627
0.000944264
0.00101643
0.303524
0.229674
0.182448
0.147887
0.121203
0.100009
0.0828807
0.0688668
0.0573158
0.047737
0.0397635
0.0331081
0.0275411
0.0228808
0.0189779
0.0157092
0.012974
0.0106877
0.00877805
0.00718657
0.00586313
0.00476522
0.00385662
0.00310729
0.00249158
0.00198742
0.00157635
0.00124277
0.000973414
0.000757051
0.000584344
0.000447325
0.000339413
0.000255053
0.000189661
0.000139435
0.000101234
7.25007e-05
5.11449e-05
3.5486e-05
2.41698e-05
1.61279e-05
1.05149e-05
6.67895e-06
4.11832e-06
2.45439e-06
1.4062e-06
7.69264e-07
3.98382e-07
1.93105e-07
8.62965e-08
3.48151e-08
1.23009e-08
3.63461e-09
8.32739e-10
1.29147e-10
1.01748e-11
1.83064e-13
5.54897e-18
2.65117e-15
1.25777e-12
3.15113e-11
2.82781e-10
1.49564e-09
5.72634e-09
1.76271e-08
4.63652e-08
1.08297e-07
2.30524e-07
4.55415e-07
8.46208e-07
1.49377e-06
2.52478e-06
4.11078e-06
6.47888e-06
9.92429e-06
1.4823e-05
2.16471e-05
3.09776e-05
4.35272e-05
6.01507e-05
8.18613e-05
0.00010985
0.00014549
0.000190344
0.000246165
0.000314863
0.000398451
0.000498966
0.000618202
0.000757459
0.000916671
0.00109275
0.0012749
0.00142329
0.258791
0.199569
0.159398
0.129434
0.106104
0.0874966
0.0724167
0.0600689
0.0498944
0.0414609
0.0344464
0.0286018
0.023722
0.0196433
0.0162376
0.0133926
0.011018
0.00903857
0.00739156
0.00602401
0.00489059
0.00395421
0.003183
0.0025497
0.00203186
0.00161004
0.00126816
0.000992351
0.000771059
0.000594569
0.000454692
0.000344652
0.000258721
0.000192179
0.000141119
0.000102336
7.31981e-05
5.15675e-05
3.57264e-05
2.42955e-05
1.61826e-05
1.05308e-05
6.67488e-06
4.10594e-06
2.44035e-06
1.39377e-06
7.59684e-07
3.91717e-07
1.88884e-07
8.38667e-08
3.35574e-08
1.1729e-08
3.41423e-09
7.65378e-10
1.14573e-10
8.44514e-12
1.27835e-13
8.44081e-19
5.29531e-15
1.71898e-12
3.88684e-11
3.32581e-10
1.71133e-09
6.43653e-09
1.95674e-08
5.09991e-08
1.18291e-07
2.50418e-07
4.92549e-07
9.11944e-07
1.60521e-06
2.70658e-06
4.39817e-06
6.92071e-06
1.05874e-05
1.57979e-05
2.30521e-05
3.29725e-05
4.63176e-05
6.40011e-05
8.71154e-05
0.000116945
0.000155001
0.00020299
0.000262874
0.000336851
0.000427293
0.000536725
0.000667771
0.000822795
0.00100365
0.00121094
0.00144225
0.001688
0.00191568
0.313536
0.223159
0.174022
0.139493
0.113384
0.0929112
0.0765324
0.0632412
0.0523584
0.0433928
0.0359663
0.0298015
0.0246703
0.020396
0.016833
0.0138635
0.0113904
0.00933257
0.00762303
0.00620583
0.00503279
0.00406498
0.00326885
0.00261605
0.00208261
0.00164879
0.0012975
0.00101438
0.000787475
0.000606646
0.00046353
0.000350994
0.000263235
0.000195328
0.000143288
0.000103795
7.41518e-05
5.21763e-05
3.61006e-05
2.4515e-05
1.63027e-05
1.05913e-05
6.7006e-06
4.11313e-06
2.43891e-06
1.38918e-06
7.5477e-07
3.87714e-07
1.86107e-07
8.21684e-08
3.26439e-08
1.13028e-08
3.24751e-09
7.14131e-10
1.03625e-10
7.19673e-12
9.28765e-14
9.85668e-20
9.14771e-15
2.23115e-12
4.64738e-11
3.82479e-10
1.92401e-09
7.12964e-09
2.14507e-08
5.54775e-08
1.27927e-07
2.69564e-07
5.28245e-07
9.75095e-07
1.7121e-06
2.88085e-06
4.67339e-06
7.34412e-06
1.12224e-05
1.67298e-05
2.43961e-05
3.48784e-05
4.89768e-05
6.76674e-05
9.21123e-05
0.000123686
0.000164002
0.000214928
0.000278599
0.000357441
0.000454138
0.000571668
0.000713126
0.000881804
0.00108079
0.00131262
0.00157865
0.0018771
0.00219957
0.002518
0.00269317
0.261688
0.193727
0.152152
0.122208
0.0993565
0.081356
0.0669194
0.0551962
0.0456011
0.0376963
0.0311611
0.025743
0.0212429
0.0175032
0.0143937
0.0118092
0.00966342
0.00788355
0.00641024
0.00519316
0.00419023
0.00336612
0.0026912
0.00214061
0.00169314
0.00133113
0.00103975
0.000806422
0.00062073
0.000473838
0.000358495
0.000268614
0.00019914
0.000145937
0.000105606
7.53721e-05
5.29753e-05
3.66109e-05
2.48295e-05
1.64907e-05
1.06972e-05
6.75672e-06
4.13988e-06
2.44973e-06
1.39202e-06
7.54276e-07
3.86218e-07
1.84671e-07
8.11482e-08
3.20419e-08
1.10055e-08
3.12733e-09
6.76558e-10
9.55806e-11
6.3032e-12
7.05568e-14
8.06013e-21
1.40912e-14
2.76862e-12
5.40354e-11
4.30973e-10
2.12838e-09
7.79206e-09
2.32441e-08
5.97388e-08
1.37082e-07
2.87748e-07
5.62146e-07
1.03512e-06
1.81369e-06
3.04675e-06
4.93548e-06
7.74667e-06
1.18264e-05
1.76165e-05
2.5674e-05
3.66883e-05
5.15044e-05
7.11479e-05
9.68477e-05
0.000130065
0.000172508
0.000226182
0.000293384
0.000376737
0.000479219
0.000604113
0.00075503
0.000935847
0.0011505
0.001403
0.00169669
0.00203373
0.00241324
0.002828
0.0032527
0.00358794
0.223754
0.168913
0.133267
0.107155
0.0870832
0.0712224
0.0584819
0.0481366
0.0396721
0.0327075
0.0269595
0.0222017
0.0182587
0.0149902
0.0122808
0.0100344
0.00817618
0.00664035
0.00537326
0.00433078
0.00347557
0.00277604
0.00220602
0.00174332
0.00136937
0.00106868
0.000828174
0.000636898
0.000485801
0.000367219
0.000274921
0.000203645
0.000149109
0.000107811
7.68657e-05
5.39727e-05
3.72612e-05
2.52448e-05
1.67468e-05
1.08493e-05
6.84315e-06
4.18644e-06
2.47291e-06
1.40244e-06
7.58224e-07
3.872e-07
1.8455e-07
8.07706e-08
3.17343e-08
1.08283e-08
3.04909e-09
6.50764e-10
8.99202e-11
5.67866e-12
5.62471e-14
3.99403e-22
1.97536e-14
3.30077e-12
6.12492e-11
4.7661e-10
2.31964e-09
8.41107e-09
2.49198e-08
6.37232e-08
1.4565e-07
3.04802e-07
5.93979e-07
1.09146e-06
1.90933e-06
3.20286e-06
5.18256e-06
8.12655e-06
1.23965e-05
1.84546e-05
2.68813e-05
3.83982e-05
5.38917e-05
7.44349e-05
0.000101322
0.000136086
0.000180531
0.000236772
0.000307288
0.000394836
0.000502653
0.000634344
0.000793874
0.000985603
0.00121427
0.00148472
0.00180184
0.00217003
0.00259239
0.00306905
0.00359392
0.00414385
0.00463727
0.193419
0.14771
0.116859
0.0939989
0.0763207
0.0623268
0.0510744
0.0419422
0.0344759
0.0283402
0.0232867
0.0191139
0.0156638
0.012811
0.0104528
0.00850512
0.00689842
0.00557575
0.00448908
0.00359862
0.00287156
0.00227971
0.00179986
0.00141267
0.00110154
0.000852885
0.000655381
0.00049949
0.000377306
0.000282221
0.000208878
0.000152828
0.000110404
7.86528e-05
5.51817e-05
3.80616e-05
2.57616e-05
1.70722e-05
1.10489e-05
6.96065e-06
4.25317e-06
2.50887e-06
1.42059e-06
7.66554e-07
3.90635e-07
1.85711e-07
8.10263e-08
3.17111e-08
1.07637e-08
3.00936e-09
6.35473e-10
8.62868e-11
5.26555e-12
4.72387e-14
9.35906e-24
2.55515e-14
3.79528e-12
6.78153e-11
5.17986e-10
2.49321e-09
8.97436e-09
2.64505e-08
6.73718e-08
1.53531e-07
3.20533e-07
6.23445e-07
1.14381e-06
1.99828e-06
3.34865e-06
5.41329e-06
8.48205e-06
1.29311e-05
1.92413e-05
2.80163e-05
4.00064e-05
5.61385e-05
7.75304e-05
0.000105529
0.000141749
0.000188078
0.000246741
0.000320327
0.000411807
0.00052459
0.000662531
0.000829967
0.00103167
0.00127291
0.00155943
0.00189699
0.00229159
0.00274889
0.00327292
0.00386525
0.00452056
0.00521805
0.00588599
0.243416
0.168264
0.129443
0.102572
0.0824711
0.0668748
0.0545104
0.0445706
0.0365047
0.0299206
0.0245213
0.0200805
0.0164234
0.0134087
0.010923
0.00887469
0.00718843
0.00580285
0.00466628
0.00373689
0.00297884
0.00236256
0.00186358
0.00146133
0.00113848
0.000880813
0.000676313
0.00051505
0.000388756
0.000290584
0.000214921
0.00015713
0.000113431
8.07502e-05
5.66107e-05
3.90165e-05
2.63871e-05
1.74728e-05
1.12981e-05
7.11131e-06
4.34072e-06
2.55763e-06
1.44641e-06
7.79444e-07
3.96551e-07
1.88164e-07
8.19061e-08
3.19612e-08
1.08083e-08
3.00599e-09
6.29912e-10
8.44517e-11
5.02628e-12
4.1912e-14
6.5007e-26
3.08012e-14
4.22113e-12
7.34644e-11
5.53844e-10
2.64509e-09
9.47136e-09
2.78115e-08
7.06401e-08
1.60636e-07
3.34798e-07
6.50281e-07
1.19175e-06
2.08003e-06
3.48276e-06
5.62659e-06
8.81176e-06
1.34275e-05
1.99721e-05
2.90729e-05
4.15089e-05
5.82397e-05
8.04262e-05
0.000109474
0.000147056
0.000195144
0.000256064
0.000332541
0.000427674
0.000545078
0.000688819
0.000863531
0.00107437
0.00132709
0.00162802
0.00198381
0.00240159
0.00288863
0.00345163
0.00409626
0.00482527
0.00563478
0.00650519
0.00737164
0.00787325
0.205034
0.147009
0.113603
0.0900656
0.0723546
0.0585738
0.0476411
0.0388548
0.0317354
0.0259319
0.0211823
0.0172855
0.0140841
0.0114527
0.0092901
0.0075142
0.00605759
0.00486536
0.00389186
0.00309899
0.00245545
0.00193513
0.00151597
0.00118009
0.000912317
0.000699974
0.000532662
0.000401775
0.0003001
0.000221817
0.000162065
0.000116916
8.31785e-05
5.8275e-05
4.01399e-05
2.71281e-05
1.79524e-05
1.16002e-05
7.2959e-06
4.45028e-06
2.62009e-06
1.4804e-06
7.97016e-07
4.05044e-07
1.91944e-07
8.34277e-08
3.24934e-08
1.09617e-08
3.03854e-09
6.33726e-10
8.42932e-11
4.9399e-12
3.93486e-14
5.98587e-29
3.48334e-14
4.55086e-12
7.79643e-11
5.83113e-10
2.77165e-09
9.89284e-09
2.89822e-08
7.349e-08
1.66894e-07
3.47443e-07
6.74295e-07
1.23484e-06
2.15401e-06
3.60494e-06
5.82178e-06
9.11424e-06
1.38845e-05
2.06485e-05
3.00515e-05
4.29025e-05
6.01905e-05
8.31184e-05
0.000113144
0.000152004
0.000201739
0.000264777
0.000343936
0.000442472
0.000564162
0.000713302
0.000894752
0.00111403
0.00137727
0.00169128
0.0020635
0.0025019
0.00301493
0.00361125
0.00429926
0.00508594
0.0059756
0.00696568
0.0080386
0.00913342
0.00997711
0.176405
0.128824
0.0998133
0.0791113
0.063467
0.0512782
0.0416045
0.0338388
0.0275532
0.0224411
0.0182658
0.0148507
0.0120516
0.00975925
0.00788069
0.00634426
0.00508913
0.00406577
0.00323383
0.00255974
0.00201527
0.00157744
0.00122693
0.000947737
0.000726593
0.000552542
0.000416475
0.000310891
0.000229647
0.000167687
0.000120905
8.59657e-05
6.01963e-05
4.14413e-05
2.79956e-05
1.85161e-05
1.19583e-05
7.51784e-06
4.58322e-06
2.69693e-06
1.52304e-06
8.19506e-07
4.16231e-07
1.97113e-07
8.56131e-08
3.33163e-08
1.12269e-08
3.10791e-09
6.46886e-10
8.57863e-11
4.99721e-12
3.9118e-14
4.24044e-32
3.71155e-14
4.76416e-12
8.113e-11
6.04962e-10
2.87012e-09
1.02313e-08
2.99468e-08
7.58813e-08
1.72227e-07
3.58401e-07
6.9529e-07
1.27292e-06
2.21984e-06
3.71432e-06
5.9974e-06
9.38844e-06
1.43013e-05
2.1266e-05
3.09499e-05
4.41847e-05
6.19907e-05
8.56111e-05
0.000116549
0.000156591
0.000207865
0.000272873
0.000354545
0.000456252
0.000581945
0.000736097
0.000923783
0.00115081
0.00142375
0.00174969
0.00213688
0.00259376
0.00313011
0.00375561
0.00448084
0.00531556
0.00626881
0.00734621
0.00854723
0.00985591
0.011214
0.012388
0.153255
0.113121
0.0877582
0.0695017
0.0556546
0.0448601
0.0362974
0.0294332
0.0238883
0.0193884
0.0157223
0.0127319
0.0102893
0.00829464
0.00666684
0.0053402
0.00426089
0.0033851
0.00267656
0.00210525
0.00164632
0.0012794
0.000987475
0.00075648
0.000574887
0.000433037
0.000323073
0.000238495
0.000174052
0.000125433
8.91471e-05
6.24001e-05
4.29404e-05
2.89962e-05
1.91713e-05
1.23773e-05
7.77899e-06
4.74124e-06
2.78927e-06
1.57492e-06
8.47264e-07
4.30291e-07
2.03772e-07
8.85027e-08
3.44454e-08
1.16111e-08
3.21578e-09
6.6994e-10
8.89817e-11
5.20134e-12
4.11526e-14
9.33524e-30
3.73582e-14
4.84769e-12
8.28424e-11
6.18757e-10
2.93844e-09
1.04812e-08
3.06899e-08
7.77875e-08
1.76589e-07
3.67547e-07
7.13096e-07
1.30567e-06
2.27723e-06
3.81068e-06
6.15353e-06
9.63325e-06
1.46748e-05
2.18237e-05
3.17649e-05
4.53526e-05
6.3639e-05
8.78979e-05
0.000119676
0.000160817
0.000213523
0.000280362
0.000364359
0.000469034
0.000598417
0.000757185
0.000950673
0.00118493
0.00146672
0.00180373
0.00220446
0.0026783
0.0032354
0.00388706
0.00464467
0.00552074
0.00652705
0.00767465
0.00897089
0.0104172
0.0119986
0.0136598
0.0151886
0.133934
0.0994924
0.0772021
0.0610463
0.0487785
0.0392124
0.0316361
0.0255697
0.0206807
0.016721
0.0135063
0.0108916
0.00876309
0.00703137
0.00562339
0.00448057
0.00355507
0.00280777
0.00220612
0.00172354
0.00133819
0.00103207
0.000790074
0.000599979
0.000451679
0.000336761
0.000248487
0.000181259
0.000130567
9.2759e-05
6.4903e-05
4.46502e-05
3.01431e-05
1.99261e-05
1.28631e-05
8.08341e-06
4.92665e-06
2.89857e-06
1.63685e-06
8.80799e-07
4.4749e-07
2.12024e-07
9.21603e-08
3.5908e-08
1.21226e-08
3.36536e-09
7.0361e-10
9.40363e-11
5.56592e-12
4.57306e-14
1.59554e-26
3.55503e-14
4.79744e-12
8.30429e-11
6.24192e-10
2.97526e-09
1.06384e-08
3.12047e-08
7.91905e-08
1.79948e-07
3.74813e-07
7.27643e-07
1.33296e-06
2.32572e-06
3.89325e-06
6.28873e-06
9.84745e-06
1.50057e-05
2.23206e-05
3.24953e-05
4.64061e-05
6.5129e-05
8.9977e-05
0.000122531
0.000164699
0.000218709
0.000287244
0.000373406
0.000480792
0.000613639
0.000776734
0.000975572
0.00121642
0.00150647
0.00185364
0.00226686
0.002756
0.00333213
0.00400706
0.00479379
0.00570625
0.00675823
0.0079642
0.00933685
0.0108868
0.0126165
0.0145138
0.0165232
0.0184453
0.117527
0.0876133
0.0679265
0.0536119
0.042728
0.0342478
0.0275397
0.0221824
0.0178733
0.0143951
0.0115789
0.00929538
0.00744402
0.00594337
0.00472858
0.00374669
0.00295522
0.00231936
0.00181026
0.0014043
0.00108208
0.000827741
0.000628178
0.000472589
0.000352177
0.000259718
0.000189375
0.000136369
9.68482e-05
6.77459e-05
4.65968e-05
3.14543e-05
2.07909e-05
1.34214e-05
8.43514e-06
5.14203e-06
3.02624e-06
1.70974e-06
9.20575e-07
4.68074e-07
2.22033e-07
9.66582e-08
3.77362e-08
1.2776e-08
3.56086e-09
7.49192e-10
1.01176e-10
6.11735e-12
5.35332e-14
3.06784e-24
3.19685e-14
4.61856e-12
8.17426e-11
6.21187e-10
2.98017e-09
1.07016e-08
3.14835e-08
8.00744e-08
1.82262e-07
3.80131e-07
7.38784e-07
1.35461e-06
2.36524e-06
3.96183e-06
6.40297e-06
1.00314e-05
1.52924e-05
2.27559e-05
3.31404e-05
4.73415e-05
6.64617e-05
9.18473e-05
0.000125113
0.000168205
0.000223444
0.000293537
0.000381687
0.000491607
0.000627623
0.000794704
0.000998498
0.0012455
0.0015431
0.00189963
0.00232436
0.00282755
0.00342089
0.00411704
0.00493007
0.00587459
0.00696662
0.0082232
0.00966015
0.0112939
0.0131363
0.015193
0.0174522
0.0198619
0.0222255
0.103435
0.0772183
0.0597764
0.0470662
0.0373994
0.029881
0.0239446
0.0192139
0.0154215
0.012368
0.0099043
0.00791442
0.00630637
0.00500885
0.00396284
0.00312158
0.00244701
0.00190769
0.00147847
0.00113828
0.000870089
0.00065987
0.000496102
0.0003695
0.000272376
0.00019852
0.000142899
0.000101468
7.09654e-05
4.88043e-05
3.29439e-05
2.17773e-05
1.40607e-05
8.84012e-06
5.391e-06
3.17436e-06
1.79474e-06
9.67363e-07
4.92506e-07
2.34015e-07
1.02089e-07
3.9973e-08
1.35878e-08
3.80899e-09
8.08399e-10
1.10796e-10
6.898e-12
6.57679e-14
1.52408e-22
2.71018e-14
4.32448e-12
7.90172e-11
6.09938e-10
2.95331e-09
1.067e-08
3.15252e-08
8.04357e-08
1.83531e-07
3.83518e-07
7.46533e-07
1.3705e-06
2.39559e-06
4.01621e-06
6.49598e-06
1.01844e-05
1.55349e-05
2.31279e-05
3.36985e-05
4.81597e-05
6.76364e-05
9.35051e-05
0.000127418
0.000171362
0.000227709
0.000299239
0.000389226
0.000501477
0.000640449
0.000811171
0.00101953
0.00127222
0.00157678
0.00194193
0.00237711
0.00289332
0.00350253
0.00421795
0.00505466
0.00602811
0.00715595
0.00845664
0.00994905
0.0116531
0.013587
0.0157656
0.018198
0.0208725
0.0237391
0.026601
0.144445
0.0912464
0.0680973
0.0526068
0.0413005
0.0327137
0.0260441
0.020791
0.0166171
0.0132804
0.0106042
0.00845214
0.00672051
0.00532737
0.00420789
0.00330965
0.00259101
0.00201762
0.00156207
0.00120153
0.000917694
0.000695433
0.000522556
0.000388976
0.000286605
0.000208816
0.000150272
0.00010668
7.46046e-05
5.13064e-05
3.46366e-05
2.29001e-05
1.47906e-05
9.30262e-06
5.67682e-06
3.34552e-06
1.89353e-06
1.02194e-06
5.21166e-07
2.48182e-07
1.08581e-07
4.26769e-08
1.45817e-08
4.11782e-09
8.83706e-10
1.23391e-10
7.96952e-12
8.44313e-14
3.3071e-21
2.15758e-14
3.93577e-12
7.49993e-11
5.90908e-10
2.89598e-09
1.05458e-08
3.13332e-08
8.02747e-08
1.8375e-07
3.84939e-07
7.50794e-07
1.38063e-06
2.41665e-06
4.05632e-06
6.56759e-06
1.03053e-05
1.57312e-05
2.34375e-05
3.41695e-05
4.88602e-05
6.86549e-05
9.4956e-05
0.000129447
0.000174168
0.000231517
0.00030435
0.000396014
0.000510402
0.000652044
0.000826185
0.00103876
0.0012967
0.00160772
0.00198073
0.00242557
0.00295366
0.00357727
0.00431049
0.00516846
0.00616826
0.00732822
0.00866823
0.0102093
0.0119742
0.0139851
0.0162639
0.0188285
0.0216894
0.024839
0.0282243
0.0316501
0.0335359
0.124403
0.0806486
0.0600939
0.0462941
0.0362226
0.0285891
0.0226734
0.0180268
0.0143467
0.0114158
0.00907187
0.00719536
0.00569134
0.00448666
0.00352309
0.00275408
0.00214193
0.00165638
0.00127282
0.000971274
0.000735489
0.000552283
0.0004109
0.000302622
0.000220414
0.00015858
0.00011256
7.87132e-05
5.41353e-05
3.65528e-05
2.4175e-05
1.56222e-05
9.83137e-06
6.00454e-06
3.54238e-06
2.0076e-06
1.08537e-06
5.54678e-07
2.64864e-07
1.16285e-07
4.59129e-08
1.57866e-08
4.4978e-09
9.78202e-10
1.39642e-10
9.42058e-12
1.12753e-13
4.16303e-20
1.60311e-14
3.47782e-12
6.98747e-11
5.6477e-10
2.80965e-09
1.03323e-08
3.09124e-08
7.96039e-08
1.82923e-07
3.84395e-07
7.51616e-07
1.38499e-06
2.42841e-06
4.08218e-06
6.61778e-06
1.03946e-05
1.58831e-05
2.36827e-05
3.45534e-05
4.94421e-05
6.95121e-05
9.61967e-05
0.000131201
0.000176608
0.000234861
0.000308887
0.000402063
0.000518399
0.000662502
0.000839705
0.00105616
0.00131887
0.00163584
0.00201616
0.00247002
0.00300891
0.00364579
0.00439504
0.00527258
0.00629625
0.00748532
0.00886082
0.0104452
0.0122637
0.0143405
0.016703
0.0193764
0.0223815
0.0257316
0.0294225
0.033398
0.0374583
0.0401876
0.109312
0.0714045
0.0530604
0.04073
0.0317507
0.0249593
0.0197145
0.0156074
0.0123652
0.00979177
0.007743
0.00610933
0.00480566
0.00376662
0.00293955
0.00228294
0.00176313
0.00135339
0.00103178
0.000780707
0.000585842
0.000435601
0.00032067
0.000233483
0.000167947
0.000119201
8.33544e-05
5.73371e-05
3.87262e-05
2.56237e-05
1.65663e-05
1.04349e-05
6.37931e-06
3.76846e-06
2.13908e-06
1.1588e-06
5.93698e-07
2.84397e-07
1.25375e-07
4.97731e-08
1.7238e-08
4.96218e-09
1.09602e-09
1.60505e-10
1.13755e-11
1.55844e-13
3.57926e-19
1.10169e-14
2.97913e-12
6.38667e-11
5.32413e-10
2.69694e-09
1.00354e-08
3.02728e-08
7.84327e-08
1.81082e-07
3.81934e-07
7.49026e-07
1.3836e-06
2.43099e-06
4.0935e-06
6.64588e-06
1.04526e-05
1.59893e-05
2.38644e-05
3.48502e-05
4.99033e-05
7.0214e-05
9.72237e-05
0.000132685
0.000178693
0.000237766
0.000312839
0.000407379
0.000525473
0.00067182
0.000851831
0.00107181
0.00133888
0.00166128
0.00204832
0.00251035
0.00305922
0.00370831
0.00447227
0.00536795
0.00641316
0.00762841
0.00903556
0.0106593
0.0125246
0.0146603
0.0170956
0.0198598
0.0229825
0.026488
0.0303958
0.0347
0.0393467
0.0441201
0.0476095
0.0970709
0.0633204
0.0468643
0.035827
0.0278126
0.0217701
0.0171195
0.013491
0.0106369
0.00838137
0.00659283
0.00517307
0.00404573
0.00315154
0.00244345
0.0018845
0.00144481
0.00110035
0.000831816
0.000623755
0.000463531
0.000341085
0.00024826
0.000178536
0.000126705
8.86084e-05
6.09646e-05
4.11884e-05
2.7268e-05
1.76433e-05
1.11227e-05
6.8081e-06
4.0277e-06
2.29053e-06
1.24366e-06
6.39059e-07
3.07229e-07
1.36084e-07
5.43543e-08
1.89825e-08
5.52844e-09
1.24248e-09
1.87209e-10
1.40115e-11
2.21907e-13
2.32026e-18
6.91453e-15
2.46853e-12
5.72236e-11
4.94882e-10
2.56071e-09
9.66119e-09
2.94271e-08
7.67878e-08
1.78256e-07
3.77597e-07
7.43098e-07
1.3766e-06
2.42447e-06
4.09067e-06
6.65274e-06
1.04789e-05
1.60499e-05
2.39834e-05
3.50574e-05
5.02476e-05
7.0754e-05
9.80439e-05
0.000133897
0.00018044
0.00024021
0.00031623
0.000411998
0.000531655
0.000680013
0.00086259
0.00108578
0.00135687
0.00168424
0.00207731
0.00254679
0.0031049
0.003765
0.00454265
0.0054545
0.00651949
0.00775868
0.0091952
0.0108536
0.0127617
0.014949
0.0174478
0.0202906
0.0235129
0.0271466
0.0312213
0.03576
0.0407589
0.0461619
0.051738
0.0559803
0.0870452
0.0562392
0.0414106
0.031507
0.0243454
0.0189687
0.0148454
0.011642
0.00913266
0.00715791
0.00559942
0.00436775
0.00339496
0.00262728
0.00202311
0.00154896
0.00117825
0.000889901
0.000666736
0.000495149
0.00036416
0.000264969
0.000190517
0.000135197
9.45564e-05
6.50734e-05
4.3984e-05
2.91368e-05
1.88679e-05
1.19077e-05
7.29828e-06
4.32502e-06
2.46479e-06
1.34174e-06
6.91727e-07
3.33919e-07
1.48676e-07
5.97959e-08
2.10756e-08
6.2172e-09
1.42432e-09
2.21379e-10
1.75741e-11
3.24016e-13
1.2122e-17
3.89024e-15
1.97311e-12
5.02114e-11
4.53339e-10
2.40439e-09
9.21778e-09
2.83913e-08
7.4697e-08
1.74492e-07
3.71449e-07
7.33905e-07
1.36401e-06
2.40885e-06
4.07372e-06
6.63809e-06
1.04739e-05
1.60662e-05
2.40388e-05
3.51792e-05
5.04716e-05
7.11359e-05
9.86562e-05
0.000134828
0.000181823
0.000242211
0.000319038
0.000415886
0.000536961
0.000687108
0.000871953
0.00109803
0.00137274
0.00170459
0.00210323
0.00257957
0.00314593
0.00381629
0.00460625
0.00553315
0.00661613
0.00787722
0.00933962
0.0110296
0.0129764
0.0152102
0.0177657
0.0206776
0.0239848
0.0277265
0.0319394
0.0366591
0.0419104
0.0476946
0.0539513
0.0604239
0.0654117
0.0789456
0.050029
0.0366032
0.0277029
0.0212978
0.0165104
0.0128557
0.0100289
0.00782502
0.00609871
0.00474277
0.00367684
0.0028393
0.00218233
0.00166818
0.00126725
0.000956017
0.000715654
0.000531115
0.00039039
0.000283935
0.000204104
0.000144833
0.00010131
6.97391e-05
4.7162e-05
3.1263e-05
2.02628e-05
1.28039e-05
7.85931e-06
4.66644e-06
2.66557e-06
1.45529e-06
7.52929e-07
3.65124e-07
1.63515e-07
6.62552e-08
2.35869e-08
7.05648e-09
1.65053e-09
2.65259e-10
2.2413e-11
4.83126e-13
5.34065e-17
1.9097e-15
1.51568e-12
4.30891e-11
4.09003e-10
2.2319e-09
8.71425e-09
2.71844e-08
7.21901e-08
1.69843e-07
3.63577e-07
7.21606e-07
1.34607e-06
2.3845e-06
4.04313e-06
6.60298e-06
1.04383e-05
1.60385e-05
2.40321e-05
3.52139e-05
5.05814e-05
7.13642e-05
9.90647e-05
0.000135501
0.000182864
0.000243766
0.000321289
0.000419075
0.000541345
0.000693084
0.00087997
0.00110865
0.00138661
0.00172248
0.00212619
0.00260871
0.00318271
0.00386242
0.00466359
0.00560412
0.00670362
0.00798425
0.00947065
0.0111898
0.0131711
0.0154466
0.0180523
0.021026
0.0244083
0.0282419
0.0325718
0.0374412
0.0428893
0.0489464
0.0556138
0.0628253
0.0702987
0.0759767
0.0730824
0.0445992
0.0323744
0.0243513
0.0186181
0.0143546
0.0111165
0.00862398
0.0066904
0.00518343
0.00400587
0.00308543
0.00236624
0.00180542
0.00136952
0.0010318
0.000771564
0.000572111
0.000420261
0.000305527
0.000219573
0.000155797
0.00010899
7.50489e-05
5.07797e-05
3.3687e-05
2.18568e-05
1.38288e-05
8.50292e-06
5.05874e-06
2.89711e-06
1.58664e-06
8.24127e-07
4.01622e-07
1.80982e-07
7.39319e-08
2.66069e-08
8.08118e-09
1.93237e-09
3.21757e-10
2.90172e-11
7.32672e-13
2.05108e-16
7.84301e-16
1.11362e-12
3.61057e-11
3.63151e-10
2.04719e-09
8.1609e-09
2.58259e-08
6.93077e-08
1.64368e-07
3.54086e-07
7.06306e-07
1.32299e-06
2.35172e-06
3.99905e-06
6.54712e-06
1.03724e-05
1.59664e-05
2.39628e-05
3.51648e-05
5.05755e-05
7.14368e-05
9.92635e-05
0.000135903
0.000183563
0.000244886
0.000322982
0.000421546
0.000544889
0.000697991
0.000886678
0.00111758
0.00139845
0.00173798
0.00214614
0.00263422
0.00321522
0.00390328
0.00471474
0.00566761
0.00678221
0.00808112
0.0095893
0.0113343
0.0133473
0.0156601
0.0183113
0.0213399
0.0247882
0.0287037
0.0331335
0.0381285
0.0437382
0.0500068
0.0569704
0.0646287
0.0729163
0.081503
0.0876135
0.0398397
0.0286503
0.0214054
0.0162635
0.0124665
0.00959787
0.00740223
0.00570781
0.00439421
0.00337373
0.00258064
0.00196475
0.0014875
0.00111904
0.000835783
0.000619123
0.00045445
0.000330221
0.00023723
0.000168311
0.000117757
8.1114e-05
5.49155e-05
3.6458e-05
2.36815e-05
1.50046e-05
9.24223e-06
5.51093e-06
3.16471e-06
1.73906e-06
9.07138e-07
4.44385e-07
2.01602e-07
8.30763e-08
3.02453e-08
9.33425e-09
2.28489e-09
3.94834e-10
3.8087e-11
1.12646e-12
7.03545e-16
2.51744e-16
7.77831e-13
2.94805e-11
3.17022e-10
1.85448e-09
7.56799e-09
2.43396e-08
6.60922e-08
1.58147e-07
3.43068e-07
6.88174e-07
1.29499e-06
2.31072e-06
3.94216e-06
6.47165e-06
1.02769e-05
1.58528e-05
2.38348e-05
3.50322e-05
5.04542e-05
7.13559e-05
9.92646e-05
0.000136042
0.000183918
0.00024557
0.000324135
0.000423352
0.00054758
0.000701841
0.000892079
0.001125
0.00140838
0.00175108
0.00216332
0.0026564
0.00324363
0.00393915
0.00475994
0.0057241
0.00685228
0.00816792
0.00969558
0.0114645
0.0135056
0.0158527
0.0185448
0.0216232
0.0251312
0.0291176
0.0336354
0.038739
0.044484
0.0509258
0.0581181
0.0660976
0.0748747
0.0843561
0.0941691
0.0356955
0.0253756
0.018811
0.0141981
0.0108143
0.00827401
0.00634109
0.00485831
0.00371543
0.0028327
0.00215081
0.00162492
0.00122018
0.000909959
0.000673297
0.000493802
0.000358553
0.000257496
0.000182654
0.000127802
8.80636e-05
5.96511e-05
3.96385e-05
2.57762e-05
1.63569e-05
1.0094e-05
6.03296e-06
3.47458e-06
1.91636e-06
1.00406e-06
4.9463e-07
2.25997e-07
9.39876e-08
3.46399e-08
1.08718e-08
2.72734e-09
4.89809e-10
5.06095e-11
1.75016e-12
2.19535e-15
5.59509e-17
5.12242e-13
2.3396e-11
2.71763e-10
1.65797e-09
6.94705e-09
2.27497e-08
6.25891e-08
1.51253e-07
3.30667e-07
6.67421e-07
1.26235e-06
2.26198e-06
3.8726e-06
6.37666e-06
1.01526e-05
1.56959e-05
2.36469e-05
3.48161e-05
5.02211e-05
7.11238e-05
9.90649e-05
0.000135923
0.00018394
0.000245812
0.000324739
0.000424465
0.000549387
0.000704643
0.000896172
0.00113082
0.00141638
0.00176196
0.00217773
0.00267535
0.00326794
0.00397042
0.00479943
0.0057738
0.0069144
0.00824458
0.00979057
0.011581
0.0136482
0.0160262
0.0187549
0.0218767
0.0254386
0.0294891
0.0340852
0.0392833
0.0451444
0.0517318
0.0591105
0.0673385
0.0764589
0.0864775
0.0972978
0.108462
0.0321023
0.0225021
0.0165353
0.0123877
0.00937087
0.00712208
0.00542155
0.00412533
0.00313254
0.00237075
0.0017862
0.00133838
0.000996267
0.000736135
0.000539253
0.000391274
0.000280835
0.00019917
0.00013936
9.60524e-05
6.51015e-05
4.32968e-05
2.81884e-05
1.79157e-05
1.10777e-05
6.63769e-06
3.83447e-06
2.12297e-06
1.11758e-06
5.5386e-07
2.54964e-07
1.07063e-07
3.99669e-08
1.27667e-08
3.2851e-09
6.13769e-10
6.79961e-11
2.74135e-12
6.32566e-15
6.7102e-18
3.14679e-13
1.79906e-11
2.28443e-10
1.46173e-09
6.30894e-09
2.10796e-08
5.88442e-08
1.43771e-07
3.17007e-07
6.44234e-07
1.22529e-06
2.20572e-06
3.79112e-06
6.26321e-06
1.00006e-05
1.5499e-05
2.34006e-05
3.45201e-05
4.98785e-05
7.07444e-05
9.86708e-05
0.000135543
0.000183632
0.000245647
0.000324815
0.000424912
0.000550386
0.000706426
0.000899011
0.00113506
0.0014225
0.0017705
0.00218928
0.0026909
0.00328831
0.00399694
0.00483338
0.00581695
0.00696869
0.00831225
0.00987456
0.0116844
0.0137742
0.0161811
0.018943
0.0221054
0.0257135
0.0298229
0.0344874
0.0397684
0.0457313
0.0524452
0.0599805
0.0684107
0.0777978
0.0881939
0.0996066
0.111909
0.124538
0.0290204
0.0199818
0.0145363
0.0108031
0.00811161
0.00612094
0.00462628
0.0034944
0.00263362
0.00197755
0.00147773
0.00109762
0.000809555
0.000592242
0.000429268
0.000307897
0.000218269
0.000152711
0.000105283
7.13916e-05
4.75223e-05
3.09778e-05
1.97196e-05
1.22189e-05
7.34053e-06
4.25437e-06
2.36473e-06
1.25104e-06
6.23836e-07
2.89449e-07
1.22774e-07
4.6448e-08
1.51108e-08
3.99117e-09
7.76437e-10
9.22567e-11
4.31867e-12
1.70219e-14
2.25969e-19
1.7768e-13
1.33514e-11
1.87977e-10
1.26968e-09
5.66478e-09
1.93571e-08
5.4912e-08
1.358e-07
3.0224e-07
6.18863e-07
1.18423e-06
2.14263e-06
3.69825e-06
6.13234e-06
9.82183e-06
1.52633e-05
2.30979e-05
3.41448e-05
4.94273e-05
7.02195e-05
9.80828e-05
0.00013491
0.000182987
0.000245052
0.000324344
0.000424677
0.000550551
0.000707182
0.000900556
0.00113775
0.0014268
0.00177677
0.00219825
0.00270317
0.00330496
0.0040189
0.00486186
0.0058534
0.00701515
0.00837093
0.00994746
0.0117752
0.0138863
0.0163179
0.0191106
0.0223089
0.0259612
0.0301211
0.0348471
0.0402025
0.046255
0.0530781
0.0607479
0.0693474
0.0789528
0.0896367
0.101458
0.114413
0.128359
0.142562
0.0264412
0.0177838
0.012787
0.00941781
0.00701433
0.00525239
0.00393946
0.00295258
0.00220752
0.00164385
0.00121763
0.00089609
0.000654391
0.000473702
0.000339474
0.000240523
0.00016824
0.000115996
7.86986e-05
5.24265e-05
3.42175e-05
2.18175e-05
1.35476e-05
8.16024e-06
4.74555e-06
2.64872e-06
1.40853e-06
7.06946e-07
3.30657e-07
1.41743e-07
5.43687e-08
1.80215e-08
4.88999e-09
9.91162e-10
1.26284e-10
6.83241e-12
4.31838e-14
8.93329e-23
9.03324e-14
9.51611e-12
1.51091e-10
1.08525e-09
5.02579e-09
1.76069e-08
5.08405e-08
1.27419e-07
2.8654e-07
5.91538e-07
1.13951e-06
2.07314e-06
3.59493e-06
5.98428e-06
9.61722e-06
1.49892e-05
2.27413e-05
3.36945e-05
4.88711e-05
6.9552e-05
9.73017e-05
0.00013403
0.000182032
0.000244053
0.000323362
0.000423816
0.0005499
0.000706927
0.000900933
0.00113896
0.00142921
0.0017809
0.00220452
0.00271241
0.00331771
0.00403626
0.00488524
0.00588391
0.00705437
0.00842076
0.0100108
0.0118537
0.0139844
0.0164385
0.0192588
0.0224896
0.0261805
0.030386
0.0351667
0.0405891
0.0467211
0.0536403
0.0614278
0.0701688
0.0799571
0.0908776
0.103008
0.116419
0.131094
0.146857
0.162693
0.024398
0.0158722
0.0112573
0.00820804
0.0060602
0.00450006
0.00334788
0.00248851
0.00184475
0.00136152
0.000999151
0.000728072
0.000526123
0.000376581
0.000266604
0.000186402
0.000128525
8.72236e-05
5.8152e-05
3.79978e-05
2.42677e-05
1.51017e-05
9.12127e-06
5.32256e-06
2.98349e-06
1.59508e-06
8.05929e-07
3.80165e-07
1.64732e-07
6.40893e-08
2.16585e-08
6.03896e-09
1.2757e-09
1.74235e-10
1.08351e-11
1.04095e-13
3.62614e-22
4.01295e-14
6.47312e-12
1.18322e-10
9.11564e-10
4.40165e-09
1.58536e-08
4.66889e-08
1.18734e-07
2.70043e-07
5.62516e-07
1.09148e-06
1.99772e-06
3.48172e-06
5.82045e-06
9.38808e-06
1.4679e-05
2.23328e-05
3.31675e-05
4.82128e-05
6.87474e-05
9.6337e-05
0.000132908
0.000180752
0.00024265
0.000321865
0.000422281
0.000548444
0.000705624
0.000900031
0.00113871
0.00142986
0.00178285
0.00220823
0.00271836
0.00332685
0.00404933
0.00490304
0.00590799
0.00708636
0.00846244
0.0100639
0.011921
0.0140686
0.0165436
0.019388
0.0226484
0.0263736
0.0306223
0.0354523
0.0409316
0.0471355
0.0541395
0.0620296
0.0708986
0.0808387
0.0919545
0.104337
0.118085
0.133257
0.14984
0.167596
0.185026
0.0231109
0.0142247
0.00992469
0.00715458
0.00523189
0.00385029
0.00283932
0.00209181
0.00153666
0.00112352
0.000816335
0.000588623
0.000420602
0.00029741
0.00020782
0.000143252
9.72452e-05
6.48738e-05
4.24339e-05
2.71465e-05
1.69288e-05
1.02532e-05
6.00416e-06
3.38064e-06
1.81723e-06
9.24458e-07
4.39867e-07
1.9273e-07
7.60813e-08
2.62203e-08
7.51615e-09
1.65499e-09
2.42096e-10
1.721e-11
2.39918e-13
7.10429e-19
1.48777e-14
4.16805e-12
8.9996e-11
7.51193e-10
3.80192e-09
1.41219e-08
4.25027e-08
1.09846e-07
2.52936e-07
5.32045e-07
1.04058e-06
1.91701e-06
3.35926e-06
5.64199e-06
9.13627e-06
1.43338e-05
2.18731e-05
3.25703e-05
4.74544e-05
6.78045e-05
9.51927e-05
0.000131544
0.000179167
0.000240841
0.00031986
0.000420106
0.000546186
0.000703395
0.000897945
0.00113695
0.00142874
0.00178258
0.00220942
0.0027214
0.00333224
0.00405798
0.00491604
0.00592652
0.00711132
0.00849601
0.0101074
0.0119773
0.0141399
0.0166334
0.0194991
0.0227861
0.0265439
0.0308285
0.035704
0.041236
0.0475031
0.0545835
0.0625643
0.0715417
0.0816154
0.0928932
0.105492
0.11951
0.135052
0.152182
0.170878
0.1908
0.209428
0.0128248
0.00876697
0.00623888
0.00451395
0.00328978
0.00240322
0.00175383
0.00127598
0.000923497
0.000663944
0.000473375
0.00033421
0.000233286
0.000160719
0.000109099
7.28182e-05
4.76812e-05
3.05467e-05
1.90903e-05
1.15941e-05
6.81357e-06
3.85319e-06
2.08299e-06
1.06714e-06
5.12279e-07
2.27003e-07
9.0953e-08
3.1975e-08
9.42465e-09
2.16323e-09
3.38509e-10
2.73513e-11
5.31621e-13
3.02125e-17
4.2688e-15
2.51334e-12
6.62205e-11
6.06132e-10
3.23478e-09
1.24355e-08
3.83372e-08
1.00846e-07
2.35379e-07
5.0043e-07
9.87235e-07
1.83161e-06
3.22863e-06
5.44984e-06
8.86281e-06
1.39567e-05
2.13657e-05
3.19044e-05
4.66007e-05
6.67304e-05
9.38729e-05
0.000129948
0.000177279
0.000238645
0.000317354
0.000417336
0.000543158
0.000700193
0.000894652
0.00113377
0.00142583
0.00178027
0.00220796
0.00272128
0.00333416
0.00406256
0.00492411
0.0059388
0.00712961
0.00852125
0.0101415
0.0120222
0.0141985
0.0167079
0.0195946
0.0229038
0.0266903
0.0310088
0.035924
0.0415042
0.0478284
0.054975
0.0630364
0.0721108
0.0823008
0.0937257
0.106493
0.120741
0.136574
0.154109
0.173412
0.194433
0.216694
0.0116709
0.00776762
0.0054456
0.00389332
0.00280753
0.00203002
0.00146656
0.00105597
0.000756089
0.000537449
0.000378594
0.000263878
0.000181619
0.00012325
8.22808e-05
5.39207e-05
3.45936e-05
2.16626e-05
1.31923e-05
7.78022e-06
4.41994e-06
2.40281e-06
1.23976e-06
6.0053e-07
2.69208e-07
1.0949e-07
3.9275e-08
1.19061e-08
2.84775e-09
4.76096e-10
4.34655e-11
1.13776e-12
3.94838e-16
8.26794e-16
1.39891e-12
4.69118e-11
4.77732e-10
2.70742e-09
1.0815e-08
3.42392e-08
9.18382e-08
2.17547e-07
4.67952e-07
9.31823e-07
1.74214e-06
3.09073e-06
5.24511e-06
8.56958e-06
1.35483e-05
2.0813e-05
3.11738e-05
4.56549e-05
6.55307e-05
9.23819e-05
0.000128128
0.000175086
0.000236069
0.000314366
0.00041393
0.000539363
0.000696009
0.000890239
0.00112916
0.0014212
0.00177589
0.00220404
0.00271835
0.00333252
0.0040628
0.00492724
0.00594564
0.00714087
0.00853856
0.0101666
0.0120571
0.0142444
0.0167688
0.019672
0.0230025
0.026814
0.0311629
0.0361141
0.0417371
0.048111
0.0553164
0.0634544
0.0726111
0.0829065
0.094452
0.107377
0.121804
0.137883
0.155738
0.175482
0.197197
0.220768
0.245491
0.0107871
0.0069121
0.00476012
0.00335842
0.00239352
0.00171161
0.00122323
0.000870907
0.000616467
0.000432909
0.000301043
0.000206919
0.000140303
9.36572e-05
6.14099e-05
3.94435e-05
2.47464e-05
1.51106e-05
8.94267e-06
5.10323e-06
2.7901e-06
1.44997e-06
7.08796e-07
3.21452e-07
1.32742e-07
4.85902e-08
1.5148e-08
3.77492e-09
6.73224e-10
6.90303e-11
2.36178e-12
2.87978e-15
8.0975e-17
7.04315e-13
3.17973e-11
3.66756e-10
2.22519e-09
9.27932e-09
3.02562e-08
8.29132e-08
1.99624e-07
4.34868e-07
8.74806e-07
1.64928e-06
2.94625e-06
5.0292e-06
8.25772e-06
1.31114e-05
2.0217e-05
3.03799e-05
4.46194e-05
6.42106e-05
9.0726e-05
0.000126085
0.000172613
0.000233112
0.000310903
0.000409929
0.00053478
0.000690926
0.000884616
0.00112316
0.00141486
0.0017694
0.00219773
0.00271242
0.00332744
0.0040592
0.00492541
0.00594675
0.00714565
0.00854832
0.0101827
0.012081
0.0142789
0.0168152
0.0197333
0.023083
0.0269156
0.0312913
0.0362744
0.0419357
0.0483558
0.0556156
0.0638131
0.0730502
0.0834357
0.0950914
0.108147
0.122738
0.139022
0.157126
0.177223
0.199426
0.223786
0.250145
0.277317
0.0103133
0.00619219
0.00417092
0.00289823
0.00203923
0.00144082
0.00101755
0.000715914
0.000500485
0.000346915
0.00023792
0.000161105
0.000107483
7.04832e-05
4.53141e-05
2.84772e-05
1.74309e-05
1.03512e-05
5.93334e-06
3.26255e-06
1.70767e-06
8.42429e-07
3.86601e-07
1.62092e-07
6.05506e-08
1.94117e-08
5.03684e-09
9.56695e-10
1.09537e-10
4.77141e-12
1.48179e-14
1.7834e-18
3.11487e-13
2.04578e-11
2.73255e-10
1.79248e-09
7.84502e-09
2.64317e-08
7.41626e-08
1.81765e-07
4.01492e-07
8.16686e-07
1.55362e-06
2.79619e-06
4.80337e-06
7.92923e-06
1.26481e-05
1.958e-05
2.95262e-05
4.34991e-05
6.2771e-05
8.89066e-05
0.00012383
0.000169858
0.000229795
0.000306973
0.000405315
0.000529487
0.000684908
0.000877878
0.00111573
0.0014068
0.00176093
0.00218887
0.00270354
0.00331896
0.00405121
0.00491879
0.00594199
0.00714407
0.00855035
0.0101899
0.0120952
0.0143011
0.0168484
0.0197796
0.023145
0.0269981
0.0313974
0.0364079
0.0421025
0.0485633
0.0558714
0.0641261
0.0734305
0.0838963
0.0956489
0.108819
0.123552
0.140006
0.158333
0.178704
0.201282
0.226185
0.253468
0.282861
0.31203
0.00560426
0.00366851
0.00250423
0.00173672
0.00121112
0.000844435
0.000586485
0.000404615
0.000276543
0.000186838
0.000124491
8.16104e-05
5.24943e-05
3.30325e-05
2.0265e-05
1.20724e-05
6.94974e-06
3.84285e-06
2.02597e-06
1.00863e-06
4.68334e-07
1.99385e-07
7.60092e-08
2.50547e-08
6.76538e-09
1.36597e-09
1.73673e-10
9.41079e-12
6.0469e-14
5.53314e-23
1.15732e-13
1.23633e-11
1.9671e-10
1.41176e-09
6.52514e-09
2.28034e-08
6.56764e-08
1.64145e-07
3.68103e-07
7.57832e-07
1.4559e-06
2.64161e-06
4.56881e-06
7.58554e-06
1.21604e-05
1.89071e-05
2.8617e-05
4.2301e-05
6.12166e-05
8.69349e-05
0.000121361
0.000166818
0.00022612
0.000302567
0.000400139
0.000523454
0.000677967
0.000870029
0.00110694
0.00139713
0.00175038
0.00217772
0.00269177
0.00330695
0.00403944
0.00490766
0.00593199
0.00713592
0.0085452
0.0101888
0.0120994
0.014312
0.0168678
0.0198101
0.0231893
0.0270584
0.0314791
0.0365155
0.0422415
0.0487357
0.0560872
0.0643938
0.0737587
0.0842962
0.0961319
0.109406
0.124265
0.140869
0.159375
0.179981
0.202858
0.228174
0.256071
0.28656
0.319168
0.00516178
0.00324471
0.00216851
0.00147943
0.00101677
0.00069918
0.000478888
0.000325636
0.00021923
0.000145754
9.5437e-05
6.13805e-05
3.86562e-05
2.37605e-05
1.41963e-05
8.20552e-06
4.56204e-06
2.42213e-06
1.21698e-06
5.71758e-07
2.47156e-07
9.61362e-08
3.2573e-08
9.1458e-09
1.95933e-09
2.75118e-10
1.81723e-11
2.09207e-13
4.82382e-20
3.35849e-14
6.91972e-12
1.3607e-10
1.08397e-09
5.33034e-09
1.9406e-08
5.75341e-08
1.46919e-07
3.34992e-07
6.98777e-07
1.35677e-06
2.48356e-06
4.3271e-06
7.22937e-06
1.16513e-05
1.81996e-05
2.76582e-05
4.10273e-05
5.95593e-05
8.48158e-05
0.000118699
0.000163532
0.000222095
0.000297723
0.000394385
0.000516707
0.000670136
0.000861062
0.00109681
0.00138582
0.00173795
0.00216413
0.00267727
0.00329174
0.00402361
0.00489174
0.00591667
0.00712146
0.0085326
0.0101789
0.0120932
0.0143115
0.0168746
0.0198266
0.0232171
0.0271011
0.031539
0.0365957
0.0423467
0.0488738
0.0562641
0.0646156
0.0740327
0.0846336
0.0965502
0.109914
0.124881
0.141608
0.16028
0.181083
0.204206
0.229844
0.258198
0.289398
0.323369
0.359259
0.00493631
0.00289582
0.00188411
0.00126149
0.000853041
0.000577682
0.000389714
0.000260915
0.000172815
0.000112905
7.25465e-05
4.56983e-05
2.8126e-05
1.6846e-05
9.77456e-06
5.46259e-06
2.92031e-06
1.48046e-06
7.03627e-07
3.08818e-07
1.22537e-07
4.26607e-08
1.24457e-08
2.82379e-09
4.35518e-10
3.44433e-11
6.39974e-13
2.71353e-17
6.67864e-15
3.51722e-12
8.97995e-11
8.08459e-10
4.26715e-09
1.62665e-08
4.98038e-08
1.30242e-07
3.02415e-07
6.3995e-07
1.25704e-06
2.32296e-06
4.07949e-06
6.862e-06
1.11228e-05
1.74603e-05
2.66499e-05
3.96818e-05
5.78015e-05
8.25559e-05
0.000115842
0.000159972
0.000217731
0.000292449
0.000388067
0.000509252
0.000661436
0.000851019
0.00108533
0.00137289
0.00172345
0.00214819
0.00265983
0.003273
0.00400398
0.00487109
0.00589564
0.00710086
0.00851258
0.0101605
0.0120779
0.0142999
0.0168681
0.0198279
0.0232274
0.0271234
0.0315757
0.0366542
0.0424267
0.0489806
0.056403
0.0647947
0.074262
0.0849177
0.0969006
0.110345
0.125408
0.142249
0.161055
0.182021
0.205354
0.231267
0.259974
0.291679
0.326486
0.36426
0.40305
0.00262221
0.00164634
0.00107785
0.000715639
0.000476507
0.00031621
0.000208156
0.000135443
8.68311e-05
5.46523e-05
3.36578e-05
2.01963e-05
1.17571e-05
6.60258e-06
3.55328e-06
1.81704e-06
8.73491e-07
3.89103e-07
1.57468e-07
5.63051e-08
1.70536e-08
4.08893e-09
6.89354e-10
6.4241e-11
1.78051e-12
8.46258e-16
6.92351e-16
1.57817e-12
5.60153e-11
5.83105e-10
3.33899e-09
1.34081e-08
4.25557e-08
1.14254e-07
2.70651e-07
5.81794e-07
1.15733e-06
2.16091e-06
3.82778e-06
6.48521e-06
1.05775e-05
1.66939e-05
2.55986e-05
3.82713e-05
5.59471e-05
8.01631e-05
0.000112802
0.000156175
0.000213043
0.00028674
0.000381212
0.000501117
0.000651865
0.000839882
0.00107255
0.00135835
0.00170711
0.00212997
0.0026398
0.00325114
0.00398029
0.00484619
0.0058695
0.00707371
0.00848535
0.0101341
0.0120526
0.0142777
0.01685
0.019815
0.0232225
0.0271275
0.0315933
0.0366845
0.0424776
0.0490573
0.0565084
0.064933
0.0744416
0.0851492
0.0971898
0.110701
0.125854
0.142794
0.161726
0.182832
0.206347
0.232486
0.261473
0.293571
0.328966
0.367745
0.409516
0.00243951
0.00145126
0.000924204
0.000600829
0.000392626
0.000255834
0.000165345
0.000105535
6.62731e-05
4.07864e-05
2.45007e-05
1.42997e-05
8.06453e-06
4.36702e-06
2.25183e-06
1.09452e-06
4.94748e-07
2.04144e-07
7.49239e-08
2.35334e-08
5.95153e-09
1.09122e-09
1.18151e-10
4.59653e-12
9.56694e-15
1.77147e-17
5.98734e-13
3.26197e-11
4.04414e-10
2.54565e-09
1.08457e-08
3.58417e-08
9.90817e-08
2.39949e-07
5.24751e-07
1.05831e-06
1.99838e-06
3.57308e-06
6.10178e-06
1.00187e-05
1.59024e-05
2.45069e-05
3.68008e-05
5.40044e-05
7.76417e-05
0.000109586
0.000152134
0.000208038
0.000280627
0.000373822
0.000492282
0.000641445
0.000827726
0.00105847
0.00134225
0.00168876
0.00210938
0.00261689
0.00322591
0.0039529
0.00481662
0.00583784
0.0070406
0.00845085
0.0100993
0.0120179
0.0142441
0.0168181
0.0197878
0.0231999
0.0271138
0.0315884
0.0366937
0.0425044
0.0491015
0.0565785
0.0650343
0.0745748
0.0853275
0.0974232
0.110995
0.126217
0.143249
0.162284
0.183526
0.20719
0.233518
0.262749
0.295154
0.330979
0.370433
0.413539
0.459314
0.0024402
0.00129761
0.000797136
0.000505458
0.00032338
0.000206501
0.000130795
8.17447e-05
5.01888e-05
3.0138e-05
1.76162e-05
9.96999e-06
5.42811e-06
2.82105e-06
1.3859e-06
6.35321e-07
2.67142e-07
1.00568e-07
3.27239e-08
8.71036e-09
1.72908e-09
2.14741e-10
1.11775e-11
6.42003e-14
1.65478e-21
1.79107e-13
1.74332e-11
2.67763e-10
1.88366e-09
8.58839e-09
2.97051e-08
8.48384e-08
2.10538e-07
4.69242e-07
9.6075e-07
1.83652e-06
3.317e-06
5.71301e-06
9.44843e-06
1.50903e-05
2.33807e-05
3.52749e-05
5.1978e-05
7.50024e-05
0.000106207
0.000147867
0.000202737
0.000274108
0.000365916
0.000482802
0.0006302
0.000814513
0.00104307
0.00132449
0.0016686
0.00208662
0.00259121
0.00319746
0.00392164
0.00478243
0.00580107
0.00700132
0.00840982
0.0100562
0.0119738
0.0141996
0.0167751
0.0197454
0.0231624
0.0270804
0.0315632
0.0366785
0.0425034
0.0491161
0.0566136
0.0650935
0.074671
0.0854605
0.0975994
0.111228
0.126512
0.143624
0.162748
0.1841
0.2079
0.234389
0.263827
0.296479
0.332657
0.372582
0.416497
0.46421
0.513007
0.0011912
0.000694095
0.000426954
0.000266536
0.000166415
0.000103074
6.29525e-05
3.77048e-05
2.20383e-05
1.25002e-05
6.83643e-06
3.57797e-06
1.77511e-06
8.24879e-07
3.5321e-07
1.36298e-07
4.58881e-08
1.28282e-08
2.74413e-09
3.8659e-10
2.58928e-11
3.13975e-13
1.78517e-19
3.7286e-14
8.34555e-12
1.67644e-10
1.34603e-09
6.63767e-09
2.41773e-08
7.16258e-08
1.82642e-07
4.15678e-07
8.65274e-07
1.6763e-06
3.06136e-06
5.3212e-06
8.86959e-06
1.42613e-05
2.22255e-05
3.37003e-05
4.98774e-05
7.22524e-05
0.000102671
0.000143387
0.000197133
0.000267201
0.000357505
0.000472682
0.00061816
0.000800287
0.00102647
0.0013053
0.00164655
0.00206145
0.002563
0.00316581
0.00388655
0.00474384
0.00575918
0.00695612
0.00836111
0.0100049
0.0119201
0.0141444
0.0167194
0.0196899
0.0231078
0.0270303
0.0315178
0.0366415
0.0424724
0.0491019
0.0566159
0.065118
0.0747204
0.0855444
0.0977219
0.111402
0.126738
0.143921
0.16313
0.184578
0.208488
0.235116
0.264739
0.297604
0.334046
0.374371
0.418828
0.467569
0.520103
0.0011635
0.000614263
0.000363058
0.000220182
0.000134014
8.09721e-05
4.82037e-05
2.80982e-05
1.5941e-05
8.74439e-06
4.6034e-06
2.30439e-06
1.08441e-06
4.72486e-07
1.86689e-07
6.49542e-08
1.90292e-08
4.36819e-09
6.9084e-10
5.76902e-11
1.24276e-12
1.50271e-16
4.17632e-15
3.45115e-12
9.79923e-11
9.23023e-10
4.98853e-09
1.92793e-08
5.95215e-08
1.56454e-07
3.64423e-07
7.72549e-07
1.5188e-06
2.80723e-06
4.92887e-06
8.2855e-06
1.34192e-05
2.10431e-05
3.20807e-05
4.77077e-05
6.94014e-05
9.89808e-05
0.000138699
0.000191261
0.000259937
0.000348613
0.000461936
0.000605305
0.000785075
0.0010086
0.00128454
0.00162256
0.0020341
0.00253205
0.00313108
0.00384765
0.00470095
0.00571184
0.00690466
0.00830605
0.00994577
0.0118572
0.0140787
0.0166516
0.019621
0.0230388
0.0269616
0.031451
0.0365798
0.042419
0.0490587
0.0565866
0.0651074
0.0747316
0.0855804
0.0977936
0.111511
0.126905
0.144142
0.16342
0.184955
0.208968
0.23572
0.265476
0.298541
0.335217
0.375829
0.42071
0.470126
0.524119
0.580948
0.000560037
0.000312344
0.000182775
0.000108
6.34537e-05
3.67212e-05
2.07694e-05
1.14009e-05
6.02547e-06
3.03897e-06
1.4464e-06
6.40535e-07
2.58868e-07
9.2927e-08
2.84638e-08
6.98184e-09
1.22816e-09
1.24526e-10
4.23613e-12
5.27121e-15
1.2674e-16
1.16412e-12
5.25377e-11
6.02419e-10
3.62848e-09
1.50158e-08
4.85874e-08
1.32144e-07
3.15831e-07
6.83187e-07
1.36495e-06
2.55644e-06
4.5379e-06
7.69885e-06
1.2567e-05
1.98408e-05
3.04255e-05
4.54784e-05
6.64531e-05
9.51606e-05
0.000133814
0.000185111
0.000252295
0.00033925
0.000450562
0.000591656
0.000768851
0.000989544
0.00126226
0.00159684
0.00200454
0.00249842
0.00309304
0.00380516
0.00465353
0.00565957
0.00684739
0.00824344
0.00987814
0.0117856
0.0140021
0.0165711
0.0195375
0.0229532
0.0268747
0.0313651
0.0364964
0.042341
0.0489857
0.0565247
0.0650579
0.0746983
0.0855722
0.0978116
0.111566
0.127002
0.144294
0.163634
0.185234
0.209345
0.236201
0.266093
0.299299
0.336177
0.377033
0.422253
0.472166
0.527008
0.586467
0.000548794
0.000274105
0.000153033
8.72914e-05
4.96789e-05
2.78477e-05
1.5231e-05
8.05876e-06
4.08561e-06
1.96341e-06
8.82284e-07
3.64095e-07
1.34616e-07
4.30135e-08
1.12276e-08
2.17793e-09
2.62246e-10
1.29406e-11
6.38647e-14
3.12502e-20
2.90256e-13
2.51876e-11
3.70119e-10
2.53913e-09
1.13809e-08
3.88595e-08
1.09841e-07
2.70235e-07
5.97777e-07
1.21584e-06
2.31036e-06
4.15042e-06
7.11267e-06
1.17094e-05
1.86223e-05
2.87385e-05
4.31938e-05
6.34254e-05
9.12096e-05
0.000128749
0.000178709
0.000244323
0.000329424
0.000438607
0.000577251
0.000751687
0.000969256
0.00123854
0.00156925
0.00197283
0.0024621
0.00305194
0.00375869
0.00460175
0.00560214
0.0067839
0.00817418
0.00980297
0.0117042
0.0139155
0.0164784
0.0194402
0.0228512
0.0267702
0.0312603
0.0363898
0.0422356
0.0488854
0.0564322
0.0649739
0.0746319
0.0855208
0.0977855
0.111569
0.127039
0.144374
0.163763
0.185438
0.209625
0.236571
0.266568
0.299919
0.336939
0.378021
0.423514
0.473787
0.529217
0.589888
0.654432
0.000250124
0.000130077
7.10102e-05
3.8931e-05
2.10505e-05
1.10893e-05
5.62958e-06
2.72358e-06
1.23892e-06
5.21023e-07
1.97992e-07
6.58053e-08
1.82027e-08
3.8632e-09
5.41939e-10
3.64117e-11
4.5325e-13
4.21146e-19
4.4187e-14
1.03914e-11
2.10867e-10
1.69607e-09
8.35446e-09
3.03569e-08
8.96626e-08
2.27895e-07
5.16899e-07
1.0723e-06
2.07047e-06
3.76874e-06
6.52976e-06
1.08503e-05
1.73934e-05
2.7026e-05
4.08638e-05
6.0316e-05
8.71444e-05
0.000123514
0.00017207
0.000236011
0.000319157
0.000426065
0.000562107
0.000733561
0.000947789
0.00121328
0.00153987
0.00193888
0.00242319
0.00300754
0.00370866
0.00454536
0.00553928
0.00671431
0.00809777
0.00971957
0.0116136
0.0138179
0.0163742
0.0193288
0.0227353
0.0266496
0.0311342
0.0362606
0.0421079
0.0487574
0.0563057
0.0648557
0.0745216
0.0854279
0.0977049
0.111512
0.127012
0.144385
0.163825
0.185554
0.209799
0.23683
0.266926
0.300396
0.337568
0.378825
0.424523
0.475098
0.530961
0.592377
0.659196
0.000254224
0.000113703
5.84612e-05
3.06405e-05
1.58924e-05
8.02149e-06
3.88716e-06
1.78352e-06
7.61951e-07
2.96734e-07
1.02267e-07
2.98475e-08
6.87831e-09
1.10585e-09
9.63505e-11
2.34144e-12
6.03882e-16
2.60814e-15
3.46903e-12
1.09044e-10
1.07022e-09
5.90374e-09
2.30722e-08
7.16766e-08
1.89041e-07
4.41016e-07
9.35315e-07
1.83825e-06
3.39492e-06
5.95357e-06
9.99362e-06
1.61593e-05
2.52968e-05
3.84963e-05
5.71433e-05
8.29743e-05
0.00011812
0.00016521
0.000227389
0.000308474
0.000412982
0.000546228
0.000714519
0.000925166
0.00118661
0.00150871
0.00190279
0.00238163
0.00296005
0.00365493
0.00448478
0.0054716
0.00663875
0.00801416
0.00962794
0.0115137
0.0137096
0.0162578
0.0192046
0.0226026
0.0265086
0.0309881
0.0361098
0.0419521
0.0486014
0.0561491
0.0647022
0.0743717
0.0852855
0.0975815
0.111406
0.126931
0.144333
0.163811
0.185586
0.209892
0.236997
0.267171
0.300739
0.338045
0.379432
0.425334
0.476164
0.532336
0.594293
0.662211
0.734411
0.000105457
4.92122e-05
2.43424e-05
1.20193e-05
5.77575e-06
2.6548e-06
1.14655e-06
4.55689e-07
1.62189e-07
4.97034e-08
1.23462e-08
2.24168e-09
2.43638e-10
9.83473e-12
2.48754e-14
1.15058e-17
8.4112e-13
4.95829e-11
6.28788e-10
3.98408e-09
1.6974e-08
5.59222e-08
1.5387e-07
3.70604e-07
8.05717e-07
1.61514e-06
3.03116e-06
5.38664e-06
9.14331e-06
1.49256e-05
2.35557e-05
3.60993e-05
5.39165e-05
7.87073e-05
0.000112585
0.000158125
0.000218472
0.000297377
0.000399336
0.000529656
0.000694554
0.00090136
0.00115853
0.00147578
0.00186443
0.00233745
0.00290943
0.00359718
0.00441974
0.00539831
0.00655752
0.00792379
0.00952812
0.011404
0.0135904
0.0161289
0.0190653
0.0224543
0.0263523
0.0308235
0.0359369
0.0417729
0.0484148
0.0559613
0.0645107
0.0741851
0.0851063
0.0974072
0.111247
0.126789
0.144213
0.163728
0.185534
0.209893
0.237054
0.2673
0.300965
0.338368
0.379898
0.425947
0.476955
0.533439
0.595745
0.664377
0.739003
0.000130352
4.32915e-05
1.97083e-05
9.15321e-06
4.15343e-06
1.79587e-06
7.2345e-07
2.64403e-07
8.45883e-08
2.24708e-08
4.54624e-09
5.97307e-10
3.5889e-11
3.3513e-13
1.30769e-21
1.19345e-13
1.88605e-11
3.37003e-10
2.53967e-09
1.20082e-08
4.23941e-08
1.22513e-07
3.06025e-07
6.84241e-07
1.40236e-06
2.67945e-06
4.83247e-06
8.30427e-06
1.36975e-05
2.18102e-05
3.36826e-05
5.06427e-05
7.43623e-05
0.000106914
0.000150852
0.000209271
0.000285898
0.00038519
0.000512392
0.000673727
0.000876433
0.00112899
0.00144108
0.00182403
0.00229062
0.0028557
0.00353591
0.00435032
0.00532008
0.00646968
0.00782621
0.00942003
0.0112857
0.0134605
0.0159871
0.0189129
0.0222905
0.0261763
0.0306366
0.03574
0.0415663
0.0482016
0.0557406
0.0642869
0.0739555
0.0848801
0.0971869
0.111036
0.126587
0.144036
0.16357
0.185416
0.209807
0.237018
0.267333
0.301061
0.338556
0.380196
0.426376
0.477569
0.534268
0.596916
0.666
0.741745
0.819714
4.26512e-05
1.65507e-05
7.08183e-06
2.99728e-06
1.20702e-06
4.48491e-07
1.4854e-07
4.18251e-08
9.30471e-09
1.43885e-09
1.19006e-10
2.61963e-12
4.13541e-16
5.77721e-15
5.51399e-12
1.59801e-10
1.50627e-09
8.09677e-09
3.10503e-08
9.50418e-08
2.47607e-07
5.71624e-07
1.20135e-06
2.34196e-06
4.29377e-06
7.48031e-06
1.24801e-05
2.0068e-05
3.1254e-05
4.73334e-05
6.99434e-05
0.00010113
0.000143397
0.000199802
0.000274039
0.000370515
0.000494444
0.000652009
0.000850386
0.00109808
0.00140462
0.00178145
0.00224119
0.00279884
0.00347066
0.00427618
0.00523644
0.0063759
0.00772137
0.00930368
0.0111571
0.0133195
0.0158328
0.0187459
0.0221101
0.0259827
0.0304284
0.0355218
0.0413348
0.0479589
0.0554897
0.0640264
0.0736932
0.0846113
0.0969159
0.110771
0.126331
0.143786
0.163344
0.185213
0.209639
0.236893
0.267259
0.301053
0.338626
0.380356
0.426661
0.477995
0.534853
0.597743
0.667205
0.743606
0.826301
1.51145e-05
5.66337e-06
2.19167e-06
8.1035e-07
2.73804e-07
8.06908e-08
1.94557e-08
3.45671e-09
3.70815e-10
1.49995e-11
4.04516e-14
1.02408e-17
1.05515e-12
6.3872e-11
8.13033e-10
5.13987e-09
2.18033e-08
7.14631e-08
1.95575e-07
4.68505e-07
1.01322e-06
2.02071e-06
3.77389e-06
6.67532e-06
1.12807e-05
1.83362e-05
2.88212e-05
4.39997e-05
6.54733e-05
9.52435e-05
0.000135778
0.000190097
0.000261831
0.000355344
0.000475829
0.000629426
0.000823272
0.00106572
0.00136647
0.00173669
0.00218926
0.00273869
0.00340184
0.00419763
0.00514755
0.00627565
0.00760904
0.00917879
0.011019
0.0131677
0.0156668
0.0185646
0.0219129
0.0257704
0.0302017
0.0352787
0.041078
0.0476878
0.055205
0.0637322
0.0733884
0.0842962
0.0965996
0.110451
0.126018
0.143481
0.163043
0.18493
0.209387
0.236669
0.267077
0.300927
0.338559
0.380381
0.426782
0.478241
0.535267
0.598359
0.668089
0.744976
0.829071
4.86993e-06
1.65241e-06
5.48851e-07
1.6545e-07
4.23947e-08
8.44393e-09
1.11967e-09
7.11915e-11
8.2319e-13
4.36127e-19
9.16806e-14
1.9807e-11
3.86143e-10
3.01808e-09
1.45228e-08
5.17214e-08
1.50072e-07
3.75375e-07
8.39085e-07
1.71758e-06
3.27564e-06
5.89439e-06
1.0104e-05
1.66218e-05
2.63961e-05
4.06543e-05
6.09573e-05
8.92678e-05
0.000128011
0.00018015
0.000249284
0.000339736
0.000456606
0.000606008
0.000795047
0.00103199
0.00132651
0.00168975
0.00213458
0.00267539
0.00332918
0.00411445
0.00505307
0.0061692
0.00749004
0.00904578
0.0108709
0.0130043
0.0154871
0.018368
0.0216996
0.0255394
0.0299527
0.0350122
0.0407944
0.0473874
0.0548884
0.0634024
0.0730429
0.0839395
0.096234
0.110079
0.12564
0.143104
0.162677
0.184573
0.20905
0.236358
0.2668
0.300695
0.338387
0.380275
0.426752
0.478325
0.535453
0.598717
0.668683
0.745932
0.830772
5.31245e-06
1.33554e-06
3.82531e-07
1.00117e-07
2.16302e-08
3.38946e-09
3.03697e-10
8.62318e-12
5.98695e-15
1.11229e-15
4.06539e-12
1.52726e-10
1.5962e-09
9.03752e-09
3.56846e-08
1.11139e-07
2.92636e-07
6.79951e-07
1.4344e-06
2.80195e-06
5.1412e-06
8.95598e-06
1.49336e-05
2.39876e-05
3.73073e-05
5.64135e-05
8.32242e-05
0.000120112
0.000169997
0.000236433
0.000323666
0.000436764
0.000581753
0.000765726
0.000996887
0.00128486
0.00164073
0.00207717
0.00260891
0.00325244
0.00402683
0.0049533
0.00605637
0.0073629
0.0089037
0.0107131
0.0128289
0.0152946
0.0181577
0.0214697
0.025289
0.0296828
0.0347219
0.0404834
0.0470577
0.0545392
0.0630334
0.0726561
0.083538
0.0958177
0.109651
0.125203
0.142668
0.162233
0.184146
0.208624
0.235947
0.266411
0.300338
0.338074
0.380027
0.426582
0.478236
0.535472
0.598894
0.669049
0.746544
0.83192
0.924011
1.31554e-06
2.86283e-07
6.20893e-08
1.08435e-08
1.25136e-09
6.49287e-11
4.57809e-13
3.7344e-36
3.82354e-13
4.55571e-11
7.28549e-10
5.13525e-09
2.31455e-08
7.87113e-08
2.2056e-07
5.36671e-07
1.17286e-06
2.35574e-06
4.42037e-06
7.84273e-06
1.32781e-05
2.16045e-05
3.39706e-05
5.18535e-05
7.7123e-05
0.000112102
0.000159658
0.000223271
0.000307147
0.000416302
0.000556715
0.000735355
0.000960401
0.00124147
0.00158949
0.00201723
0.00253918
0.00317192
0.00393441
0.00484801
0.005937
0.00722843
0.00875285
0.0105448
0.0126421
0.0150886
0.0179307
0.0212209
0.0250196
0.0293909
0.0344069
0.0401456
0.0466966
0.0541532
0.0626259
0.0722286
0.0830877
0.095349
0.109168
0.12471
0.142161
0.161726
0.18363
0.208109
0.23545
0.265928
0.299889
0.337673
0.379656
0.426277
0.478005
0.535356
0.598852
0.669188
0.746895
0.832573
0.926051
2.61568e-07
4.15913e-08
5.50041e-09
4.26417e-10
9.95655e-12
3.42815e-15
4.88057e-15
8.36298e-12
2.66291e-10
2.56785e-09
1.38176e-08
5.26023e-08
1.59276e-07
4.0993e-07
9.34557e-07
1.93977e-06
3.73608e-06
6.77054e-06
1.16649e-05
1.9258e-05
3.06575e-05
4.72922e-05
7.09801e-05
0.000103992
0.00014914
0.000209841
0.000290225
0.000395269
0.000530853
0.00070391
0.000922578
0.00119633
0.00153608
0.00195448
0.00246609
0.00308731
0.00383716
0.00473701
0.00581071
0.00708574
0.00859289
0.0103659
0.0124436
0.0148689
0.0176884
0.0209559
0.0247301
0.0290757
0.0340651
0.0397798
0.0463039
0.0537335
0.0621799
0.0717568
0.0825956
0.0948327
0.108628
0.124148
0.141586
0.161144
0.183033
0.207522
0.234858
0.265353
0.299329
0.337129
0.379146
0.425799
0.477629
0.535019
0.598667
0.669103
0.746987
0.832908
0.927086
3.51201e-08
3.04075e-09
1.38441e-10
9.39078e-13
2.81289e-25
5.5349e-13
6.7157e-11
1.05938e-09
7.33569e-09
3.24929e-08
1.08733e-07
3.00245e-07
7.20916e-07
1.55664e-06
3.09247e-06
5.74532e-06
1.01009e-05
1.69583e-05
2.73793e-05
4.27446e-05
6.4815e-05
9.58074e-05
0.000138457
0.000196135
0.000272916
0.000373653
0.000504194
0.000671398
0.000883319
0.00114933
0.00148038
0.00188895
0.00238959
0.00299869
0.003735
0.00461998
0.00567764
0.00693522
0.0084232
0.0101762
0.0122321
0.0146335
0.0174293
0.0206709
0.0244189
0.0287372
0.0336981
0.0393818
0.045878
0.0532776
0.0616927
0.0712433
0.08205
0.0942618
0.108029
0.123526
0.140941
0.160478
0.18235
0.206828
0.234168
0.264665
0.298642
0.336464
0.378516
0.425221
0.477055
0.534568
0.598256
0.668788
0.746816
0.83296
0.927589
2.29452e-09
4.84823e-11
4.24982e-14
1.19659e-15
8.10324e-12
3.16682e-10
3.25565e-09
1.79239e-08
6.86947e-08
2.0793e-07
5.3315e-07
1.20896e-06
2.49399e-06
4.77311e-06
8.59495e-06
1.4716e-05
2.41496e-05
3.82246e-05
5.86409e-05
8.75554e-05
0.000127644
0.000182192
0.000255194
0.00035147
0.000476748
0.000637819
0.000842675
0.00110061
0.00142239
0.00182063
0.0023096
0.00290573
0.00362779
0.00449696
0.00553746
0.00677627
0.00824405
0.0099749
0.0120075
0.0143844
0.0171534
0.0203676
0.0240856
0.0283744
0.0333039
0.0389545
0.0454153
0.0527834
0.061165
0.0706804
0.0814563
0.0936322
0.107367
0.122841
0.140221
0.159733
0.181593
0.206054
0.233376
0.263868
0.297847
0.335678
0.377751
0.424459
0.476364
0.533913
0.597677
0.668308
0.746435
0.832729
0.927595
2.88186e-11
7.27542e-16
1.16903e-13
4.95729e-11
1.06141e-09
8.27464e-09
3.87078e-08
1.33054e-07
3.72265e-07
8.99057e-07
1.94452e-06
3.86018e-06
7.15542e-06
1.25417e-05
2.09816e-05
3.37457e-05
5.2477e-05
7.92603e-05
0.000116698
0.000168013
0.000237111
0.000328724
0.000448507
0.00060315
0.000800574
0.00104997
0.00136211
0.00174931
0.00222596
0.00280841
0.00351515
0.00436745
0.00538951
0.00660836
0.00805465
0.00976185
0.0117689
0.0141188
0.0168595
0.020044
0.0237301
0.0279844
0.0328803
0.038495
0.0449196
0.0522489
0.0605938
0.0700687
0.0808059
0.092947
0.106644
0.122078
0.139429
0.158906
0.18074
0.205173
0.232475
0.262962
0.296924
0.334756
0.376831
0.423579
0.475487
0.533077
0.59689
0.667579
0.745804
0.832203
0.927242
5.2306e-17
1.07614e-12
1.78033e-10
2.76155e-09
1.80634e-08
7.54041e-08
2.39032e-07
6.29134e-07
1.44816e-06
3.01265e-06
5.79083e-06
1.04461e-05
1.78872e-05
2.93251e-05
4.63356e-05
7.09323e-05
0.000105646
0.000153607
0.000218646
0.000305411
0.00041945
0.000567384
0.000756998
0.00099742
0.00129928
0.00167494
0.00213855
0.00270631
0.00339694
0.00423161
0.00523393
0.00643129
0.00785389
0.00953617
0.0115164
0.0138376
0.016547
0.0196987
0.02335
0.027568
0.0324257
0.0380014
0.0443845
0.0516738
0.0599759
0.069408
0.0801007
0.0921981
0.105854
0.121246
0.138559
0.157996
0.179791
0.204193
0.231467
0.261921
0.295877
0.333687
0.375753
0.422528
0.474437
0.532047
0.595892
0.666635
0.744909
0.831398
0.9264
1.83067e-12
4.06481e-10
5.75679e-09
3.44415e-08
1.33904e-07
4.01155e-07
1.00881e-06
2.23667e-06
4.50929e-06
8.43955e-06
1.48789e-05
2.49737e-05
4.02305e-05
6.25851e-05
9.44856e-05
0.000138977
0.000199806
0.000281507
0.000389546
0.000530423
0.000711855
0.000942838
0.00123392
0.00159733
0.00204708
0.00259945
0.00327294
0.00408845
0.00506982
0.00624438
0.00764187
0.00929745
0.0112482
0.0135384
0.0162141
0.0193306
0.0229446
0.027124
0.0319399
0.0374719
0.0438104
0.051054
0.0593074
0.0686915
0.0793366
0.0913827
0.104993
0.120335
0.1376
0.156991
0.178743
0.203103
0.230347
0.260763
0.294696
0.332488
0.374544
0.421296
0.473216
0.530831
0.59469
0.665457
0.743738
0.830224
0.92512
4.24951e-10
9.24605e-09
5.69945e-08
2.16788e-07
6.30016e-07
1.53777e-06
3.31843e-06
6.53106e-06
1.19661e-05
2.07015e-05
3.4169e-05
5.42227e-05
8.32214e-05
0.000124118
0.000180559
0.000256976
0.00035874
0.000492219
0.000665005
0.000886077
0.00116575
0.00151622
0.00195136
0.0024873
0.00314241
0.00393757
0.00489685
0.0060468
0.00741771
0.00904431
0.0109637
0.0132203
0.01586
0.0189382
0.0225114
0.0266479
0.0314186
0.0369031
0.0431937
0.0503855
0.0585871
0.0679185
0.0785066
0.0905011
0.104049
0.119338
0.136553
0.15589
0.177593
0.201899
0.229094
0.259477
0.293367
0.33112
0.37316
0.419869
0.47179
0.529402
0.593261
0.664026
0.742324
0.828741
0.923171
7.08788e-09
7.66492e-08
3.13977e-07
9.19652e-07
2.223e-06
4.72576e-06
9.15305e-06
1.65103e-05
2.81478e-05
4.58318e-05
7.18307e-05
0.000108993
0.000160859
0.000231751
0.000326911
0.000452631
0.00061635
0.000826875
0.00109448
0.00143118
0.00185085
0.00236933
0.00300506
0.00377858
0.00471392
0.00583767
0.00718013
0.00877531
0.0106614
0.0128813
0.015483
0.0185186
0.0220484
0.0261379
0.0308596
0.0362939
0.04253
0.049665
0.0578105
0.0670792
0.0776091
0.0895368
0.103027
0.118252
0.135401
0.154682
0.176318
0.200572
0.227713
0.25803
0.291873
0.329573
0.371586
0.418286
0.47014
0.527721
0.591559
0.662309
0.740509
0.826697
0.919841
3.70277e-07
1.21303e-06
3.01247e-06
6.42528e-06
1.2379e-05
2.21376e-05
3.73749e-05
6.02547e-05
9.35206e-05
0.000140593
0.000205682
0.000293908
0.000411407
0.000565538
0.000764947
0.00101978
0.00134189
0.00174497
0.00224485
0.00285976
0.00361022
0.00451997
0.00561576
0.00692739
0.00848917
0.0103392
0.0125198
0.0150791
0.0180706
0.0215521
0.0255906
0.030259
0.0356368
0.0418136
0.0488888
0.0569672
0.0661716
0.0766336
0.0884928
0.101913
0.117069
0.134144
0.153351
0.174916
0.19909
0.226164
0.256416
0.290195
0.32786
0.369794
0.416428
0.468232
0.525765
0.589554
0.660182
0.738223
0.823984
1.22947e-06
3.67074e-06
8.20059e-06
1.60234e-05
2.87173e-05
4.8339e-05
7.75162e-05
0.000119549
0.000178517
0.000259401
0.000368224
0.000512139
0.000699716
0.000940913
0.00124745
0.00163289
0.00211295
0.00270556
0.00343134
0.00431365
0.00537905
0.00665778
0.00818376
0.00999476
0.012133
0.0146472
0.0175893
0.0210191
0.0250026
0.0296127
0.0349283
0.0410419
0.048048
0.0560557
0.0651864
0.0755729
0.0873572
0.100697
0.115768
0.132758
0.151885
0.17337
0.197471
0.224449
0.254636
0.28832
0.325899
0.367751
0.414313
0.466068
0.523505
0.587168
0.657616
0.735313
0.819881
9.15664e-06
1.93457e-05
3.56003e-05
6.0488e-05
9.71945e-05
0.00014967
0.00022275
0.000322299
0.000455356
0.000630269
0.000856873
0.00114675
0.00151333
0.00197197
0.00254067
0.00323981
0.00409275
0.0051257
0.0063686
0.00785545
0.00962369
0.0117168
0.0141817
0.0170709
0.0204442
0.0243676
0.0289129
0.0341617
0.0402035
0.0471343
0.0550635
0.0641155
0.0744159
0.0861142
0.0993661
0.114343
0.13124
0.150269
0.171665
0.195657
0.22254
0.252624
0.286219
0.323688
0.365437
0.41189
0.463488
0.520784
0.584245
0.654409
0.731327
1.78777e-05
4.03069e-05
7.18119e-05
0.000117559
0.000182397
0.000272077
0.00039349
0.000554827
0.000765761
0.00103769
0.00138379
0.00181949
0.0023624
0.00303264
0.00385358
0.00485126
0.0060557
0.00750021
0.00922258
0.0112655
0.0136766
0.0165083
0.0198201
0.0236765
0.0281513
0.0333259
0.0392895
0.046138
0.0539825
0.0629401
0.0731464
0.0847457
0.0978952
0.112767
0.12956
0.148475
0.169757
0.193636
0.220398
0.250355
0.283817
0.321167
0.362773
0.409061
0.460492
0.517533
0.580634
0.650061
0.723832
7.14257e-05
0.000132166
0.000212611
0.000322133
0.000469181
0.000663398
0.000916015
0.00124011
0.00165086
0.00216573
0.0028047
0.00359089
0.00455026
0.00571253
0.00711081
0.00878307
0.0107714
0.0131234
0.0158912
0.0191347
0.0229182
0.0273166
0.0324075
0.0382835
0.0450391
0.0527876
0.0616445
0.0717458
0.0832318
0.0962645
0.111018
0.127686
0.146471
0.167611
0.191351
0.217978
0.247777
0.281073
0.318238
0.359645
0.405703
0.456831
0.513445
0.575759
0.642592
0.000208414
0.00035607
0.000536451
0.00077019
0.00107151
0.0014558
0.00194055
0.0025457
0.00329409
0.00421153
0.00532757
0.00667521
0.00829221
0.0102202
0.012507
0.0152049
0.0183729
0.0220747
0.0263865
0.0313858
0.0371632
0.0438159
0.0514539
0.0601935
0.0701757
0.0815338
0.0944317
0.109044
0.125565
0.144196
0.165175
0.188743
0.21518
0.244773
0.277855
0.314764
0.355869
0.40154
0.452102
0.507696
0.566508
0.000826223
0.00119773
0.00165662
0.00222859
0.00293781
0.0038107
0.00487674
0.00616912
0.00772519
0.00958675
0.0118011
0.0144208
0.0175037
0.0211165
0.0253295
0.030225
0.0358897
0.0424246
0.0499359
0.0585458
0.0683816
0.0795926
0.0923291
0.106775
0.123112
0.141552
0.162325
0.185672
0.211861
0.241181
0.273936
0.310446
0.351007
0.395864
0.444833
0.00240308
0.00325954
0.00428605
0.00552607
0.00702009
0.00881136
0.0109468
0.01348
0.0164687
0.0199783
0.0240808
0.0288572
0.034395
0.0407911
0.0481546
0.0566054
0.0662738
0.0773001
0.0898417
0.104075
0.120183
0.138372
0.158858
0.181892
0.207705
0.236572
0.268747
0.304417
0.343476
0.00576072
0.00762283
0.00972517
0.0121895
0.0150881
0.0184906
0.0224716
0.0271113
0.0324984
0.038731
0.0459152
0.0541692
0.0636201
0.0744098
0.0866909
0.100631
0.116409
0.134212
0.154242
0.176693
0.201729
0.229412
0.258961
0.0238617
0.0292848
0.0353997
0.0423893
0.0503868
0.059522
0.0699217
0.0817194
0.0950346
0.109941
0.126288
===============================================================================
test cases: 1 | 1 passed
assertions: - none -

<end of output>
Test time =   0.34 sec
----------------------------------------------------------
Test Passed.
"tests" end time: Aug 28 20:49 CEST
"tests" time elapsed: 00:00:00
----------------------------------------------------------

End testing: Aug 28 20:49 CEST
