Start testing: Aug 25 18:44 CEST
----------------------------------------------------------
1/1 Testing: tests
1/1 Test: tests
Command: "/home/hans/Desktop/Raytracer/build/build/Debug/tests"
Directory: /home/hans/Desktop/Raytracer/build
"tests" start time: Aug 25 18:44 CEST
Output:
----------------------------------------------------------
Material added
Sphere added
Cam added
Light added
===============================================================================
All tests passed (4 assertions in 1 test case)

<end of output>
Test time =   0.42 sec
----------------------------------------------------------
Test Passed.
"tests" end time: Aug 25 18:44 CEST
"tests" time elapsed: 00:00:00
----------------------------------------------------------

End testing: Aug 25 18:44 CEST
