Start testing: Aug 29 14:06 CEST
----------------------------------------------------------
1/1 Testing: tests
1/1 Test: tests
Command: "/home/hans/Desktop/Raytracer/build/build/Release/tests"
Directory: /home/hans/Desktop/Raytracer/build
"tests" start time: Aug 29 14:06 CEST
Output:
----------------------------------------------------------
red added
green added
blue added
white added
s1 added
s2 added
eye added
spot1 added
ambi added
===============================================================================
test cases: 1 | 1 passed
assertions: - none -

<end of output>
Test time =   0.50 sec
----------------------------------------------------------
Test Passed.
"tests" end time: Aug 29 14:06 CEST
"tests" time elapsed: 00:00:00
----------------------------------------------------------

End testing: Aug 29 14:06 CEST
