Start testing: Aug 24 15:44 CEST
----------------------------------------------------------
1/1 Testing: tests
1/1 Test: tests
Command: "/home/hans/Desktop/Raytracer/build/build/Release/tests"
Directory: /home/hans/Desktop/Raytracer/build
"tests" start time: Aug 24 15:44 CEST
Output:
----------------------------------------------------------
hi1
true0xf66878
===============================================================================
All tests passed (1 assertion in 1 test case)

<end of output>
Test time =   0.00 sec
----------------------------------------------------------
Test Passed.
"tests" end time: Aug 24 15:44 CEST
"tests" time elapsed: 00:00:00
----------------------------------------------------------

End testing: Aug 24 15:44 CEST
