Start testing: Sep 01 03:02 CEST
----------------------------------------------------------
1/1 Testing: tests
1/1 Test: tests
Command: "/home/freddy/Dokumente/Studium/Prog/Raytracer/build/build/Release/tests"
Directory: /home/freddy/Dokumente/Studium/Prog/Raytracer/build
"tests" start time: Sep 01 03:02 CEST
Output:
----------------------------------------------------------
white added
white2 added
glas added
green added
mirror added
s1 added
s2 added
s3 added
s4 added
s5 added
s6 added
s7 added
s8 added
glas added
mirror added
mirror2 added
floor added
lwall added
bwall added
greenSpheres added
shapes added
root added
spot1 added
spot2 added
ambi added
eye added
test
===============================================================================
test cases: 1 | 1 passed
assertions: - none -

<end of output>
Test time =  21.56 sec
----------------------------------------------------------
Test Passed.
"tests" end time: Sep 01 03:02 CEST
"tests" time elapsed: 00:00:21
----------------------------------------------------------

End testing: Sep 01 03:02 CEST
