Start testing: Aug 27 12:17 CEST
----------------------------------------------------------
1/1 Testing: tests
1/1 Test: tests
Command: "/home/freddy/Dokumente/Studium/Prog/Raytracer/build/build/Release/tests"
Directory: /home/freddy/Dokumente/Studium/Prog/Raytracer/build
"tests" start time: Aug 27 12:17 CEST
Output:
----------------------------------------------------------
red added
green added
blue added
white added
box1 added
eye added
spot1 added
ambi added
===============================================================================
test cases: 1 | 1 passed
assertions: - none -

<end of output>
Test time =   0.35 sec
----------------------------------------------------------
Test Passed.
"tests" end time: Aug 27 12:17 CEST
"tests" time elapsed: 00:00:00
----------------------------------------------------------

End testing: Aug 27 12:17 CEST
