Start testing: Aug 27 15:02 CEST
----------------------------------------------------------
1/1 Testing: tests
1/1 Test: tests
Command: "/home/freddy/Dokumente/Studium/Prog/Raytracer/build/build/Release/tests"
Directory: /home/freddy/Dokumente/Studium/Prog/Raytracer/build
"tests" start time: Aug 27 15:02 CEST
Output:
----------------------------------------------------------
red added
green added
blue added
white added
box1 added
sphere1 added
eye added
spot1 added
spot2 added
ambi added
test1
test2
test3
<end of output>
Test time =   0.26 sec
----------------------------------------------------------
Test Failed.
"tests" end time: Aug 27 15:02 CEST
"tests" time elapsed: 00:00:00
----------------------------------------------------------

End testing: Aug 27 15:02 CEST
