Start testing: Aug 28 19:57 CEST
----------------------------------------------------------
1/1 Testing: tests
1/1 Test: tests
Command: "/home/freddy/Dokumente/Studium/Prog/Raytracer/build/build/Release/tests"
Directory: /home/freddy/Dokumente/Studium/Prog/Raytracer/build
"tests" start time: Aug 28 19:57 CEST
Output:
----------------------------------------------------------
red added
green added
blue added
white added
s1 added
eye added
spot1 added
ambi added
2.35782e-05
2.27807e-05
2.23349e-05
2.21008e-05
2.20283e-05
2.21008e-05
2.23349e-05
2.27807e-05
2.35782e-05
2.1902e-05
1.89531e-05
1.78893e-05
1.71999e-05
1.67001e-05
1.63257e-05
1.60425e-05
1.58283e-05
1.56707e-05
1.55634e-05
1.55004e-05
1.54794e-05
1.55004e-05
1.55634e-05
1.56707e-05
1.58283e-05
1.60425e-05
1.63257e-05
1.67001e-05
1.71999e-05
1.78893e-05
1.89531e-05
2.1902e-05
1.61952e-05
1.4939e-05
1.4172e-05
1.36244e-05
1.32053e-05
1.28762e-05
1.26124e-05
1.23983e-05
1.22268e-05
1.20904e-05
1.19833e-05
1.19024e-05
1.18467e-05
1.18147e-05
1.18038e-05
1.18147e-05
1.18467e-05
1.19024e-05
1.19833e-05
1.20904e-05
1.22268e-05
1.23983e-05
1.26124e-05
1.28762e-05
1.32053e-05
1.36244e-05
1.4172e-05
1.4939e-05
1.61952e-05
1.37787e-05
1.25073e-05
1.17616e-05
1.12324e-05
1.08311e-05
1.05116e-05
1.0252e-05
1.0039e-05
9.86285e-06
9.71651e-06
9.59321e-06
9.49348e-06
9.41208e-06
9.3481e-06
9.29758e-06
9.26525e-06
9.24555e-06
9.2384e-06
9.24555e-06
9.26525e-06
9.29758e-06
9.3481e-06
9.41208e-06
9.49348e-06
9.59321e-06
9.71651e-06
9.86285e-06
1.0039e-05
1.0252e-05
1.05116e-05
1.08311e-05
1.12324e-05
1.17616e-05
1.25073e-05
1.37787e-05
1.10006e-05
1.01161e-05
9.54045e-06
9.11718e-06
8.78888e-06
8.52255e-06
8.30476e-06
8.12274e-06
7.9709e-06
7.84159e-06
7.73231e-06
7.63933e-06
7.56136e-06
7.49724e-06
7.44445e-06
7.40242e-06
7.37096e-06
7.34924e-06
7.33538e-06
7.33077e-06
7.33538e-06
7.34924e-06
7.37096e-06
7.40242e-06
7.44445e-06
7.49724e-06
7.56136e-06
7.63933e-06
7.73231e-06
7.84159e-06
7.9709e-06
8.12274e-06
8.30476e-06
8.52255e-06
8.78888e-06
9.11718e-06
9.54045e-06
1.01161e-05
1.10006e-05
1.08584e-05
9.11586e-06
8.37133e-06
7.87734e-06
7.51322e-06
7.2272e-06
6.99594e-06
6.80559e-06
6.64545e-06
6.51046e-06
6.39398e-06
6.29479e-06
6.21065e-06
6.13863e-06
6.07684e-06
6.02412e-06
5.98054e-06
5.94446e-06
5.91575e-06
5.89403e-06
5.87836e-06
5.86869e-06
5.86642e-06
5.86869e-06
5.87836e-06
5.89403e-06
5.91575e-06
5.94446e-06
5.98054e-06
6.02412e-06
6.07684e-06
6.13863e-06
6.21065e-06
6.29479e-06
6.39398e-06
6.51046e-06
6.64545e-06
6.80559e-06
6.99594e-06
7.2272e-06
7.51322e-06
7.87734e-06
8.37133e-06
9.11586e-06
1.08584e-05
7.75142e-06
7.04998e-06
6.59833e-06
6.26621e-06
6.0081e-06
5.80006e-06
5.62775e-06
5.4836e-06
5.36076e-06
5.25693e-06
5.1661e-06
5.08815e-06
5.02134e-06
4.96309e-06
4.91241e-06
4.86978e-06
4.83314e-06
4.80211e-06
4.7773e-06
4.75699e-06
4.74112e-06
4.73057e-06
4.7237e-06
4.72142e-06
4.7237e-06
4.73057e-06
4.74112e-06
4.75699e-06
4.7773e-06
4.80211e-06
4.83314e-06
4.86978e-06
4.91241e-06
4.96309e-06
5.02134e-06
5.08815e-06
5.1661e-06
5.25693e-06
5.36076e-06
5.4836e-06
5.62775e-06
5.80006e-06
6.0081e-06
6.26621e-06
6.59833e-06
7.04998e-06
7.75142e-06
6.77896e-06
6.04398e-06
5.60085e-06
5.28602e-06
5.04351e-06
4.85048e-06
4.69065e-06
4.55877e-06
4.44562e-06
4.3498e-06
4.26656e-06
4.19485e-06
4.13195e-06
4.07807e-06
4.03017e-06
3.98938e-06
3.95361e-06
3.92271e-06
3.8962e-06
3.87419e-06
3.85603e-06
3.8413e-06
3.83016e-06
3.82219e-06
3.81756e-06
3.8159e-06
3.81756e-06
3.82219e-06
3.83016e-06
3.8413e-06
3.85603e-06
3.87419e-06
3.8962e-06
3.92271e-06
3.95361e-06
3.98938e-06
4.03017e-06
4.07807e-06
4.13195e-06
4.19485e-06
4.26656e-06
4.3498e-06
4.44562e-06
4.55877e-06
4.69065e-06
4.85048e-06
5.04351e-06
5.28602e-06
5.60085e-06
6.04398e-06
6.77896e-06
6.23384e-06
5.29345e-06
4.82612e-06
4.51046e-06
4.27545e-06
4.09014e-06
3.94042e-06
3.8159e-06
3.71074e-06
3.6209e-06
3.54369e-06
3.47653e-06
3.41825e-06
3.36763e-06
3.32323e-06
3.28354e-06
3.24921e-06
3.2199e-06
3.1935e-06
3.17145e-06
3.15184e-06
3.1357e-06
3.12251e-06
3.11149e-06
3.10336e-06
3.09735e-06
3.0942e-06
3.093e-06
3.0942e-06
3.09735e-06
3.10336e-06
3.11149e-06
3.12251e-06
3.1357e-06
3.15184e-06
3.17145e-06
3.1935e-06
3.2199e-06
3.24921e-06
3.28354e-06
3.32323e-06
3.36763e-06
3.41825e-06
3.47653e-06
3.54369e-06
3.6209e-06
3.71074e-06
3.8159e-06
3.94042e-06
4.09014e-06
4.27545e-06
4.51046e-06
4.82612e-06
5.29345e-06
6.23384e-06
4.79491e-06
4.23834e-06
3.90338e-06
3.66483e-06
3.48209e-06
3.33645e-06
3.2171e-06
3.11692e-06
3.03203e-06
2.95932e-06
2.89648e-06
2.84157e-06
2.79379e-06
2.75161e-06
2.71453e-06
2.68237e-06
2.65367e-06
2.62858e-06
2.60651e-06
2.58714e-06
2.57089e-06
2.5566e-06
2.54437e-06
2.53452e-06
2.52643e-06
2.52032e-06
2.51592e-06
2.51324e-06
2.51239e-06
2.51324e-06
2.51592e-06
2.52032e-06
2.52643e-06
2.53452e-06
2.54437e-06
2.5566e-06
2.57089e-06
2.58714e-06
2.60651e-06
2.62858e-06
2.65367e-06
2.68237e-06
2.71453e-06
2.75161e-06
2.79379e-06
2.84157e-06
2.89648e-06
2.95932e-06
3.03203e-06
3.11692e-06
3.2171e-06
3.33645e-06
3.48209e-06
3.66483e-06
3.90338e-06
4.23834e-06
4.79491e-06
4.82659e-06
3.83238e-06
3.43901e-06
3.1833e-06
2.9961e-06
2.85067e-06
2.7334e-06
2.63624e-06
2.55462e-06
2.48539e-06
2.42542e-06
2.37333e-06
2.3281e-06
2.28839e-06
2.2535e-06
2.22248e-06
2.1954e-06
2.17127e-06
2.15022e-06
2.13123e-06
2.11497e-06
2.10098e-06
2.08829e-06
2.07738e-06
2.06834e-06
2.06104e-06
2.05495e-06
2.05017e-06
2.0472e-06
2.04501e-06
2.04452e-06
2.04501e-06
2.0472e-06
2.05017e-06
2.05495e-06
2.06104e-06
2.06834e-06
2.07738e-06
2.08829e-06
2.10098e-06
2.11497e-06
2.13123e-06
2.15022e-06
2.17127e-06
2.1954e-06
2.22248e-06
2.2535e-06
2.28839e-06
2.3281e-06
2.37333e-06
2.42542e-06
2.48539e-06
2.55462e-06
2.63624e-06
2.7334e-06
2.85067e-06
2.9961e-06
3.1833e-06
3.43901e-06
3.83238e-06
4.82659e-06
3.70302e-06
3.11556e-06
2.81526e-06
2.61284e-06
2.46177e-06
2.34316e-06
2.24718e-06
2.16707e-06
2.09986e-06
2.04204e-06
1.99247e-06
1.9492e-06
1.91139e-06
1.87824e-06
1.84897e-06
1.8228e-06
1.79988e-06
1.77949e-06
1.76164e-06
1.74557e-06
1.73141e-06
1.71912e-06
1.70832e-06
1.69898e-06
1.69093e-06
1.68381e-06
1.67819e-06
1.67356e-06
1.67023e-06
1.66765e-06
1.66627e-06
1.66571e-06
1.66627e-06
1.66765e-06
1.67023e-06
1.67356e-06
1.67819e-06
1.68381e-06
1.69093e-06
1.69898e-06
1.70832e-06
1.71912e-06
1.73141e-06
1.74557e-06
1.76164e-06
1.77949e-06
1.79988e-06
1.8228e-06
1.84897e-06
1.87824e-06
1.91139e-06
1.9492e-06
1.99247e-06
2.04204e-06
2.09986e-06
2.16707e-06
2.24718e-06
2.34316e-06
2.46177e-06
2.61284e-06
2.81526e-06
3.11556e-06
3.70302e-06
2.99016e-06
2.55995e-06
2.32101e-06
2.15565e-06
2.03108e-06
1.93282e-06
1.853e-06
1.78641e-06
1.72999e-06
1.68161e-06
1.64006e-06
1.60397e-06
1.57186e-06
1.54384e-06
1.51911e-06
1.49717e-06
1.4777e-06
1.46046e-06
1.4451e-06
1.43136e-06
1.41941e-06
1.40857e-06
1.39924e-06
1.39099e-06
1.38379e-06
1.37743e-06
1.37223e-06
1.36791e-06
1.3644e-06
1.36162e-06
1.35978e-06
1.35872e-06
1.35813e-06
1.35872e-06
1.35978e-06
1.36162e-06
1.3644e-06
1.36791e-06
1.37223e-06
1.37743e-06
1.38379e-06
1.39099e-06
1.39924e-06
1.40857e-06
1.41941e-06
1.43136e-06
1.4451e-06
1.46046e-06
1.4777e-06
1.49717e-06
1.51911e-06
1.54384e-06
1.57186e-06
1.60397e-06
1.64006e-06
1.68161e-06
1.72999e-06
1.78641e-06
1.853e-06
1.93282e-06
2.03108e-06
2.15565e-06
2.32101e-06
2.55995e-06
2.99016e-06
2.46273e-06
2.12113e-06
1.92385e-06
1.78615e-06
1.68194e-06
1.59954e-06
1.53213e-06
1.47598e-06
1.42824e-06
1.38755e-06
1.35228e-06
1.32161e-06
1.29471e-06
1.27089e-06
1.24986e-06
1.23115e-06
1.21466e-06
1.1999e-06
1.18676e-06
1.17508e-06
1.16458e-06
1.15535e-06
1.14709e-06
1.13988e-06
1.13348e-06
1.12789e-06
1.12319e-06
1.11922e-06
1.11581e-06
1.11316e-06
1.11106e-06
1.10949e-06
1.10858e-06
1.10847e-06
1.10858e-06
1.10949e-06
1.11106e-06
1.11316e-06
1.11581e-06
1.11922e-06
1.12319e-06
1.12789e-06
1.13348e-06
1.13988e-06
1.14709e-06
1.15535e-06
1.16458e-06
1.17508e-06
1.18676e-06
1.1999e-06
1.21466e-06
1.23115e-06
1.24986e-06
1.27089e-06
1.29471e-06
1.32161e-06
1.35228e-06
1.38755e-06
1.42824e-06
1.47598e-06
1.53213e-06
1.59954e-06
1.68194e-06
1.78615e-06
1.92385e-06
2.12113e-06
2.46273e-06
2.05505e-06
1.76986e-06
1.60311e-06
1.48618e-06
1.39755e-06
1.32733e-06
1.27002e-06
1.22228e-06
1.18188e-06
1.14709e-06
1.11689e-06
1.09082e-06
1.06783e-06
1.04756e-06
1.02958e-06
1.01362e-06
9.99459e-07
9.8674e-07
9.75506e-07
9.65431e-07
9.56386e-07
9.48346e-07
9.41241e-07
9.34824e-07
9.29262e-07
9.24361e-07
9.20154e-07
9.16412e-07
9.13305e-07
9.10694e-07
9.08575e-07
9.0699e-07
9.05846e-07
9.05187e-07
9.04924e-07
9.05187e-07
9.05846e-07
9.0699e-07
9.08575e-07
9.10694e-07
9.13305e-07
9.16412e-07
9.20154e-07
9.24361e-07
9.29262e-07
9.34824e-07
9.41241e-07
9.48346e-07
9.56386e-07
9.65431e-07
9.75506e-07
9.8674e-07
9.99459e-07
1.01362e-06
1.02958e-06
1.04756e-06
1.06783e-06
1.09082e-06
1.11689e-06
1.14709e-06
1.18188e-06
1.22228e-06
1.27002e-06
1.32733e-06
1.39755e-06
1.48618e-06
1.60311e-06
1.76986e-06
2.05505e-06
1.73461e-06
1.48647e-06
1.34215e-06
1.24134e-06
1.16509e-06
1.10461e-06
1.05547e-06
1.01441e-06
9.79537e-07
9.49774e-07
9.24002e-07
9.01505e-07
8.81863e-07
8.64409e-07
8.49028e-07
8.35379e-07
8.23186e-07
8.12313e-07
8.02556e-07
7.9388e-07
7.86097e-07
7.79071e-07
7.7282e-07
7.6729e-07
7.62353e-07
7.58036e-07
7.54147e-07
7.50933e-07
7.4795e-07
7.45559e-07
7.43535e-07
7.41877e-07
7.40618e-07
7.3972e-07
7.39146e-07
7.39038e-07
7.39146e-07
7.3972e-07
7.40618e-07
7.41877e-07
7.43535e-07
7.45559e-07
7.4795e-07
7.50933e-07
7.54147e-07
7.58036e-07
7.62353e-07
7.6729e-07
7.7282e-07
7.79071e-07
7.86097e-07
7.9388e-07
8.02556e-07
8.12313e-07
8.23186e-07
8.35379e-07
8.49028e-07
8.64409e-07
8.81863e-07
9.01505e-07
9.24002e-07
9.49774e-07
9.79537e-07
1.01441e-06
1.05547e-06
1.10461e-06
1.16509e-06
1.24134e-06
1.34215e-06
1.48647e-06
1.73461e-06
1.48172e-06
1.25697e-06
1.12926e-06
1.04088e-06
9.74371e-07
9.21718e-07
8.78959e-07
8.43484e-07
8.13496e-07
7.87854e-07
7.65504e-07
7.46138e-07
7.29169e-07
7.14144e-07
7.00889e-07
6.89083e-07
6.78496e-07
6.69142e-07
6.60719e-07
6.53193e-07
6.46443e-07
6.40384e-07
6.34905e-07
6.30146e-07
6.25787e-07
6.21941e-07
6.18539e-07
6.15544e-07
6.1292e-07
6.10633e-07
6.08709e-07
6.07175e-07
6.05908e-07
6.0488e-07
6.04176e-07
6.03824e-07
6.03648e-07
6.03824e-07
6.04176e-07
6.0488e-07
6.05908e-07
6.07175e-07
6.08709e-07
6.10633e-07
6.1292e-07
6.15544e-07
6.18539e-07
6.21941e-07
6.25787e-07
6.30146e-07
6.34905e-07
6.40384e-07
6.46443e-07
6.53193e-07
6.60719e-07
6.69142e-07
6.78496e-07
6.89083e-07
7.00889e-07
7.14144e-07
7.29169e-07
7.46138e-07
7.65504e-07
7.87854e-07
8.13496e-07
8.43484e-07
8.78959e-07
9.21718e-07
9.74371e-07
1.04088e-06
1.12926e-06
1.25697e-06
1.48172e-06
1.28296e-06
1.07053e-06
9.55042e-07
8.76276e-07
8.17533e-07
7.71434e-07
7.33998e-07
7.0307e-07
6.76851e-07
6.5459e-07
6.35245e-07
6.18359e-07
6.03619e-07
5.90719e-07
5.79161e-07
5.68989e-07
5.59837e-07
5.51688e-07
5.44398e-07
5.37856e-07
5.32013e-07
5.26667e-07
5.21932e-07
5.17717e-07
5.13885e-07
5.10503e-07
5.07463e-07
5.04809e-07
5.02461e-07
5.00465e-07
4.98694e-07
4.97146e-07
4.95941e-07
4.94858e-07
4.94066e-07
4.93515e-07
4.93251e-07
4.93155e-07
4.93251e-07
4.93515e-07
4.94066e-07
4.94858e-07
4.95941e-07
4.97146e-07
4.98694e-07
5.00465e-07
5.02461e-07
5.04809e-07
5.07463e-07
5.10503e-07
5.13885e-07
5.17717e-07
5.21932e-07
5.26667e-07
5.32013e-07
5.37856e-07
5.44398e-07
5.51688e-07
5.59837e-07
5.68989e-07
5.79161e-07
5.90719e-07
6.03619e-07
6.18359e-07
6.35245e-07
6.5459e-07
6.76851e-07
7.0307e-07
7.33998e-07
7.71434e-07
8.17533e-07
8.76276e-07
9.55042e-07
1.07053e-06
1.28296e-06
1.1326e-06
9.19039e-07
8.12155e-07
7.40941e-07
6.88381e-07
6.47448e-07
6.14409e-07
5.8723e-07
5.64285e-07
5.44742e-07
5.27896e-07
5.13262e-07
5.00416e-07
4.89125e-07
4.79157e-07
4.70237e-07
4.6229e-07
4.55184e-07
4.4884e-07
4.43144e-07
4.38009e-07
4.33417e-07
4.2929e-07
4.25533e-07
4.22219e-07
4.19215e-07
4.16556e-07
4.14176e-07
4.12089e-07
4.10212e-07
4.08582e-07
4.07195e-07
4.0601e-07
4.05005e-07
4.04259e-07
4.03592e-07
4.032e-07
4.02867e-07
4.02828e-07
4.02867e-07
4.032e-07
4.03592e-07
4.04259e-07
4.05005e-07
4.0601e-07
4.07195e-07
4.08582e-07
4.10212e-07
4.12089e-07
4.14176e-07
4.16556e-07
4.19215e-07
4.22219e-07
4.25533e-07
4.2929e-07
4.33417e-07
4.38009e-07
4.43144e-07
4.4884e-07
4.55184e-07
4.6229e-07
4.70237e-07
4.79157e-07
4.89125e-07
5.00416e-07
5.13262e-07
5.27896e-07
5.44742e-07
5.64285e-07
5.8723e-07
6.14409e-07
6.47448e-07
6.88381e-07
7.40941e-07
8.12155e-07
9.19039e-07
1.1326e-06
1.03725e-06
7.96774e-07
6.94961e-07
6.29413e-07
5.81782e-07
5.45139e-07
5.15735e-07
4.91649e-07
4.71472e-07
4.54212e-07
4.39415e-07
4.26568e-07
4.15344e-07
4.05478e-07
3.96731e-07
3.88946e-07
3.82037e-07
3.75871e-07
3.70344e-07
3.65358e-07
3.60896e-07
3.56851e-07
3.53247e-07
3.49967e-07
3.47055e-07
3.44402e-07
3.42034e-07
3.39963e-07
3.38069e-07
3.36349e-07
3.34898e-07
3.33615e-07
3.32515e-07
3.31547e-07
3.30791e-07
3.30133e-07
3.29636e-07
3.29316e-07
3.2906e-07
3.28996e-07
3.2906e-07
3.29316e-07
3.29636e-07
3.30133e-07
3.30791e-07
3.31547e-07
3.32515e-07
3.33615e-07
3.34898e-07
3.36349e-07
3.38069e-07
3.39963e-07
3.42034e-07
3.44402e-07
3.47055e-07
3.49967e-07
3.53247e-07
3.56851e-07
3.60896e-07
3.65358e-07
3.70344e-07
3.75871e-07
3.82037e-07
3.88946e-07
3.96731e-07
4.05478e-07
4.15344e-07
4.26568e-07
4.39415e-07
4.54212e-07
4.71472e-07
4.91649e-07
5.15735e-07
5.45139e-07
5.81782e-07
6.29413e-07
6.94961e-07
7.96774e-07
1.03725e-06
6.997e-07
5.99094e-07
5.37517e-07
4.93802e-07
4.60609e-07
4.3426e-07
4.1267e-07
3.94713e-07
3.79485e-07
3.6646e-07
3.5507e-07
3.45239e-07
3.36595e-07
3.28932e-07
3.22132e-07
3.1604e-07
3.10651e-07
3.05769e-07
3.01447e-07
2.97518e-07
2.94012e-07
2.90801e-07
2.87961e-07
2.85356e-07
2.83063e-07
2.80953e-07
2.79089e-07
2.77399e-07
2.7592e-07
2.74583e-07
2.73424e-07
2.7239e-07
2.71491e-07
2.70701e-07
2.7011e-07
2.69598e-07
2.69232e-07
2.68931e-07
2.68761e-07
2.68709e-07
2.68761e-07
2.68931e-07
2.69232e-07
2.69598e-07
2.7011e-07
2.70701e-07
2.71491e-07
2.7239e-07
2.73424e-07
2.74583e-07
2.7592e-07
2.77399e-07
2.79089e-07
2.80953e-07
2.83063e-07
2.85356e-07
2.87961e-07
2.90801e-07
2.94012e-07
2.97518e-07
3.01447e-07
3.05769e-07
3.10651e-07
3.1604e-07
3.22132e-07
3.28932e-07
3.36595e-07
3.45239e-07
3.5507e-07
3.6646e-07
3.79485e-07
3.94713e-07
4.1267e-07
4.3426e-07
4.60609e-07
4.93802e-07
5.37517e-07
5.99094e-07
6.997e-07
6.25939e-07
5.21172e-07
4.61863e-07
4.21195e-07
3.90726e-07
3.66763e-07
3.47342e-07
3.31274e-07
3.17718e-07
3.06111e-07
2.96105e-07
2.87401e-07
2.79754e-07
2.73e-07
2.67017e-07
2.61698e-07
2.5696e-07
2.527e-07
2.48873e-07
2.45438e-07
2.42344e-07
2.39557e-07
2.37021e-07
2.34728e-07
2.32706e-07
2.30848e-07
2.29182e-07
2.27683e-07
2.26337e-07
2.25163e-07
2.24093e-07
2.23158e-07
2.22357e-07
2.21634e-07
2.21031e-07
2.20527e-07
2.2012e-07
2.19799e-07
2.19607e-07
2.19479e-07
2.19415e-07
2.19479e-07
2.19607e-07
2.19799e-07
2.2012e-07
2.20527e-07
2.21031e-07
2.21634e-07
2.22357e-07
2.23158e-07
2.24093e-07
2.25163e-07
2.26337e-07
2.27683e-07
2.29182e-07
2.30848e-07
2.32706e-07
2.34728e-07
2.37021e-07
2.39557e-07
2.42344e-07
2.45438e-07
2.48873e-07
2.527e-07
2.5696e-07
2.61698e-07
2.67017e-07
2.73e-07
2.79754e-07
2.87401e-07
2.96105e-07
3.06111e-07
3.17718e-07
3.31274e-07
3.47342e-07
3.66763e-07
3.90726e-07
4.21195e-07
4.61863e-07
5.21172e-07
6.25939e-07
5.79583e-07
4.58712e-07
3.99943e-07
3.61194e-07
3.32822e-07
3.10877e-07
2.93284e-07
2.78764e-07
2.66628e-07
2.56274e-07
2.47378e-07
2.39639e-07
2.32853e-07
2.2691e-07
2.21612e-07
2.16923e-07
2.12757e-07
2.09025e-07
2.05659e-07
2.02613e-07
1.99903e-07
1.9743e-07
1.95216e-07
1.93196e-07
1.91382e-07
1.89742e-07
1.88281e-07
1.86941e-07
1.85754e-07
1.84673e-07
1.83715e-07
1.82878e-07
1.82123e-07
1.81469e-07
1.80888e-07
1.80422e-07
1.80011e-07
1.79696e-07
1.79434e-07
1.7926e-07
1.79146e-07
1.7912e-07
1.79146e-07
1.7926e-07
1.79434e-07
1.79696e-07
1.80011e-07
1.80422e-07
1.80888e-07
1.81469e-07
1.82123e-07
1.82878e-07
1.83715e-07
1.84673e-07
1.85754e-07
1.86941e-07
1.88281e-07
1.89742e-07
1.91382e-07
1.93196e-07
1.95216e-07
1.9743e-07
1.99903e-07
2.02613e-07
2.05659e-07
2.09025e-07
2.12757e-07
2.16923e-07
2.21612e-07
2.2691e-07
2.32853e-07
2.39639e-07
2.47378e-07
2.56274e-07
2.66628e-07
2.78764e-07
2.93284e-07
3.10877e-07
3.32822e-07
3.61194e-07
3.99943e-07
4.58712e-07
5.79583e-07
4.10531e-07
3.49424e-07
3.11739e-07
2.84982e-07
2.64627e-07
2.48486e-07
2.35299e-07
2.24333e-07
2.15023e-07
2.07053e-07
2.00165e-07
1.94156e-07
1.88859e-07
1.8418e-07
1.80028e-07
1.76338e-07
1.73009e-07
1.7004e-07
1.67382e-07
1.64982e-07
1.62823e-07
1.60855e-07
1.59082e-07
1.57481e-07
1.56025e-07
1.5471e-07
1.53534e-07
1.52477e-07
1.51516e-07
1.50657e-07
1.49889e-07
1.49206e-07
1.48612e-07
1.48078e-07
1.47618e-07
1.47231e-07
1.46902e-07
1.46659e-07
1.46445e-07
1.46317e-07
1.46211e-07
1.46189e-07
1.46211e-07
1.46317e-07
1.46445e-07
1.46659e-07
1.46902e-07
1.47231e-07
1.47618e-07
1.48078e-07
1.48612e-07
1.49206e-07
1.49889e-07
1.50657e-07
1.51516e-07
1.52477e-07
1.53534e-07
1.5471e-07
1.56025e-07
1.57481e-07
1.59082e-07
1.60855e-07
1.62823e-07
1.64982e-07
1.67382e-07
1.7004e-07
1.73009e-07
1.76338e-07
1.80028e-07
1.8418e-07
1.88859e-07
1.94156e-07
2.00165e-07
2.07053e-07
2.15023e-07
2.24333e-07
2.35299e-07
2.48486e-07
2.64627e-07
2.84982e-07
3.11739e-07
3.49424e-07
4.10531e-07
3.77408e-07
3.09025e-07
2.71201e-07
2.4545e-07
2.26304e-07
2.11334e-07
1.99282e-07
1.89282e-07
1.80879e-07
1.737e-07
1.67512e-07
1.62151e-07
1.57427e-07
1.53265e-07
1.49613e-07
1.46303e-07
1.43373e-07
1.40761e-07
1.38399e-07
1.36275e-07
1.34353e-07
1.32614e-07
1.31049e-07
1.29635e-07
1.28355e-07
1.27187e-07
1.26152e-07
1.2518e-07
1.24337e-07
1.23559e-07
1.22876e-07
1.22267e-07
1.21704e-07
1.21219e-07
1.20801e-07
1.20438e-07
1.20122e-07
1.19853e-07
1.19644e-07
1.19481e-07
1.19359e-07
1.19306e-07
1.19272e-07
1.19306e-07
1.19359e-07
1.19481e-07
1.19644e-07
1.19853e-07
1.20122e-07
1.20438e-07
1.20801e-07
1.21219e-07
1.21704e-07
1.22267e-07
1.22876e-07
1.23559e-07
1.24337e-07
1.2518e-07
1.26152e-07
1.27187e-07
1.28355e-07
1.29635e-07
1.31049e-07
1.32614e-07
1.34353e-07
1.36275e-07
1.38399e-07
1.40761e-07
1.43373e-07
1.46303e-07
1.49613e-07
1.53265e-07
1.57427e-07
1.62151e-07
1.67512e-07
1.737e-07
1.80879e-07
1.89282e-07
1.99282e-07
2.11334e-07
2.26304e-07
2.4545e-07
2.71201e-07
3.09025e-07
3.77408e-07
3.69463e-07
2.77925e-07
2.38268e-07
2.12912e-07
1.9461e-07
1.80572e-07
1.69396e-07
1.60215e-07
1.52559e-07
1.46076e-07
1.40508e-07
1.35686e-07
1.3147e-07
1.27757e-07
1.24482e-07
1.21556e-07
1.18959e-07
1.16632e-07
1.1453e-07
1.1264e-07
1.10954e-07
1.09421e-07
1.08035e-07
1.06776e-07
1.05639e-07
1.04596e-07
1.03674e-07
1.02835e-07
1.02067e-07
1.01369e-07
1.00755e-07
1.00193e-07
9.96918e-08
9.92562e-08
9.88658e-08
9.85105e-08
9.82138e-08
9.79608e-08
9.77609e-08
9.75898e-08
9.74474e-08
9.73574e-08
9.73053e-08
9.72864e-08
9.73053e-08
9.73574e-08
9.74474e-08
9.75898e-08
9.77609e-08
9.79608e-08
9.82138e-08
9.85105e-08
9.88658e-08
9.92562e-08
9.96918e-08
1.00193e-07
1.00755e-07
1.01369e-07
1.02067e-07
1.02835e-07
1.03674e-07
1.04596e-07
1.05639e-07
1.06776e-07
1.08035e-07
1.09421e-07
1.10954e-07
1.1264e-07
1.1453e-07
1.16632e-07
1.18959e-07
1.21556e-07
1.24482e-07
1.27757e-07
1.3147e-07
1.35686e-07
1.40508e-07
1.46076e-07
1.52559e-07
1.60215e-07
1.69396e-07
1.80572e-07
1.9461e-07
2.12912e-07
2.38268e-07
2.77925e-07
3.69463e-07
2.5676e-07
2.12137e-07
1.86278e-07
1.68443e-07
1.55079e-07
1.44591e-07
1.36129e-07
1.29107e-07
1.23205e-07
1.1814e-07
1.13791e-07
1.10003e-07
1.06672e-07
1.03734e-07
1.01138e-07
9.88225e-08
9.67482e-08
9.48834e-08
9.32177e-08
9.1706e-08
9.03551e-08
8.9115e-08
8.79989e-08
8.69856e-08
8.60635e-08
8.52424e-08
8.44948e-08
8.38068e-08
8.31932e-08
8.26404e-08
8.21392e-08
8.16848e-08
8.12764e-08
8.09211e-08
8.05989e-08
8.03287e-08
8.00827e-08
7.98764e-08
7.97017e-08
7.9566e-08
7.94616e-08
7.93881e-08
7.9334e-08
7.9334e-08
7.9334e-08
7.93881e-08
7.94616e-08
7.9566e-08
7.97017e-08
7.98764e-08
8.00827e-08
8.03287e-08
8.05989e-08
8.09211e-08
8.12764e-08
8.16848e-08
8.21392e-08
8.26404e-08
8.31932e-08
8.38068e-08
8.44948e-08
8.52424e-08
8.60635e-08
8.69856e-08
8.79989e-08
8.9115e-08
9.03551e-08
9.1706e-08
9.32177e-08
9.48834e-08
9.67482e-08
9.88225e-08
1.01138e-07
1.03734e-07
1.06672e-07
1.10003e-07
1.13791e-07
1.1814e-07
1.23205e-07
1.29107e-07
1.36129e-07
1.44591e-07
1.55079e-07
1.68443e-07
1.86278e-07
2.12137e-07
2.5676e-07
2.51548e-07
1.92371e-07
1.64798e-07
1.46916e-07
1.34001e-07
1.24065e-07
1.1614e-07
1.09645e-07
1.04215e-07
9.96191e-08
9.56622e-08
9.22431e-08
8.92408e-08
8.66012e-08
8.42731e-08
8.22072e-08
8.03638e-08
7.86957e-08
7.72048e-08
7.58712e-08
7.46696e-08
7.35693e-08
7.25805e-08
7.16783e-08
7.0863e-08
7.01219e-08
6.94561e-08
6.88435e-08
6.82894e-08
6.77926e-08
6.73453e-08
6.69335e-08
6.65728e-08
6.62431e-08
6.59535e-08
6.57004e-08
6.54705e-08
6.52732e-08
6.51113e-08
6.49689e-08
6.48551e-08
6.47699e-08
6.47037e-08
6.46722e-08
6.46596e-08
6.46722e-08
6.47037e-08
6.47699e-08
6.48551e-08
6.49689e-08
6.51113e-08
6.52732e-08
6.54705e-08
6.57004e-08
6.59535e-08
6.62431e-08
6.65728e-08
6.69335e-08
6.73453e-08
6.77926e-08
6.82894e-08
6.88435e-08
6.94561e-08
7.01219e-08
7.0863e-08
7.16783e-08
7.25805e-08
7.35693e-08
7.46696e-08
7.58712e-08
7.72048e-08
7.86957e-08
8.03638e-08
8.22072e-08
8.42731e-08
8.66012e-08
8.92408e-08
9.22431e-08
9.56622e-08
9.96191e-08
1.04215e-07
1.09645e-07
1.1614e-07
1.24065e-07
1.34001e-07
1.46916e-07
1.64798e-07
1.92371e-07
2.51548e-07
1.79827e-07
1.47985e-07
1.29465e-07
1.16661e-07
1.07067e-07
9.95755e-08
9.35085e-08
8.84798e-08
8.42444e-08
8.06459e-08
7.75324e-08
7.48297e-08
7.24464e-08
7.03578e-08
6.84958e-08
6.68489e-08
6.53622e-08
6.40332e-08
6.28411e-08
6.17644e-08
6.0786e-08
5.98959e-08
5.91022e-08
5.83843e-08
5.77229e-08
5.71191e-08
5.65793e-08
5.60856e-08
5.56396e-08
5.52347e-08
5.48648e-08
5.45345e-08
5.42406e-08
5.39719e-08
5.37411e-08
5.35269e-08
5.33448e-08
5.31814e-08
5.30469e-08
5.29334e-08
5.28433e-08
5.27738e-08
5.2725e-08
5.26917e-08
5.26788e-08
5.26917e-08
5.2725e-08
5.27738e-08
5.28433e-08
5.29334e-08
5.30469e-08
5.31814e-08
5.33448e-08
5.35269e-08
5.37411e-08
5.39719e-08
5.42406e-08
5.45345e-08
5.48648e-08
5.52347e-08
5.56396e-08
5.60856e-08
5.65793e-08
5.71191e-08
5.77229e-08
5.83843e-08
5.91022e-08
5.98959e-08
6.0786e-08
6.17644e-08
6.28411e-08
6.40332e-08
6.53622e-08
6.68489e-08
6.84958e-08
7.03578e-08
7.24464e-08
7.48297e-08
7.75324e-08
8.06459e-08
8.42444e-08
8.84798e-08
9.35085e-08
9.95755e-08
1.07067e-07
1.16661e-07
1.29465e-07
1.47985e-07
1.79827e-07
1.80238e-07
1.35812e-07
1.15514e-07
1.02475e-07
9.30681e-08
8.58502e-08
8.01178e-08
7.54257e-08
7.15075e-08
6.81964e-08
6.53495e-08
6.2887e-08
6.07357e-08
5.88466e-08
5.71775e-08
5.56911e-08
5.43649e-08
5.31711e-08
5.21074e-08
5.11446e-08
5.02705e-08
4.9486e-08
4.87754e-08
4.81242e-08
4.75419e-08
4.70078e-08
4.65249e-08
4.60784e-08
4.56807e-08
4.53195e-08
4.49875e-08
4.46883e-08
4.44257e-08
4.41797e-08
4.39651e-08
4.37707e-08
4.35983e-08
4.34478e-08
4.33189e-08
4.32093e-08
4.3119e-08
4.30413e-08
4.29868e-08
4.2945e-08
4.29157e-08
4.29136e-08
4.29157e-08
4.2945e-08
4.29868e-08
4.30413e-08
4.3119e-08
4.32093e-08
4.33189e-08
4.34478e-08
4.35983e-08
4.37707e-08
4.39651e-08
4.41797e-08
4.44257e-08
4.46883e-08
4.49875e-08
4.53195e-08
4.56807e-08
4.60784e-08
4.65249e-08
4.70078e-08
4.75419e-08
4.81242e-08
4.87754e-08
4.9486e-08
5.02705e-08
5.11446e-08
5.21074e-08
5.31711e-08
5.43649e-08
5.56911e-08
5.71775e-08
5.88466e-08
6.07357e-08
6.2887e-08
6.53495e-08
6.81964e-08
7.15075e-08
7.54257e-08
8.01178e-08
8.58502e-08
9.30681e-08
1.02475e-07
1.15514e-07
1.35812e-07
1.80238e-07
1.2944e-07
1.04948e-07
9.1048e-08
8.15656e-08
7.45207e-08
6.90247e-08
6.45936e-08
6.09401e-08
5.78721e-08
5.52562e-08
5.30005e-08
5.10451e-08
4.9332e-08
4.78205e-08
4.64796e-08
4.52908e-08
4.42228e-08
4.32683e-08
4.24046e-08
4.1627e-08
4.09273e-08
4.02884e-08
3.97098e-08
3.91909e-08
3.87166e-08
3.82778e-08
3.78827e-08
3.75245e-08
3.72005e-08
3.69063e-08
3.66358e-08
3.63921e-08
3.6173e-08
3.59726e-08
3.57995e-08
3.56412e-08
3.55008e-08
3.538e-08
3.52767e-08
3.51823e-08
3.5107e-08
3.50454e-08
3.49977e-08
3.4967e-08
3.49449e-08
3.49398e-08
3.49449e-08
3.4967e-08
3.49977e-08
3.50454e-08
3.5107e-08
3.51823e-08
3.52767e-08
3.538e-08
3.55008e-08
3.56412e-08
3.57995e-08
3.59726e-08
3.6173e-08
3.63921e-08
3.66358e-08
3.69063e-08
3.72005e-08
3.75245e-08
3.78827e-08
3.82778e-08
3.87166e-08
3.91909e-08
3.97098e-08
4.02884e-08
4.09273e-08
4.1627e-08
4.24046e-08
4.32683e-08
4.42228e-08
4.52908e-08
4.64796e-08
4.78205e-08
4.9332e-08
5.10451e-08
5.30005e-08
5.52562e-08
5.78721e-08
6.09401e-08
6.45936e-08
6.90247e-08
7.45207e-08
8.15656e-08
9.1048e-08
1.04948e-07
1.2944e-07
1.37166e-07
9.79704e-08
8.21752e-08
7.22668e-08
6.52097e-08
5.98551e-08
5.56287e-08
5.21734e-08
4.93008e-08
4.68843e-08
4.48147e-08
4.30204e-08
4.1461e-08
4.00868e-08
3.88791e-08
3.78015e-08
3.68434e-08
3.59831e-08
3.52097e-08
3.45151e-08
3.38853e-08
3.33107e-08
3.2797e-08
3.23306e-08
3.19049e-08
3.15187e-08
3.11629e-08
3.08426e-08
3.05509e-08
3.02871e-08
3.0046e-08
2.98258e-08
2.96273e-08
2.9446e-08
2.92886e-08
2.91419e-08
2.9013e-08
2.88973e-08
2.87989e-08
2.87106e-08
2.86393e-08
2.85766e-08
2.85265e-08
2.84862e-08
2.84627e-08
2.8446e-08
2.84391e-08
2.8446e-08
2.84627e-08
2.84862e-08
2.85265e-08
2.85766e-08
2.86393e-08
2.87106e-08
2.87989e-08
2.88973e-08
2.9013e-08
2.91419e-08
2.92886e-08
2.9446e-08
2.96273e-08
2.98258e-08
3.0046e-08
3.02871e-08
3.05509e-08
3.08426e-08
3.11629e-08
3.15187e-08
3.19049e-08
3.23306e-08
3.2797e-08
3.33107e-08
3.38853e-08
3.45151e-08
3.52097e-08
3.59831e-08
3.68434e-08
3.78015e-08
3.88791e-08
4.00868e-08
4.1461e-08
4.30204e-08
4.48147e-08
4.68843e-08
4.93008e-08
5.21734e-08
5.56287e-08
5.98551e-08
6.52097e-08
7.22668e-08
8.21752e-08
9.79704e-08
1.37166e-07
9.63536e-08
7.58158e-08
6.49119e-08
5.76415e-08
5.23184e-08
4.82087e-08
4.49065e-08
4.22068e-08
3.99406e-08
3.80232e-08
3.63726e-08
3.49398e-08
3.36878e-08
3.25947e-08
3.16171e-08
3.07466e-08
2.99744e-08
2.92786e-08
2.86519e-08
2.80906e-08
2.75806e-08
2.71168e-08
2.66985e-08
2.63187e-08
2.59708e-08
2.56551e-08
2.53666e-08
2.51059e-08
2.48672e-08
2.46512e-08
2.44549e-08
2.42744e-08
2.4114e-08
2.39641e-08
2.38348e-08
2.37177e-08
2.36081e-08
2.35174e-08
2.3435e-08
2.33632e-08
2.3304e-08
2.32518e-08
2.32111e-08
2.31805e-08
2.31568e-08
2.31444e-08
2.3141e-08
2.31444e-08
2.31568e-08
2.31805e-08
2.32111e-08
2.32518e-08
2.3304e-08
2.33632e-08
2.3435e-08
2.35174e-08
2.36081e-08
2.37177e-08
2.38348e-08
2.39641e-08
2.4114e-08
2.42744e-08
2.44549e-08
2.46512e-08
2.48672e-08
2.51059e-08
2.53666e-08
2.56551e-08
2.59708e-08
2.63187e-08
2.66985e-08
2.71168e-08
2.75806e-08
2.80906e-08
2.86519e-08
2.92786e-08
2.99744e-08
3.07466e-08
3.16171e-08
3.25947e-08
3.36878e-08
3.49398e-08
3.63726e-08
3.80232e-08
3.99406e-08
4.22068e-08
4.49065e-08
4.82087e-08
5.23184e-08
5.76415e-08
6.49119e-08
7.58158e-08
9.63536e-08
7.25664e-08
5.94311e-08
5.16149e-08
4.61728e-08
4.20959e-08
3.88999e-08
3.63195e-08
3.41838e-08
3.23905e-08
3.08606e-08
2.95452e-08
2.83948e-08
2.73917e-08
2.6504e-08
2.57189e-08
2.50179e-08
2.43894e-08
2.38278e-08
2.33188e-08
2.28619e-08
2.24478e-08
2.20734e-08
2.17318e-08
2.14194e-08
2.11383e-08
2.08802e-08
2.06454e-08
2.04311e-08
2.02368e-08
2.0061e-08
1.98983e-08
1.97524e-08
1.96199e-08
1.94998e-08
1.93936e-08
1.92955e-08
1.92091e-08
1.91306e-08
1.90645e-08
1.90051e-08
1.89561e-08
1.89127e-08
1.88795e-08
1.88528e-08
1.88363e-08
1.88244e-08
1.88207e-08
1.88244e-08
1.88363e-08
1.88528e-08
1.88795e-08
1.89127e-08
1.89561e-08
1.90051e-08
1.90645e-08
1.91306e-08
1.92091e-08
1.92955e-08
1.93936e-08
1.94998e-08
1.96199e-08
1.97524e-08
1.98983e-08
2.0061e-08
2.02368e-08
2.04311e-08
2.06454e-08
2.08802e-08
2.11383e-08
2.14194e-08
2.17318e-08
2.20734e-08
2.24478e-08
2.28619e-08
2.33188e-08
2.38278e-08
2.43894e-08
2.50179e-08
2.57189e-08
2.6504e-08
2.73917e-08
2.83948e-08
2.95452e-08
3.08606e-08
3.23905e-08
3.41838e-08
3.63195e-08
3.88999e-08
4.20959e-08
4.61728e-08
5.16149e-08
5.94311e-08
7.25664e-08
7.59192e-08
5.60665e-08
4.70192e-08
4.12415e-08
3.70992e-08
3.39464e-08
3.14512e-08
2.9413e-08
2.77221e-08
2.62918e-08
2.50692e-08
2.40097e-08
2.30869e-08
2.22788e-08
2.1564e-08
2.09281e-08
2.03595e-08
1.98528e-08
1.93936e-08
1.8981e-08
1.8609e-08
1.82728e-08
1.79662e-08
1.7688e-08
1.74329e-08
1.7204e-08
1.69931e-08
1.67995e-08
1.66251e-08
1.64661e-08
1.63191e-08
1.61899e-08
1.6068e-08
1.59578e-08
1.58616e-08
1.57729e-08
1.56901e-08
1.56214e-08
1.55575e-08
1.55015e-08
1.54547e-08
1.5414e-08
1.53787e-08
1.53518e-08
1.53301e-08
1.53151e-08
1.53054e-08
1.53024e-08
1.53054e-08
1.53151e-08
1.53301e-08
1.53518e-08
1.53787e-08
1.5414e-08
1.54547e-08
1.55015e-08
1.55575e-08
1.56214e-08
1.56901e-08
1.57729e-08
1.58616e-08
1.59578e-08
1.6068e-08
1.61899e-08
1.63191e-08
1.64661e-08
1.66251e-08
1.67995e-08
1.69931e-08
1.7204e-08
1.74329e-08
1.7688e-08
1.79662e-08
1.82728e-08
1.8609e-08
1.8981e-08
1.93936e-08
1.98528e-08
2.03595e-08
2.09281e-08
2.1564e-08
2.22788e-08
2.30869e-08
2.40097e-08
2.50692e-08
2.62918e-08
2.77221e-08
2.9413e-08
3.14512e-08
3.39464e-08
3.70992e-08
4.12415e-08
4.70192e-08
5.60665e-08
7.59192e-08
5.59574e-08
4.39394e-08
3.7435e-08
3.30843e-08
2.98971e-08
2.74358e-08
2.54694e-08
2.38534e-08
2.25047e-08
2.1362e-08
2.03774e-08
1.95264e-08
1.87831e-08
1.81281e-08
1.75497e-08
1.70329e-08
1.65717e-08
1.61591e-08
1.57876e-08
1.54509e-08
1.51472e-08
1.4872e-08
1.46217e-08
1.43925e-08
1.41869e-08
1.39992e-08
1.38262e-08
1.36693e-08
1.35241e-08
1.33934e-08
1.3277e-08
1.31661e-08
1.30688e-08
1.29792e-08
1.28978e-08
1.28244e-08
1.27595e-08
1.27005e-08
1.26474e-08
1.2603e-08
1.25644e-08
1.25307e-08
1.2502e-08
1.24776e-08
1.246e-08
1.24472e-08
1.24406e-08
1.24381e-08
1.24406e-08
1.24472e-08
1.246e-08
1.24776e-08
1.2502e-08
1.25307e-08
1.25644e-08
1.2603e-08
1.26474e-08
1.27005e-08
1.27595e-08
1.28244e-08
1.28978e-08
1.29792e-08
1.30688e-08
1.31661e-08
1.3277e-08
1.33934e-08
1.35241e-08
1.36693e-08
1.38262e-08
1.39992e-08
1.41869e-08
1.43925e-08
1.46217e-08
1.4872e-08
1.51472e-08
1.54509e-08
1.57876e-08
1.61591e-08
1.65717e-08
1.70329e-08
1.75497e-08
1.81281e-08
1.87831e-08
1.95264e-08
2.03774e-08
2.1362e-08
2.25047e-08
2.38534e-08
2.54694e-08
2.74358e-08
2.98971e-08
3.30843e-08
3.7435e-08
4.39394e-08
5.59574e-08
4.28718e-08
3.47615e-08
2.99539e-08
2.66296e-08
2.41529e-08
2.22148e-08
2.06534e-08
1.93671e-08
1.82861e-08
1.73676e-08
1.65749e-08
1.58887e-08
1.52853e-08
1.47535e-08
1.42841e-08
1.38661e-08
1.34905e-08
1.31539e-08
1.2852e-08
1.25766e-08
1.23306e-08
1.21047e-08
1.18998e-08
1.17138e-08
1.15436e-08
1.13892e-08
1.12473e-08
1.11191e-08
1.10003e-08
1.08941e-08
1.07962e-08
1.0707e-08
1.06248e-08
1.05514e-08
1.04857e-08
1.04255e-08
1.03712e-08
1.03223e-08
1.02801e-08
1.0243e-08
1.02101e-08
1.01817e-08
1.01584e-08
1.01406e-08
1.01257e-08
1.01154e-08
1.01089e-08
1.0107e-08
1.01089e-08
1.01154e-08
1.01257e-08
1.01406e-08
1.01584e-08
1.01817e-08
1.02101e-08
1.0243e-08
1.02801e-08
1.03223e-08
1.03712e-08
1.04255e-08
1.04857e-08
1.05514e-08
1.06248e-08
1.0707e-08
1.07962e-08
1.08941e-08
1.10003e-08
1.11191e-08
1.12473e-08
1.13892e-08
1.15436e-08
1.17138e-08
1.18998e-08
1.21047e-08
1.23306e-08
1.25766e-08
1.2852e-08
1.31539e-08
1.34905e-08
1.38661e-08
1.42841e-08
1.47535e-08
1.52853e-08
1.58887e-08
1.65749e-08
1.73676e-08
1.82861e-08
1.93671e-08
2.06534e-08
2.22148e-08
2.41529e-08
2.66296e-08
2.99539e-08
3.47615e-08
4.28718e-08
4.70352e-08
3.34636e-08
2.76897e-08
2.40682e-08
2.14947e-08
1.95474e-08
1.80171e-08
1.67708e-08
1.57384e-08
1.48727e-08
1.41296e-08
1.34918e-08
1.29356e-08
1.24454e-08
1.20159e-08
1.16318e-08
1.12907e-08
1.09837e-08
1.07107e-08
1.04627e-08
1.02395e-08
1.00357e-08
9.85135e-09
9.68453e-09
9.53076e-09
9.39179e-09
9.26569e-09
9.14932e-09
9.04367e-09
8.9471e-09
8.85847e-09
8.77713e-09
8.70377e-09
8.63775e-09
8.57684e-09
8.52219e-09
8.47325e-09
8.42788e-09
8.38726e-09
8.35335e-09
8.32202e-09
8.29566e-09
8.2714e-09
8.25245e-09
8.23756e-09
8.22551e-09
8.21708e-09
8.21227e-09
8.21027e-09
8.21227e-09
8.21708e-09
8.22551e-09
8.23756e-09
8.25245e-09
8.2714e-09
8.29566e-09
8.32202e-09
8.35335e-09
8.38726e-09
8.42788e-09
8.47325e-09
8.52219e-09
8.57684e-09
8.63775e-09
8.70377e-09
8.77713e-09
8.85847e-09
8.9471e-09
9.04367e-09
9.14932e-09
9.26569e-09
9.39179e-09
9.53076e-09
9.68453e-09
9.85135e-09
1.00357e-08
1.02395e-08
1.04627e-08
1.07107e-08
1.09837e-08
1.12907e-08
1.16318e-08
1.20159e-08
1.24454e-08
1.29356e-08
1.34918e-08
1.41296e-08
1.48727e-08
1.57384e-08
1.67708e-08
1.80171e-08
1.95474e-08
2.14947e-08
2.40682e-08
2.76897e-08
3.34636e-08
4.70352e-08
3.48191e-08
2.64318e-08
2.21802e-08
1.93993e-08
1.73904e-08
1.58539e-08
1.4631e-08
1.36353e-08
1.28057e-08
1.21047e-08
1.15048e-08
1.09869e-08
1.0535e-08
1.01376e-08
9.78666e-09
9.47419e-09
9.19632e-09
8.94579e-09
8.72163e-09
8.51927e-09
8.33625e-09
8.1687e-09
8.01781e-09
7.88047e-09
7.75531e-09
7.64146e-09
7.53699e-09
7.44194e-09
7.35455e-09
7.27493e-09
7.20249e-09
7.13635e-09
7.07633e-09
7.02025e-09
6.9704e-09
6.92529e-09
6.8845e-09
6.8473e-09
6.81462e-09
6.78573e-09
6.75961e-09
6.7382e-09
6.71915e-09
6.70309e-09
6.69002e-09
6.68023e-09
6.67305e-09
6.66915e-09
6.66784e-09
6.66915e-09
6.67305e-09
6.68023e-09
6.69002e-09
6.70309e-09
6.71915e-09
6.7382e-09
6.75961e-09
6.78573e-09
6.81462e-09
6.8473e-09
6.8845e-09
6.92529e-09
6.9704e-09
7.02025e-09
7.07633e-09
7.13635e-09
7.20249e-09
7.27493e-09
7.35455e-09
7.44194e-09
7.53699e-09
7.64146e-09
7.75531e-09
7.88047e-09
8.01781e-09
8.1687e-09
8.33625e-09
8.51927e-09
8.72163e-09
8.94579e-09
9.19632e-09
9.47419e-09
9.78666e-09
1.01376e-08
1.0535e-08
1.09869e-08
1.15048e-08
1.21047e-08
1.28057e-08
1.36353e-08
1.4631e-08
1.58539e-08
1.73904e-08
1.93993e-08
2.21802e-08
2.64318e-08
3.48191e-08
2.68067e-08
2.10468e-08
1.7844e-08
1.5687e-08
1.41034e-08
1.2879e-08
1.18992e-08
1.10974e-08
1.04286e-08
9.86096e-09
9.37348e-09
8.95277e-09
8.58396e-09
8.26051e-09
7.97488e-09
7.7183e-09
7.49151e-09
7.28737e-09
7.10298e-09
6.93679e-09
6.78673e-09
6.65029e-09
6.52646e-09
6.41276e-09
6.31057e-09
6.21669e-09
6.13019e-09
6.05227e-09
5.98001e-09
5.91439e-09
5.85491e-09
5.80028e-09
5.75036e-09
5.70534e-09
5.66342e-09
5.62621e-09
5.5928e-09
5.56202e-09
5.5352e-09
5.51066e-09
5.48971e-09
5.47204e-09
5.4555e-09
5.44273e-09
5.43211e-09
5.42363e-09
5.41807e-09
5.4141e-09
5.41304e-09
5.4141e-09
5.41807e-09
5.42363e-09
5.43211e-09
5.44273e-09
5.4555e-09
5.47204e-09
5.48971e-09
5.51066e-09
5.5352e-09
5.56202e-09
5.5928e-09
5.62621e-09
5.66342e-09
5.70534e-09
5.75036e-09
5.80028e-09
5.85491e-09
5.91439e-09
5.98001e-09
6.05227e-09
6.13019e-09
6.21669e-09
6.31057e-09
6.41276e-09
6.52646e-09
6.65029e-09
6.78673e-09
6.93679e-09
7.10298e-09
7.28737e-09
7.49151e-09
7.7183e-09
7.97488e-09
8.26051e-09
8.58396e-09
8.95277e-09
9.37348e-09
9.86096e-09
1.04286e-08
1.10974e-08
1.18992e-08
1.2879e-08
1.41034e-08
1.5687e-08
1.7844e-08
2.10468e-08
2.68067e-08
2.10242e-08
1.68676e-08
1.44093e-08
1.27154e-08
1.14572e-08
1.0477e-08
9.68878e-09
9.04235e-09
8.49976e-09
8.03858e-09
7.64257e-09
7.29947e-09
6.99835e-09
6.73458e-09
6.49975e-09
6.29089e-09
6.10421e-09
5.93753e-09
5.78613e-09
5.64934e-09
5.52629e-09
5.41357e-09
5.31223e-09
5.21889e-09
5.13421e-09
5.05682e-09
4.9857e-09
4.92136e-09
4.86258e-09
4.80874e-09
4.75897e-09
4.71363e-09
4.67238e-09
4.63533e-09
4.60082e-09
4.5708e-09
4.54187e-09
4.51687e-09
4.49465e-09
4.4745e-09
4.45705e-09
4.44205e-09
4.42927e-09
4.41825e-09
4.40919e-09
4.40231e-09
4.39801e-09
4.39457e-09
4.39371e-09
4.39457e-09
4.39801e-09
4.40231e-09
4.40919e-09
4.41825e-09
4.42927e-09
4.44205e-09
4.45705e-09
4.4745e-09
4.49465e-09
4.51687e-09
4.54187e-09
4.5708e-09
4.60082e-09
4.63533e-09
4.67238e-09
4.71363e-09
4.75897e-09
4.80874e-09
4.86258e-09
4.92136e-09
4.9857e-09
5.05682e-09
5.13421e-09
5.21889e-09
5.31223e-09
5.41357e-09
5.52629e-09
5.64934e-09
5.78613e-09
5.93753e-09
6.10421e-09
6.29089e-09
6.49975e-09
6.73458e-09
6.99835e-09
7.29947e-09
7.64257e-09
8.03858e-09
8.49976e-09
9.04235e-09
9.68878e-09
1.0477e-08
1.14572e-08
1.27154e-08
1.44093e-08
1.68676e-08
2.10242e-08
2.45194e-08
1.66844e-08
1.35829e-08
1.16715e-08
1.03323e-08
9.32466e-09
8.53634e-09
7.90011e-09
7.37468e-09
6.93307e-09
6.55808e-09
6.23554e-09
5.95437e-09
5.7084e-09
5.49159e-09
5.29953e-09
5.12819e-09
4.97476e-09
4.83747e-09
4.71363e-09
4.60172e-09
4.49992e-09
4.40747e-09
4.32388e-09
4.24685e-09
4.17731e-09
4.11353e-09
4.05527e-09
4.00194e-09
3.95317e-09
3.90804e-09
3.86759e-09
3.83073e-09
3.79645e-09
3.76579e-09
3.73702e-09
3.71136e-09
3.68841e-09
3.66774e-09
3.64933e-09
3.63261e-09
3.61791e-09
3.60538e-09
3.59535e-09
3.58571e-09
3.57836e-09
3.57294e-09
3.56893e-09
3.56649e-09
3.56544e-09
3.56649e-09
3.56893e-09
3.57294e-09
3.57836e-09
3.58571e-09
3.59535e-09
3.60538e-09
3.61791e-09
3.63261e-09
3.64933e-09
3.66774e-09
3.68841e-09
3.71136e-09
3.73702e-09
3.76579e-09
3.79645e-09
3.83073e-09
3.86759e-09
3.90804e-09
3.95317e-09
4.00194e-09
4.05527e-09
4.11353e-09
4.17731e-09
4.24685e-09
4.32388e-09
4.40747e-09
4.49992e-09
4.60172e-09
4.71363e-09
4.83747e-09
4.97476e-09
5.12819e-09
5.29953e-09
5.49159e-09
5.7084e-09
5.95437e-09
6.23554e-09
6.55808e-09
6.93307e-09
7.37468e-09
7.90011e-09
8.53634e-09
9.32466e-09
1.03323e-08
1.16715e-08
1.35829e-08
1.66844e-08
2.45194e-08
1.845e-08
1.3353e-08
1.09848e-08
9.48205e-09
8.41268e-09
7.60313e-09
6.96427e-09
6.44823e-09
6.02103e-09
5.66066e-09
5.3539e-09
5.08977e-09
4.85973e-09
4.65802e-09
4.48062e-09
4.3224e-09
4.18221e-09
4.05626e-09
3.94275e-09
3.84085e-09
3.74872e-09
3.66523e-09
3.58886e-09
3.5194e-09
3.45635e-09
3.39891e-09
3.34602e-09
3.29797e-09
3.25379e-09
3.21366e-09
3.17697e-09
3.143e-09
3.11228e-09
3.08412e-09
3.05831e-09
3.03493e-09
3.01409e-09
2.99486e-09
2.97749e-09
2.9624e-09
2.94868e-09
2.9366e-09
2.92614e-09
2.917e-09
2.90974e-09
2.90363e-09
2.89896e-09
2.8957e-09
2.89386e-09
2.89315e-09
2.89386e-09
2.8957e-09
2.89896e-09
2.90363e-09
2.90974e-09
2.917e-09
2.92614e-09
2.9366e-09
2.94868e-09
2.9624e-09
2.97749e-09
2.99486e-09
3.01409e-09
3.03493e-09
3.05831e-09
3.08412e-09
3.11228e-09
3.143e-09
3.17697e-09
3.21366e-09
3.25379e-09
3.29797e-09
3.34602e-09
3.39891e-09
3.45635e-09
3.5194e-09
3.58886e-09
3.66523e-09
3.74872e-09
3.84085e-09
3.94275e-09
4.05626e-09
4.18221e-09
4.3224e-09
4.48062e-09
4.65802e-09
4.85973e-09
5.08977e-09
5.3539e-09
5.66066e-09
6.02103e-09
6.44823e-09
6.96427e-09
7.60313e-09
8.41268e-09
9.48205e-09
1.09848e-08
1.3353e-08
1.845e-08
1.43862e-08
1.07552e-08
8.9192e-09
7.7232e-09
6.86336e-09
6.2082e-09
5.69087e-09
5.26934e-09
4.91991e-09
4.62538e-09
4.37401e-09
4.15777e-09
3.96845e-09
3.80332e-09
3.65683e-09
3.52715e-09
3.41156e-09
3.30766e-09
3.21429e-09
3.13043e-09
3.05412e-09
2.98522e-09
2.92243e-09
2.86515e-09
2.81312e-09
2.76568e-09
2.72197e-09
2.68222e-09
2.64602e-09
2.61222e-09
2.58214e-09
2.55415e-09
2.52868e-09
2.50543e-09
2.48421e-09
2.46462e-09
2.44745e-09
2.43159e-09
2.41725e-09
2.40452e-09
2.3928e-09
2.38311e-09
2.37439e-09
2.36686e-09
2.36108e-09
2.35589e-09
2.35186e-09
2.34911e-09
2.34738e-09
2.34681e-09
2.34738e-09
2.34911e-09
2.35186e-09
2.35589e-09
2.36108e-09
2.36686e-09
2.37439e-09
2.38311e-09
2.3928e-09
2.40452e-09
2.41725e-09
2.43159e-09
2.44745e-09
2.46462e-09
2.48421e-09
2.50543e-09
2.52868e-09
2.55415e-09
2.58214e-09
2.61222e-09
2.64602e-09
2.68222e-09
2.72197e-09
2.76568e-09
2.81312e-09
2.86515e-09
2.92243e-09
2.98522e-09
3.05412e-09
3.13043e-09
3.21429e-09
3.30766e-09
3.41156e-09
3.52715e-09
3.65683e-09
3.80332e-09
3.96845e-09
4.15777e-09
4.37401e-09
4.62538e-09
4.91991e-09
5.26934e-09
5.69087e-09
6.2082e-09
6.86336e-09
7.7232e-09
8.9192e-09
1.07552e-08
1.43862e-08
1.1412e-08
8.71099e-09
7.26393e-09
6.30565e-09
5.60975e-09
5.0781e-09
4.65484e-09
4.3106e-09
4.02429e-09
3.78275e-09
3.57661e-09
3.39841e-09
3.24253e-09
3.10651e-09
2.98594e-09
2.87933e-09
2.78372e-09
2.69799e-09
2.62143e-09
2.55215e-09
2.48895e-09
2.43183e-09
2.3802e-09
2.33297e-09
2.29003e-09
2.25042e-09
2.21429e-09
2.18163e-09
2.15144e-09
2.12396e-09
2.09867e-09
2.07561e-09
2.05451e-09
2.03521e-09
2.01738e-09
2.00127e-09
1.98684e-09
1.97386e-09
1.96193e-09
1.95131e-09
1.94189e-09
1.93346e-09
1.92657e-09
1.92036e-09
1.91521e-09
1.91109e-09
1.90782e-09
1.9054e-09
1.90391e-09
1.90363e-09
1.90391e-09
1.9054e-09
1.90782e-09
1.91109e-09
1.91521e-09
1.92036e-09
1.92657e-09
1.93346e-09
1.94189e-09
1.95131e-09
1.96193e-09
1.97386e-09
1.98684e-09
2.00127e-09
2.01738e-09
2.03521e-09
2.05451e-09
2.07561e-09
2.09867e-09
2.12396e-09
2.15144e-09
2.18163e-09
2.21429e-09
2.25042e-09
2.29003e-09
2.33297e-09
2.3802e-09
2.43183e-09
2.48895e-09
2.55215e-09
2.62143e-09
2.69799e-09
2.78372e-09
2.87933e-09
2.98594e-09
3.10651e-09
3.24253e-09
3.39841e-09
3.57661e-09
3.78275e-09
4.02429e-09
4.3106e-09
4.65484e-09
5.0781e-09
5.60975e-09
6.30565e-09
7.26393e-09
8.71099e-09
1.1412e-08
9.15826e-09
7.08809e-09
5.93464e-09
5.1606e-09
4.59453e-09
4.15939e-09
3.813e-09
3.53025e-09
3.29523e-09
3.09635e-09
2.92643e-09
2.7795e-09
2.65159e-09
2.53909e-09
2.43969e-09
2.3514e-09
2.27241e-09
2.20166e-09
2.13834e-09
2.08089e-09
2.02885e-09
1.9816e-09
1.93886e-09
1.89982e-09
1.86421e-09
1.8315e-09
1.80183e-09
1.77437e-09
1.74939e-09
1.72661e-09
1.70563e-09
1.68664e-09
1.66916e-09
1.65316e-09
1.63851e-09
1.62494e-09
1.61306e-09
1.60206e-09
1.59237e-09
1.58352e-09
1.57572e-09
1.56872e-09
1.56297e-09
1.55778e-09
1.55352e-09
1.55011e-09
1.54738e-09
1.54564e-09
1.54428e-09
1.54383e-09
1.54428e-09
1.54564e-09
1.54738e-09
1.55011e-09
1.55352e-09
1.55778e-09
1.56297e-09
1.56872e-09
1.57572e-09
1.58352e-09
1.59237e-09
1.60206e-09
1.61306e-09
1.62494e-09
1.63851e-09
1.65316e-09
1.66916e-09
1.68664e-09
1.70563e-09
1.72661e-09
1.74939e-09
1.77437e-09
1.80183e-09
1.8315e-09
1.86421e-09
1.89982e-09
1.93886e-09
1.9816e-09
2.02885e-09
2.08089e-09
2.13834e-09
2.20166e-09
2.27241e-09
2.3514e-09
2.43969e-09
2.53909e-09
2.65159e-09
2.7795e-09
2.92643e-09
3.09635e-09
3.29523e-09
3.53025e-09
3.813e-09
4.15939e-09
4.59453e-09
5.1606e-09
5.93464e-09
7.08809e-09
9.15826e-09
7.41294e-09
5.79179e-09
4.8614e-09
4.23194e-09
3.76929e-09
3.41256e-09
3.12768e-09
2.89499e-09
2.70103e-09
2.5371e-09
2.39643e-09
2.27508e-09
2.16929e-09
2.07642e-09
1.99424e-09
1.9213e-09
1.85593e-09
1.79734e-09
1.74477e-09
1.69739e-09
1.65437e-09
1.61527e-09
1.57965e-09
1.54716e-09
1.5177e-09
1.49077e-09
1.4659e-09
1.44356e-09
1.42267e-09
1.4038e-09
1.3864e-09
1.37049e-09
1.35595e-09
1.34275e-09
1.33046e-09
1.3195e-09
1.3096e-09
1.30047e-09
1.29229e-09
1.28491e-09
1.27852e-09
1.27271e-09
1.26799e-09
1.26353e-09
1.26001e-09
1.25718e-09
1.25479e-09
1.25325e-09
1.25246e-09
1.25209e-09
1.25246e-09
1.25325e-09
1.25479e-09
1.25718e-09
1.26001e-09
1.26353e-09
1.26799e-09
1.27271e-09
1.27852e-09
1.28491e-09
1.29229e-09
1.30047e-09
1.3096e-09
1.3195e-09
1.33046e-09
1.34275e-09
1.35595e-09
1.37049e-09
1.3864e-09
1.4038e-09
1.42267e-09
1.44356e-09
1.4659e-09
1.49077e-09
1.5177e-09
1.54716e-09
1.57965e-09
1.61527e-09
1.65437e-09
1.69739e-09
1.74477e-09
1.79734e-09
1.85593e-09
1.9213e-09
1.99424e-09
2.07642e-09
2.16929e-09
2.27508e-09
2.39643e-09
2.5371e-09
2.70103e-09
2.89499e-09
3.12768e-09
3.41256e-09
3.76929e-09
4.23194e-09
4.8614e-09
5.79179e-09
7.41294e-09
6.04341e-09
4.75061e-09
3.99452e-09
3.47872e-09
3.09817e-09
2.80379e-09
2.56879e-09
2.37636e-09
2.21613e-09
2.08008e-09
1.96414e-09
1.86357e-09
1.77594e-09
1.69905e-09
1.63091e-09
1.57025e-09
1.51637e-09
1.46791e-09
1.42427e-09
1.38497e-09
1.34913e-09
1.31679e-09
1.28749e-09
1.26069e-09
1.23596e-09
1.21355e-09
1.19301e-09
1.1743e-09
1.15714e-09
1.14134e-09
1.12702e-09
1.11375e-09
1.10167e-09
1.09067e-09
1.08063e-09
1.07142e-09
1.06306e-09
1.0557e-09
1.04885e-09
1.04287e-09
1.03727e-09
1.03266e-09
1.02837e-09
1.02496e-09
1.02205e-09
1.0196e-09
1.01766e-09
1.01642e-09
1.01557e-09
1.01537e-09
1.01557e-09
1.01642e-09
1.01766e-09
1.0196e-09
1.02205e-09
1.02496e-09
1.02837e-09
1.03266e-09
1.03727e-09
1.04287e-09
1.04885e-09
1.0557e-09
1.06306e-09
1.07142e-09
1.08063e-09
1.09067e-09
1.10167e-09
1.11375e-09
1.12702e-09
1.14134e-09
1.15714e-09
1.1743e-09
1.19301e-09
1.21355e-09
1.23596e-09
1.26069e-09
1.28749e-09
1.31679e-09
1.34913e-09
1.38497e-09
1.42427e-09
1.46791e-09
1.51637e-09
1.57025e-09
1.63091e-09
1.69905e-09
1.77594e-09
1.86357e-09
1.96414e-09
2.08008e-09
2.21613e-09
2.37636e-09
2.56879e-09
2.80379e-09
3.09817e-09
3.47872e-09
3.99452e-09
4.75061e-09
6.04341e-09
8.3273e-09
4.95657e-09
3.91053e-09
3.29073e-09
2.86557e-09
2.55078e-09
2.30745e-09
2.11257e-09
1.95322e-09
1.8198e-09
1.70755e-09
1.61101e-09
1.52768e-09
1.45511e-09
1.39115e-09
1.33463e-09
1.28435e-09
1.23947e-09
1.19921e-09
1.16304e-09
1.13039e-09
1.1008e-09
1.07394e-09
1.04947e-09
1.02712e-09
1.00681e-09
9.88166e-10
9.71243e-10
9.55591e-10
9.41341e-10
9.28212e-10
9.16296e-10
9.05331e-10
8.95153e-10
8.8613e-10
8.77627e-10
8.70057e-10
8.63059e-10
8.56788e-10
8.51229e-10
8.4612e-10
8.41659e-10
8.37713e-10
8.34235e-10
8.31423e-10
8.28903e-10
8.26877e-10
8.25341e-10
8.2421e-10
8.23605e-10
8.23444e-10
8.23605e-10
8.2421e-10
8.25341e-10
8.26877e-10
8.28903e-10
8.31423e-10
8.34235e-10
8.37713e-10
8.41659e-10
8.4612e-10
8.51229e-10
8.56788e-10
8.63059e-10
8.70057e-10
8.77627e-10
8.8613e-10
8.95153e-10
9.05331e-10
9.16296e-10
9.28212e-10
9.41341e-10
9.55591e-10
9.71243e-10
9.88166e-10
1.00681e-09
1.02712e-09
1.04947e-09
1.07394e-09
1.1008e-09
1.13039e-09
1.16304e-09
1.19921e-09
1.23947e-09
1.28435e-09
1.33463e-09
1.39115e-09
1.45511e-09
1.52768e-09
1.61101e-09
1.70755e-09
1.8198e-09
1.95322e-09
2.11257e-09
2.30745e-09
2.55078e-09
2.86557e-09
3.29073e-09
3.91053e-09
4.95657e-09
8.3273e-09
6.55872e-09
4.08789e-09
3.23051e-09
2.71824e-09
2.36524e-09
2.10422e-09
1.90168e-09
1.73983e-09
1.607e-09
1.49655e-09
1.40291e-09
1.3228e-09
1.25344e-09
1.19289e-09
1.13983e-09
1.09291e-09
1.05101e-09
1.01378e-09
9.80364e-10
9.50274e-10
9.23002e-10
8.98401e-10
8.76039e-10
8.55866e-10
8.37303e-10
8.20226e-10
8.04835e-10
7.90738e-10
7.77725e-10
7.65824e-10
7.54919e-10
7.45043e-10
7.35872e-10
7.27526e-10
7.1998e-10
7.1293e-10
7.06571e-10
7.00852e-10
6.95588e-10
6.90837e-10
6.86723e-10
6.82934e-10
6.79699e-10
6.76909e-10
6.74329e-10
6.72351e-10
6.70674e-10
6.69362e-10
6.68478e-10
6.67922e-10
6.67758e-10
6.67922e-10
6.68478e-10
6.69362e-10
6.70674e-10
6.72351e-10
6.74329e-10
6.76909e-10
6.79699e-10
6.82934e-10
6.86723e-10
6.90837e-10
6.95588e-10
7.00852e-10
7.06571e-10
7.1293e-10
7.1998e-10
7.27526e-10
7.35872e-10
7.45043e-10
7.54919e-10
7.65824e-10
7.77725e-10
7.90738e-10
8.04835e-10
8.20226e-10
8.37303e-10
8.55866e-10
8.76039e-10
8.98401e-10
9.23002e-10
9.50274e-10
9.80364e-10
1.01378e-09
1.05101e-09
1.09291e-09
1.13983e-09
1.19289e-09
1.25344e-09
1.3228e-09
1.40291e-09
1.49655e-09
1.607e-09
1.73983e-09
1.90168e-09
2.10422e-09
2.36524e-09
2.71824e-09
3.23051e-09
4.08789e-09
6.55872e-09
5.34945e-09
3.38946e-09
2.67842e-09
2.25119e-09
1.95714e-09
1.7389e-09
1.5701e-09
1.43483e-09
1.32409e-09
1.23204e-09
1.15386e-09
1.0871e-09
1.02928e-09
9.78878e-10
9.34639e-10
8.95548e-10
8.60697e-10
8.29715e-10
8.01729e-10
7.76735e-10
7.54217e-10
7.33642e-10
7.15027e-10
6.98147e-10
6.82633e-10
6.68642e-10
6.55706e-10
6.43903e-10
6.3318e-10
6.23336e-10
6.14156e-10
6.05972e-10
5.98306e-10
5.91345e-10
5.85008e-10
5.79137e-10
5.73998e-10
5.69128e-10
5.64742e-10
5.60856e-10
5.57351e-10
5.54248e-10
5.51514e-10
5.49142e-10
5.47075e-10
5.45417e-10
5.4395e-10
5.42938e-10
5.42141e-10
5.4169e-10
5.41557e-10
5.4169e-10
5.42141e-10
5.42938e-10
5.4395e-10
5.45417e-10
5.47075e-10
5.49142e-10
5.51514e-10
5.54248e-10
5.57351e-10
5.60856e-10
5.64742e-10
5.69128e-10
5.73998e-10
5.79137e-10
5.85008e-10
5.91345e-10
5.98306e-10
6.05972e-10
6.14156e-10
6.23336e-10
6.3318e-10
6.43903e-10
6.55706e-10
6.68642e-10
6.82633e-10
6.98147e-10
7.15027e-10
7.33642e-10
7.54217e-10
7.76735e-10
8.01729e-10
8.29715e-10
8.60697e-10
8.95548e-10
9.34639e-10
9.78878e-10
1.02928e-09
1.0871e-09
1.15386e-09
1.23204e-09
1.32409e-09
1.43483e-09
1.5701e-09
1.7389e-09
1.95714e-09
2.25119e-09
2.67842e-09
3.38946e-09
5.34945e-09
4.44965e-09
2.82552e-09
2.2283e-09
1.86977e-09
1.62288e-09
1.43989e-09
1.2985e-09
1.18515e-09
1.09259e-09
1.01542e-09
9.50135e-10
8.94277e-10
8.46078e-10
8.0389e-10
7.66912e-10
7.34289e-10
7.05292e-10
6.79433e-10
6.56156e-10
6.35229e-10
6.16416e-10
5.99273e-10
5.83806e-10
5.6977e-10
5.56833e-10
5.4515e-10
5.34418e-10
5.24538e-10
5.15598e-10
5.07432e-10
4.99834e-10
4.9293e-10
4.86573e-10
4.8084e-10
4.755e-10
4.70657e-10
4.66275e-10
4.62227e-10
4.58641e-10
4.55328e-10
4.5246e-10
4.49874e-10
4.47566e-10
4.45576e-10
4.43855e-10
4.42444e-10
4.41297e-10
4.4039e-10
4.39765e-10
4.39399e-10
4.39269e-10
4.39399e-10
4.39765e-10
4.4039e-10
4.41297e-10
4.42444e-10
4.43855e-10
4.45576e-10
4.47566e-10
4.49874e-10
4.5246e-10
4.55328e-10
4.58641e-10
4.62227e-10
4.66275e-10
4.70657e-10
4.755e-10
4.8084e-10
4.86573e-10
4.9293e-10
4.99834e-10
5.07432e-10
5.15598e-10
5.24538e-10
5.34418e-10
5.4515e-10
5.56833e-10
5.6977e-10
5.83806e-10
5.99273e-10
6.16416e-10
6.35229e-10
6.56156e-10
6.79433e-10
7.05292e-10
7.34289e-10
7.66912e-10
8.0389e-10
8.46078e-10
8.94277e-10
9.50135e-10
1.01542e-09
1.09259e-09
1.18515e-09
1.2985e-09
1.43989e-09
1.62288e-09
1.86977e-09
2.2283e-09
2.82552e-09
4.44965e-09
3.77002e-09
2.3679e-09
1.86093e-09
1.5574e-09
1.34907e-09
1.19482e-09
1.07562e-09
9.80604e-10
9.02764e-10
8.38041e-10
7.83303e-10
7.36485e-10
6.96065e-10
6.60831e-10
6.29933e-10
6.02599e-10
5.784e-10
5.56696e-10
5.37357e-10
5.19858e-10
5.04088e-10
4.89873e-10
4.76946e-10
4.65225e-10
4.54437e-10
4.4466e-10
4.35712e-10
4.2753e-10
4.20035e-10
4.13198e-10
4.06871e-10
4.01112e-10
3.95783e-10
3.90945e-10
3.86565e-10
3.82533e-10
3.78803e-10
3.75514e-10
3.72527e-10
3.69799e-10
3.67361e-10
3.65136e-10
3.63298e-10
3.61628e-10
3.60178e-10
3.59015e-10
3.58049e-10
3.57261e-10
3.56771e-10
3.56421e-10
3.56352e-10
3.56421e-10
3.56771e-10
3.57261e-10
3.58049e-10
3.59015e-10
3.60178e-10
3.61628e-10
3.63298e-10
3.65136e-10
3.67361e-10
3.69799e-10
3.72527e-10
3.75514e-10
3.78803e-10
3.82533e-10
3.86565e-10
3.90945e-10
3.95783e-10
4.01112e-10
4.06871e-10
4.13198e-10
4.20035e-10
4.2753e-10
4.35712e-10
4.4466e-10
4.54437e-10
4.65225e-10
4.76946e-10
4.89873e-10
5.04088e-10
5.19858e-10
5.37357e-10
5.56696e-10
5.784e-10
6.02599e-10
6.29933e-10
6.60831e-10
6.96065e-10
7.36485e-10
7.83303e-10
8.38041e-10
9.02764e-10
9.80604e-10
1.07562e-09
1.19482e-09
1.34907e-09
1.5574e-09
1.86093e-09
2.3679e-09
3.77002e-09
3.26303e-09
1.9957e-09
1.55984e-09
1.30123e-09
1.12415e-09
9.93597e-10
8.92747e-10
8.12554e-10
7.47052e-10
6.9253e-10
6.46557e-10
6.07249e-10
5.73352e-10
5.43763e-10
5.17851e-10
4.94986e-10
4.74639e-10
4.56534e-10
4.40325e-10
4.25732e-10
4.12551e-10
4.00601e-10
3.89836e-10
3.79993e-10
3.71015e-10
3.62889e-10
3.55427e-10
3.48563e-10
3.42284e-10
3.36563e-10
3.31326e-10
3.26507e-10
3.22089e-10
3.18058e-10
3.1437e-10
3.10984e-10
3.07966e-10
3.05171e-10
3.02624e-10
3.00378e-10
2.98324e-10
2.96517e-10
2.94952e-10
2.93538e-10
2.92332e-10
2.91345e-10
2.90547e-10
2.89921e-10
2.89509e-10
2.89211e-10
2.89169e-10
2.89211e-10
2.89509e-10
2.89921e-10
2.90547e-10
2.91345e-10
2.92332e-10
2.93538e-10
2.94952e-10
2.96517e-10
2.98324e-10
3.00378e-10
3.02624e-10
3.05171e-10
3.07966e-10
3.10984e-10
3.1437e-10
3.18058e-10
3.22089e-10
3.26507e-10
3.31326e-10
3.36563e-10
3.42284e-10
3.48563e-10
3.55427e-10
3.62889e-10
3.71015e-10
3.79993e-10
3.89836e-10
4.00601e-10
4.12551e-10
4.25732e-10
4.40325e-10
4.56534e-10
4.74639e-10
4.94986e-10
5.17851e-10
5.43763e-10
5.73352e-10
6.07249e-10
6.46557e-10
6.9253e-10
7.47052e-10
8.12554e-10
8.92747e-10
9.93597e-10
1.12415e-09
1.30123e-09
1.55984e-09
1.9957e-09
3.26303e-09
2.927e-09
1.69234e-09
1.31306e-09
1.09056e-09
9.39224e-10
8.28092e-10
7.4264e-10
6.7456e-10
6.19169e-10
5.73212e-10
5.34339e-10
5.01305e-10
4.72714e-10
4.47895e-10
4.26129e-10
4.06911e-10
3.89893e-10
3.74687e-10
3.61115e-10
3.48888e-10
3.37884e-10
3.27886e-10
3.1887e-10
3.10618e-10
3.03099e-10
2.96285e-10
2.90035e-10
2.84321e-10
2.79074e-10
2.74301e-10
2.69913e-10
2.65882e-10
2.6218e-10
2.58809e-10
2.55757e-10
2.5294e-10
2.50349e-10
2.4804e-10
2.45934e-10
2.44084e-10
2.42355e-10
2.40839e-10
2.39521e-10
2.38338e-10
2.3737e-10
2.36545e-10
2.35839e-10
2.35354e-10
2.34962e-10
2.34743e-10
2.34685e-10
2.34743e-10
2.34962e-10
2.35354e-10
2.35839e-10
2.36545e-10
2.3737e-10
2.38338e-10
2.39521e-10
2.40839e-10
2.42355e-10
2.44084e-10
2.45934e-10
2.4804e-10
2.50349e-10
2.5294e-10
2.55757e-10
2.58809e-10
2.6218e-10
2.65882e-10
2.69913e-10
2.74301e-10
2.79074e-10
2.84321e-10
2.90035e-10
2.96285e-10
3.03099e-10
3.10618e-10
3.1887e-10
3.27886e-10
3.37884e-10
3.48888e-10
3.61115e-10
3.74687e-10
3.89893e-10
4.06911e-10
4.26129e-10
4.47895e-10
4.72714e-10
5.01305e-10
5.34339e-10
5.73212e-10
6.19169e-10
6.7456e-10
7.4264e-10
8.28092e-10
9.39224e-10
1.09056e-09
1.31306e-09
1.69234e-09
2.927e-09
1.44469e-09
1.11005e-09
9.17059e-10
7.86954e-10
6.91852e-10
6.18866e-10
5.6113e-10
5.14111e-10
4.75174e-10
4.42292e-10
4.14354e-10
3.90295e-10
3.69383e-10
3.51014e-10
3.34885e-10
3.20593e-10
3.07769e-10
2.9643e-10
2.86152e-10
2.76894e-10
2.68527e-10
2.60937e-10
2.54058e-10
2.47785e-10
2.42035e-10
2.36812e-10
2.32009e-10
2.27671e-10
2.23633e-10
2.19968e-10
2.16629e-10
2.1355e-10
2.1071e-10
2.08133e-10
2.05789e-10
2.03651e-10
2.01733e-10
1.9995e-10
1.98349e-10
1.96934e-10
1.95673e-10
1.94573e-10
1.93593e-10
1.92787e-10
1.9208e-10
1.91525e-10
1.91084e-10
1.90794e-10
1.90578e-10
1.90513e-10
1.90578e-10
1.90794e-10
1.91084e-10
1.91525e-10
1.9208e-10
1.92787e-10
1.93593e-10
1.94573e-10
1.95673e-10
1.96934e-10
1.98349e-10
1.9995e-10
2.01733e-10
2.03651e-10
2.05789e-10
2.08133e-10
2.1071e-10
2.1355e-10
2.16629e-10
2.19968e-10
2.23633e-10
2.27671e-10
2.32009e-10
2.36812e-10
2.42035e-10
2.47785e-10
2.54058e-10
2.60937e-10
2.68527e-10
2.76894e-10
2.86152e-10
2.9643e-10
3.07769e-10
3.20593e-10
3.34885e-10
3.51014e-10
3.69383e-10
3.90295e-10
4.14354e-10
4.42292e-10
4.75174e-10
5.14111e-10
5.6113e-10
6.18866e-10
6.91852e-10
7.86954e-10
9.17059e-10
1.11005e-09
1.44469e-09
1.24324e-09
9.42909e-10
7.74116e-10
6.61316e-10
5.79477e-10
5.17014e-10
4.67601e-10
4.27634e-10
3.94466e-10
3.66678e-10
3.42989e-10
3.22642e-10
3.04947e-10
2.89495e-10
2.75892e-10
2.6383e-10
2.53076e-10
2.43487e-10
2.34858e-10
2.27091e-10
2.20098e-10
2.13728e-10
2.07939e-10
2.02685e-10
1.97873e-10
1.93498e-10
1.89507e-10
1.85817e-10
1.82467e-10
1.79388e-10
1.7656e-10
1.7399e-10
1.71617e-10
1.69476e-10
1.67493e-10
1.65728e-10
1.64094e-10
1.62636e-10
1.61285e-10
1.60095e-10
1.59047e-10
1.58121e-10
1.57309e-10
1.56616e-10
1.56048e-10
1.55575e-10
1.55201e-10
1.54942e-10
1.54798e-10
1.54745e-10
1.54798e-10
1.54942e-10
1.55201e-10
1.55575e-10
1.56048e-10
1.56616e-10
1.57309e-10
1.58121e-10
1.59047e-10
1.60095e-10
1.61285e-10
1.62636e-10
1.64094e-10
1.65728e-10
1.67493e-10
1.69476e-10
1.71617e-10
1.7399e-10
1.7656e-10
1.79388e-10
1.82467e-10
1.85817e-10
1.89507e-10
1.93498e-10
1.97873e-10
2.02685e-10
2.07939e-10
2.13728e-10
2.20098e-10
2.27091e-10
2.34858e-10
2.43487e-10
2.53076e-10
2.6383e-10
2.75892e-10
2.89495e-10
3.04947e-10
3.22642e-10
3.42989e-10
3.66678e-10
3.94466e-10
4.27634e-10
4.67601e-10
5.17014e-10
5.79477e-10
6.61316e-10
7.74116e-10
9.42909e-10
1.24324e-09
1.07973e-09
8.05505e-10
6.5606e-10
5.5757e-10
4.86764e-10
4.32967e-10
3.90582e-10
3.56387e-10
3.28159e-10
3.04469e-10
2.84362e-10
2.67109e-10
2.52123e-10
2.39051e-10
2.27548e-10
2.17363e-10
2.08317e-10
2.00235e-10
1.92958e-10
1.86437e-10
1.80535e-10
1.75172e-10
1.70309e-10
1.65907e-10
1.61856e-10
1.58191e-10
1.54844e-10
1.51753e-10
1.48944e-10
1.46387e-10
1.44015e-10
1.41842e-10
1.39866e-10
1.38052e-10
1.3641e-10
1.34912e-10
1.33543e-10
1.3233e-10
1.31198e-10
1.30211e-10
1.29326e-10
1.28548e-10
1.27881e-10
1.27293e-10
1.26807e-10
1.26409e-10
1.26093e-10
1.25883e-10
1.25766e-10
1.25716e-10
1.25766e-10
1.25883e-10
1.26093e-10
1.26409e-10
1.26807e-10
1.27293e-10
1.27881e-10
1.28548e-10
1.29326e-10
1.30211e-10
1.31198e-10
1.3233e-10
1.33543e-10
1.34912e-10
1.3641e-10
1.38052e-10
1.39866e-10
1.41842e-10
1.44015e-10
1.46387e-10
1.48944e-10
1.51753e-10
1.54844e-10
1.58191e-10
1.61856e-10
1.65907e-10
1.70309e-10
1.75172e-10
1.80535e-10
1.86437e-10
1.92958e-10
2.00235e-10
2.08317e-10
2.17363e-10
2.27548e-10
2.39051e-10
2.52123e-10
2.67109e-10
2.84362e-10
3.04469e-10
3.28159e-10
3.56387e-10
3.90582e-10
4.32967e-10
4.86764e-10
5.5757e-10
6.5606e-10
8.05505e-10
1.07973e-09
9.48601e-10
6.92089e-10
5.58417e-10
4.71811e-10
4.10073e-10
3.63494e-10
3.27003e-10
2.97638e-10
2.73455e-10
2.53262e-10
2.3614e-10
2.21462e-10
2.08746e-10
1.9765e-10
1.87934e-10
1.79309e-10
1.71659e-10
1.6482e-10
1.58711e-10
1.53189e-10
1.48215e-10
1.43712e-10
1.39632e-10
1.35922e-10
1.32531e-10
1.2944e-10
1.2662e-10
1.24025e-10
1.21681e-10
1.19515e-10
1.17521e-10
1.15712e-10
1.14055e-10
1.12543e-10
1.11149e-10
1.09896e-10
1.08754e-10
1.07723e-10
1.06792e-10
1.05967e-10
1.05216e-10
1.04567e-10
1.04004e-10
1.03515e-10
1.03094e-10
1.02781e-10
1.02514e-10
1.02338e-10
1.02223e-10
1.02193e-10
1.02223e-10
1.02338e-10
1.02514e-10
1.02781e-10
1.03094e-10
1.03515e-10
1.04004e-10
1.04567e-10
1.05216e-10
1.05967e-10
1.06792e-10
1.07723e-10
1.08754e-10
1.09896e-10
1.11149e-10
1.12543e-10
1.14055e-10
1.15712e-10
1.17521e-10
1.19515e-10
1.21681e-10
1.24025e-10
1.2662e-10
1.2944e-10
1.32531e-10
1.35922e-10
1.39632e-10
1.43712e-10
1.48215e-10
1.53189e-10
1.58711e-10
1.6482e-10
1.71659e-10
1.79309e-10
1.87934e-10
1.9765e-10
2.08746e-10
2.21462e-10
2.3614e-10
2.53262e-10
2.73455e-10
2.97638e-10
3.27003e-10
3.63494e-10
4.10073e-10
4.71811e-10
5.58417e-10
6.92089e-10
9.48601e-10
8.46824e-10
5.99039e-10
4.77741e-10
4.00817e-10
3.46621e-10
3.06085e-10
2.74462e-10
2.49149e-10
2.28375e-10
2.11072e-10
1.96442e-10
1.83895e-10
1.73079e-10
1.63652e-10
1.55391e-10
1.48106e-10
1.41619e-10
1.35835e-10
1.30672e-10
1.26019e-10
1.21818e-10
1.18023e-10
1.14577e-10
1.11449e-10
1.08599e-10
1.05998e-10
1.03627e-10
1.01458e-10
9.94664e-11
9.76526e-11
9.59754e-11
9.44566e-11
9.30578e-11
9.17967e-11
9.06371e-11
8.95801e-11
8.8618e-11
8.77523e-11
8.69761e-11
8.62703e-11
8.56459e-11
8.51011e-11
8.46262e-11
8.42242e-11
8.38777e-11
8.36064e-11
8.33891e-11
8.32378e-11
8.3148e-11
8.31113e-11
8.3148e-11
8.32378e-11
8.33891e-11
8.36064e-11
8.38777e-11
8.42242e-11
8.46262e-11
8.51011e-11
8.56459e-11
8.62703e-11
8.69761e-11
8.77523e-11
8.8618e-11
8.95801e-11
9.06371e-11
9.17967e-11
9.30578e-11
9.44566e-11
9.59754e-11
9.76526e-11
9.94664e-11
1.01458e-10
1.03627e-10
1.05998e-10
1.08599e-10
1.11449e-10
1.14577e-10
1.18023e-10
1.21818e-10
1.26019e-10
1.30672e-10
1.35835e-10
1.41619e-10
1.48106e-10
1.55391e-10
1.63652e-10
1.73079e-10
1.83895e-10
1.96442e-10
2.11072e-10
2.28375e-10
2.49149e-10
2.74462e-10
3.06085e-10
3.46621e-10
4.00817e-10
4.77741e-10
5.99039e-10
8.46824e-10
7.73624e-10
5.22845e-10
4.10958e-10
3.41965e-10
2.94014e-10
2.58518e-10
2.3101e-10
2.09064e-10
1.9114e-10
1.76266e-10
1.63716e-10
1.52994e-10
1.43747e-10
1.35729e-10
1.28699e-10
1.22501e-10
1.16991e-10
1.12102e-10
1.07707e-10
1.03775e-10
1.00221e-10
9.70173e-11
9.41142e-11
9.14729e-11
8.90759e-11
8.68737e-11
8.488e-11
8.30501e-11
8.13793e-11
7.9844e-11
7.84492e-11
7.71772e-11
7.59929e-11
7.49223e-11
7.39539e-11
7.30553e-11
7.22599e-11
7.15327e-11
7.08755e-11
7.02898e-11
6.97706e-11
6.93029e-11
6.89093e-11
6.85651e-11
6.82829e-11
6.80452e-11
6.78651e-11
6.77352e-11
6.76588e-11
6.76455e-11
6.76588e-11
6.77352e-11
6.78651e-11
6.80452e-11
6.82829e-11
6.85651e-11
6.89093e-11
6.93029e-11
6.97706e-11
7.02898e-11
7.08755e-11
7.15327e-11
7.22599e-11
7.30553e-11
7.39539e-11
7.49223e-11
7.59929e-11
7.71772e-11
7.84492e-11
7.9844e-11
8.13793e-11
8.30501e-11
8.488e-11
8.68737e-11
8.90759e-11
9.14729e-11
9.41142e-11
9.70173e-11
1.00221e-10
1.03775e-10
1.07707e-10
1.12102e-10
1.16991e-10
1.22501e-10
1.28699e-10
1.35729e-10
1.43747e-10
1.52994e-10
1.63716e-10
1.76266e-10
1.9114e-10
2.09064e-10
2.3101e-10
2.58518e-10
2.94014e-10
3.41965e-10
4.10958e-10
5.22845e-10
7.73624e-10
7.38796e-10
4.60961e-10
3.55793e-10
2.93165e-10
2.50447e-10
2.19086e-10
1.95012e-10
1.75886e-10
1.6037e-10
1.47548e-10
1.36711e-10
1.2753e-10
1.19627e-10
1.12753e-10
1.06755e-10
1.01463e-10
9.6789e-11
9.2634e-11
8.89099e-11
8.55828e-11
8.25583e-11
7.98479e-11
7.73896e-11
7.51655e-11
7.31235e-11
7.12768e-11
6.95893e-11
6.80519e-11
6.66433e-11
6.53471e-11
6.41643e-11
6.30927e-11
6.2106e-11
6.12038e-11
6.03917e-11
5.96402e-11
5.89587e-11
5.83452e-11
5.78062e-11
5.73087e-11
5.68685e-11
5.64844e-11
5.61415e-11
5.5861e-11
5.56173e-11
5.54183e-11
5.52715e-11
5.51549e-11
5.51008e-11
5.50791e-11
5.51008e-11
5.51549e-11
5.52715e-11
5.54183e-11
5.56173e-11
5.5861e-11
5.61415e-11
5.64844e-11
5.68685e-11
5.73087e-11
5.78062e-11
5.83452e-11
5.89587e-11
5.96402e-11
6.03917e-11
6.12038e-11
6.2106e-11
6.30927e-11
6.41643e-11
6.53471e-11
6.66433e-11
6.80519e-11
6.95893e-11
7.12768e-11
7.31235e-11
7.51655e-11
7.73896e-11
7.98479e-11
8.25583e-11
8.55828e-11
8.89099e-11
9.2634e-11
9.6789e-11
1.01463e-10
1.06755e-10
1.12753e-10
1.19627e-10
1.2753e-10
1.36711e-10
1.47548e-10
1.6037e-10
1.75886e-10
1.95012e-10
2.19086e-10
2.50447e-10
2.93165e-10
3.55793e-10
4.60961e-10
7.38796e-10
4.11844e-10
3.10344e-10
2.52692e-10
2.1421e-10
1.86364e-10
1.65144e-10
1.48411e-10
1.34919e-10
1.2377e-10
1.14425e-10
1.06519e-10
9.97206e-11
9.38375e-11
8.8705e-11
8.4187e-11
8.01975e-11
7.66561e-11
7.34906e-11
7.06635e-11
6.81021e-11
6.58011e-11
6.37154e-11
6.1823e-11
6.01047e-11
5.85375e-11
5.7112e-11
5.58116e-11
5.46185e-11
5.35349e-11
5.25399e-11
5.16317e-11
5.08016e-11
5.00437e-11
4.9348e-11
4.87218e-11
4.81532e-11
4.76403e-11
4.71699e-11
4.6757e-11
4.63863e-11
4.60684e-11
4.57797e-11
4.55374e-11
4.53388e-11
4.51742e-11
4.50457e-11
4.49573e-11
4.49043e-11
4.48823e-11
4.49043e-11
4.49573e-11
4.50457e-11
4.51742e-11
4.53388e-11
4.55374e-11
4.57797e-11
4.60684e-11
4.63863e-11
4.6757e-11
4.71699e-11
4.76403e-11
4.81532e-11
4.87218e-11
4.9348e-11
5.00437e-11
5.08016e-11
5.16317e-11
5.25399e-11
5.35349e-11
5.46185e-11
5.58116e-11
5.7112e-11
5.85375e-11
6.01047e-11
6.1823e-11
6.37154e-11
6.58011e-11
6.81021e-11
7.06635e-11
7.34906e-11
7.66561e-11
8.01975e-11
8.4187e-11
8.8705e-11
9.38375e-11
9.97206e-11
1.06519e-10
1.14425e-10
1.2377e-10
1.34919e-10
1.48411e-10
1.65144e-10
1.86364e-10
2.1421e-10
2.52692e-10
3.10344e-10
4.11844e-10
3.74632e-10
2.73133e-10
2.19193e-10
1.84139e-10
1.59164e-10
1.4036e-10
1.25642e-10
1.13809e-10
1.04111e-10
9.60131e-11
8.91634e-11
8.33073e-11
7.82338e-11
7.38414e-11
6.99731e-11
6.65615e-11
6.35373e-11
6.08352e-11
5.84169e-11
5.62491e-11
5.42949e-11
5.25244e-11
5.09165e-11
4.94597e-11
4.81366e-11
4.69295e-11
4.58314e-11
4.48206e-11
4.38966e-11
4.30594e-11
4.22962e-11
4.15915e-11
4.09548e-11
4.03694e-11
3.98413e-11
3.93588e-11
3.89261e-11
3.8536e-11
3.81835e-11
3.78734e-11
3.76026e-11
3.73632e-11
3.716e-11
3.69887e-11
3.68545e-11
3.67442e-11
3.6672e-11
3.66216e-11
3.6609e-11
3.66216e-11
3.6672e-11
3.67442e-11
3.68545e-11
3.69887e-11
3.716e-11
3.73632e-11
3.76026e-11
3.78734e-11
3.81835e-11
3.8536e-11
3.89261e-11
3.93588e-11
3.98413e-11
4.03694e-11
4.09548e-11
4.15915e-11
4.22962e-11
4.30594e-11
4.38966e-11
4.48206e-11
4.58314e-11
4.69295e-11
4.81366e-11
4.94597e-11
5.09165e-11
5.25244e-11
5.42949e-11
5.62491e-11
5.84169e-11
6.08352e-11
6.35373e-11
6.65615e-11
6.99731e-11
7.38414e-11
7.82338e-11
8.33073e-11
8.91634e-11
9.60131e-11
1.04111e-10
1.13809e-10
1.25642e-10
1.4036e-10
1.59164e-10
1.84139e-10
2.19193e-10
2.73133e-10
3.74632e-10
3.50258e-10
2.42998e-10
1.91515e-10
1.59179e-10
1.36564e-10
1.1975e-10
1.06713e-10
9.63104e-11
8.78169e-11
8.07585e-11
7.48194e-11
6.97467e-11
6.5376e-11
6.15867e-11
5.82622e-11
5.53394e-11
5.27493e-11
5.04435e-11
4.83808e-11
4.65278e-11
4.48558e-11
4.33565e-11
4.19918e-11
4.0752e-11
3.96324e-11
3.86061e-11
3.76729e-11
3.68219e-11
3.60449e-11
3.53312e-11
3.46827e-11
3.40929e-11
3.35495e-11
3.30568e-11
3.26083e-11
3.22054e-11
3.18387e-11
3.15071e-11
3.12143e-11
3.0953e-11
3.07181e-11
3.0521e-11
3.03475e-11
3.02031e-11
3.00905e-11
2.99975e-11
2.99327e-11
2.98959e-11
2.98842e-11
2.98959e-11
2.99327e-11
2.99975e-11
3.00905e-11
3.02031e-11
3.03475e-11
3.0521e-11
3.07181e-11
3.0953e-11
3.12143e-11
3.15071e-11
3.18387e-11
3.22054e-11
3.26083e-11
3.30568e-11
3.35495e-11
3.40929e-11
3.46827e-11
3.53312e-11
3.60449e-11
3.68219e-11
3.76729e-11
3.86061e-11
3.96324e-11
4.0752e-11
4.19918e-11
4.33565e-11
4.48558e-11
4.65278e-11
4.83808e-11
5.04435e-11
5.27493e-11
5.53394e-11
5.82622e-11
6.15867e-11
6.5376e-11
6.97467e-11
7.48194e-11
8.07585e-11
8.78169e-11
9.63104e-11
1.06713e-10
1.1975e-10
1.36564e-10
1.59179e-10
1.91515e-10
2.42998e-10
3.50258e-10
3.45706e-10
2.19354e-10
1.68754e-10
1.38473e-10
1.17786e-10
1.0262e-10
9.09982e-11
8.17798e-11
7.43033e-11
6.81255e-11
6.29503e-11
5.85404e-11
5.47555e-11
5.14747e-11
4.86166e-11
4.61046e-11
4.38772e-11
4.18929e-11
4.01341e-11
3.85511e-11
3.71253e-11
3.58418e-11
3.4681e-11
3.36303e-11
3.26757e-11
3.18058e-11
3.10109e-11
3.02864e-11
2.96268e-11
2.90243e-11
2.84774e-11
2.79738e-11
2.75183e-11
2.70981e-11
2.67225e-11
2.63753e-11
2.60724e-11
2.57907e-11
2.55408e-11
2.53196e-11
2.51249e-11
2.49563e-11
2.48082e-11
2.46878e-11
2.45897e-11
2.4516e-11
2.44619e-11
2.44282e-11
2.4421e-11
2.44282e-11
2.44619e-11
2.4516e-11
2.45897e-11
2.46878e-11
2.48082e-11
2.49563e-11
2.51249e-11
2.53196e-11
2.55408e-11
2.57907e-11
2.60724e-11
2.63753e-11
2.67225e-11
2.70981e-11
2.75183e-11
2.79738e-11
2.84774e-11
2.90243e-11
2.96268e-11
3.02864e-11
3.10109e-11
3.18058e-11
3.26757e-11
3.36303e-11
3.4681e-11
3.58418e-11
3.71253e-11
3.85511e-11
4.01341e-11
4.18929e-11
4.38772e-11
4.61046e-11
4.86166e-11
5.14747e-11
5.47555e-11
5.85404e-11
6.29503e-11
6.81255e-11
7.43033e-11
8.17798e-11
9.09982e-11
1.0262e-10
1.17786e-10
1.38473e-10
1.68754e-10
2.19354e-10
3.45706e-10
2.01852e-10
1.50287e-10
1.21359e-10
1.02173e-10
8.83747e-11
7.79157e-11
6.97056e-11
6.30927e-11
5.76503e-11
5.31106e-11
4.92584e-11
4.59712e-11
4.31335e-11
4.0652e-11
3.84849e-11
3.65659e-11
3.48655e-11
3.33522e-11
3.19971e-11
3.07771e-11
2.96763e-11
2.86882e-11
2.77915e-11
2.69785e-11
2.62382e-11
2.55597e-11
2.49452e-11
2.43862e-11
2.38726e-11
2.341e-11
2.29846e-11
2.25936e-11
2.2242e-11
2.19195e-11
2.16326e-11
2.13672e-11
2.11321e-11
2.09222e-11
2.07348e-11
2.05713e-11
2.04272e-11
2.0305e-11
2.02014e-11
2.01181e-11
2.00549e-11
2.00096e-11
1.99811e-11
1.99722e-11
1.99811e-11
2.00096e-11
2.00549e-11
2.01181e-11
2.02014e-11
2.0305e-11
2.04272e-11
2.05713e-11
2.07348e-11
2.09222e-11
2.11321e-11
2.13672e-11
2.16326e-11
2.19195e-11
2.2242e-11
2.25936e-11
2.29846e-11
2.341e-11
2.38726e-11
2.43862e-11
2.49452e-11
2.55597e-11
2.62382e-11
2.69785e-11
2.77915e-11
2.86882e-11
2.96763e-11
3.07771e-11
3.19971e-11
3.33522e-11
3.48655e-11
3.65659e-11
3.84849e-11
4.0652e-11
4.31335e-11
4.59712e-11
4.92584e-11
5.31106e-11
5.76503e-11
6.30927e-11
6.97056e-11
7.79157e-11
8.83747e-11
1.02173e-10
1.21359e-10
1.50287e-10
2.01852e-10
1.91346e-10
1.35582e-10
1.07285e-10
8.92334e-11
7.65245e-11
6.70305e-11
5.96519e-11
5.37589e-11
4.89449e-11
4.49507e-11
4.1571e-11
3.87068e-11
3.62278e-11
3.40728e-11
3.21974e-11
3.05405e-11
2.90714e-11
2.77697e-11
2.66058e-11
2.55622e-11
2.46211e-11
2.37742e-11
2.30049e-11
2.23077e-11
2.16773e-11
2.10999e-11
2.05774e-11
2.01003e-11
1.96672e-11
1.92708e-11
1.89075e-11
1.85776e-11
1.82785e-11
1.80046e-11
1.77601e-11
1.75387e-11
1.73355e-11
1.71574e-11
1.70003e-11
1.68604e-11
1.67406e-11
1.66371e-11
1.65506e-11
1.64791e-11
1.64233e-11
1.6387e-11
1.63652e-11
1.63548e-11
1.63652e-11
1.6387e-11
1.64233e-11
1.64791e-11
1.65506e-11
1.66371e-11
1.67406e-11
1.68604e-11
1.70003e-11
1.71574e-11
1.73355e-11
1.75387e-11
1.77601e-11
1.80046e-11
1.82785e-11
1.85776e-11
1.89075e-11
1.92708e-11
1.96672e-11
2.01003e-11
2.05774e-11
2.10999e-11
2.16773e-11
2.23077e-11
2.30049e-11
2.37742e-11
2.46211e-11
2.55622e-11
2.66058e-11
2.77697e-11
2.90714e-11
3.05405e-11
3.21974e-11
3.40728e-11
3.62278e-11
3.87068e-11
4.1571e-11
4.49507e-11
4.89449e-11
5.37589e-11
5.96519e-11
6.70305e-11
7.65245e-11
8.92334e-11
1.07285e-10
1.35582e-10
1.91346e-10
1.92174e-10
1.24507e-10
9.58483e-11
7.8534e-11
6.66662e-11
5.79711e-11
5.12829e-11
4.60006e-11
4.17122e-11
3.81685e-11
3.51995e-11
3.26773e-11
3.0515e-11
2.86374e-11
2.70037e-11
2.55685e-11
2.43012e-11
2.31752e-11
2.21699e-11
2.12708e-11
2.04613e-11
1.97321e-11
1.90756e-11
1.8481e-11
1.79409e-11
1.74493e-11
1.7002e-11
1.65938e-11
1.62226e-11
1.58862e-11
1.55774e-11
1.52972e-11
1.5042e-11
1.48115e-11
1.46017e-11
1.44125e-11
1.42427e-11
1.40928e-11
1.39576e-11
1.38393e-11
1.37362e-11
1.36486e-11
1.3575e-11
1.35163e-11
1.34678e-11
1.34367e-11
1.34163e-11
1.34103e-11
1.34163e-11
1.34367e-11
1.34678e-11
1.35163e-11
1.3575e-11
1.36486e-11
1.37362e-11
1.38393e-11
1.39576e-11
1.40928e-11
1.42427e-11
1.44125e-11
1.46017e-11
1.48115e-11
1.5042e-11
1.52972e-11
1.55774e-11
1.58862e-11
1.62226e-11
1.65938e-11
1.7002e-11
1.74493e-11
1.79409e-11
1.8481e-11
1.90756e-11
1.97321e-11
2.04613e-11
2.12708e-11
2.21699e-11
2.31752e-11
2.43012e-11
2.55685e-11
2.70037e-11
2.86374e-11
3.0515e-11
3.26773e-11
3.51995e-11
3.81685e-11
4.17122e-11
4.60006e-11
5.12829e-11
5.79711e-11
6.66662e-11
7.8534e-11
9.58483e-11
1.24507e-10
1.92174e-10
1.17204e-10
8.67842e-11
6.97604e-11
5.85145e-11
5.04286e-11
4.43235e-11
3.95391e-11
3.56907e-11
3.25347e-11
2.99018e-11
2.76757e-11
2.57729e-11
2.41357e-11
2.27071e-11
2.14567e-11
2.0357e-11
1.9382e-11
1.85146e-11
1.77374e-11
1.70405e-11
1.64136e-11
1.58479e-11
1.53387e-11
1.48735e-11
1.44537e-11
1.40713e-11
1.3722e-11
1.3407e-11
1.31167e-11
1.28547e-11
1.2616e-11
1.23988e-11
1.22021e-11
1.20227e-11
1.18628e-11
1.17189e-11
1.15899e-11
1.14747e-11
1.13735e-11
1.12871e-11
1.12113e-11
1.11502e-11
1.10987e-11
1.10589e-11
1.10317e-11
1.10149e-11
1.1009e-11
1.10149e-11
1.10317e-11
1.10589e-11
1.10987e-11
1.11502e-11
1.12113e-11
1.12871e-11
1.13735e-11
1.14747e-11
1.15899e-11
1.17189e-11
1.18628e-11
1.20227e-11
1.22021e-11
1.23988e-11
1.2616e-11
1.28547e-11
1.31167e-11
1.3407e-11
1.3722e-11
1.40713e-11
1.44537e-11
1.48735e-11
1.53387e-11
1.58479e-11
1.64136e-11
1.70405e-11
1.77374e-11
1.85146e-11
1.9382e-11
2.0357e-11
2.14567e-11
2.27071e-11
2.41357e-11
2.57729e-11
2.76757e-11
2.99018e-11
3.25347e-11
3.56907e-11
3.95391e-11
4.43235e-11
5.04286e-11
5.85145e-11
6.97604e-11
8.67842e-11
1.17204e-10
1.14999e-10
7.99421e-11
6.26635e-11
5.17764e-11
4.41779e-11
3.85265e-11
3.41567e-11
3.06774e-11
2.78408e-11
2.54982e-11
2.35231e-11
2.18442e-11
2.04021e-11
1.91527e-11
1.80587e-11
1.70984e-11
1.62505e-11
1.54979e-11
1.4826e-11
1.42238e-11
1.36829e-11
1.31937e-11
1.27546e-11
1.23561e-11
1.19961e-11
1.16654e-11
1.13679e-11
1.1096e-11
1.08503e-11
1.06241e-11
1.04206e-11
1.02346e-11
1.00677e-11
9.91531e-12
9.77767e-12
9.65525e-12
9.54515e-12
9.44746e-12
9.36228e-12
9.28793e-12
9.22323e-12
9.17027e-12
9.12839e-12
9.0943e-12
9.0715e-12
9.05633e-12
9.05232e-12
9.05633e-12
9.0715e-12
9.0943e-12
9.12839e-12
9.17027e-12
9.22323e-12
9.28793e-12
9.36228e-12
9.44746e-12
9.54515e-12
9.65525e-12
9.77767e-12
9.91531e-12
1.00677e-11
1.02346e-11
1.04206e-11
1.06241e-11
1.08503e-11
1.1096e-11
1.13679e-11
1.16654e-11
1.19961e-11
1.23561e-11
1.27546e-11
1.31937e-11
1.36829e-11
1.42238e-11
1.4826e-11
1.54979e-11
1.62505e-11
1.70984e-11
1.80587e-11
1.91527e-11
2.04021e-11
2.18442e-11
2.35231e-11
2.54982e-11
2.78408e-11
3.06774e-11
3.41567e-11
3.85265e-11
4.41779e-11
5.17764e-11
6.26635e-11
7.99421e-11
1.14999e-10
1.24954e-10
7.54464e-11
5.70784e-11
4.62794e-11
3.89912e-11
3.37015e-11
2.96749e-11
2.65001e-11
2.39372e-11
2.18302e-11
2.00697e-11
1.85785e-11
1.73048e-11
1.62034e-11
1.52416e-11
1.4404e-11
1.36641e-11
1.30055e-11
1.24214e-11
1.19003e-11
1.14319e-11
1.10101e-11
1.06299e-11
1.02866e-11
9.97502e-12
9.69239e-12
9.43538e-12
9.20283e-12
8.99015e-12
8.79839e-12
8.62387e-12
8.46572e-12
8.3211e-12
8.19104e-12
8.07374e-12
7.96909e-12
7.8751e-12
7.7918e-12
7.71849e-12
7.65491e-12
7.60008e-12
7.55494e-12
7.51895e-12
7.4905e-12
7.47061e-12
7.45848e-12
7.45444e-12
7.45848e-12
7.47061e-12
7.4905e-12
7.51895e-12
7.55494e-12
7.60008e-12
7.65491e-12
7.71849e-12
7.7918e-12
7.8751e-12
7.96909e-12
8.07374e-12
8.19104e-12
8.3211e-12
8.46572e-12
8.62387e-12
8.79839e-12
8.99015e-12
9.20283e-12
9.43538e-12
9.69239e-12
9.97502e-12
1.02866e-11
1.06299e-11
1.10101e-11
1.14319e-11
1.19003e-11
1.24214e-11
1.30055e-11
1.36641e-11
1.4404e-11
1.52416e-11
1.62034e-11
1.73048e-11
1.85785e-11
2.00697e-11
2.18302e-11
2.39372e-11
2.65001e-11
2.96749e-11
3.37015e-11
3.89912e-11
4.62794e-11
5.70784e-11
7.54464e-11
1.24954e-10
7.40374e-11
5.29414e-11
4.18682e-11
3.47458e-11
2.97099e-11
2.59445e-11
2.30219e-11
2.06849e-11
1.8776e-11
1.71945e-11
1.58628e-11
1.47301e-11
1.37544e-11
1.29073e-11
1.21691e-11
1.152e-11
1.09458e-11
1.0435e-11
9.98042e-12
9.57338e-12
9.20872e-12
8.87932e-12
8.58195e-12
8.31332e-12
8.06937e-12
7.84723e-12
7.64775e-12
7.46546e-12
7.30043e-12
7.14996e-12
7.01362e-12
6.89005e-12
6.77933e-12
6.67893e-12
6.58909e-12
6.50783e-12
6.43739e-12
6.37493e-12
6.32116e-12
6.27433e-12
6.2346e-12
6.20397e-12
6.17988e-12
6.16256e-12
6.15225e-12
6.14891e-12
6.15225e-12
6.16256e-12
6.17988e-12
6.20397e-12
6.2346e-12
6.27433e-12
6.32116e-12
6.37493e-12
6.43739e-12
6.50783e-12
6.58909e-12
6.67893e-12
6.77933e-12
6.89005e-12
7.01362e-12
7.14996e-12
7.30043e-12
7.46546e-12
7.64775e-12
7.84723e-12
8.06937e-12
8.31332e-12
8.58195e-12
8.87932e-12
9.20872e-12
9.57338e-12
9.98042e-12
1.0435e-11
1.09458e-11
1.152e-11
1.21691e-11
1.29073e-11
1.37544e-11
1.47301e-11
1.58628e-11
1.71945e-11
1.8776e-11
2.06849e-11
2.30219e-11
2.59445e-11
2.97099e-11
3.47458e-11
4.18682e-11
5.29414e-11
7.40374e-11
7.89902e-11
5.04064e-11
3.84679e-11
3.13018e-11
2.64207e-11
2.28494e-11
2.01241e-11
1.7971e-11
1.62322e-11
1.47984e-11
1.36024e-11
1.25869e-11
1.17195e-11
1.09684e-11
1.0316e-11
9.74309e-12
9.23959e-12
8.7932e-12
8.39517e-12
8.04042e-12
7.72267e-12
7.43501e-12
7.17853e-12
6.94523e-12
6.73408e-12
6.54286e-12
6.36897e-12
6.21284e-12
6.07008e-12
5.94026e-12
5.82352e-12
5.71751e-12
5.62201e-12
5.53573e-12
5.45857e-12
5.38937e-12
5.32866e-12
5.27461e-12
5.2283e-12
5.18905e-12
5.15542e-12
5.12832e-12
5.10765e-12
5.09307e-12
5.0843e-12
5.0813e-12
5.0843e-12
5.09307e-12
5.10765e-12
5.12832e-12
5.15542e-12
5.18905e-12
5.2283e-12
5.27461e-12
5.32866e-12
5.38937e-12
5.45857e-12
5.53573e-12
5.62201e-12
5.71751e-12
5.82352e-12
5.94026e-12
6.07008e-12
6.21284e-12
6.36897e-12
6.54286e-12
6.73408e-12
6.94523e-12
7.17853e-12
7.43501e-12
7.72267e-12
8.04042e-12
8.39517e-12
8.7932e-12
9.23959e-12
9.74309e-12
1.0316e-11
1.09684e-11
1.17195e-11
1.25869e-11
1.36024e-11
1.47984e-11
1.62322e-11
1.7971e-11
2.01241e-11
2.28494e-11
2.64207e-11
3.13018e-11
3.84679e-11
5.04064e-11
7.89902e-11
5.00314e-11
3.60751e-11
2.8591e-11
2.3738e-11
2.0299e-11
1.77182e-11
1.5716e-11
1.41122e-11
1.2803e-11
1.17178e-11
1.08034e-11
1.00267e-11
9.3563e-12
8.77677e-12
8.26924e-12
7.82486e-12
7.43099e-12
7.08303e-12
6.77165e-12
6.49343e-12
6.24412e-12
6.01977e-12
5.81692e-12
5.63337e-12
5.46772e-12
5.31844e-12
5.1819e-12
5.05807e-12
4.94718e-12
4.84588e-12
4.7546e-12
4.67171e-12
4.59819e-12
4.5314e-12
4.47196e-12
4.41961e-12
4.37348e-12
4.33358e-12
4.29976e-12
4.27126e-12
4.24775e-12
4.23021e-12
4.21731e-12
4.21004e-12
4.20755e-12
4.21004e-12
4.21731e-12
4.23021e-12
4.24775e-12
4.27126e-12
4.29976e-12
4.33358e-12
4.37348e-12
4.41961e-12
4.47196e-12
4.5314e-12
4.59819e-12
4.67171e-12
4.7546e-12
4.84588e-12
4.94718e-12
5.05807e-12
5.1819e-12
5.31844e-12
5.46772e-12
5.63337e-12
5.81692e-12
6.01977e-12
6.24412e-12
6.49343e-12
6.77165e-12
7.08303e-12
7.43099e-12
7.82486e-12
8.26924e-12
8.77677e-12
9.3563e-12
1.00267e-11
1.08034e-11
1.17178e-11
1.2803e-11
1.41122e-11
1.5716e-11
1.77182e-11
2.0299e-11
2.3738e-11
2.8591e-11
3.60751e-11
5.00314e-11
5.43829e-11
3.48467e-11
2.6581e-11
2.16039e-11
1.82103e-11
1.5733e-11
1.38393e-11
1.2347e-11
1.11409e-11
1.01488e-11
9.31723e-12
8.61539e-12
8.01473e-12
7.49714e-12
7.04546e-12
6.65071e-12
6.30251e-12
5.99551e-12
5.72174e-12
5.47742e-12
5.25878e-12
5.06206e-12
4.88519e-12
4.72611e-12
4.58191e-12
4.45086e-12
4.33315e-12
4.22604e-12
4.12951e-12
4.04174e-12
3.96266e-12
3.89146e-12
3.82774e-12
3.77009e-12
3.71861e-12
3.67398e-12
3.63401e-12
3.59979e-12
3.57028e-12
3.54573e-12
3.5257e-12
3.51096e-12
3.49956e-12
3.49301e-12
3.49146e-12
3.49301e-12
3.49956e-12
3.51096e-12
3.5257e-12
3.54573e-12
3.57028e-12
3.59979e-12
3.63401e-12
3.67398e-12
3.71861e-12
3.77009e-12
3.82774e-12
3.89146e-12
3.96266e-12
4.04174e-12
4.12951e-12
4.22604e-12
4.33315e-12
4.45086e-12
4.58191e-12
4.72611e-12
4.88519e-12
5.06206e-12
5.25878e-12
5.47742e-12
5.72174e-12
5.99551e-12
6.30251e-12
6.65071e-12
7.04546e-12
7.49714e-12
8.01473e-12
8.61539e-12
9.31723e-12
1.01488e-11
1.11409e-11
1.2347e-11
1.38393e-11
1.5733e-11
1.82103e-11
2.16039e-11
2.6581e-11
3.48467e-11
5.43829e-11
3.53712e-11
2.53084e-11
1.99762e-11
1.65368e-11
1.41067e-11
1.22894e-11
1.08786e-11
9.75508e-12
8.8392e-12
8.07931e-12
7.44014e-12
6.89718e-12
6.43074e-12
6.0263e-12
5.67487e-12
5.36501e-12
5.09257e-12
4.85113e-12
4.63526e-12
4.44297e-12
4.27021e-12
4.1157e-12
3.97557e-12
3.84969e-12
3.73624e-12
3.63329e-12
3.54015e-12
3.45602e-12
3.37989e-12
3.31113e-12
3.24954e-12
3.19412e-12
3.14445e-12
3.09982e-12
3.06095e-12
3.02689e-12
2.9972e-12
2.9716e-12
2.95029e-12
2.93347e-12
2.92006e-12
2.91057e-12
2.90512e-12
2.90326e-12
2.90512e-12
2.91057e-12
2.92006e-12
2.93347e-12
2.95029e-12
2.9716e-12
2.9972e-12
3.02689e-12
3.06095e-12
3.09982e-12
3.14445e-12
3.19412e-12
3.24954e-12
3.31113e-12
3.37989e-12
3.45602e-12
3.54015e-12
3.63329e-12
3.73624e-12
3.84969e-12
3.97557e-12
4.1157e-12
4.27021e-12
4.44297e-12
4.63526e-12
4.85113e-12
5.09257e-12
5.36501e-12
5.67487e-12
6.0263e-12
6.43074e-12
6.89718e-12
7.44014e-12
8.07931e-12
8.8392e-12
9.75508e-12
1.08786e-11
1.22894e-11
1.41067e-11
1.65368e-11
1.99762e-11
2.53084e-11
3.53712e-11
4.0652e-11
2.49931e-11
1.88648e-11
1.52424e-11
1.27948e-11
1.10193e-11
9.66713e-12
8.60606e-12
7.74971e-12
7.04685e-12
6.46121e-12
5.96606e-12
5.54364e-12
5.17858e-12
4.86262e-12
4.58642e-12
4.34277e-12
4.12768e-12
3.93678e-12
3.76637e-12
3.61418e-12
3.47755e-12
3.35499e-12
3.24474e-12
3.14507e-12
3.05507e-12
2.9738e-12
2.90069e-12
2.83426e-12
2.77426e-12
2.72063e-12
2.67277e-12
2.62925e-12
2.59091e-12
2.55677e-12
2.52757e-12
2.50154e-12
2.4798e-12
2.46129e-12
2.44604e-12
2.43485e-12
2.42682e-12
2.42168e-12
2.42049e-12
2.42168e-12
2.42682e-12
2.43485e-12
2.44604e-12
2.46129e-12
2.4798e-12
2.50154e-12
2.52757e-12
2.55677e-12
2.59091e-12
2.62925e-12
2.67277e-12
2.72063e-12
2.77426e-12
2.83426e-12
2.90069e-12
2.9738e-12
3.05507e-12
3.14507e-12
3.24474e-12
3.35499e-12
3.47755e-12
3.61418e-12
3.76637e-12
3.93678e-12
4.12768e-12
4.34277e-12
4.58642e-12
4.86262e-12
5.17858e-12
5.54364e-12
5.96606e-12
6.46121e-12
7.04685e-12
7.74971e-12
8.60606e-12
9.66713e-12
1.10193e-11
1.27948e-11
1.52424e-11
1.88648e-11
2.49931e-11
4.0652e-11
2.63909e-11
1.83578e-11
1.43214e-11
1.1775e-11
9.9937e-12
8.67411e-12
7.65529e-12
6.84541e-12
6.1881e-12
5.64532e-12
5.18982e-12
4.80357e-12
4.47262e-12
4.18605e-12
3.93736e-12
3.71934e-12
3.52657e-12
3.35665e-12
3.20547e-12
3.07017e-12
2.94957e-12
2.84097e-12
2.7438e-12
2.65622e-12
2.5774e-12
2.5061e-12
2.44159e-12
2.38377e-12
2.33158e-12
2.28481e-12
2.24261e-12
2.20489e-12
2.17123e-12
2.14178e-12
2.11595e-12
2.09363e-12
2.07452e-12
2.05852e-12
2.04557e-12
2.0357e-12
2.02879e-12
2.02449e-12
2.02299e-12
2.02449e-12
2.02879e-12
2.0357e-12
2.04557e-12
2.05852e-12
2.07452e-12
2.09363e-12
2.11595e-12
2.14178e-12
2.17123e-12
2.20489e-12
2.24261e-12
2.28481e-12
2.33158e-12
2.38377e-12
2.44159e-12
2.5061e-12
2.5774e-12
2.65622e-12
2.7438e-12
2.84097e-12
2.94957e-12
3.07017e-12
3.20547e-12
3.35665e-12
3.52657e-12
3.71934e-12
3.93736e-12
4.18605e-12
4.47262e-12
4.80357e-12
5.18982e-12
5.64532e-12
6.1881e-12
6.84541e-12
7.65529e-12
8.67411e-12
9.9937e-12
1.1775e-11
1.43214e-11
1.83578e-11
2.63909e-11
3.7503e-11
1.87612e-11
1.38209e-11
1.1035e-11
9.19196e-12
7.87084e-12
6.87514e-12
6.09795e-12
5.47553e-12
4.96623e-12
4.54302e-12
4.18708e-12
3.88341e-12
3.62257e-12
3.39642e-12
3.19948e-12
3.02644e-12
2.87407e-12
2.73866e-12
2.61877e-12
2.51093e-12
2.41513e-12
2.32882e-12
2.25126e-12
2.18132e-12
2.11877e-12
2.06238e-12
2.01116e-12
1.96527e-12
1.92413e-12
1.88738e-12
1.85425e-12
1.8254e-12
1.7993e-12
1.77663e-12
1.7572e-12
1.74063e-12
1.72661e-12
1.71557e-12
1.70654e-12
1.70058e-12
1.69681e-12
1.69563e-12
1.69681e-12
1.70058e-12
1.70654e-12
1.71557e-12
1.72661e-12
1.74063e-12
1.7572e-12
1.77663e-12
1.7993e-12
1.8254e-12
1.85425e-12
1.88738e-12
1.92413e-12
1.96527e-12
2.01116e-12
2.06238e-12
2.11877e-12
2.18132e-12
2.25126e-12
2.32882e-12
2.41513e-12
2.51093e-12
2.61877e-12
2.73866e-12
2.87407e-12
3.02644e-12
3.19948e-12
3.39642e-12
3.62257e-12
3.88341e-12
4.18708e-12
4.54302e-12
4.96623e-12
5.47553e-12
6.09795e-12
6.87514e-12
7.87084e-12
9.19196e-12
1.1035e-11
1.38209e-11
1.87612e-11
3.7503e-11
2.1424e-11
1.38898e-11
1.05975e-11
8.60479e-12
7.24243e-12
6.24689e-12
5.48579e-12
4.88711e-12
4.40288e-12
4.00546e-12
3.67344e-12
3.3924e-12
3.15298e-12
2.94637e-12
2.76689e-12
2.61001e-12
2.47235e-12
2.35086e-12
2.24272e-12
2.14685e-12
2.06096e-12
1.98397e-12
1.91523e-12
1.85343e-12
1.79788e-12
1.74795e-12
1.70284e-12
1.66234e-12
1.62625e-12
1.59369e-12
1.56471e-12
1.53906e-12
1.51638e-12
1.49661e-12
1.4795e-12
1.46483e-12
1.45267e-12
1.44295e-12
1.43536e-12
1.42999e-12
1.42667e-12
1.42583e-12
1.42667e-12
1.42999e-12
1.43536e-12
1.44295e-12
1.45267e-12
1.46483e-12
1.4795e-12
1.49661e-12
1.51638e-12
1.53906e-12
1.56471e-12
1.59369e-12
1.62625e-12
1.66234e-12
1.70284e-12
1.74795e-12
1.79788e-12
1.85343e-12
1.91523e-12
1.98397e-12
2.06096e-12
2.14685e-12
2.24272e-12
2.35086e-12
2.47235e-12
2.61001e-12
2.76689e-12
2.94637e-12
3.15298e-12
3.3924e-12
3.67344e-12
4.00546e-12
4.40288e-12
4.88711e-12
5.48579e-12
6.24689e-12
7.24243e-12
8.60479e-12
1.05975e-11
1.38898e-11
2.1424e-11
1.50806e-11
1.05528e-11
8.24607e-12
6.78133e-12
5.75565e-12
4.9942e-12
4.40635e-12
3.93872e-12
3.56009e-12
3.24698e-12
2.98408e-12
2.76144e-12
2.5708e-12
2.40621e-12
2.26305e-12
2.13777e-12
2.02759e-12
1.93002e-12
1.8434e-12
1.76632e-12
1.69789e-12
1.63623e-12
1.58116e-12
1.53156e-12
1.48689e-12
1.44723e-12
1.41134e-12
1.37926e-12
1.35064e-12
1.32516e-12
1.30228e-12
1.28232e-12
1.26491e-12
1.2499e-12
1.23695e-12
1.22631e-12
1.21775e-12
1.21104e-12
1.20633e-12
1.20353e-12
1.20258e-12
1.20353e-12
1.20633e-12
1.21104e-12
1.21775e-12
1.22631e-12
1.23695e-12
1.2499e-12
1.26491e-12
1.28232e-12
1.30228e-12
1.32516e-12
1.35064e-12
1.37926e-12
1.41134e-12
1.44723e-12
1.48689e-12
1.53156e-12
1.58116e-12
1.63623e-12
1.69789e-12
1.76632e-12
1.8434e-12
1.93002e-12
2.02759e-12
2.13777e-12
2.26305e-12
2.40621e-12
2.5708e-12
2.76144e-12
2.98408e-12
3.24698e-12
3.56009e-12
3.93872e-12
4.40635e-12
4.9942e-12
5.75565e-12
6.78133e-12
8.24607e-12
1.05528e-11
1.50806e-11
1.11892e-11
8.17252e-12
6.49599e-12
5.39601e-12
4.61044e-12
4.02049e-12
3.56097e-12
3.1938e-12
2.89355e-12
2.64511e-12
2.43605e-12
2.25815e-12
2.10565e-12
1.97353e-12
1.85874e-12
1.75806e-12
1.66933e-12
1.59102e-12
1.52125e-12
1.45928e-12
1.40398e-12
1.35451e-12
1.31014e-12
1.27054e-12
1.235e-12
1.20294e-12
1.17443e-12
1.14903e-12
1.12641e-12
1.10635e-12
1.08853e-12
1.07306e-12
1.05985e-12
1.04846e-12
1.03898e-12
1.03142e-12
1.02548e-12
1.02134e-12
1.01892e-12
1.01796e-12
1.01892e-12
1.02134e-12
1.02548e-12
1.03142e-12
1.03898e-12
1.04846e-12
1.05985e-12
1.07306e-12
1.08853e-12
1.10635e-12
1.12641e-12
1.14903e-12
1.17443e-12
1.20294e-12
1.235e-12
1.27054e-12
1.31014e-12
1.35451e-12
1.40398e-12
1.45928e-12
1.52125e-12
1.59102e-12
1.66933e-12
1.75806e-12
1.85874e-12
1.97353e-12
2.10565e-12
2.25815e-12
2.43605e-12
2.64511e-12
2.89355e-12
3.1938e-12
3.56097e-12
4.02049e-12
4.61044e-12
5.39601e-12
6.49599e-12
8.17252e-12
1.11892e-11
1.4186e-11
8.56422e-12
6.42852e-12
5.17552e-12
4.33273e-12
3.72228e-12
3.25932e-12
2.8964e-12
2.60435e-12
2.36516e-12
2.1661e-12
1.9985e-12
1.85544e-12
1.73275e-12
1.62649e-12
1.53353e-12
1.45238e-12
1.38042e-12
1.31721e-12
1.26092e-12
1.21068e-12
1.166e-12
1.1263e-12
1.09047e-12
1.05849e-12
1.02989e-12
1.00439e-12
9.81647e-13
9.61316e-13
9.43498e-13
9.27887e-13
9.14021e-13
9.02142e-13
8.91957e-13
8.83586e-13
8.76981e-13
8.71628e-13
8.68021e-13
8.65796e-13
8.64984e-13
8.65796e-13
8.68021e-13
8.71628e-13
8.76981e-13
8.83586e-13
8.91957e-13
9.02142e-13
9.14021e-13
9.27887e-13
9.43498e-13
9.61316e-13
9.81647e-13
1.00439e-12
1.02989e-12
1.05849e-12
1.09047e-12
1.1263e-12
1.166e-12
1.21068e-12
1.26092e-12
1.31721e-12
1.38042e-12
1.45238e-12
1.53353e-12
1.62649e-12
1.73275e-12
1.85544e-12
1.9985e-12
2.1661e-12
2.36516e-12
2.60435e-12
2.8964e-12
3.25932e-12
3.72228e-12
4.33273e-12
5.17552e-12
6.42852e-12
8.56422e-12
1.4186e-11
1.02261e-11
6.70034e-12
5.12529e-12
4.16712e-12
3.5094e-12
3.02868e-12
2.66081e-12
2.371e-12
2.13671e-12
1.94435e-12
1.78383e-12
1.64814e-12
1.53262e-12
1.43302e-12
1.34665e-12
1.27123e-12
1.20532e-12
1.14705e-12
1.09549e-12
1.04986e-12
1.00901e-12
9.72964e-13
9.40569e-13
9.11588e-13
8.85945e-13
8.62937e-13
8.42478e-13
8.24374e-13
8.08294e-13
7.94132e-13
7.81915e-13
7.71256e-13
7.62246e-13
7.54792e-13
7.48668e-13
7.44098e-13
7.40799e-13
7.38789e-13
7.38097e-13
7.38789e-13
7.40799e-13
7.44098e-13
7.48668e-13
7.54792e-13
7.62246e-13
7.71256e-13
7.81915e-13
7.94132e-13
8.08294e-13
8.24374e-13
8.42478e-13
8.62937e-13
8.85945e-13
9.11588e-13
9.40569e-13
9.72964e-13
1.00901e-12
1.04986e-12
1.09549e-12
1.14705e-12
1.20532e-12
1.27123e-12
1.34665e-12
1.43302e-12
1.53262e-12
1.64814e-12
1.78383e-12
1.94435e-12
2.13671e-12
2.371e-12
2.66081e-12
3.02868e-12
3.5094e-12
4.16712e-12
5.12529e-12
6.70034e-12
1.02261e-11
7.81293e-12
5.3397e-12
4.13908e-12
3.38856e-12
2.86785e-12
2.48286e-12
2.18757e-12
1.95319e-12
1.76397e-12
1.60782e-12
1.47731e-12
1.36693e-12
1.27261e-12
1.19124e-12
1.1207e-12
1.05933e-12
1.00528e-12
9.57764e-13
9.15647e-13
8.78324e-13
8.45228e-13
8.15791e-13
7.8948e-13
7.66094e-13
7.45128e-13
7.26633e-13
7.10279e-13
6.95734e-13
6.83002e-13
6.71962e-13
6.62407e-13
6.54311e-13
6.47592e-13
6.42115e-13
6.38037e-13
6.34988e-13
6.33265e-13
6.32671e-13
6.33265e-13
6.34988e-13
6.38037e-13
6.42115e-13
6.47592e-13
6.54311e-13
6.62407e-13
6.71962e-13
6.83002e-13
6.95734e-13
7.10279e-13
7.26633e-13
7.45128e-13
7.66094e-13
7.8948e-13
8.15791e-13
8.45228e-13
8.78324e-13
9.15647e-13
9.57764e-13
1.00528e-12
1.05933e-12
1.1207e-12
1.19124e-12
1.27261e-12
1.36693e-12
1.47731e-12
1.60782e-12
1.76397e-12
1.95319e-12
2.18757e-12
2.48286e-12
2.86785e-12
3.38856e-12
4.13908e-12
5.3397e-12
7.81293e-12
6.18018e-12
4.32611e-12
3.38289e-12
2.7833e-12
2.36376e-12
2.05213e-12
1.81158e-12
1.62072e-12
1.4657e-12
1.33804e-12
1.23086e-12
1.14017e-12
1.06268e-12
9.95899e-13
9.3788e-13
8.87345e-13
8.43061e-13
8.03955e-13
7.69354e-13
7.38789e-13
7.11683e-13
6.87639e-13
6.66147e-13
6.47113e-13
6.30207e-13
6.1523e-13
6.02064e-13
5.90549e-13
5.80485e-13
5.7189e-13
5.64537e-13
5.58435e-13
5.53574e-13
5.49813e-13
5.47077e-13
5.45539e-13
5.44973e-13
5.45539e-13
5.47077e-13
5.49813e-13
5.53574e-13
5.58435e-13
5.64537e-13
5.7189e-13
5.80485e-13
5.90549e-13
6.02064e-13
6.1523e-13
6.30207e-13
6.47113e-13
6.66147e-13
6.87639e-13
7.11683e-13
7.38789e-13
7.69354e-13
8.03955e-13
8.43061e-13
8.87345e-13
9.3788e-13
9.95899e-13
1.06268e-12
1.14017e-12
1.23086e-12
1.33804e-12
1.4657e-12
1.62072e-12
1.81158e-12
2.05213e-12
2.36376e-12
2.7833e-12
3.38289e-12
4.32611e-12
6.18018e-12
5.02084e-12
3.56027e-12
2.7983e-12
2.30984e-12
1.96614e-12
1.71017e-12
1.51219e-12
1.35451e-12
1.22656e-12
1.12075e-12
1.03213e-12
9.57102e-13
8.93058e-13
8.37667e-13
7.89675e-13
7.47781e-13
7.11086e-13
6.78765e-13
6.50284e-13
6.25093e-13
6.02748e-13
5.82898e-13
5.65374e-13
5.4984e-13
5.36135e-13
5.24064e-13
5.13531e-13
5.04329e-13
4.96419e-13
4.89745e-13
4.84211e-13
4.79711e-13
4.76287e-13
4.73846e-13
4.72467e-13
4.71977e-13
4.72467e-13
4.73846e-13
4.76287e-13
4.79711e-13
4.84211e-13
4.89745e-13
4.96419e-13
5.04329e-13
5.13531e-13
5.24064e-13
5.36135e-13
5.4984e-13
5.65374e-13
5.82898e-13
6.02748e-13
6.25093e-13
6.50284e-13
6.78765e-13
7.11086e-13
7.47781e-13
7.89675e-13
8.37667e-13
8.93058e-13
9.57102e-13
1.03213e-12
1.12075e-12
1.22656e-12
1.35451e-12
1.51219e-12
1.71017e-12
1.96614e-12
2.30984e-12
2.7983e-12
3.56027e-12
5.02084e-12
4.18254e-12
2.976e-12
2.3438e-12
1.93727e-12
1.65115e-12
1.43763e-12
1.27236e-12
1.14078e-12
1.03392e-12
9.45643e-13
8.71628e-13
8.08932e-13
7.55352e-13
7.09157e-13
6.69114e-13
6.34141e-13
6.03612e-13
5.76741e-13
5.53082e-13
5.32177e-13
5.13708e-13
4.97401e-13
4.82969e-13
4.70254e-13
4.59097e-13
4.49313e-13
4.40868e-13
4.3361e-13
4.27441e-13
4.22381e-13
4.18268e-13
4.15139e-13
4.12888e-13
4.11544e-13
4.11137e-13
4.11544e-13
4.12888e-13
4.15139e-13
4.18268e-13
4.22381e-13
4.27441e-13
4.3361e-13
4.40868e-13
4.49313e-13
4.59097e-13
4.70254e-13
4.82969e-13
4.97401e-13
5.13708e-13
5.32177e-13
5.53082e-13
5.76741e-13
6.03612e-13
6.34141e-13
6.69114e-13
7.09157e-13
7.55352e-13
8.08932e-13
8.71628e-13
9.45643e-13
1.03392e-12
1.14078e-12
1.27236e-12
1.43763e-12
1.65115e-12
1.93727e-12
2.3438e-12
2.976e-12
4.18254e-12
3.57468e-12
2.53031e-12
1.98975e-12
1.64416e-12
1.40107e-12
1.2201e-12
1.08029e-12
9.69082e-13
8.78584e-13
8.04075e-13
7.4164e-13
6.88692e-13
6.43575e-13
6.04597e-13
5.70902e-13
5.41592e-13
5.15946e-13
4.93436e-13
4.73682e-13
4.56225e-13
4.40868e-13
4.27356e-13
4.15446e-13
4.05067e-13
3.95905e-13
3.8806e-13
3.81311e-13
3.75588e-13
3.70903e-13
3.67092e-13
3.64219e-13
3.62136e-13
3.60904e-13
3.60494e-13
3.60904e-13
3.62136e-13
3.64219e-13
3.67092e-13
3.70903e-13
3.75588e-13
3.81311e-13
3.8806e-13
3.95905e-13
4.05067e-13
4.15446e-13
4.27356e-13
4.40868e-13
4.56225e-13
4.73682e-13
4.93436e-13
5.15946e-13
5.41592e-13
5.70902e-13
6.04597e-13
6.43575e-13
6.88692e-13
7.4164e-13
8.04075e-13
8.78584e-13
9.69082e-13
1.08029e-12
1.2201e-12
1.40107e-12
1.64416e-12
1.98975e-12
2.53031e-12
3.57468e-12
3.15205e-12
2.19199e-12
1.7143e-12
1.41301e-12
1.20252e-12
1.04665e-12
9.26331e-13
8.30912e-13
7.53489e-13
6.89679e-13
6.36275e-13
5.91191e-13
5.52645e-13
5.19604e-13
4.90956e-13
4.66114e-13
4.44433e-13
4.25418e-13
4.08808e-13
3.94128e-13
3.81292e-13
3.70024e-13
3.60173e-13
3.51642e-13
3.44214e-13
3.37876e-13
3.32541e-13
3.28116e-13
3.24568e-13
3.2182e-13
3.19885e-13
3.18749e-13
3.18371e-13
3.18749e-13
3.19885e-13
3.2182e-13
3.24568e-13
3.28116e-13
3.32541e-13
3.37876e-13
3.44214e-13
3.51642e-13
3.60173e-13
3.70024e-13
3.81292e-13
3.94128e-13
4.08808e-13
4.25418e-13
4.44433e-13
4.66114e-13
4.90956e-13
5.19604e-13
5.52645e-13
5.91191e-13
6.36275e-13
6.89679e-13
7.53489e-13
8.30912e-13
9.26331e-13
1.04665e-12
1.20252e-12
1.41301e-12
1.7143e-12
2.19199e-12
3.15205e-12
2.90541e-12
1.94272e-12
1.5029e-12
1.23226e-12
1.04562e-12
9.08398e-13
8.03043e-13
7.19777e-13
6.52504e-13
5.97119e-13
5.50955e-13
5.12087e-13
4.78858e-13
4.50402e-13
4.25965e-13
4.04647e-13
3.86109e-13
3.69951e-13
3.55768e-13
3.43415e-13
3.32607e-13
3.23191e-13
3.1499e-13
3.07969e-13
3.01924e-13
2.96863e-13
2.92666e-13
2.89314e-13
2.86681e-13
2.84914e-13
2.8379e-13
2.83425e-13
2.8379e-13
2.84914e-13
2.86681e-13
2.89314e-13
2.92666e-13
2.96863e-13
3.01924e-13
3.07969e-13
3.1499e-13
3.23191e-13
3.32607e-13
3.43415e-13
3.55768e-13
3.69951e-13
3.86109e-13
4.04647e-13
4.25965e-13
4.50402e-13
4.78858e-13
5.12087e-13
5.50955e-13
5.97119e-13
6.52504e-13
7.19777e-13
8.03043e-13
9.08398e-13
1.04562e-12
1.23226e-12
1.5029e-12
1.94272e-12
2.90541e-12
2.93e-12
1.77295e-12
1.34519e-12
1.09316e-12
9.22725e-13
7.9893e-13
7.04794e-13
6.30893e-13
5.71466e-13
5.22668e-13
4.82158e-13
4.48071e-13
4.19158e-13
3.94401e-13
3.73072e-13
3.54644e-13
3.38645e-13
3.24744e-13
3.12632e-13
3.02103e-13
2.92956e-13
2.85013e-13
2.78205e-13
2.72407e-13
2.67509e-13
2.63493e-13
2.60256e-13
2.57771e-13
2.56019e-13
2.54983e-13
2.54642e-13
2.54983e-13
2.56019e-13
2.57771e-13
2.60256e-13
2.63493e-13
2.67509e-13
2.72407e-13
2.78205e-13
2.85013e-13
2.92956e-13
3.02103e-13
3.12632e-13
3.24744e-13
3.38645e-13
3.54644e-13
3.73072e-13
3.94401e-13
4.19158e-13
4.48071e-13
4.82158e-13
5.22668e-13
5.71466e-13
6.30893e-13
7.04794e-13
7.9893e-13
9.22725e-13
1.09316e-12
1.34519e-12
1.77295e-12
2.93e-12
1.69079e-12
1.23652e-12
9.90017e-13
8.28946e-13
7.13936e-13
6.2766e-13
5.6048e-13
5.06852e-13
4.63129e-13
4.26913e-13
3.96571e-13
3.70995e-13
3.49079e-13
3.30411e-13
3.14228e-13
3.00272e-13
2.88173e-13
2.77697e-13
2.68649e-13
2.60823e-13
2.54139e-13
2.48449e-13
2.4368e-13
2.39747e-13
2.36568e-13
2.3417e-13
2.32474e-13
2.31499e-13
2.31133e-13
2.31499e-13
2.32474e-13
2.3417e-13
2.36568e-13
2.39747e-13
2.4368e-13
2.48449e-13
2.54139e-13
2.60823e-13
2.68649e-13
2.77697e-13
2.88173e-13
3.00272e-13
3.14228e-13
3.30411e-13
3.49079e-13
3.70995e-13
3.96571e-13
4.26913e-13
4.63129e-13
5.06852e-13
5.6048e-13
6.2766e-13
7.13936e-13
8.28946e-13
9.90017e-13
1.23652e-12
1.69079e-12
1.75754e-12
1.18123e-12
9.2136e-13
7.61192e-13
6.50541e-13
5.68819e-13
5.06001e-13
4.56383e-13
4.16309e-13
3.83276e-13
3.55873e-13
3.32673e-13
3.13049e-13
2.96291e-13
2.8193e-13
2.69554e-13
2.58947e-13
2.49779e-13
2.41903e-13
2.35191e-13
2.29493e-13
2.24743e-13
2.20842e-13
2.17719e-13
2.15321e-13
2.13666e-13
2.12622e-13
2.12307e-13
2.12622e-13
2.13666e-13
2.15321e-13
2.17719e-13
2.20842e-13
2.24743e-13
2.29493e-13
2.35191e-13
2.41903e-13
2.49779e-13
2.58947e-13
2.69554e-13
2.8193e-13
2.96291e-13
3.13049e-13
3.32673e-13
3.55873e-13
3.83276e-13
4.16309e-13
4.56383e-13
5.06001e-13
5.68819e-13
6.50541e-13
7.61192e-13
9.2136e-13
1.18123e-12
1.75754e-12
1.20472e-12
8.91385e-13
7.1967e-13
6.07111e-13
5.26503e-13
4.6586e-13
4.18558e-13
3.8069e-13
3.49822e-13
3.24327e-13
3.02956e-13
2.84957e-13
2.69714e-13
2.5669e-13
2.45542e-13
2.36077e-13
2.27955e-13
2.2105e-13
2.15225e-13
2.10353e-13
2.06355e-13
2.03205e-13
2.00807e-13
1.99077e-13
1.98085e-13
1.97742e-13
1.98085e-13
1.99077e-13
2.00807e-13
2.03205e-13
2.06355e-13
2.10353e-13
2.15225e-13
2.2105e-13
2.27955e-13
2.36077e-13
2.45542e-13
2.5669e-13
2.69714e-13
2.84957e-13
3.02956e-13
3.24327e-13
3.49822e-13
3.8069e-13
4.18558e-13
4.6586e-13
5.26503e-13
6.07111e-13
7.1967e-13
8.91385e-13
1.20472e-12
1.51354e-12
9.20405e-13
7.10244e-13
5.85842e-13
5.01423e-13
4.39694e-13
3.92632e-13
3.55557e-13
3.25693e-13
3.01298e-13
2.81039e-13
2.64145e-13
2.49915e-13
2.37823e-13
2.27617e-13
2.1895e-13
2.11636e-13
2.05499e-13
2.00381e-13
1.96213e-13
1.92922e-13
1.904e-13
1.88647e-13
1.87614e-13
1.87253e-13
1.87614e-13
1.88647e-13
1.904e-13
1.92922e-13
1.96213e-13
2.00381e-13
2.05499e-13
2.11636e-13
2.1895e-13
2.27617e-13
2.37823e-13
2.49915e-13
2.64145e-13
2.81039e-13
3.01298e-13
3.25693e-13
3.55557e-13
3.92632e-13
4.39694e-13
5.01423e-13
5.85842e-13
7.10244e-13
9.20405e-13
1.51354e-12
1.14152e-12
7.55314e-13
5.94705e-13
4.96787e-13
4.29218e-13
3.7945e-13
3.41216e-13
3.11059e-13
2.86766e-13
2.66849e-13
2.50348e-13
2.3665e-13
2.25143e-13
2.15523e-13
2.07429e-13
2.00688e-13
1.95129e-13
1.90617e-13
1.8703e-13
1.8433e-13
1.82425e-13
1.81319e-13
1.80934e-13
1.81319e-13
1.82425e-13
1.8433e-13
1.8703e-13
1.90617e-13
1.95129e-13
2.00688e-13
2.07429e-13
2.15523e-13
2.25143e-13
2.3665e-13
2.50348e-13
2.66849e-13
2.86766e-13
3.11059e-13
3.41216e-13
3.7945e-13
4.29218e-13
4.96787e-13
5.94705e-13
7.55314e-13
1.14152e-12
1.03509e-12
6.6516e-13
5.251e-13
4.40672e-13
3.82727e-13
3.40088e-13
3.07452e-13
2.81749e-13
2.61106e-13
2.44331e-13
2.30505e-13
2.19059e-13
2.09636e-13
2.01853e-13
1.95457e-13
1.90325e-13
1.86255e-13
1.83203e-13
1.81077e-13
1.79827e-13
1.7941e-13
1.79827e-13
1.81077e-13
1.83203e-13
1.86255e-13
1.90325e-13
1.95457e-13
2.01853e-13
2.09636e-13
2.19059e-13
2.30505e-13
2.44331e-13
2.61106e-13
2.81749e-13
3.07452e-13
3.40088e-13
3.82727e-13
4.40672e-13
5.251e-13
6.6516e-13
1.03509e-12
6.47177e-13
4.97033e-13
4.14216e-13
3.59355e-13
3.19759e-13
2.89873e-13
2.66625e-13
2.48154e-13
2.33269e-13
2.21236e-13
2.11469e-13
2.03597e-13
1.97273e-13
1.92407e-13
1.88703e-13
1.86135e-13
1.8464e-13
1.84121e-13
1.8464e-13
1.86135e-13
1.88703e-13
1.92407e-13
1.97273e-13
2.03597e-13
2.11469e-13
2.21236e-13
2.33269e-13
2.48154e-13
2.66625e-13
2.89873e-13
3.19759e-13
3.59355e-13
4.14216e-13
4.97033e-13
6.47177e-13
5.33572e-13
4.2666e-13
3.64291e-13
3.22075e-13
2.91396e-13
2.68251e-13
2.50249e-13
2.36205e-13
2.25098e-13
2.16442e-13
2.09792e-13
2.0486e-13
2.01464e-13
1.99432e-13
1.98782e-13
1.99432e-13
2.01464e-13
2.0486e-13
2.09792e-13
2.16442e-13
2.25098e-13
2.36205e-13
2.50249e-13
2.68251e-13
2.91396e-13
3.22075e-13
3.64291e-13
4.2666e-13
5.33572e-13
5.75972e-13
4.35004e-13
3.69458e-13
3.28327e-13
2.99664e-13
2.78866e-13
2.63467e-13
2.52087e-13
2.43848e-13
2.38329e-13
2.35133e-13
2.34078e-13
2.35133e-13
2.38329e-13
2.43848e-13
2.52087e-13
2.63467e-13
2.78866e-13
2.99664e-13
3.28327e-13
3.69458e-13
4.35004e-13
5.75972e-13
4.81539e-13
4.14913e-13
3.80859e-13
3.61243e-13
3.50809e-13
3.47565e-13
3.50809e-13
3.61243e-13
3.80859e-13
4.14913e-13
4.81539e-13
===============================================================================
test cases: 1 | 1 passed
assertions: - none -

<end of output>
Test time =   0.43 sec
----------------------------------------------------------
Test Passed.
"tests" end time: Aug 28 19:57 CEST
"tests" time elapsed: 00:00:00
----------------------------------------------------------

End testing: Aug 28 19:57 CEST
