Start testing: Aug 30 20:09 CEST
----------------------------------------------------------
1/1 Testing: tests
1/1 Test: tests
Command: "/home/hans/Desktop/Raytracer/build/build/Release/tests"
Directory: /home/hans/Desktop/Raytracer/build
"tests" start time: Aug 30 20:09 CEST
Output:
----------------------------------------------------------
red added
trans added
blue added
white added
s1 added
s3 added
c1 added
eye added
spot1 added
ambi added
===============================================================================
test cases: 1 | 1 passed
assertions: - none -

<end of output>
Test time =   3.40 sec
----------------------------------------------------------
Test Passed.
"tests" end time: Aug 30 20:10 CEST
"tests" time elapsed: 00:00:03
----------------------------------------------------------

End testing: Aug 30 20:10 CEST
